[2025-07-15T00:00:19.561+0000] {processor.py:161} INFO - Started process (PID=23835) to work on /opt/airflow/dags/dags.py
[2025-07-15T00:00:19.561+0000] {processor.py:830} INFO - Processing file /opt/airflow/dags/dags.py for tasks to queue
[2025-07-15T00:00:19.562+0000] {logging_mixin.py:188} INFO - [2025-07-15T00:00:19.562+0000] {dagbag.py:538} INFO - Filling up the DagBag from /opt/airflow/dags/dags.py
[2025-07-15T00:00:19.605+0000] {logging_mixin.py:188} INFO - PySpark is available
[2025-07-15T00:00:21.277+0000] {processor.py:840} INFO - DAG(s) 'etl_pipeline' retrieved from /opt/airflow/dags/dags.py
[2025-07-15T00:00:21.344+0000] {logging_mixin.py:188} INFO - [2025-07-15T00:00:21.343+0000] {dag.py:3036} INFO - Sync 1 DAGs
[2025-07-15T00:00:21.357+0000] {logging_mixin.py:188} INFO - [2025-07-15T00:00:21.357+0000] {dag.py:3823} INFO - Setting next_dagrun for etl_pipeline to 2025-07-14 00:00:00+00:00, run_after=2025-07-15 00:00:00+00:00
[2025-07-15T00:00:21.371+0000] {processor.py:183} INFO - Processing /opt/airflow/dags/dags.py took 1.812 seconds
[2025-07-15T00:00:51.870+0000] {processor.py:161} INFO - Started process (PID=23973) to work on /opt/airflow/dags/dags.py
[2025-07-15T00:00:51.871+0000] {processor.py:830} INFO - Processing file /opt/airflow/dags/dags.py for tasks to queue
[2025-07-15T00:00:51.872+0000] {logging_mixin.py:188} INFO - [2025-07-15T00:00:51.871+0000] {dagbag.py:538} INFO - Filling up the DagBag from /opt/airflow/dags/dags.py
[2025-07-15T00:00:51.919+0000] {logging_mixin.py:188} INFO - PySpark is available
[2025-07-15T00:00:53.696+0000] {processor.py:840} INFO - DAG(s) 'etl_pipeline' retrieved from /opt/airflow/dags/dags.py
[2025-07-15T00:00:53.716+0000] {logging_mixin.py:188} INFO - [2025-07-15T00:00:53.715+0000] {dag.py:3036} INFO - Sync 1 DAGs
[2025-07-15T00:00:53.731+0000] {logging_mixin.py:188} INFO - [2025-07-15T00:00:53.731+0000] {dag.py:3823} INFO - Setting next_dagrun for etl_pipeline to 2025-07-14 00:00:00+00:00, run_after=2025-07-15 00:00:00+00:00
[2025-07-15T00:00:53.744+0000] {processor.py:183} INFO - Processing /opt/airflow/dags/dags.py took 1.878 seconds
[2025-07-15T00:01:24.259+0000] {processor.py:161} INFO - Started process (PID=24218) to work on /opt/airflow/dags/dags.py
[2025-07-15T00:01:24.260+0000] {processor.py:830} INFO - Processing file /opt/airflow/dags/dags.py for tasks to queue
[2025-07-15T00:01:24.260+0000] {logging_mixin.py:188} INFO - [2025-07-15T00:01:24.260+0000] {dagbag.py:538} INFO - Filling up the DagBag from /opt/airflow/dags/dags.py
[2025-07-15T00:01:24.310+0000] {logging_mixin.py:188} INFO - PySpark is available
[2025-07-15T00:01:25.966+0000] {processor.py:840} INFO - DAG(s) 'etl_pipeline' retrieved from /opt/airflow/dags/dags.py
[2025-07-15T00:01:25.988+0000] {logging_mixin.py:188} INFO - [2025-07-15T00:01:25.987+0000] {dag.py:3036} INFO - Sync 1 DAGs
[2025-07-15T00:01:26.004+0000] {logging_mixin.py:188} INFO - [2025-07-15T00:01:26.004+0000] {dag.py:3823} INFO - Setting next_dagrun for etl_pipeline to 2025-07-14 00:00:00+00:00, run_after=2025-07-15 00:00:00+00:00
[2025-07-15T00:01:26.017+0000] {processor.py:183} INFO - Processing /opt/airflow/dags/dags.py took 1.760 seconds
[2025-07-15T00:01:56.604+0000] {processor.py:161} INFO - Started process (PID=24355) to work on /opt/airflow/dags/dags.py
[2025-07-15T00:01:56.605+0000] {processor.py:830} INFO - Processing file /opt/airflow/dags/dags.py for tasks to queue
[2025-07-15T00:01:56.605+0000] {logging_mixin.py:188} INFO - [2025-07-15T00:01:56.605+0000] {dagbag.py:538} INFO - Filling up the DagBag from /opt/airflow/dags/dags.py
[2025-07-15T00:01:56.649+0000] {logging_mixin.py:188} INFO - PySpark is available
[2025-07-15T00:01:58.328+0000] {processor.py:840} INFO - DAG(s) 'etl_pipeline' retrieved from /opt/airflow/dags/dags.py
[2025-07-15T00:01:58.347+0000] {logging_mixin.py:188} INFO - [2025-07-15T00:01:58.347+0000] {dag.py:3036} INFO - Sync 1 DAGs
[2025-07-15T00:01:58.365+0000] {logging_mixin.py:188} INFO - [2025-07-15T00:01:58.365+0000] {dag.py:3823} INFO - Setting next_dagrun for etl_pipeline to 2025-07-14 00:00:00+00:00, run_after=2025-07-15 00:00:00+00:00
[2025-07-15T00:01:58.379+0000] {processor.py:183} INFO - Processing /opt/airflow/dags/dags.py took 1.777 seconds
[2025-07-15T00:02:28.858+0000] {processor.py:161} INFO - Started process (PID=24546) to work on /opt/airflow/dags/dags.py
[2025-07-15T00:02:28.858+0000] {processor.py:830} INFO - Processing file /opt/airflow/dags/dags.py for tasks to queue
[2025-07-15T00:02:28.859+0000] {logging_mixin.py:188} INFO - [2025-07-15T00:02:28.859+0000] {dagbag.py:538} INFO - Filling up the DagBag from /opt/airflow/dags/dags.py
[2025-07-15T00:02:28.906+0000] {logging_mixin.py:188} INFO - PySpark is available
[2025-07-15T00:02:30.646+0000] {processor.py:840} INFO - DAG(s) 'etl_pipeline' retrieved from /opt/airflow/dags/dags.py
[2025-07-15T00:02:30.665+0000] {logging_mixin.py:188} INFO - [2025-07-15T00:02:30.665+0000] {dag.py:3036} INFO - Sync 1 DAGs
[2025-07-15T00:02:30.680+0000] {logging_mixin.py:188} INFO - [2025-07-15T00:02:30.680+0000] {dag.py:3823} INFO - Setting next_dagrun for etl_pipeline to 2025-07-14 00:00:00+00:00, run_after=2025-07-15 00:00:00+00:00
[2025-07-15T00:02:30.692+0000] {processor.py:183} INFO - Processing /opt/airflow/dags/dags.py took 1.837 seconds
[2025-07-15T00:03:01.313+0000] {processor.py:161} INFO - Started process (PID=24686) to work on /opt/airflow/dags/dags.py
[2025-07-15T00:03:01.314+0000] {processor.py:830} INFO - Processing file /opt/airflow/dags/dags.py for tasks to queue
[2025-07-15T00:03:01.315+0000] {logging_mixin.py:188} INFO - [2025-07-15T00:03:01.315+0000] {dagbag.py:538} INFO - Filling up the DagBag from /opt/airflow/dags/dags.py
[2025-07-15T00:03:01.366+0000] {logging_mixin.py:188} INFO - PySpark is available
[2025-07-15T00:03:03.147+0000] {processor.py:840} INFO - DAG(s) 'etl_pipeline' retrieved from /opt/airflow/dags/dags.py
[2025-07-15T00:03:03.168+0000] {logging_mixin.py:188} INFO - [2025-07-15T00:03:03.168+0000] {dag.py:3036} INFO - Sync 1 DAGs
[2025-07-15T00:03:03.183+0000] {logging_mixin.py:188} INFO - [2025-07-15T00:03:03.183+0000] {dag.py:3823} INFO - Setting next_dagrun for etl_pipeline to 2025-07-14 00:00:00+00:00, run_after=2025-07-15 00:00:00+00:00
[2025-07-15T00:03:03.206+0000] {processor.py:183} INFO - Processing /opt/airflow/dags/dags.py took 1.895 seconds
[2025-07-15T00:03:33.750+0000] {processor.py:161} INFO - Started process (PID=24877) to work on /opt/airflow/dags/dags.py
[2025-07-15T00:03:33.751+0000] {processor.py:830} INFO - Processing file /opt/airflow/dags/dags.py for tasks to queue
[2025-07-15T00:03:33.752+0000] {logging_mixin.py:188} INFO - [2025-07-15T00:03:33.752+0000] {dagbag.py:538} INFO - Filling up the DagBag from /opt/airflow/dags/dags.py
[2025-07-15T00:03:33.797+0000] {logging_mixin.py:188} INFO - PySpark is available
[2025-07-15T00:03:35.565+0000] {processor.py:840} INFO - DAG(s) 'etl_pipeline' retrieved from /opt/airflow/dags/dags.py
[2025-07-15T00:03:35.583+0000] {logging_mixin.py:188} INFO - [2025-07-15T00:03:35.583+0000] {dag.py:3036} INFO - Sync 1 DAGs
[2025-07-15T00:03:35.598+0000] {logging_mixin.py:188} INFO - [2025-07-15T00:03:35.598+0000] {dag.py:3823} INFO - Setting next_dagrun for etl_pipeline to 2025-07-14 00:00:00+00:00, run_after=2025-07-15 00:00:00+00:00
[2025-07-15T00:03:35.610+0000] {processor.py:183} INFO - Processing /opt/airflow/dags/dags.py took 1.862 seconds
[2025-07-15T00:04:06.225+0000] {processor.py:161} INFO - Started process (PID=25017) to work on /opt/airflow/dags/dags.py
[2025-07-15T00:04:06.226+0000] {processor.py:830} INFO - Processing file /opt/airflow/dags/dags.py for tasks to queue
[2025-07-15T00:04:06.227+0000] {logging_mixin.py:188} INFO - [2025-07-15T00:04:06.226+0000] {dagbag.py:538} INFO - Filling up the DagBag from /opt/airflow/dags/dags.py
[2025-07-15T00:04:06.271+0000] {logging_mixin.py:188} INFO - PySpark is available
[2025-07-15T00:04:07.949+0000] {processor.py:840} INFO - DAG(s) 'etl_pipeline' retrieved from /opt/airflow/dags/dags.py
[2025-07-15T00:04:07.967+0000] {logging_mixin.py:188} INFO - [2025-07-15T00:04:07.967+0000] {dag.py:3036} INFO - Sync 1 DAGs
[2025-07-15T00:04:07.983+0000] {logging_mixin.py:188} INFO - [2025-07-15T00:04:07.983+0000] {dag.py:3823} INFO - Setting next_dagrun for etl_pipeline to 2025-07-14 00:00:00+00:00, run_after=2025-07-15 00:00:00+00:00
[2025-07-15T00:04:08.003+0000] {processor.py:183} INFO - Processing /opt/airflow/dags/dags.py took 1.780 seconds
[2025-07-15T00:04:38.688+0000] {processor.py:161} INFO - Started process (PID=25162) to work on /opt/airflow/dags/dags.py
[2025-07-15T00:04:38.689+0000] {processor.py:830} INFO - Processing file /opt/airflow/dags/dags.py for tasks to queue
[2025-07-15T00:04:38.689+0000] {logging_mixin.py:188} INFO - [2025-07-15T00:04:38.689+0000] {dagbag.py:538} INFO - Filling up the DagBag from /opt/airflow/dags/dags.py
[2025-07-15T00:04:38.739+0000] {logging_mixin.py:188} INFO - PySpark is available
[2025-07-15T00:04:40.477+0000] {processor.py:840} INFO - DAG(s) 'etl_pipeline' retrieved from /opt/airflow/dags/dags.py
[2025-07-15T00:04:40.494+0000] {logging_mixin.py:188} INFO - [2025-07-15T00:04:40.494+0000] {dag.py:3036} INFO - Sync 1 DAGs
[2025-07-15T00:04:40.509+0000] {logging_mixin.py:188} INFO - [2025-07-15T00:04:40.509+0000] {dag.py:3823} INFO - Setting next_dagrun for etl_pipeline to 2025-07-14 00:00:00+00:00, run_after=2025-07-15 00:00:00+00:00
[2025-07-15T00:04:40.521+0000] {processor.py:183} INFO - Processing /opt/airflow/dags/dags.py took 1.834 seconds
[2025-07-15T00:05:11.421+0000] {processor.py:161} INFO - Started process (PID=25383) to work on /opt/airflow/dags/dags.py
[2025-07-15T00:05:11.421+0000] {processor.py:830} INFO - Processing file /opt/airflow/dags/dags.py for tasks to queue
[2025-07-15T00:05:11.422+0000] {logging_mixin.py:188} INFO - [2025-07-15T00:05:11.422+0000] {dagbag.py:538} INFO - Filling up the DagBag from /opt/airflow/dags/dags.py
[2025-07-15T00:05:11.468+0000] {logging_mixin.py:188} INFO - PySpark is available
[2025-07-15T00:05:13.211+0000] {processor.py:840} INFO - DAG(s) 'etl_pipeline' retrieved from /opt/airflow/dags/dags.py
[2025-07-15T00:05:13.227+0000] {logging_mixin.py:188} INFO - [2025-07-15T00:05:13.227+0000] {dag.py:3036} INFO - Sync 1 DAGs
[2025-07-15T00:05:13.240+0000] {logging_mixin.py:188} INFO - [2025-07-15T00:05:13.239+0000] {dag.py:3823} INFO - Setting next_dagrun for etl_pipeline to 2025-07-14 00:00:00+00:00, run_after=2025-07-15 00:00:00+00:00
[2025-07-15T00:05:13.259+0000] {processor.py:183} INFO - Processing /opt/airflow/dags/dags.py took 1.841 seconds
[2025-07-15T00:05:43.859+0000] {processor.py:161} INFO - Started process (PID=25544) to work on /opt/airflow/dags/dags.py
[2025-07-15T00:05:43.860+0000] {processor.py:830} INFO - Processing file /opt/airflow/dags/dags.py for tasks to queue
[2025-07-15T00:05:43.861+0000] {logging_mixin.py:188} INFO - [2025-07-15T00:05:43.861+0000] {dagbag.py:538} INFO - Filling up the DagBag from /opt/airflow/dags/dags.py
[2025-07-15T00:05:43.921+0000] {logging_mixin.py:188} INFO - PySpark is available
[2025-07-15T00:05:45.577+0000] {processor.py:840} INFO - DAG(s) 'etl_pipeline' retrieved from /opt/airflow/dags/dags.py
[2025-07-15T00:05:45.596+0000] {logging_mixin.py:188} INFO - [2025-07-15T00:05:45.596+0000] {dag.py:3036} INFO - Sync 1 DAGs
[2025-07-15T00:05:45.613+0000] {logging_mixin.py:188} INFO - [2025-07-15T00:05:45.613+0000] {dag.py:3823} INFO - Setting next_dagrun for etl_pipeline to 2025-07-14 00:00:00+00:00, run_after=2025-07-15 00:00:00+00:00
[2025-07-15T00:05:45.626+0000] {processor.py:183} INFO - Processing /opt/airflow/dags/dags.py took 1.769 seconds
[2025-07-15T00:06:16.253+0000] {processor.py:161} INFO - Started process (PID=25682) to work on /opt/airflow/dags/dags.py
[2025-07-15T00:06:16.254+0000] {processor.py:830} INFO - Processing file /opt/airflow/dags/dags.py for tasks to queue
[2025-07-15T00:06:16.254+0000] {logging_mixin.py:188} INFO - [2025-07-15T00:06:16.254+0000] {dagbag.py:538} INFO - Filling up the DagBag from /opt/airflow/dags/dags.py
[2025-07-15T00:06:16.304+0000] {logging_mixin.py:188} INFO - PySpark is available
[2025-07-15T00:06:17.937+0000] {processor.py:840} INFO - DAG(s) 'etl_pipeline' retrieved from /opt/airflow/dags/dags.py
[2025-07-15T00:06:17.954+0000] {logging_mixin.py:188} INFO - [2025-07-15T00:06:17.954+0000] {dag.py:3036} INFO - Sync 1 DAGs
[2025-07-15T00:06:17.968+0000] {logging_mixin.py:188} INFO - [2025-07-15T00:06:17.968+0000] {dag.py:3823} INFO - Setting next_dagrun for etl_pipeline to 2025-07-14 00:00:00+00:00, run_after=2025-07-15 00:00:00+00:00
[2025-07-15T00:06:17.981+0000] {processor.py:183} INFO - Processing /opt/airflow/dags/dags.py took 1.730 seconds
