[2025-07-15T00:00:02.233+0000] {processor.py:161} INFO - Started process (PID=23802) to work on /opt/airflow/dags/execute_xcom.py
[2025-07-15T00:00:02.234+0000] {processor.py:830} INFO - Processing file /opt/airflow/dags/execute_xcom.py for tasks to queue
[2025-07-15T00:00:02.234+0000] {logging_mixin.py:188} INFO - [2025-07-15T00:00:02.234+0000] {dagbag.py:538} INFO - Filling up the DagBag from /opt/airflow/dags/execute_xcom.py
[2025-07-15T00:00:02.252+0000] {processor.py:840} INFO - DAG(s) 'cross_task_communication' retrieved from /opt/airflow/dags/execute_xcom.py
[2025-07-15T00:00:02.261+0000] {logging_mixin.py:188} INFO - [2025-07-15T00:00:02.261+0000] {dag.py:3036} INFO - Sync 1 DAGs
[2025-07-15T00:00:02.275+0000] {logging_mixin.py:188} INFO - [2025-07-15T00:00:02.275+0000] {dag.py:3823} INFO - Setting next_dagrun for cross_task_communication to 2025-07-14 00:00:00+00:00, run_after=2025-07-15 00:00:00+00:00
[2025-07-15T00:00:02.290+0000] {processor.py:183} INFO - Processing /opt/airflow/dags/execute_xcom.py took 0.059 seconds
[2025-07-15T00:00:32.498+0000] {processor.py:161} INFO - Started process (PID=23963) to work on /opt/airflow/dags/execute_xcom.py
[2025-07-15T00:00:32.498+0000] {processor.py:830} INFO - Processing file /opt/airflow/dags/execute_xcom.py for tasks to queue
[2025-07-15T00:00:32.499+0000] {logging_mixin.py:188} INFO - [2025-07-15T00:00:32.499+0000] {dagbag.py:538} INFO - Filling up the DagBag from /opt/airflow/dags/execute_xcom.py
[2025-07-15T00:00:32.513+0000] {processor.py:840} INFO - DAG(s) 'cross_task_communication' retrieved from /opt/airflow/dags/execute_xcom.py
[2025-07-15T00:00:32.574+0000] {logging_mixin.py:188} INFO - [2025-07-15T00:00:32.574+0000] {dag.py:3036} INFO - Sync 1 DAGs
[2025-07-15T00:00:32.585+0000] {logging_mixin.py:188} INFO - [2025-07-15T00:00:32.585+0000] {dag.py:3823} INFO - Setting next_dagrun for cross_task_communication to 2025-07-14 00:00:00+00:00, run_after=2025-07-15 00:00:00+00:00
[2025-07-15T00:00:32.609+0000] {processor.py:183} INFO - Processing /opt/airflow/dags/execute_xcom.py took 0.114 seconds
[2025-07-15T00:00:50.837+0000] {processor.py:161} INFO - Started process (PID=23972) to work on /opt/airflow/dags/execute_xcom.py
[2025-07-15T00:00:50.837+0000] {processor.py:830} INFO - Processing file /opt/airflow/dags/execute_xcom.py for tasks to queue
[2025-07-15T00:00:50.838+0000] {logging_mixin.py:188} INFO - [2025-07-15T00:00:50.838+0000] {dagbag.py:538} INFO - Filling up the DagBag from /opt/airflow/dags/execute_xcom.py
[2025-07-15T00:00:50.855+0000] {processor.py:840} INFO - DAG(s) 'cross_task_communication' retrieved from /opt/airflow/dags/execute_xcom.py
[2025-07-15T00:00:50.863+0000] {logging_mixin.py:188} INFO - [2025-07-15T00:00:50.863+0000] {dag.py:3036} INFO - Sync 1 DAGs
[2025-07-15T00:00:50.878+0000] {logging_mixin.py:188} INFO - [2025-07-15T00:00:50.877+0000] {dag.py:3823} INFO - Setting next_dagrun for cross_task_communication to 2025-07-14 00:00:00+00:00, run_after=2025-07-15 00:00:00+00:00
[2025-07-15T00:00:50.894+0000] {processor.py:183} INFO - Processing /opt/airflow/dags/execute_xcom.py took 0.060 seconds
[2025-07-15T00:01:21.143+0000] {processor.py:161} INFO - Started process (PID=24216) to work on /opt/airflow/dags/execute_xcom.py
[2025-07-15T00:01:21.144+0000] {processor.py:830} INFO - Processing file /opt/airflow/dags/execute_xcom.py for tasks to queue
[2025-07-15T00:01:21.144+0000] {logging_mixin.py:188} INFO - [2025-07-15T00:01:21.144+0000] {dagbag.py:538} INFO - Filling up the DagBag from /opt/airflow/dags/execute_xcom.py
[2025-07-15T00:01:21.156+0000] {processor.py:840} INFO - DAG(s) 'cross_task_communication' retrieved from /opt/airflow/dags/execute_xcom.py
[2025-07-15T00:01:21.171+0000] {logging_mixin.py:188} INFO - [2025-07-15T00:01:21.171+0000] {dag.py:3036} INFO - Sync 1 DAGs
[2025-07-15T00:01:21.184+0000] {logging_mixin.py:188} INFO - [2025-07-15T00:01:21.183+0000] {dag.py:3823} INFO - Setting next_dagrun for cross_task_communication to 2025-07-15 00:00:00+00:00, run_after=2025-07-16 00:00:00+00:00
[2025-07-15T00:01:21.195+0000] {processor.py:183} INFO - Processing /opt/airflow/dags/execute_xcom.py took 0.055 seconds
[2025-07-15T00:01:51.434+0000] {processor.py:161} INFO - Started process (PID=24353) to work on /opt/airflow/dags/execute_xcom.py
[2025-07-15T00:01:51.435+0000] {processor.py:830} INFO - Processing file /opt/airflow/dags/execute_xcom.py for tasks to queue
[2025-07-15T00:01:51.436+0000] {logging_mixin.py:188} INFO - [2025-07-15T00:01:51.436+0000] {dagbag.py:538} INFO - Filling up the DagBag from /opt/airflow/dags/execute_xcom.py
[2025-07-15T00:01:51.447+0000] {processor.py:840} INFO - DAG(s) 'cross_task_communication' retrieved from /opt/airflow/dags/execute_xcom.py
[2025-07-15T00:01:51.463+0000] {logging_mixin.py:188} INFO - [2025-07-15T00:01:51.463+0000] {dag.py:3036} INFO - Sync 1 DAGs
[2025-07-15T00:01:51.477+0000] {logging_mixin.py:188} INFO - [2025-07-15T00:01:51.477+0000] {dag.py:3823} INFO - Setting next_dagrun for cross_task_communication to 2025-07-15 00:00:00+00:00, run_after=2025-07-16 00:00:00+00:00
[2025-07-15T00:01:51.488+0000] {processor.py:183} INFO - Processing /opt/airflow/dags/execute_xcom.py took 0.056 seconds
[2025-07-15T00:02:21.744+0000] {processor.py:161} INFO - Started process (PID=24544) to work on /opt/airflow/dags/execute_xcom.py
[2025-07-15T00:02:21.746+0000] {processor.py:830} INFO - Processing file /opt/airflow/dags/execute_xcom.py for tasks to queue
[2025-07-15T00:02:21.747+0000] {logging_mixin.py:188} INFO - [2025-07-15T00:02:21.746+0000] {dagbag.py:538} INFO - Filling up the DagBag from /opt/airflow/dags/execute_xcom.py
[2025-07-15T00:02:21.762+0000] {processor.py:840} INFO - DAG(s) 'cross_task_communication' retrieved from /opt/airflow/dags/execute_xcom.py
[2025-07-15T00:02:21.781+0000] {logging_mixin.py:188} INFO - [2025-07-15T00:02:21.781+0000] {dag.py:3036} INFO - Sync 1 DAGs
[2025-07-15T00:02:21.794+0000] {logging_mixin.py:188} INFO - [2025-07-15T00:02:21.794+0000] {dag.py:3823} INFO - Setting next_dagrun for cross_task_communication to 2025-07-15 00:00:00+00:00, run_after=2025-07-16 00:00:00+00:00
[2025-07-15T00:02:21.807+0000] {processor.py:183} INFO - Processing /opt/airflow/dags/execute_xcom.py took 0.065 seconds
[2025-07-15T00:02:52.175+0000] {processor.py:161} INFO - Started process (PID=24683) to work on /opt/airflow/dags/execute_xcom.py
[2025-07-15T00:02:52.176+0000] {processor.py:830} INFO - Processing file /opt/airflow/dags/execute_xcom.py for tasks to queue
[2025-07-15T00:02:52.176+0000] {logging_mixin.py:188} INFO - [2025-07-15T00:02:52.176+0000] {dagbag.py:538} INFO - Filling up the DagBag from /opt/airflow/dags/execute_xcom.py
[2025-07-15T00:02:52.189+0000] {processor.py:840} INFO - DAG(s) 'cross_task_communication' retrieved from /opt/airflow/dags/execute_xcom.py
[2025-07-15T00:02:52.205+0000] {logging_mixin.py:188} INFO - [2025-07-15T00:02:52.204+0000] {dag.py:3036} INFO - Sync 1 DAGs
[2025-07-15T00:02:52.217+0000] {logging_mixin.py:188} INFO - [2025-07-15T00:02:52.217+0000] {dag.py:3823} INFO - Setting next_dagrun for cross_task_communication to 2025-07-15 00:00:00+00:00, run_after=2025-07-16 00:00:00+00:00
[2025-07-15T00:02:52.239+0000] {processor.py:183} INFO - Processing /opt/airflow/dags/execute_xcom.py took 0.067 seconds
[2025-07-15T00:03:01.309+0000] {processor.py:161} INFO - Started process (PID=24685) to work on /opt/airflow/dags/execute_xcom.py
[2025-07-15T00:03:01.310+0000] {processor.py:830} INFO - Processing file /opt/airflow/dags/execute_xcom.py for tasks to queue
[2025-07-15T00:03:01.310+0000] {logging_mixin.py:188} INFO - [2025-07-15T00:03:01.310+0000] {dagbag.py:538} INFO - Filling up the DagBag from /opt/airflow/dags/execute_xcom.py
[2025-07-15T00:03:01.328+0000] {processor.py:840} INFO - DAG(s) 'cross_task_communication' retrieved from /opt/airflow/dags/execute_xcom.py
[2025-07-15T00:03:01.399+0000] {logging_mixin.py:188} INFO - [2025-07-15T00:03:01.399+0000] {dag.py:3036} INFO - Sync 1 DAGs
[2025-07-15T00:03:01.413+0000] {logging_mixin.py:188} INFO - [2025-07-15T00:03:01.413+0000] {dag.py:3823} INFO - Setting next_dagrun for cross_task_communication to 2025-07-15 00:00:00+00:00, run_after=2025-07-16 00:00:00+00:00
[2025-07-15T00:03:01.442+0000] {processor.py:183} INFO - Processing /opt/airflow/dags/execute_xcom.py took 0.135 seconds
[2025-07-15T00:03:07.288+0000] {processor.py:161} INFO - Started process (PID=24821) to work on /opt/airflow/dags/execute_xcom.py
[2025-07-15T00:03:07.288+0000] {processor.py:830} INFO - Processing file /opt/airflow/dags/execute_xcom.py for tasks to queue
[2025-07-15T00:03:07.289+0000] {logging_mixin.py:188} INFO - [2025-07-15T00:03:07.289+0000] {dagbag.py:538} INFO - Filling up the DagBag from /opt/airflow/dags/execute_xcom.py
[2025-07-15T00:03:07.308+0000] {processor.py:840} INFO - DAG(s) 'cross_task_communication' retrieved from /opt/airflow/dags/execute_xcom.py
[2025-07-15T00:03:07.321+0000] {logging_mixin.py:188} INFO - [2025-07-15T00:03:07.320+0000] {dag.py:3036} INFO - Sync 1 DAGs
[2025-07-15T00:03:07.339+0000] {logging_mixin.py:188} INFO - [2025-07-15T00:03:07.339+0000] {dag.py:3823} INFO - Setting next_dagrun for cross_task_communication to 2025-07-15 00:00:00+00:00, run_after=2025-07-16 00:00:00+00:00
[2025-07-15T00:03:07.364+0000] {processor.py:183} INFO - Processing /opt/airflow/dags/execute_xcom.py took 0.081 seconds
[2025-07-15T00:03:37.665+0000] {processor.py:161} INFO - Started process (PID=25013) to work on /opt/airflow/dags/execute_xcom.py
[2025-07-15T00:03:37.666+0000] {processor.py:830} INFO - Processing file /opt/airflow/dags/execute_xcom.py for tasks to queue
[2025-07-15T00:03:37.667+0000] {logging_mixin.py:188} INFO - [2025-07-15T00:03:37.667+0000] {dagbag.py:538} INFO - Filling up the DagBag from /opt/airflow/dags/execute_xcom.py
[2025-07-15T00:03:37.680+0000] {processor.py:840} INFO - DAG(s) 'cross_task_communication' retrieved from /opt/airflow/dags/execute_xcom.py
[2025-07-15T00:03:37.699+0000] {logging_mixin.py:188} INFO - [2025-07-15T00:03:37.699+0000] {dag.py:3036} INFO - Sync 1 DAGs
[2025-07-15T00:03:37.713+0000] {logging_mixin.py:188} INFO - [2025-07-15T00:03:37.713+0000] {dag.py:3823} INFO - Setting next_dagrun for cross_task_communication to 2025-07-15 00:00:00+00:00, run_after=2025-07-16 00:00:00+00:00
[2025-07-15T00:03:37.727+0000] {processor.py:183} INFO - Processing /opt/airflow/dags/execute_xcom.py took 0.065 seconds
[2025-07-15T00:04:08.035+0000] {processor.py:161} INFO - Started process (PID=25145) to work on /opt/airflow/dags/execute_xcom.py
[2025-07-15T00:04:08.036+0000] {processor.py:830} INFO - Processing file /opt/airflow/dags/execute_xcom.py for tasks to queue
[2025-07-15T00:04:08.037+0000] {logging_mixin.py:188} INFO - [2025-07-15T00:04:08.037+0000] {dagbag.py:538} INFO - Filling up the DagBag from /opt/airflow/dags/execute_xcom.py
[2025-07-15T00:04:08.051+0000] {processor.py:840} INFO - DAG(s) 'cross_task_communication' retrieved from /opt/airflow/dags/execute_xcom.py
[2025-07-15T00:04:08.068+0000] {logging_mixin.py:188} INFO - [2025-07-15T00:04:08.068+0000] {dag.py:3036} INFO - Sync 1 DAGs
[2025-07-15T00:04:08.082+0000] {logging_mixin.py:188} INFO - [2025-07-15T00:04:08.081+0000] {dag.py:3823} INFO - Setting next_dagrun for cross_task_communication to 2025-07-15 00:00:00+00:00, run_after=2025-07-16 00:00:00+00:00
[2025-07-15T00:04:08.092+0000] {processor.py:183} INFO - Processing /opt/airflow/dags/execute_xcom.py took 0.061 seconds
[2025-07-15T00:04:38.684+0000] {processor.py:161} INFO - Started process (PID=25161) to work on /opt/airflow/dags/execute_xcom.py
[2025-07-15T00:04:38.685+0000] {processor.py:830} INFO - Processing file /opt/airflow/dags/execute_xcom.py for tasks to queue
[2025-07-15T00:04:38.686+0000] {logging_mixin.py:188} INFO - [2025-07-15T00:04:38.686+0000] {dagbag.py:538} INFO - Filling up the DagBag from /opt/airflow/dags/execute_xcom.py
[2025-07-15T00:04:38.698+0000] {processor.py:840} INFO - DAG(s) 'cross_task_communication' retrieved from /opt/airflow/dags/execute_xcom.py
[2025-07-15T00:04:38.715+0000] {logging_mixin.py:188} INFO - [2025-07-15T00:04:38.715+0000] {dag.py:3036} INFO - Sync 1 DAGs
[2025-07-15T00:04:38.730+0000] {logging_mixin.py:188} INFO - [2025-07-15T00:04:38.730+0000] {dag.py:3823} INFO - Setting next_dagrun for cross_task_communication to 2025-07-15 00:00:00+00:00, run_after=2025-07-16 00:00:00+00:00
[2025-07-15T00:04:38.752+0000] {processor.py:183} INFO - Processing /opt/airflow/dags/execute_xcom.py took 0.070 seconds
[2025-07-15T00:04:42.856+0000] {processor.py:161} INFO - Started process (PID=25290) to work on /opt/airflow/dags/execute_xcom.py
[2025-07-15T00:04:42.857+0000] {processor.py:830} INFO - Processing file /opt/airflow/dags/execute_xcom.py for tasks to queue
[2025-07-15T00:04:42.857+0000] {logging_mixin.py:188} INFO - [2025-07-15T00:04:42.857+0000] {dagbag.py:538} INFO - Filling up the DagBag from /opt/airflow/dags/execute_xcom.py
[2025-07-15T00:04:42.874+0000] {processor.py:840} INFO - DAG(s) 'cross_task_communication' retrieved from /opt/airflow/dags/execute_xcom.py
[2025-07-15T00:04:42.939+0000] {logging_mixin.py:188} INFO - [2025-07-15T00:04:42.939+0000] {dag.py:3036} INFO - Sync 1 DAGs
[2025-07-15T00:04:42.957+0000] {logging_mixin.py:188} INFO - [2025-07-15T00:04:42.957+0000] {dag.py:3823} INFO - Setting next_dagrun for cross_task_communication to 2025-07-15 00:00:00+00:00, run_after=2025-07-16 00:00:00+00:00
[2025-07-15T00:04:42.972+0000] {processor.py:183} INFO - Processing /opt/airflow/dags/execute_xcom.py took 0.119 seconds
[2025-07-15T00:04:49.027+0000] {processor.py:161} INFO - Started process (PID=25293) to work on /opt/airflow/dags/execute_xcom.py
[2025-07-15T00:04:49.028+0000] {processor.py:830} INFO - Processing file /opt/airflow/dags/execute_xcom.py for tasks to queue
[2025-07-15T00:04:49.029+0000] {logging_mixin.py:188} INFO - [2025-07-15T00:04:49.028+0000] {dagbag.py:538} INFO - Filling up the DagBag from /opt/airflow/dags/execute_xcom.py
[2025-07-15T00:04:49.046+0000] {processor.py:840} INFO - DAG(s) 'cross_task_communication' retrieved from /opt/airflow/dags/execute_xcom.py
[2025-07-15T00:04:49.055+0000] {logging_mixin.py:188} INFO - [2025-07-15T00:04:49.055+0000] {dag.py:3036} INFO - Sync 1 DAGs
[2025-07-15T00:04:49.070+0000] {logging_mixin.py:188} INFO - [2025-07-15T00:04:49.070+0000] {dag.py:3823} INFO - Setting next_dagrun for cross_task_communication to 2025-07-15 00:00:00+00:00, run_after=2025-07-16 00:00:00+00:00
[2025-07-15T00:04:49.093+0000] {processor.py:183} INFO - Processing /opt/airflow/dags/execute_xcom.py took 0.068 seconds
[2025-07-15T00:05:00.239+0000] {processor.py:161} INFO - Started process (PID=25347) to work on /opt/airflow/dags/execute_xcom.py
[2025-07-15T00:05:00.240+0000] {processor.py:830} INFO - Processing file /opt/airflow/dags/execute_xcom.py for tasks to queue
[2025-07-15T00:05:00.241+0000] {logging_mixin.py:188} INFO - [2025-07-15T00:05:00.241+0000] {dagbag.py:538} INFO - Filling up the DagBag from /opt/airflow/dags/execute_xcom.py
[2025-07-15T00:05:00.260+0000] {processor.py:840} INFO - DAG(s) 'cross_task_communication' retrieved from /opt/airflow/dags/execute_xcom.py
[2025-07-15T00:05:00.268+0000] {logging_mixin.py:188} INFO - [2025-07-15T00:05:00.268+0000] {dag.py:3036} INFO - Sync 1 DAGs
[2025-07-15T00:05:00.282+0000] {logging_mixin.py:188} INFO - [2025-07-15T00:05:00.281+0000] {dag.py:3823} INFO - Setting next_dagrun for cross_task_communication to 2025-07-15 00:00:00+00:00, run_after=2025-07-16 00:00:00+00:00
[2025-07-15T00:05:00.295+0000] {processor.py:183} INFO - Processing /opt/airflow/dags/execute_xcom.py took 0.057 seconds
[2025-07-15T00:05:03.305+0000] {processor.py:161} INFO - Started process (PID=25348) to work on /opt/airflow/dags/execute_xcom.py
[2025-07-15T00:05:03.306+0000] {processor.py:830} INFO - Processing file /opt/airflow/dags/execute_xcom.py for tasks to queue
[2025-07-15T00:05:03.306+0000] {logging_mixin.py:188} INFO - [2025-07-15T00:05:03.306+0000] {dagbag.py:538} INFO - Filling up the DagBag from /opt/airflow/dags/execute_xcom.py
[2025-07-15T00:05:03.325+0000] {processor.py:840} INFO - DAG(s) 'cross_task_communication' retrieved from /opt/airflow/dags/execute_xcom.py
[2025-07-15T00:05:03.334+0000] {logging_mixin.py:188} INFO - [2025-07-15T00:05:03.334+0000] {dag.py:3036} INFO - Sync 1 DAGs
[2025-07-15T00:05:03.348+0000] {logging_mixin.py:188} INFO - [2025-07-15T00:05:03.348+0000] {dag.py:3823} INFO - Setting next_dagrun for cross_task_communication to 2025-07-15 00:00:00+00:00, run_after=2025-07-16 00:00:00+00:00
[2025-07-15T00:05:03.361+0000] {processor.py:183} INFO - Processing /opt/airflow/dags/execute_xcom.py took 0.059 seconds
[2025-07-15T00:05:33.699+0000] {processor.py:161} INFO - Started process (PID=25537) to work on /opt/airflow/dags/execute_xcom.py
[2025-07-15T00:05:33.700+0000] {processor.py:830} INFO - Processing file /opt/airflow/dags/execute_xcom.py for tasks to queue
[2025-07-15T00:05:33.700+0000] {logging_mixin.py:188} INFO - [2025-07-15T00:05:33.700+0000] {dagbag.py:538} INFO - Filling up the DagBag from /opt/airflow/dags/execute_xcom.py
[2025-07-15T00:05:33.713+0000] {processor.py:840} INFO - DAG(s) 'cross_task_communication' retrieved from /opt/airflow/dags/execute_xcom.py
[2025-07-15T00:05:33.773+0000] {logging_mixin.py:188} INFO - [2025-07-15T00:05:33.773+0000] {dag.py:3036} INFO - Sync 1 DAGs
[2025-07-15T00:05:33.787+0000] {logging_mixin.py:188} INFO - [2025-07-15T00:05:33.786+0000] {dag.py:3823} INFO - Setting next_dagrun for cross_task_communication to 2025-07-15 00:00:00+00:00, run_after=2025-07-16 00:00:00+00:00
[2025-07-15T00:05:33.808+0000] {processor.py:183} INFO - Processing /opt/airflow/dags/execute_xcom.py took 0.111 seconds
[2025-07-15T00:06:04.004+0000] {processor.py:161} INFO - Started process (PID=25675) to work on /opt/airflow/dags/execute_xcom.py
[2025-07-15T00:06:04.005+0000] {processor.py:830} INFO - Processing file /opt/airflow/dags/execute_xcom.py for tasks to queue
[2025-07-15T00:06:04.005+0000] {logging_mixin.py:188} INFO - [2025-07-15T00:06:04.005+0000] {dagbag.py:538} INFO - Filling up the DagBag from /opt/airflow/dags/execute_xcom.py
[2025-07-15T00:06:04.017+0000] {processor.py:840} INFO - DAG(s) 'cross_task_communication' retrieved from /opt/airflow/dags/execute_xcom.py
[2025-07-15T00:06:04.033+0000] {logging_mixin.py:188} INFO - [2025-07-15T00:06:04.032+0000] {dag.py:3036} INFO - Sync 1 DAGs
[2025-07-15T00:06:04.045+0000] {logging_mixin.py:188} INFO - [2025-07-15T00:06:04.044+0000] {dag.py:3823} INFO - Setting next_dagrun for cross_task_communication to 2025-07-15 00:00:00+00:00, run_after=2025-07-16 00:00:00+00:00
[2025-07-15T00:06:04.055+0000] {processor.py:183} INFO - Processing /opt/airflow/dags/execute_xcom.py took 0.053 seconds
