[2025-07-15T00:00:22.416+0000] {processor.py:161} INFO - Started process (PID=23962) to work on /opt/airflow/dags/execute_python_operators.py
[2025-07-15T00:00:22.416+0000] {processor.py:830} INFO - Processing file /opt/airflow/dags/execute_python_operators.py for tasks to queue
[2025-07-15T00:00:22.417+0000] {logging_mixin.py:188} INFO - [2025-07-15T00:00:22.417+0000] {dagbag.py:538} INFO - Filling up the DagBag from /opt/airflow/dags/execute_python_operators.py
[2025-07-15T00:00:22.430+0000] {processor.py:840} INFO - DAG(s) 'execute_python_operators' retrieved from /opt/airflow/dags/execute_python_operators.py
[2025-07-15T00:00:22.487+0000] {logging_mixin.py:188} INFO - [2025-07-15T00:00:22.487+0000] {dag.py:3036} INFO - Sync 1 DAGs
[2025-07-15T00:00:22.499+0000] {logging_mixin.py:188} INFO - [2025-07-15T00:00:22.498+0000] {dag.py:3823} INFO - Setting next_dagrun for execute_python_operators to 2025-07-15 00:00:00+00:00, run_after=2025-07-16 00:00:00+00:00
[2025-07-15T00:00:22.510+0000] {processor.py:183} INFO - Processing /opt/airflow/dags/execute_python_operators.py took 0.099 seconds
[2025-07-15T00:00:52.886+0000] {processor.py:161} INFO - Started process (PID=24044) to work on /opt/airflow/dags/execute_python_operators.py
[2025-07-15T00:00:52.887+0000] {processor.py:830} INFO - Processing file /opt/airflow/dags/execute_python_operators.py for tasks to queue
[2025-07-15T00:00:52.888+0000] {logging_mixin.py:188} INFO - [2025-07-15T00:00:52.888+0000] {dagbag.py:538} INFO - Filling up the DagBag from /opt/airflow/dags/execute_python_operators.py
[2025-07-15T00:00:52.908+0000] {processor.py:840} INFO - DAG(s) 'execute_python_operators' retrieved from /opt/airflow/dags/execute_python_operators.py
[2025-07-15T00:00:52.930+0000] {logging_mixin.py:188} INFO - [2025-07-15T00:00:52.930+0000] {dag.py:3036} INFO - Sync 1 DAGs
[2025-07-15T00:00:52.946+0000] {logging_mixin.py:188} INFO - [2025-07-15T00:00:52.946+0000] {dag.py:3823} INFO - Setting next_dagrun for execute_python_operators to 2025-07-15 00:00:00+00:00, run_after=2025-07-16 00:00:00+00:00
[2025-07-15T00:00:52.959+0000] {processor.py:183} INFO - Processing /opt/airflow/dags/execute_python_operators.py took 0.077 seconds
[2025-07-15T00:01:23.198+0000] {processor.py:161} INFO - Started process (PID=24217) to work on /opt/airflow/dags/execute_python_operators.py
[2025-07-15T00:01:23.199+0000] {processor.py:830} INFO - Processing file /opt/airflow/dags/execute_python_operators.py for tasks to queue
[2025-07-15T00:01:23.199+0000] {logging_mixin.py:188} INFO - [2025-07-15T00:01:23.199+0000] {dagbag.py:538} INFO - Filling up the DagBag from /opt/airflow/dags/execute_python_operators.py
[2025-07-15T00:01:23.215+0000] {processor.py:840} INFO - DAG(s) 'execute_python_operators' retrieved from /opt/airflow/dags/execute_python_operators.py
[2025-07-15T00:01:23.231+0000] {logging_mixin.py:188} INFO - [2025-07-15T00:01:23.231+0000] {dag.py:3036} INFO - Sync 1 DAGs
[2025-07-15T00:01:23.244+0000] {logging_mixin.py:188} INFO - [2025-07-15T00:01:23.244+0000] {dag.py:3823} INFO - Setting next_dagrun for execute_python_operators to 2025-07-15 00:00:00+00:00, run_after=2025-07-16 00:00:00+00:00
[2025-07-15T00:01:23.255+0000] {processor.py:183} INFO - Processing /opt/airflow/dags/execute_python_operators.py took 0.060 seconds
[2025-07-15T00:01:53.494+0000] {processor.py:161} INFO - Started process (PID=24354) to work on /opt/airflow/dags/execute_python_operators.py
[2025-07-15T00:01:53.494+0000] {processor.py:830} INFO - Processing file /opt/airflow/dags/execute_python_operators.py for tasks to queue
[2025-07-15T00:01:53.495+0000] {logging_mixin.py:188} INFO - [2025-07-15T00:01:53.495+0000] {dagbag.py:538} INFO - Filling up the DagBag from /opt/airflow/dags/execute_python_operators.py
[2025-07-15T00:01:53.509+0000] {processor.py:840} INFO - DAG(s) 'execute_python_operators' retrieved from /opt/airflow/dags/execute_python_operators.py
[2025-07-15T00:01:53.526+0000] {logging_mixin.py:188} INFO - [2025-07-15T00:01:53.526+0000] {dag.py:3036} INFO - Sync 1 DAGs
[2025-07-15T00:01:53.540+0000] {logging_mixin.py:188} INFO - [2025-07-15T00:01:53.539+0000] {dag.py:3823} INFO - Setting next_dagrun for execute_python_operators to 2025-07-15 00:00:00+00:00, run_after=2025-07-16 00:00:00+00:00
[2025-07-15T00:01:53.551+0000] {processor.py:183} INFO - Processing /opt/airflow/dags/execute_python_operators.py took 0.060 seconds
[2025-07-15T00:02:23.769+0000] {processor.py:161} INFO - Started process (PID=24545) to work on /opt/airflow/dags/execute_python_operators.py
[2025-07-15T00:02:23.769+0000] {processor.py:830} INFO - Processing file /opt/airflow/dags/execute_python_operators.py for tasks to queue
[2025-07-15T00:02:23.770+0000] {logging_mixin.py:188} INFO - [2025-07-15T00:02:23.770+0000] {dagbag.py:538} INFO - Filling up the DagBag from /opt/airflow/dags/execute_python_operators.py
[2025-07-15T00:02:23.782+0000] {processor.py:840} INFO - DAG(s) 'execute_python_operators' retrieved from /opt/airflow/dags/execute_python_operators.py
[2025-07-15T00:02:23.799+0000] {logging_mixin.py:188} INFO - [2025-07-15T00:02:23.799+0000] {dag.py:3036} INFO - Sync 1 DAGs
[2025-07-15T00:02:23.812+0000] {logging_mixin.py:188} INFO - [2025-07-15T00:02:23.812+0000] {dag.py:3823} INFO - Setting next_dagrun for execute_python_operators to 2025-07-15 00:00:00+00:00, run_after=2025-07-16 00:00:00+00:00
[2025-07-15T00:02:23.824+0000] {processor.py:183} INFO - Processing /opt/airflow/dags/execute_python_operators.py took 0.058 seconds
[2025-07-15T00:02:54.178+0000] {processor.py:161} INFO - Started process (PID=24684) to work on /opt/airflow/dags/execute_python_operators.py
[2025-07-15T00:02:54.179+0000] {processor.py:830} INFO - Processing file /opt/airflow/dags/execute_python_operators.py for tasks to queue
[2025-07-15T00:02:54.180+0000] {logging_mixin.py:188} INFO - [2025-07-15T00:02:54.180+0000] {dagbag.py:538} INFO - Filling up the DagBag from /opt/airflow/dags/execute_python_operators.py
[2025-07-15T00:02:54.193+0000] {processor.py:840} INFO - DAG(s) 'execute_python_operators' retrieved from /opt/airflow/dags/execute_python_operators.py
[2025-07-15T00:02:54.210+0000] {logging_mixin.py:188} INFO - [2025-07-15T00:02:54.210+0000] {dag.py:3036} INFO - Sync 1 DAGs
[2025-07-15T00:02:54.224+0000] {logging_mixin.py:188} INFO - [2025-07-15T00:02:54.223+0000] {dag.py:3823} INFO - Setting next_dagrun for execute_python_operators to 2025-07-15 00:00:00+00:00, run_after=2025-07-16 00:00:00+00:00
[2025-07-15T00:02:54.244+0000] {processor.py:183} INFO - Processing /opt/airflow/dags/execute_python_operators.py took 0.068 seconds
[2025-07-15T00:03:24.630+0000] {processor.py:161} INFO - Started process (PID=24824) to work on /opt/airflow/dags/execute_python_operators.py
[2025-07-15T00:03:24.632+0000] {processor.py:830} INFO - Processing file /opt/airflow/dags/execute_python_operators.py for tasks to queue
[2025-07-15T00:03:24.632+0000] {logging_mixin.py:188} INFO - [2025-07-15T00:03:24.632+0000] {dagbag.py:538} INFO - Filling up the DagBag from /opt/airflow/dags/execute_python_operators.py
[2025-07-15T00:03:24.646+0000] {processor.py:840} INFO - DAG(s) 'execute_python_operators' retrieved from /opt/airflow/dags/execute_python_operators.py
[2025-07-15T00:03:24.662+0000] {logging_mixin.py:188} INFO - [2025-07-15T00:03:24.662+0000] {dag.py:3036} INFO - Sync 1 DAGs
[2025-07-15T00:03:24.676+0000] {logging_mixin.py:188} INFO - [2025-07-15T00:03:24.676+0000] {dag.py:3823} INFO - Setting next_dagrun for execute_python_operators to 2025-07-15 00:00:00+00:00, run_after=2025-07-16 00:00:00+00:00
[2025-07-15T00:03:24.688+0000] {processor.py:183} INFO - Processing /opt/airflow/dags/execute_python_operators.py took 0.060 seconds
[2025-07-15T00:03:55.014+0000] {processor.py:161} INFO - Started process (PID=25016) to work on /opt/airflow/dags/execute_python_operators.py
[2025-07-15T00:03:55.015+0000] {processor.py:830} INFO - Processing file /opt/airflow/dags/execute_python_operators.py for tasks to queue
[2025-07-15T00:03:55.016+0000] {logging_mixin.py:188} INFO - [2025-07-15T00:03:55.016+0000] {dagbag.py:538} INFO - Filling up the DagBag from /opt/airflow/dags/execute_python_operators.py
[2025-07-15T00:03:55.032+0000] {processor.py:840} INFO - DAG(s) 'execute_python_operators' retrieved from /opt/airflow/dags/execute_python_operators.py
[2025-07-15T00:03:55.048+0000] {logging_mixin.py:188} INFO - [2025-07-15T00:03:55.048+0000] {dag.py:3036} INFO - Sync 1 DAGs
[2025-07-15T00:03:55.061+0000] {logging_mixin.py:188} INFO - [2025-07-15T00:03:55.061+0000] {dag.py:3823} INFO - Setting next_dagrun for execute_python_operators to 2025-07-15 00:00:00+00:00, run_after=2025-07-16 00:00:00+00:00
[2025-07-15T00:03:55.075+0000] {processor.py:183} INFO - Processing /opt/airflow/dags/execute_python_operators.py took 0.063 seconds
[2025-07-15T00:04:25.491+0000] {processor.py:161} INFO - Started process (PID=25154) to work on /opt/airflow/dags/execute_python_operators.py
[2025-07-15T00:04:25.492+0000] {processor.py:830} INFO - Processing file /opt/airflow/dags/execute_python_operators.py for tasks to queue
[2025-07-15T00:04:25.492+0000] {logging_mixin.py:188} INFO - [2025-07-15T00:04:25.492+0000] {dagbag.py:538} INFO - Filling up the DagBag from /opt/airflow/dags/execute_python_operators.py
[2025-07-15T00:04:25.507+0000] {processor.py:840} INFO - DAG(s) 'execute_python_operators' retrieved from /opt/airflow/dags/execute_python_operators.py
[2025-07-15T00:04:25.523+0000] {logging_mixin.py:188} INFO - [2025-07-15T00:04:25.522+0000] {dag.py:3036} INFO - Sync 1 DAGs
[2025-07-15T00:04:25.536+0000] {logging_mixin.py:188} INFO - [2025-07-15T00:04:25.536+0000] {dag.py:3823} INFO - Setting next_dagrun for execute_python_operators to 2025-07-15 00:00:00+00:00, run_after=2025-07-16 00:00:00+00:00
[2025-07-15T00:04:25.557+0000] {processor.py:183} INFO - Processing /opt/airflow/dags/execute_python_operators.py took 0.068 seconds
[2025-07-15T00:04:56.130+0000] {processor.py:161} INFO - Started process (PID=25295) to work on /opt/airflow/dags/execute_python_operators.py
[2025-07-15T00:04:56.131+0000] {processor.py:830} INFO - Processing file /opt/airflow/dags/execute_python_operators.py for tasks to queue
[2025-07-15T00:04:56.132+0000] {logging_mixin.py:188} INFO - [2025-07-15T00:04:56.132+0000] {dagbag.py:538} INFO - Filling up the DagBag from /opt/airflow/dags/execute_python_operators.py
[2025-07-15T00:04:56.146+0000] {processor.py:840} INFO - DAG(s) 'execute_python_operators' retrieved from /opt/airflow/dags/execute_python_operators.py
[2025-07-15T00:04:56.166+0000] {logging_mixin.py:188} INFO - [2025-07-15T00:04:56.166+0000] {dag.py:3036} INFO - Sync 1 DAGs
[2025-07-15T00:04:56.180+0000] {logging_mixin.py:188} INFO - [2025-07-15T00:04:56.180+0000] {dag.py:3823} INFO - Setting next_dagrun for execute_python_operators to 2025-07-15 00:00:00+00:00, run_after=2025-07-16 00:00:00+00:00
[2025-07-15T00:04:56.203+0000] {processor.py:183} INFO - Processing /opt/airflow/dags/execute_python_operators.py took 0.077 seconds
[2025-07-15T00:05:26.562+0000] {processor.py:161} INFO - Started process (PID=25536) to work on /opt/airflow/dags/execute_python_operators.py
[2025-07-15T00:05:26.563+0000] {processor.py:830} INFO - Processing file /opt/airflow/dags/execute_python_operators.py for tasks to queue
[2025-07-15T00:05:26.567+0000] {logging_mixin.py:188} INFO - [2025-07-15T00:05:26.564+0000] {dagbag.py:538} INFO - Filling up the DagBag from /opt/airflow/dags/execute_python_operators.py
[2025-07-15T00:05:26.584+0000] {processor.py:840} INFO - DAG(s) 'execute_python_operators' retrieved from /opt/airflow/dags/execute_python_operators.py
[2025-07-15T00:05:26.604+0000] {logging_mixin.py:188} INFO - [2025-07-15T00:05:26.603+0000] {dag.py:3036} INFO - Sync 1 DAGs
[2025-07-15T00:05:26.617+0000] {logging_mixin.py:188} INFO - [2025-07-15T00:05:26.617+0000] {dag.py:3823} INFO - Setting next_dagrun for execute_python_operators to 2025-07-15 00:00:00+00:00, run_after=2025-07-16 00:00:00+00:00
[2025-07-15T00:05:26.632+0000] {processor.py:183} INFO - Processing /opt/airflow/dags/execute_python_operators.py took 0.073 seconds
[2025-07-15T00:05:56.883+0000] {processor.py:161} INFO - Started process (PID=25674) to work on /opt/airflow/dags/execute_python_operators.py
[2025-07-15T00:05:56.884+0000] {processor.py:830} INFO - Processing file /opt/airflow/dags/execute_python_operators.py for tasks to queue
[2025-07-15T00:05:56.885+0000] {logging_mixin.py:188} INFO - [2025-07-15T00:05:56.884+0000] {dagbag.py:538} INFO - Filling up the DagBag from /opt/airflow/dags/execute_python_operators.py
[2025-07-15T00:05:56.898+0000] {processor.py:840} INFO - DAG(s) 'execute_python_operators' retrieved from /opt/airflow/dags/execute_python_operators.py
[2025-07-15T00:05:56.914+0000] {logging_mixin.py:188} INFO - [2025-07-15T00:05:56.914+0000] {dag.py:3036} INFO - Sync 1 DAGs
[2025-07-15T00:05:56.926+0000] {logging_mixin.py:188} INFO - [2025-07-15T00:05:56.926+0000] {dag.py:3823} INFO - Setting next_dagrun for execute_python_operators to 2025-07-15 00:00:00+00:00, run_after=2025-07-16 00:00:00+00:00
[2025-07-15T00:05:56.949+0000] {processor.py:183} INFO - Processing /opt/airflow/dags/execute_python_operators.py took 0.069 seconds
