[2025-07-11T22:31:12.150+0000] {taskinstance.py:1956} INFO - Dependencies all met for dep_context=non-requeueable deps ti=<TaskInstance: executing_multiple_tasks.taskA manual__2025-07-11T22:31:09.704415+00:00 [queued]>
[2025-07-11T22:31:12.154+0000] {taskinstance.py:1956} INFO - Dependencies all met for dep_context=requeueable deps ti=<TaskInstance: executing_multiple_tasks.taskA manual__2025-07-11T22:31:09.704415+00:00 [queued]>
[2025-07-11T22:31:12.155+0000] {taskinstance.py:2170} INFO - Starting attempt 1 of 1
[2025-07-11T22:31:12.161+0000] {taskinstance.py:2191} INFO - Executing <Task(BashOperator): taskA> on 2025-07-11 22:31:09.704415+00:00
[2025-07-11T22:31:12.164+0000] {standard_task_runner.py:60} INFO - Started process 34154 to run task
[2025-07-11T22:31:12.167+0000] {standard_task_runner.py:87} INFO - Running: ['***', 'tasks', 'run', 'executing_multiple_tasks', 'taskA', 'manual__2025-07-11T22:31:09.704415+00:00', '--job-id', '67', '--raw', '--subdir', 'DAGS_FOLDER/execute_multiple_tasks.py', '--cfg-path', '/tmp/tmpgc35xn3o']
[2025-07-11T22:31:12.168+0000] {standard_task_runner.py:88} INFO - Job 67: Subtask taskA
[2025-07-11T22:31:12.210+0000] {task_command.py:423} INFO - Running <TaskInstance: executing_multiple_tasks.taskA manual__2025-07-11T22:31:09.704415+00:00 [running]> on host 84e5714b039f
[2025-07-11T22:31:12.253+0000] {taskinstance.py:2480} INFO - Exporting env vars: AIRFLOW_CTX_DAG_OWNER='*** ' AIRFLOW_CTX_DAG_ID='executing_multiple_tasks' AIRFLOW_CTX_TASK_ID='taskA' AIRFLOW_CTX_EXECUTION_DATE='2025-07-11T22:31:09.704415+00:00' AIRFLOW_CTX_TRY_NUMBER='1' AIRFLOW_CTX_DAG_RUN_ID='manual__2025-07-11T22:31:09.704415+00:00'
[2025-07-11T22:31:12.254+0000] {subprocess.py:63} INFO - Tmp dir root location: /tmp
[2025-07-11T22:31:12.255+0000] {subprocess.py:75} INFO - Running command: ['/usr/bin/bash', '-c', 'echo TASK A has started!\n\nfor i in {1..10}\ndo\n    echo TASK A printing $in\ndone\n\necho TASK A has ended!']
[2025-07-11T22:31:12.260+0000] {subprocess.py:86} INFO - Output:
[2025-07-11T22:31:12.261+0000] {subprocess.py:93} INFO - TASK A has started!
[2025-07-11T22:31:12.261+0000] {subprocess.py:93} INFO - TASK A printing
[2025-07-11T22:31:12.262+0000] {subprocess.py:93} INFO - TASK A printing
[2025-07-11T22:31:12.262+0000] {subprocess.py:93} INFO - TASK A printing
[2025-07-11T22:31:12.262+0000] {subprocess.py:93} INFO - TASK A printing
[2025-07-11T22:31:12.263+0000] {subprocess.py:93} INFO - TASK A printing
[2025-07-11T22:31:12.263+0000] {subprocess.py:93} INFO - TASK A printing
[2025-07-11T22:31:12.263+0000] {subprocess.py:93} INFO - TASK A printing
[2025-07-11T22:31:12.263+0000] {subprocess.py:93} INFO - TASK A printing
[2025-07-11T22:31:12.264+0000] {subprocess.py:93} INFO - TASK A printing
[2025-07-11T22:31:12.264+0000] {subprocess.py:93} INFO - TASK A printing
[2025-07-11T22:31:12.264+0000] {subprocess.py:93} INFO - TASK A has ended!
[2025-07-11T22:31:12.264+0000] {subprocess.py:97} INFO - Command exited with return code 0
[2025-07-11T22:31:12.278+0000] {taskinstance.py:1138} INFO - Marking task as SUCCESS. dag_id=executing_multiple_tasks, task_id=taskA, execution_date=20250711T223109, start_date=20250711T223112, end_date=20250711T223112
[2025-07-11T22:31:12.300+0000] {local_task_job_runner.py:234} INFO - Task exited with return code 0
[2025-07-11T22:31:12.324+0000] {taskinstance.py:3280} INFO - 3 downstream tasks scheduled from follow-on schedule check
