[2025-07-11T22:02:31.043+0000] {taskinstance.py:1956} INFO - Dependencies all met for dep_context=non-requeueable deps ti=<TaskInstance: executing_multiple_tasks.taskA manual__2025-07-11T22:02:28.705359+00:00 [queued]>
[2025-07-11T22:02:31.047+0000] {taskinstance.py:1956} INFO - Dependencies all met for dep_context=requeueable deps ti=<TaskInstance: executing_multiple_tasks.taskA manual__2025-07-11T22:02:28.705359+00:00 [queued]>
[2025-07-11T22:02:31.048+0000] {taskinstance.py:2170} INFO - Starting attempt 1 of 1
[2025-07-11T22:02:31.055+0000] {taskinstance.py:2191} INFO - Executing <Task(BashOperator): taskA> on 2025-07-11 22:02:28.705359+00:00
[2025-07-11T22:02:31.058+0000] {standard_task_runner.py:60} INFO - Started process 26627 to run task
[2025-07-11T22:02:31.061+0000] {standard_task_runner.py:87} INFO - Running: ['***', 'tasks', 'run', 'executing_multiple_tasks', 'taskA', 'manual__2025-07-11T22:02:28.705359+00:00', '--job-id', '62', '--raw', '--subdir', 'DAGS_FOLDER/execute_multiple_tasks.py', '--cfg-path', '/tmp/tmplqbbcxwr']
[2025-07-11T22:02:31.063+0000] {standard_task_runner.py:88} INFO - Job 62: Subtask taskA
[2025-07-11T22:02:31.111+0000] {task_command.py:423} INFO - Running <TaskInstance: executing_multiple_tasks.taskA manual__2025-07-11T22:02:28.705359+00:00 [running]> on host 84e5714b039f
[2025-07-11T22:02:31.161+0000] {taskinstance.py:2480} INFO - Exporting env vars: AIRFLOW_CTX_DAG_OWNER='*** ' AIRFLOW_CTX_DAG_ID='executing_multiple_tasks' AIRFLOW_CTX_TASK_ID='taskA' AIRFLOW_CTX_EXECUTION_DATE='2025-07-11T22:02:28.705359+00:00' AIRFLOW_CTX_TRY_NUMBER='1' AIRFLOW_CTX_DAG_RUN_ID='manual__2025-07-11T22:02:28.705359+00:00'
[2025-07-11T22:02:31.162+0000] {subprocess.py:63} INFO - Tmp dir root location: /tmp
[2025-07-11T22:02:31.162+0000] {subprocess.py:75} INFO - Running command: ['/usr/bin/bash', '-c', '\n        echo TASK A has started!\n\n        for i in {1..10}\n        do\n            echo TASK A printing $i\n        done\n\n        echo TASK A has ended!\n        ']
[2025-07-11T22:02:31.167+0000] {subprocess.py:86} INFO - Output:
[2025-07-11T22:02:31.168+0000] {subprocess.py:93} INFO - TASK A has started!
[2025-07-11T22:02:31.169+0000] {subprocess.py:93} INFO - TASK A printing 1
[2025-07-11T22:02:31.169+0000] {subprocess.py:93} INFO - TASK A printing 2
[2025-07-11T22:02:31.169+0000] {subprocess.py:93} INFO - TASK A printing 3
[2025-07-11T22:02:31.169+0000] {subprocess.py:93} INFO - TASK A printing 4
[2025-07-11T22:02:31.169+0000] {subprocess.py:93} INFO - TASK A printing 5
[2025-07-11T22:02:31.170+0000] {subprocess.py:93} INFO - TASK A printing 6
[2025-07-11T22:02:31.170+0000] {subprocess.py:93} INFO - TASK A printing 7
[2025-07-11T22:02:31.170+0000] {subprocess.py:93} INFO - TASK A printing 8
[2025-07-11T22:02:31.170+0000] {subprocess.py:93} INFO - TASK A printing 9
[2025-07-11T22:02:31.171+0000] {subprocess.py:93} INFO - TASK A printing 10
[2025-07-11T22:02:31.171+0000] {subprocess.py:93} INFO - TASK A has ended!
[2025-07-11T22:02:31.171+0000] {subprocess.py:97} INFO - Command exited with return code 0
[2025-07-11T22:02:31.192+0000] {taskinstance.py:1138} INFO - Marking task as SUCCESS. dag_id=executing_multiple_tasks, task_id=taskA, execution_date=20250711T220228, start_date=20250711T220231, end_date=20250711T220231
[2025-07-11T22:02:31.234+0000] {local_task_job_runner.py:234} INFO - Task exited with return code 0
[2025-07-11T22:02:31.250+0000] {taskinstance.py:3280} INFO - 2 downstream tasks scheduled from follow-on schedule check
