[2025-07-16T04:51:54.737+0000] {local_task_job_runner.py:123} INFO - ::group::Pre task execution logs
[2025-07-16T04:51:54.747+0000] {taskinstance.py:2612} INFO - Dependencies all met for dep_context=non-requeueable deps ti=<TaskInstance: executing_multiple_tasks.taskD scheduled__2025-07-15T00:00:00+00:00 [queued]>
[2025-07-16T04:51:54.754+0000] {taskinstance.py:2612} INFO - Dependencies all met for dep_context=requeueable deps ti=<TaskInstance: executing_multiple_tasks.taskD scheduled__2025-07-15T00:00:00+00:00 [queued]>
[2025-07-16T04:51:54.754+0000] {taskinstance.py:2865} INFO - Starting attempt 1 of 1
[2025-07-16T04:51:54.761+0000] {taskinstance.py:2888} INFO - Executing <Task(BashOperator): taskD> on 2025-07-15 00:00:00+00:00
[2025-07-16T04:51:54.765+0000] {standard_task_runner.py:72} INFO - Started process 350 to run task
[2025-07-16T04:51:54.767+0000] {standard_task_runner.py:104} INFO - Running: ['***', 'tasks', 'run', 'executing_multiple_tasks', 'taskD', 'scheduled__2025-07-15T00:00:00+00:00', '--job-id', '10', '--raw', '--subdir', 'DAGS_FOLDER/execute_multiple_tasks.py', '--cfg-path', '/tmp/tmp2itlws48']
[2025-07-16T04:51:54.768+0000] {standard_task_runner.py:105} INFO - Job 10: Subtask taskD
[2025-07-16T04:51:54.808+0000] {task_command.py:467} INFO - Running <TaskInstance: executing_multiple_tasks.taskD scheduled__2025-07-15T00:00:00+00:00 [running]> on host 5ecb587b8543
[2025-07-16T04:51:54.848+0000] {taskinstance.py:3131} INFO - Exporting env vars: AIRFLOW_CTX_DAG_OWNER='*** ' AIRFLOW_CTX_DAG_ID='executing_multiple_tasks' AIRFLOW_CTX_TASK_ID='taskD' AIRFLOW_CTX_EXECUTION_DATE='2025-07-15T00:00:00+00:00' AIRFLOW_CTX_TRY_NUMBER='1' AIRFLOW_CTX_DAG_RUN_ID='scheduled__2025-07-15T00:00:00+00:00'
[2025-07-16T04:51:54.849+0000] {taskinstance.py:731} INFO - ::endgroup::
[2025-07-16T04:51:54.859+0000] {subprocess.py:63} INFO - Tmp dir root location: /tmp
[2025-07-16T04:51:54.860+0000] {subprocess.py:75} INFO - Running command: ['/usr/bin/bash', '-c', 'echo TASK D completed!']
[2025-07-16T04:51:54.866+0000] {subprocess.py:86} INFO - Output:
[2025-07-16T04:51:54.867+0000] {subprocess.py:93} INFO - TASK D completed!
[2025-07-16T04:51:54.867+0000] {subprocess.py:97} INFO - Command exited with return code 0
[2025-07-16T04:51:54.881+0000] {taskinstance.py:340} INFO - ::group::Post task execution logs
[2025-07-16T04:51:54.882+0000] {taskinstance.py:352} INFO - Marking task as SUCCESS. dag_id=executing_multiple_tasks, task_id=taskD, run_id=scheduled__2025-07-15T00:00:00+00:00, execution_date=20250715T000000, start_date=20250716T045154, end_date=20250716T045154
[2025-07-16T04:51:54.900+0000] {local_task_job_runner.py:266} INFO - Task exited with return code 0
[2025-07-16T04:51:54.913+0000] {taskinstance.py:3900} INFO - 1 downstream tasks scheduled from follow-on schedule check
[2025-07-16T04:51:54.914+0000] {local_task_job_runner.py:245} INFO - ::endgroup::
