[2025-07-16T04:51:25.487+0000] {local_task_job_runner.py:123} INFO - ::group::Pre task execution logs
[2025-07-16T04:51:25.497+0000] {taskinstance.py:2612} INFO - Dependencies all met for dep_context=non-requeueable deps ti=<TaskInstance: executing_multiple_tasks.taskA scheduled__2025-07-15T00:00:00+00:00 [queued]>
[2025-07-16T04:51:25.504+0000] {taskinstance.py:2612} INFO - Dependencies all met for dep_context=requeueable deps ti=<TaskInstance: executing_multiple_tasks.taskA scheduled__2025-07-15T00:00:00+00:00 [queued]>
[2025-07-16T04:51:25.505+0000] {taskinstance.py:2865} INFO - Starting attempt 1 of 1
[2025-07-16T04:51:25.513+0000] {taskinstance.py:2888} INFO - Executing <Task(BashOperator): taskA> on 2025-07-15 00:00:00+00:00
[2025-07-16T04:51:25.516+0000] {standard_task_runner.py:72} INFO - Started process 147 to run task
[2025-07-16T04:51:25.518+0000] {standard_task_runner.py:104} INFO - Running: ['***', 'tasks', 'run', 'executing_multiple_tasks', 'taskA', 'scheduled__2025-07-15T00:00:00+00:00', '--job-id', '3', '--raw', '--subdir', 'DAGS_FOLDER/execute_multiple_tasks.py', '--cfg-path', '/tmp/tmpxd4dkx6a']
[2025-07-16T04:51:25.519+0000] {standard_task_runner.py:105} INFO - Job 3: Subtask taskA
[2025-07-16T04:51:25.559+0000] {task_command.py:467} INFO - Running <TaskInstance: executing_multiple_tasks.taskA scheduled__2025-07-15T00:00:00+00:00 [running]> on host 5ecb587b8543
[2025-07-16T04:51:25.606+0000] {taskinstance.py:3131} INFO - Exporting env vars: AIRFLOW_CTX_DAG_OWNER='*** ' AIRFLOW_CTX_DAG_ID='executing_multiple_tasks' AIRFLOW_CTX_TASK_ID='taskA' AIRFLOW_CTX_EXECUTION_DATE='2025-07-15T00:00:00+00:00' AIRFLOW_CTX_TRY_NUMBER='1' AIRFLOW_CTX_DAG_RUN_ID='scheduled__2025-07-15T00:00:00+00:00'
[2025-07-16T04:51:25.606+0000] {taskinstance.py:731} INFO - ::endgroup::
[2025-07-16T04:51:25.617+0000] {subprocess.py:63} INFO - Tmp dir root location: /tmp
[2025-07-16T04:51:25.617+0000] {subprocess.py:75} INFO - Running command: ['/usr/bin/bash', '-c', 'echo TASK A has started!\n\nfor i in {1..10}\ndo\n    echo TASK A printing $in\ndone\n\necho TASK A has ended!']
[2025-07-16T04:51:25.622+0000] {subprocess.py:86} INFO - Output:
[2025-07-16T04:51:25.623+0000] {subprocess.py:93} INFO - TASK A has started!
[2025-07-16T04:51:25.623+0000] {subprocess.py:93} INFO - TASK A printing
[2025-07-16T04:51:25.623+0000] {subprocess.py:93} INFO - TASK A printing
[2025-07-16T04:51:25.623+0000] {subprocess.py:93} INFO - TASK A printing
[2025-07-16T04:51:25.623+0000] {subprocess.py:93} INFO - TASK A printing
[2025-07-16T04:51:25.624+0000] {subprocess.py:93} INFO - TASK A printing
[2025-07-16T04:51:25.624+0000] {subprocess.py:93} INFO - TASK A printing
[2025-07-16T04:51:25.624+0000] {subprocess.py:93} INFO - TASK A printing
[2025-07-16T04:51:25.624+0000] {subprocess.py:93} INFO - TASK A printing
[2025-07-16T04:51:25.624+0000] {subprocess.py:93} INFO - TASK A printing
[2025-07-16T04:51:25.625+0000] {subprocess.py:93} INFO - TASK A printing
[2025-07-16T04:51:25.625+0000] {subprocess.py:93} INFO - TASK A has ended!
[2025-07-16T04:51:25.625+0000] {subprocess.py:97} INFO - Command exited with return code 0
[2025-07-16T04:51:25.639+0000] {taskinstance.py:340} INFO - ::group::Post task execution logs
[2025-07-16T04:51:25.639+0000] {taskinstance.py:352} INFO - Marking task as SUCCESS. dag_id=executing_multiple_tasks, task_id=taskA, run_id=scheduled__2025-07-15T00:00:00+00:00, execution_date=20250715T000000, start_date=20250716T045125, end_date=20250716T045125
[2025-07-16T04:51:25.651+0000] {local_task_job_runner.py:266} INFO - Task exited with return code 0
[2025-07-16T04:51:25.667+0000] {taskinstance.py:3900} INFO - 3 downstream tasks scheduled from follow-on schedule check
[2025-07-16T04:51:25.668+0000] {local_task_job_runner.py:245} INFO - ::endgroup::
