[2025-07-16T04:51:36.438+0000] {local_task_job_runner.py:123} INFO - ::group::Pre task execution logs
[2025-07-16T04:51:36.447+0000] {taskinstance.py:2612} INFO - Dependencies all met for dep_context=non-requeueable deps ti=<TaskInstance: executing_multiple_tasks.taskB scheduled__2025-07-15T00:00:00+00:00 [queued]>
[2025-07-16T04:51:36.453+0000] {taskinstance.py:2612} INFO - Dependencies all met for dep_context=requeueable deps ti=<TaskInstance: executing_multiple_tasks.taskB scheduled__2025-07-15T00:00:00+00:00 [queued]>
[2025-07-16T04:51:36.454+0000] {taskinstance.py:2865} INFO - Starting attempt 1 of 1
[2025-07-16T04:51:36.460+0000] {taskinstance.py:2888} INFO - Executing <Task(BashOperator): taskB> on 2025-07-15 00:00:00+00:00
[2025-07-16T04:51:36.464+0000] {standard_task_runner.py:72} INFO - Started process 278 to run task
[2025-07-16T04:51:36.467+0000] {standard_task_runner.py:104} INFO - Running: ['***', 'tasks', 'run', 'executing_multiple_tasks', 'taskB', 'scheduled__2025-07-15T00:00:00+00:00', '--job-id', '8', '--raw', '--subdir', 'DAGS_FOLDER/execute_multiple_tasks.py', '--cfg-path', '/tmp/tmpqw_5i6dk']
[2025-07-16T04:51:36.469+0000] {standard_task_runner.py:105} INFO - Job 8: Subtask taskB
[2025-07-16T04:51:36.508+0000] {task_command.py:467} INFO - Running <TaskInstance: executing_multiple_tasks.taskB scheduled__2025-07-15T00:00:00+00:00 [running]> on host 5ecb587b8543
[2025-07-16T04:51:36.549+0000] {taskinstance.py:3131} INFO - Exporting env vars: AIRFLOW_CTX_DAG_OWNER='*** ' AIRFLOW_CTX_DAG_ID='executing_multiple_tasks' AIRFLOW_CTX_TASK_ID='taskB' AIRFLOW_CTX_EXECUTION_DATE='2025-07-15T00:00:00+00:00' AIRFLOW_CTX_TRY_NUMBER='1' AIRFLOW_CTX_DAG_RUN_ID='scheduled__2025-07-15T00:00:00+00:00'
[2025-07-16T04:51:36.550+0000] {taskinstance.py:731} INFO - ::endgroup::
[2025-07-16T04:51:36.561+0000] {subprocess.py:63} INFO - Tmp dir root location: /tmp
[2025-07-16T04:51:36.561+0000] {subprocess.py:75} INFO - Running command: ['/usr/bin/bash', '-c', 'echo TASK B has started!\nsleep 4\nexit 99\necho TASK B has ended!']
[2025-07-16T04:51:36.566+0000] {subprocess.py:86} INFO - Output:
[2025-07-16T04:51:36.567+0000] {subprocess.py:93} INFO - TASK B has started!
[2025-07-16T04:51:40.569+0000] {subprocess.py:97} INFO - Command exited with return code 99
[2025-07-16T04:51:40.581+0000] {taskinstance.py:301} INFO - Bash command returned exit code 99. Skipping.
[2025-07-16T04:51:40.603+0000] {taskinstance.py:340} INFO - ::group::Post task execution logs
[2025-07-16T04:51:40.604+0000] {taskinstance.py:352} INFO - Marking task as SKIPPED. dag_id=executing_multiple_tasks, task_id=taskB, run_id=scheduled__2025-07-15T00:00:00+00:00, execution_date=20250715T000000, start_date=20250716T045136, end_date=20250716T045140
[2025-07-16T04:51:40.628+0000] {local_task_job_runner.py:266} INFO - Task exited with return code 0
[2025-07-16T04:51:40.649+0000] {taskinstance.py:3900} INFO - 0 downstream tasks scheduled from follow-on schedule check
[2025-07-16T04:51:40.652+0000] {local_task_job_runner.py:245} INFO - ::endgroup::
