[2025-07-16T02:39:32.226+0000] {processor.py:161} INFO - Started process (PID=4497) to work on /opt/airflow/dags/executing_python_pipeline.py
[2025-07-16T02:39:32.228+0000] {processor.py:830} INFO - Processing file /opt/airflow/dags/executing_python_pipeline.py for tasks to queue
[2025-07-16T02:39:32.230+0000] {logging_mixin.py:188} INFO - [2025-07-16T02:39:32.229+0000] {dagbag.py:538} INFO - Filling up the DagBag from /opt/airflow/dags/executing_python_pipeline.py
[2025-07-16T02:39:32.513+0000] {processor.py:840} INFO - DAG(s) 'python_pipeline' retrieved from /opt/airflow/dags/executing_python_pipeline.py
[2025-07-16T02:39:32.608+0000] {logging_mixin.py:188} INFO - [2025-07-16T02:39:32.607+0000] {dag.py:3036} INFO - Sync 1 DAGs
[2025-07-16T02:39:32.631+0000] {logging_mixin.py:188} INFO - [2025-07-16T02:39:32.630+0000] {dag.py:3823} INFO - Setting next_dagrun for python_pipeline to None, run_after=None
[2025-07-16T02:39:32.834+0000] {processor.py:183} INFO - Processing /opt/airflow/dags/executing_python_pipeline.py took 0.617 seconds
[2025-07-16T02:40:02.897+0000] {processor.py:161} INFO - Started process (PID=4641) to work on /opt/airflow/dags/executing_python_pipeline.py
[2025-07-16T02:40:02.897+0000] {processor.py:830} INFO - Processing file /opt/airflow/dags/executing_python_pipeline.py for tasks to queue
[2025-07-16T02:40:02.898+0000] {logging_mixin.py:188} INFO - [2025-07-16T02:40:02.898+0000] {dagbag.py:538} INFO - Filling up the DagBag from /opt/airflow/dags/executing_python_pipeline.py
[2025-07-16T02:40:03.063+0000] {processor.py:840} INFO - DAG(s) 'python_pipeline' retrieved from /opt/airflow/dags/executing_python_pipeline.py
[2025-07-16T02:40:03.083+0000] {logging_mixin.py:188} INFO - [2025-07-16T02:40:03.082+0000] {dag.py:3036} INFO - Sync 1 DAGs
[2025-07-16T02:40:03.098+0000] {logging_mixin.py:188} INFO - [2025-07-16T02:40:03.098+0000] {dag.py:3823} INFO - Setting next_dagrun for python_pipeline to None, run_after=None
[2025-07-16T02:40:03.112+0000] {processor.py:183} INFO - Processing /opt/airflow/dags/executing_python_pipeline.py took 0.218 seconds
[2025-07-16T02:40:33.991+0000] {processor.py:161} INFO - Started process (PID=4782) to work on /opt/airflow/dags/executing_python_pipeline.py
[2025-07-16T02:40:33.992+0000] {processor.py:830} INFO - Processing file /opt/airflow/dags/executing_python_pipeline.py for tasks to queue
[2025-07-16T02:40:33.993+0000] {logging_mixin.py:188} INFO - [2025-07-16T02:40:33.993+0000] {dagbag.py:538} INFO - Filling up the DagBag from /opt/airflow/dags/executing_python_pipeline.py
[2025-07-16T02:40:34.153+0000] {processor.py:840} INFO - DAG(s) 'python_pipeline' retrieved from /opt/airflow/dags/executing_python_pipeline.py
[2025-07-16T02:40:34.171+0000] {logging_mixin.py:188} INFO - [2025-07-16T02:40:34.171+0000] {dag.py:3036} INFO - Sync 1 DAGs
[2025-07-16T02:40:34.186+0000] {logging_mixin.py:188} INFO - [2025-07-16T02:40:34.186+0000] {dag.py:3823} INFO - Setting next_dagrun for python_pipeline to None, run_after=None
[2025-07-16T02:40:34.198+0000] {processor.py:183} INFO - Processing /opt/airflow/dags/executing_python_pipeline.py took 0.208 seconds
[2025-07-16T02:41:04.254+0000] {processor.py:161} INFO - Started process (PID=4924) to work on /opt/airflow/dags/executing_python_pipeline.py
[2025-07-16T02:41:04.255+0000] {processor.py:830} INFO - Processing file /opt/airflow/dags/executing_python_pipeline.py for tasks to queue
[2025-07-16T02:41:04.255+0000] {logging_mixin.py:188} INFO - [2025-07-16T02:41:04.255+0000] {dagbag.py:538} INFO - Filling up the DagBag from /opt/airflow/dags/executing_python_pipeline.py
[2025-07-16T02:41:04.411+0000] {processor.py:840} INFO - DAG(s) 'python_pipeline' retrieved from /opt/airflow/dags/executing_python_pipeline.py
[2025-07-16T02:41:04.426+0000] {logging_mixin.py:188} INFO - [2025-07-16T02:41:04.426+0000] {dag.py:3036} INFO - Sync 1 DAGs
[2025-07-16T02:41:04.439+0000] {logging_mixin.py:188} INFO - [2025-07-16T02:41:04.438+0000] {dag.py:3823} INFO - Setting next_dagrun for python_pipeline to None, run_after=None
[2025-07-16T02:41:04.449+0000] {processor.py:183} INFO - Processing /opt/airflow/dags/executing_python_pipeline.py took 0.198 seconds
[2025-07-16T02:41:34.719+0000] {processor.py:161} INFO - Started process (PID=5063) to work on /opt/airflow/dags/executing_python_pipeline.py
[2025-07-16T02:41:34.720+0000] {processor.py:830} INFO - Processing file /opt/airflow/dags/executing_python_pipeline.py for tasks to queue
[2025-07-16T02:41:34.720+0000] {logging_mixin.py:188} INFO - [2025-07-16T02:41:34.720+0000] {dagbag.py:538} INFO - Filling up the DagBag from /opt/airflow/dags/executing_python_pipeline.py
[2025-07-16T02:41:34.892+0000] {processor.py:840} INFO - DAG(s) 'python_pipeline' retrieved from /opt/airflow/dags/executing_python_pipeline.py
[2025-07-16T02:41:34.910+0000] {logging_mixin.py:188} INFO - [2025-07-16T02:41:34.909+0000] {dag.py:3036} INFO - Sync 1 DAGs
[2025-07-16T02:41:34.924+0000] {logging_mixin.py:188} INFO - [2025-07-16T02:41:34.924+0000] {dag.py:3823} INFO - Setting next_dagrun for python_pipeline to None, run_after=None
[2025-07-16T02:41:34.936+0000] {processor.py:183} INFO - Processing /opt/airflow/dags/executing_python_pipeline.py took 0.220 seconds
[2025-07-16T02:42:05.367+0000] {processor.py:161} INFO - Started process (PID=5204) to work on /opt/airflow/dags/executing_python_pipeline.py
[2025-07-16T02:42:05.367+0000] {processor.py:830} INFO - Processing file /opt/airflow/dags/executing_python_pipeline.py for tasks to queue
[2025-07-16T02:42:05.368+0000] {logging_mixin.py:188} INFO - [2025-07-16T02:42:05.368+0000] {dagbag.py:538} INFO - Filling up the DagBag from /opt/airflow/dags/executing_python_pipeline.py
[2025-07-16T02:42:05.526+0000] {processor.py:840} INFO - DAG(s) 'python_pipeline' retrieved from /opt/airflow/dags/executing_python_pipeline.py
[2025-07-16T02:42:05.546+0000] {logging_mixin.py:188} INFO - [2025-07-16T02:42:05.545+0000] {dag.py:3036} INFO - Sync 1 DAGs
[2025-07-16T02:42:05.559+0000] {logging_mixin.py:188} INFO - [2025-07-16T02:42:05.558+0000] {dag.py:3823} INFO - Setting next_dagrun for python_pipeline to None, run_after=None
[2025-07-16T02:42:05.571+0000] {processor.py:183} INFO - Processing /opt/airflow/dags/executing_python_pipeline.py took 0.207 seconds
[2025-07-16T02:42:36.106+0000] {processor.py:161} INFO - Started process (PID=5347) to work on /opt/airflow/dags/executing_python_pipeline.py
[2025-07-16T02:42:36.108+0000] {processor.py:830} INFO - Processing file /opt/airflow/dags/executing_python_pipeline.py for tasks to queue
[2025-07-16T02:42:36.108+0000] {logging_mixin.py:188} INFO - [2025-07-16T02:42:36.108+0000] {dagbag.py:538} INFO - Filling up the DagBag from /opt/airflow/dags/executing_python_pipeline.py
[2025-07-16T02:42:36.288+0000] {processor.py:840} INFO - DAG(s) 'python_pipeline' retrieved from /opt/airflow/dags/executing_python_pipeline.py
[2025-07-16T02:42:36.306+0000] {logging_mixin.py:188} INFO - [2025-07-16T02:42:36.305+0000] {dag.py:3036} INFO - Sync 1 DAGs
[2025-07-16T02:42:36.320+0000] {logging_mixin.py:188} INFO - [2025-07-16T02:42:36.320+0000] {dag.py:3823} INFO - Setting next_dagrun for python_pipeline to None, run_after=None
[2025-07-16T02:42:36.332+0000] {processor.py:183} INFO - Processing /opt/airflow/dags/executing_python_pipeline.py took 0.228 seconds
[2025-07-16T02:43:06.705+0000] {processor.py:161} INFO - Started process (PID=5489) to work on /opt/airflow/dags/executing_python_pipeline.py
[2025-07-16T02:43:06.706+0000] {processor.py:830} INFO - Processing file /opt/airflow/dags/executing_python_pipeline.py for tasks to queue
[2025-07-16T02:43:06.707+0000] {logging_mixin.py:188} INFO - [2025-07-16T02:43:06.707+0000] {dagbag.py:538} INFO - Filling up the DagBag from /opt/airflow/dags/executing_python_pipeline.py
[2025-07-16T02:43:06.877+0000] {processor.py:840} INFO - DAG(s) 'python_pipeline' retrieved from /opt/airflow/dags/executing_python_pipeline.py
[2025-07-16T02:43:06.895+0000] {logging_mixin.py:188} INFO - [2025-07-16T02:43:06.895+0000] {dag.py:3036} INFO - Sync 1 DAGs
[2025-07-16T02:43:06.910+0000] {logging_mixin.py:188} INFO - [2025-07-16T02:43:06.910+0000] {dag.py:3823} INFO - Setting next_dagrun for python_pipeline to None, run_after=None
[2025-07-16T02:43:06.922+0000] {processor.py:183} INFO - Processing /opt/airflow/dags/executing_python_pipeline.py took 0.220 seconds
[2025-07-16T02:43:37.164+0000] {processor.py:161} INFO - Started process (PID=5631) to work on /opt/airflow/dags/executing_python_pipeline.py
[2025-07-16T02:43:37.165+0000] {processor.py:830} INFO - Processing file /opt/airflow/dags/executing_python_pipeline.py for tasks to queue
[2025-07-16T02:43:37.165+0000] {logging_mixin.py:188} INFO - [2025-07-16T02:43:37.165+0000] {dagbag.py:538} INFO - Filling up the DagBag from /opt/airflow/dags/executing_python_pipeline.py
[2025-07-16T02:43:37.320+0000] {processor.py:840} INFO - DAG(s) 'python_pipeline' retrieved from /opt/airflow/dags/executing_python_pipeline.py
[2025-07-16T02:43:37.337+0000] {logging_mixin.py:188} INFO - [2025-07-16T02:43:37.336+0000] {dag.py:3036} INFO - Sync 1 DAGs
[2025-07-16T02:43:37.350+0000] {logging_mixin.py:188} INFO - [2025-07-16T02:43:37.350+0000] {dag.py:3823} INFO - Setting next_dagrun for python_pipeline to None, run_after=None
[2025-07-16T02:43:37.362+0000] {processor.py:183} INFO - Processing /opt/airflow/dags/executing_python_pipeline.py took 0.200 seconds
[2025-07-16T02:44:07.686+0000] {processor.py:161} INFO - Started process (PID=5772) to work on /opt/airflow/dags/executing_python_pipeline.py
[2025-07-16T02:44:07.687+0000] {processor.py:830} INFO - Processing file /opt/airflow/dags/executing_python_pipeline.py for tasks to queue
[2025-07-16T02:44:07.687+0000] {logging_mixin.py:188} INFO - [2025-07-16T02:44:07.687+0000] {dagbag.py:538} INFO - Filling up the DagBag from /opt/airflow/dags/executing_python_pipeline.py
[2025-07-16T02:44:07.863+0000] {processor.py:840} INFO - DAG(s) 'python_pipeline' retrieved from /opt/airflow/dags/executing_python_pipeline.py
[2025-07-16T02:44:07.881+0000] {logging_mixin.py:188} INFO - [2025-07-16T02:44:07.881+0000] {dag.py:3036} INFO - Sync 1 DAGs
[2025-07-16T02:44:07.896+0000] {logging_mixin.py:188} INFO - [2025-07-16T02:44:07.895+0000] {dag.py:3823} INFO - Setting next_dagrun for python_pipeline to None, run_after=None
[2025-07-16T02:44:07.907+0000] {processor.py:183} INFO - Processing /opt/airflow/dags/executing_python_pipeline.py took 0.224 seconds
[2025-07-16T02:44:38.373+0000] {processor.py:161} INFO - Started process (PID=5914) to work on /opt/airflow/dags/executing_python_pipeline.py
[2025-07-16T02:44:38.374+0000] {processor.py:830} INFO - Processing file /opt/airflow/dags/executing_python_pipeline.py for tasks to queue
[2025-07-16T02:44:38.375+0000] {logging_mixin.py:188} INFO - [2025-07-16T02:44:38.374+0000] {dagbag.py:538} INFO - Filling up the DagBag from /opt/airflow/dags/executing_python_pipeline.py
[2025-07-16T02:44:38.542+0000] {processor.py:840} INFO - DAG(s) 'python_pipeline' retrieved from /opt/airflow/dags/executing_python_pipeline.py
[2025-07-16T02:44:38.561+0000] {logging_mixin.py:188} INFO - [2025-07-16T02:44:38.561+0000] {dag.py:3036} INFO - Sync 1 DAGs
[2025-07-16T02:44:38.576+0000] {logging_mixin.py:188} INFO - [2025-07-16T02:44:38.576+0000] {dag.py:3823} INFO - Setting next_dagrun for python_pipeline to None, run_after=None
[2025-07-16T02:44:38.589+0000] {processor.py:183} INFO - Processing /opt/airflow/dags/executing_python_pipeline.py took 0.218 seconds
[2025-07-16T02:45:08.667+0000] {processor.py:161} INFO - Started process (PID=6058) to work on /opt/airflow/dags/executing_python_pipeline.py
[2025-07-16T02:45:08.668+0000] {processor.py:830} INFO - Processing file /opt/airflow/dags/executing_python_pipeline.py for tasks to queue
[2025-07-16T02:45:08.669+0000] {logging_mixin.py:188} INFO - [2025-07-16T02:45:08.668+0000] {dagbag.py:538} INFO - Filling up the DagBag from /opt/airflow/dags/executing_python_pipeline.py
[2025-07-16T02:45:08.830+0000] {processor.py:840} INFO - DAG(s) 'python_pipeline' retrieved from /opt/airflow/dags/executing_python_pipeline.py
[2025-07-16T02:45:08.846+0000] {logging_mixin.py:188} INFO - [2025-07-16T02:45:08.845+0000] {dag.py:3036} INFO - Sync 1 DAGs
[2025-07-16T02:45:08.859+0000] {logging_mixin.py:188} INFO - [2025-07-16T02:45:08.859+0000] {dag.py:3823} INFO - Setting next_dagrun for python_pipeline to None, run_after=None
[2025-07-16T02:45:08.870+0000] {processor.py:183} INFO - Processing /opt/airflow/dags/executing_python_pipeline.py took 0.205 seconds
[2025-07-16T02:45:39.536+0000] {processor.py:161} INFO - Started process (PID=6196) to work on /opt/airflow/dags/executing_python_pipeline.py
[2025-07-16T02:45:39.536+0000] {processor.py:830} INFO - Processing file /opt/airflow/dags/executing_python_pipeline.py for tasks to queue
[2025-07-16T02:45:39.537+0000] {logging_mixin.py:188} INFO - [2025-07-16T02:45:39.537+0000] {dagbag.py:538} INFO - Filling up the DagBag from /opt/airflow/dags/executing_python_pipeline.py
[2025-07-16T02:45:39.694+0000] {processor.py:840} INFO - DAG(s) 'python_pipeline' retrieved from /opt/airflow/dags/executing_python_pipeline.py
[2025-07-16T02:45:39.710+0000] {logging_mixin.py:188} INFO - [2025-07-16T02:45:39.710+0000] {dag.py:3036} INFO - Sync 1 DAGs
[2025-07-16T02:45:39.724+0000] {logging_mixin.py:188} INFO - [2025-07-16T02:45:39.724+0000] {dag.py:3823} INFO - Setting next_dagrun for python_pipeline to None, run_after=None
[2025-07-16T02:45:39.735+0000] {processor.py:183} INFO - Processing /opt/airflow/dags/executing_python_pipeline.py took 0.202 seconds
[2025-07-16T02:46:10.220+0000] {processor.py:161} INFO - Started process (PID=6339) to work on /opt/airflow/dags/executing_python_pipeline.py
[2025-07-16T02:46:10.221+0000] {processor.py:830} INFO - Processing file /opt/airflow/dags/executing_python_pipeline.py for tasks to queue
[2025-07-16T02:46:10.222+0000] {logging_mixin.py:188} INFO - [2025-07-16T02:46:10.222+0000] {dagbag.py:538} INFO - Filling up the DagBag from /opt/airflow/dags/executing_python_pipeline.py
[2025-07-16T02:46:10.382+0000] {processor.py:840} INFO - DAG(s) 'python_pipeline' retrieved from /opt/airflow/dags/executing_python_pipeline.py
[2025-07-16T02:46:10.396+0000] {logging_mixin.py:188} INFO - [2025-07-16T02:46:10.396+0000] {dag.py:3036} INFO - Sync 1 DAGs
[2025-07-16T02:46:10.409+0000] {logging_mixin.py:188} INFO - [2025-07-16T02:46:10.409+0000] {dag.py:3823} INFO - Setting next_dagrun for python_pipeline to None, run_after=None
[2025-07-16T02:46:10.420+0000] {processor.py:183} INFO - Processing /opt/airflow/dags/executing_python_pipeline.py took 0.202 seconds
[2025-07-16T02:46:40.909+0000] {processor.py:161} INFO - Started process (PID=6486) to work on /opt/airflow/dags/executing_python_pipeline.py
[2025-07-16T02:46:40.910+0000] {processor.py:830} INFO - Processing file /opt/airflow/dags/executing_python_pipeline.py for tasks to queue
[2025-07-16T02:46:40.911+0000] {logging_mixin.py:188} INFO - [2025-07-16T02:46:40.911+0000] {dagbag.py:538} INFO - Filling up the DagBag from /opt/airflow/dags/executing_python_pipeline.py
[2025-07-16T02:46:41.089+0000] {processor.py:840} INFO - DAG(s) 'python_pipeline' retrieved from /opt/airflow/dags/executing_python_pipeline.py
[2025-07-16T02:46:41.107+0000] {logging_mixin.py:188} INFO - [2025-07-16T02:46:41.107+0000] {dag.py:3036} INFO - Sync 1 DAGs
[2025-07-16T02:46:41.122+0000] {logging_mixin.py:188} INFO - [2025-07-16T02:46:41.122+0000] {dag.py:3823} INFO - Setting next_dagrun for python_pipeline to None, run_after=None
[2025-07-16T02:46:41.134+0000] {processor.py:183} INFO - Processing /opt/airflow/dags/executing_python_pipeline.py took 0.229 seconds
[2025-07-16T02:47:11.648+0000] {processor.py:161} INFO - Started process (PID=6628) to work on /opt/airflow/dags/executing_python_pipeline.py
[2025-07-16T02:47:11.649+0000] {processor.py:830} INFO - Processing file /opt/airflow/dags/executing_python_pipeline.py for tasks to queue
[2025-07-16T02:47:11.650+0000] {logging_mixin.py:188} INFO - [2025-07-16T02:47:11.649+0000] {dagbag.py:538} INFO - Filling up the DagBag from /opt/airflow/dags/executing_python_pipeline.py
[2025-07-16T02:47:11.807+0000] {processor.py:840} INFO - DAG(s) 'python_pipeline' retrieved from /opt/airflow/dags/executing_python_pipeline.py
[2025-07-16T02:47:11.824+0000] {logging_mixin.py:188} INFO - [2025-07-16T02:47:11.823+0000] {dag.py:3036} INFO - Sync 1 DAGs
[2025-07-16T02:47:11.839+0000] {logging_mixin.py:188} INFO - [2025-07-16T02:47:11.839+0000] {dag.py:3823} INFO - Setting next_dagrun for python_pipeline to None, run_after=None
[2025-07-16T02:47:11.853+0000] {processor.py:183} INFO - Processing /opt/airflow/dags/executing_python_pipeline.py took 0.207 seconds
[2025-07-16T02:47:42.383+0000] {processor.py:161} INFO - Started process (PID=6770) to work on /opt/airflow/dags/executing_python_pipeline.py
[2025-07-16T02:47:42.384+0000] {processor.py:830} INFO - Processing file /opt/airflow/dags/executing_python_pipeline.py for tasks to queue
[2025-07-16T02:47:42.384+0000] {logging_mixin.py:188} INFO - [2025-07-16T02:47:42.384+0000] {dagbag.py:538} INFO - Filling up the DagBag from /opt/airflow/dags/executing_python_pipeline.py
[2025-07-16T02:47:42.536+0000] {processor.py:840} INFO - DAG(s) 'python_pipeline' retrieved from /opt/airflow/dags/executing_python_pipeline.py
[2025-07-16T02:47:42.551+0000] {logging_mixin.py:188} INFO - [2025-07-16T02:47:42.551+0000] {dag.py:3036} INFO - Sync 1 DAGs
[2025-07-16T02:47:42.564+0000] {logging_mixin.py:188} INFO - [2025-07-16T02:47:42.564+0000] {dag.py:3823} INFO - Setting next_dagrun for python_pipeline to None, run_after=None
[2025-07-16T02:47:42.575+0000] {processor.py:183} INFO - Processing /opt/airflow/dags/executing_python_pipeline.py took 0.195 seconds
[2025-07-16T02:48:13.320+0000] {processor.py:161} INFO - Started process (PID=6853) to work on /opt/airflow/dags/executing_python_pipeline.py
[2025-07-16T02:48:13.321+0000] {processor.py:830} INFO - Processing file /opt/airflow/dags/executing_python_pipeline.py for tasks to queue
[2025-07-16T02:48:13.322+0000] {logging_mixin.py:188} INFO - [2025-07-16T02:48:13.321+0000] {dagbag.py:538} INFO - Filling up the DagBag from /opt/airflow/dags/executing_python_pipeline.py
[2025-07-16T02:48:13.488+0000] {processor.py:840} INFO - DAG(s) 'python_pipeline' retrieved from /opt/airflow/dags/executing_python_pipeline.py
[2025-07-16T02:48:13.505+0000] {logging_mixin.py:188} INFO - [2025-07-16T02:48:13.504+0000] {dag.py:3036} INFO - Sync 1 DAGs
[2025-07-16T02:48:13.519+0000] {logging_mixin.py:188} INFO - [2025-07-16T02:48:13.519+0000] {dag.py:3823} INFO - Setting next_dagrun for python_pipeline to None, run_after=None
[2025-07-16T02:48:13.531+0000] {processor.py:183} INFO - Processing /opt/airflow/dags/executing_python_pipeline.py took 0.214 seconds
[2025-07-16T02:48:57.155+0000] {processor.py:161} INFO - Started process (PID=62) to work on /opt/airflow/dags/executing_python_pipeline.py
[2025-07-16T02:48:57.156+0000] {processor.py:830} INFO - Processing file /opt/airflow/dags/executing_python_pipeline.py for tasks to queue
[2025-07-16T02:48:57.156+0000] {logging_mixin.py:188} INFO - [2025-07-16T02:48:57.156+0000] {dagbag.py:538} INFO - Filling up the DagBag from /opt/airflow/dags/executing_python_pipeline.py
[2025-07-16T02:48:57.341+0000] {processor.py:840} INFO - DAG(s) 'python_pipeline' retrieved from /opt/airflow/dags/executing_python_pipeline.py
[2025-07-16T02:48:57.365+0000] {logging_mixin.py:188} INFO - [2025-07-16T02:48:57.365+0000] {dag.py:3036} INFO - Sync 1 DAGs
[2025-07-16T02:48:57.380+0000] {logging_mixin.py:188} INFO - [2025-07-16T02:48:57.380+0000] {dag.py:3823} INFO - Setting next_dagrun for python_pipeline to None, run_after=None
[2025-07-16T02:48:57.396+0000] {processor.py:183} INFO - Processing /opt/airflow/dags/executing_python_pipeline.py took 0.243 seconds
[2025-07-16T02:49:27.882+0000] {processor.py:161} INFO - Started process (PID=231) to work on /opt/airflow/dags/executing_python_pipeline.py
[2025-07-16T02:49:27.883+0000] {processor.py:830} INFO - Processing file /opt/airflow/dags/executing_python_pipeline.py for tasks to queue
[2025-07-16T02:49:27.884+0000] {logging_mixin.py:188} INFO - [2025-07-16T02:49:27.884+0000] {dagbag.py:538} INFO - Filling up the DagBag from /opt/airflow/dags/executing_python_pipeline.py
[2025-07-16T02:49:28.051+0000] {processor.py:840} INFO - DAG(s) 'python_pipeline' retrieved from /opt/airflow/dags/executing_python_pipeline.py
[2025-07-16T02:49:28.075+0000] {logging_mixin.py:188} INFO - [2025-07-16T02:49:28.075+0000] {dag.py:3036} INFO - Sync 1 DAGs
[2025-07-16T02:49:28.086+0000] {logging_mixin.py:188} INFO - [2025-07-16T02:49:28.086+0000] {dag.py:3823} INFO - Setting next_dagrun for python_pipeline to None, run_after=None
[2025-07-16T02:49:28.102+0000] {processor.py:183} INFO - Processing /opt/airflow/dags/executing_python_pipeline.py took 0.222 seconds
[2025-07-16T02:49:58.698+0000] {processor.py:161} INFO - Started process (PID=370) to work on /opt/airflow/dags/executing_python_pipeline.py
[2025-07-16T02:49:58.699+0000] {processor.py:830} INFO - Processing file /opt/airflow/dags/executing_python_pipeline.py for tasks to queue
[2025-07-16T02:49:58.700+0000] {logging_mixin.py:188} INFO - [2025-07-16T02:49:58.700+0000] {dagbag.py:538} INFO - Filling up the DagBag from /opt/airflow/dags/executing_python_pipeline.py
[2025-07-16T02:49:58.883+0000] {processor.py:840} INFO - DAG(s) 'python_pipeline' retrieved from /opt/airflow/dags/executing_python_pipeline.py
[2025-07-16T02:49:58.903+0000] {logging_mixin.py:188} INFO - [2025-07-16T02:49:58.903+0000] {dag.py:3036} INFO - Sync 1 DAGs
[2025-07-16T02:49:58.918+0000] {logging_mixin.py:188} INFO - [2025-07-16T02:49:58.918+0000] {dag.py:3823} INFO - Setting next_dagrun for python_pipeline to None, run_after=None
[2025-07-16T02:49:58.933+0000] {processor.py:183} INFO - Processing /opt/airflow/dags/executing_python_pipeline.py took 0.237 seconds
[2025-07-16T02:50:29.306+0000] {processor.py:161} INFO - Started process (PID=512) to work on /opt/airflow/dags/executing_python_pipeline.py
[2025-07-16T02:50:29.307+0000] {processor.py:830} INFO - Processing file /opt/airflow/dags/executing_python_pipeline.py for tasks to queue
[2025-07-16T02:50:29.308+0000] {logging_mixin.py:188} INFO - [2025-07-16T02:50:29.308+0000] {dagbag.py:538} INFO - Filling up the DagBag from /opt/airflow/dags/executing_python_pipeline.py
[2025-07-16T02:50:29.473+0000] {processor.py:840} INFO - DAG(s) 'python_pipeline' retrieved from /opt/airflow/dags/executing_python_pipeline.py
[2025-07-16T02:50:29.487+0000] {logging_mixin.py:188} INFO - [2025-07-16T02:50:29.487+0000] {dag.py:3036} INFO - Sync 1 DAGs
[2025-07-16T02:50:29.500+0000] {logging_mixin.py:188} INFO - [2025-07-16T02:50:29.500+0000] {dag.py:3823} INFO - Setting next_dagrun for python_pipeline to None, run_after=None
[2025-07-16T02:50:29.512+0000] {processor.py:183} INFO - Processing /opt/airflow/dags/executing_python_pipeline.py took 0.210 seconds
[2025-07-16T02:51:00.054+0000] {processor.py:161} INFO - Started process (PID=655) to work on /opt/airflow/dags/executing_python_pipeline.py
[2025-07-16T02:51:00.055+0000] {processor.py:830} INFO - Processing file /opt/airflow/dags/executing_python_pipeline.py for tasks to queue
[2025-07-16T02:51:00.057+0000] {logging_mixin.py:188} INFO - [2025-07-16T02:51:00.057+0000] {dagbag.py:538} INFO - Filling up the DagBag from /opt/airflow/dags/executing_python_pipeline.py
[2025-07-16T02:51:00.237+0000] {processor.py:840} INFO - DAG(s) 'python_pipeline' retrieved from /opt/airflow/dags/executing_python_pipeline.py
[2025-07-16T02:51:00.254+0000] {logging_mixin.py:188} INFO - [2025-07-16T02:51:00.254+0000] {dag.py:3036} INFO - Sync 1 DAGs
[2025-07-16T02:51:00.267+0000] {logging_mixin.py:188} INFO - [2025-07-16T02:51:00.267+0000] {dag.py:3823} INFO - Setting next_dagrun for python_pipeline to None, run_after=None
[2025-07-16T02:51:00.278+0000] {processor.py:183} INFO - Processing /opt/airflow/dags/executing_python_pipeline.py took 0.232 seconds
[2025-07-16T02:51:30.690+0000] {processor.py:161} INFO - Started process (PID=798) to work on /opt/airflow/dags/executing_python_pipeline.py
[2025-07-16T02:51:30.691+0000] {processor.py:830} INFO - Processing file /opt/airflow/dags/executing_python_pipeline.py for tasks to queue
[2025-07-16T02:51:30.692+0000] {logging_mixin.py:188} INFO - [2025-07-16T02:51:30.692+0000] {dagbag.py:538} INFO - Filling up the DagBag from /opt/airflow/dags/executing_python_pipeline.py
[2025-07-16T02:51:30.856+0000] {processor.py:840} INFO - DAG(s) 'python_pipeline' retrieved from /opt/airflow/dags/executing_python_pipeline.py
[2025-07-16T02:51:30.871+0000] {logging_mixin.py:188} INFO - [2025-07-16T02:51:30.871+0000] {dag.py:3036} INFO - Sync 1 DAGs
[2025-07-16T02:51:30.891+0000] {logging_mixin.py:188} INFO - [2025-07-16T02:51:30.891+0000] {dag.py:3823} INFO - Setting next_dagrun for python_pipeline to None, run_after=None
[2025-07-16T02:51:30.912+0000] {processor.py:183} INFO - Processing /opt/airflow/dags/executing_python_pipeline.py took 0.224 seconds
[2025-07-16T02:52:01.004+0000] {processor.py:161} INFO - Started process (PID=944) to work on /opt/airflow/dags/executing_python_pipeline.py
[2025-07-16T02:52:01.005+0000] {processor.py:830} INFO - Processing file /opt/airflow/dags/executing_python_pipeline.py for tasks to queue
[2025-07-16T02:52:01.006+0000] {logging_mixin.py:188} INFO - [2025-07-16T02:52:01.005+0000] {dagbag.py:538} INFO - Filling up the DagBag from /opt/airflow/dags/executing_python_pipeline.py
[2025-07-16T02:52:01.156+0000] {processor.py:840} INFO - DAG(s) 'python_pipeline' retrieved from /opt/airflow/dags/executing_python_pipeline.py
[2025-07-16T02:52:01.174+0000] {logging_mixin.py:188} INFO - [2025-07-16T02:52:01.173+0000] {dag.py:3036} INFO - Sync 1 DAGs
[2025-07-16T02:52:01.186+0000] {logging_mixin.py:188} INFO - [2025-07-16T02:52:01.186+0000] {dag.py:3823} INFO - Setting next_dagrun for python_pipeline to None, run_after=None
[2025-07-16T02:52:01.208+0000] {processor.py:183} INFO - Processing /opt/airflow/dags/executing_python_pipeline.py took 0.206 seconds
[2025-07-16T02:52:31.336+0000] {processor.py:161} INFO - Started process (PID=1084) to work on /opt/airflow/dags/executing_python_pipeline.py
[2025-07-16T02:52:31.337+0000] {processor.py:830} INFO - Processing file /opt/airflow/dags/executing_python_pipeline.py for tasks to queue
[2025-07-16T02:52:31.338+0000] {logging_mixin.py:188} INFO - [2025-07-16T02:52:31.338+0000] {dagbag.py:538} INFO - Filling up the DagBag from /opt/airflow/dags/executing_python_pipeline.py
[2025-07-16T02:52:31.511+0000] {processor.py:840} INFO - DAG(s) 'python_pipeline' retrieved from /opt/airflow/dags/executing_python_pipeline.py
[2025-07-16T02:52:31.527+0000] {logging_mixin.py:188} INFO - [2025-07-16T02:52:31.526+0000] {dag.py:3036} INFO - Sync 1 DAGs
[2025-07-16T02:52:31.541+0000] {logging_mixin.py:188} INFO - [2025-07-16T02:52:31.541+0000] {dag.py:3823} INFO - Setting next_dagrun for python_pipeline to None, run_after=None
[2025-07-16T02:52:31.553+0000] {processor.py:183} INFO - Processing /opt/airflow/dags/executing_python_pipeline.py took 0.220 seconds
[2025-07-16T04:50:49.379+0000] {processor.py:186} INFO - Started process (PID=49) to work on /opt/airflow/dags/executing_python_pipeline.py
[2025-07-16T04:50:49.379+0000] {processor.py:914} INFO - Processing file /opt/airflow/dags/executing_python_pipeline.py for tasks to queue
[2025-07-16T04:50:49.381+0000] {logging_mixin.py:190} INFO - [2025-07-16T04:50:49.381+0000] {dagbag.py:588} INFO - Filling up the DagBag from /opt/airflow/dags/executing_python_pipeline.py
[2025-07-16T04:50:49.736+0000] {processor.py:925} INFO - DAG(s) 'python_pipeline' retrieved from /opt/airflow/dags/executing_python_pipeline.py
[2025-07-16T04:50:49.788+0000] {logging_mixin.py:190} INFO - [2025-07-16T04:50:49.788+0000] {override.py:1900} INFO - Created Permission View: can edit on DAG:python_pipeline
[2025-07-16T04:50:49.794+0000] {logging_mixin.py:190} INFO - [2025-07-16T04:50:49.794+0000] {override.py:1900} INFO - Created Permission View: can read on DAG:python_pipeline
[2025-07-16T04:50:49.797+0000] {logging_mixin.py:190} INFO - [2025-07-16T04:50:49.797+0000] {override.py:1900} INFO - Created Permission View: can delete on DAG:python_pipeline
[2025-07-16T04:50:49.801+0000] {logging_mixin.py:190} INFO - [2025-07-16T04:50:49.801+0000] {override.py:1900} INFO - Created Permission View: can create on DAG Run:python_pipeline
[2025-07-16T04:50:49.805+0000] {logging_mixin.py:190} INFO - [2025-07-16T04:50:49.805+0000] {override.py:1900} INFO - Created Permission View: can read on DAG Run:python_pipeline
[2025-07-16T04:50:49.809+0000] {logging_mixin.py:190} INFO - [2025-07-16T04:50:49.808+0000] {override.py:1900} INFO - Created Permission View: menu access on DAG Run:python_pipeline
[2025-07-16T04:50:49.813+0000] {logging_mixin.py:190} INFO - [2025-07-16T04:50:49.813+0000] {override.py:1900} INFO - Created Permission View: can delete on DAG Run:python_pipeline
[2025-07-16T04:50:49.813+0000] {logging_mixin.py:190} INFO - [2025-07-16T04:50:49.813+0000] {dag.py:3239} INFO - Sync 1 DAGs
[2025-07-16T04:50:49.821+0000] {logging_mixin.py:190} INFO - [2025-07-16T04:50:49.820+0000] {dag.py:3262} INFO - Creating ORM DAG for python_pipeline
[2025-07-16T04:50:49.826+0000] {logging_mixin.py:190} INFO - [2025-07-16T04:50:49.826+0000] {dag.py:4180} INFO - Setting next_dagrun for python_pipeline to 2025-07-15 00:00:00+00:00, run_after=2025-07-15 00:00:00+00:00
[2025-07-16T04:50:49.836+0000] {processor.py:208} INFO - Processing /opt/airflow/dags/executing_python_pipeline.py took 0.461 seconds
[2025-07-16T04:51:19.912+0000] {processor.py:186} INFO - Started process (PID=75) to work on /opt/airflow/dags/executing_python_pipeline.py
[2025-07-16T04:51:19.912+0000] {processor.py:914} INFO - Processing file /opt/airflow/dags/executing_python_pipeline.py for tasks to queue
[2025-07-16T04:51:19.915+0000] {logging_mixin.py:190} INFO - [2025-07-16T04:51:19.914+0000] {dagbag.py:588} INFO - Filling up the DagBag from /opt/airflow/dags/executing_python_pipeline.py
[2025-07-16T04:51:20.247+0000] {processor.py:925} INFO - DAG(s) 'python_pipeline' retrieved from /opt/airflow/dags/executing_python_pipeline.py
[2025-07-16T04:51:20.261+0000] {logging_mixin.py:190} INFO - [2025-07-16T04:51:20.260+0000] {dag.py:3239} INFO - Sync 1 DAGs
[2025-07-16T04:51:20.272+0000] {logging_mixin.py:190} INFO - [2025-07-16T04:51:20.272+0000] {dag.py:4180} INFO - Setting next_dagrun for python_pipeline to 2025-07-15 00:00:00+00:00, run_after=2025-07-15 00:00:00+00:00
[2025-07-16T04:51:20.291+0000] {processor.py:208} INFO - Processing /opt/airflow/dags/executing_python_pipeline.py took 0.383 seconds
[2025-07-16T04:51:51.158+0000] {processor.py:186} INFO - Started process (PID=312) to work on /opt/airflow/dags/executing_python_pipeline.py
[2025-07-16T04:51:51.159+0000] {processor.py:914} INFO - Processing file /opt/airflow/dags/executing_python_pipeline.py for tasks to queue
[2025-07-16T04:51:51.160+0000] {logging_mixin.py:190} INFO - [2025-07-16T04:51:51.160+0000] {dagbag.py:588} INFO - Filling up the DagBag from /opt/airflow/dags/executing_python_pipeline.py
[2025-07-16T04:51:51.474+0000] {processor.py:925} INFO - DAG(s) 'python_pipeline' retrieved from /opt/airflow/dags/executing_python_pipeline.py
[2025-07-16T04:51:51.491+0000] {logging_mixin.py:190} INFO - [2025-07-16T04:51:51.490+0000] {dag.py:3239} INFO - Sync 1 DAGs
[2025-07-16T04:51:51.506+0000] {logging_mixin.py:190} INFO - [2025-07-16T04:51:51.505+0000] {dag.py:4180} INFO - Setting next_dagrun for python_pipeline to None, run_after=None
[2025-07-16T04:51:51.519+0000] {processor.py:208} INFO - Processing /opt/airflow/dags/executing_python_pipeline.py took 0.365 seconds
[2025-07-16T04:52:21.995+0000] {processor.py:186} INFO - Started process (PID=522) to work on /opt/airflow/dags/executing_python_pipeline.py
[2025-07-16T04:52:21.996+0000] {processor.py:914} INFO - Processing file /opt/airflow/dags/executing_python_pipeline.py for tasks to queue
[2025-07-16T04:52:21.998+0000] {logging_mixin.py:190} INFO - [2025-07-16T04:52:21.997+0000] {dagbag.py:588} INFO - Filling up the DagBag from /opt/airflow/dags/executing_python_pipeline.py
[2025-07-16T04:52:22.311+0000] {processor.py:925} INFO - DAG(s) 'python_pipeline' retrieved from /opt/airflow/dags/executing_python_pipeline.py
[2025-07-16T04:52:22.323+0000] {logging_mixin.py:190} INFO - [2025-07-16T04:52:22.323+0000] {dag.py:3239} INFO - Sync 1 DAGs
[2025-07-16T04:52:22.333+0000] {logging_mixin.py:190} INFO - [2025-07-16T04:52:22.333+0000] {dag.py:4180} INFO - Setting next_dagrun for python_pipeline to None, run_after=None
[2025-07-16T04:52:22.343+0000] {processor.py:208} INFO - Processing /opt/airflow/dags/executing_python_pipeline.py took 0.354 seconds
[2025-07-16T04:52:52.376+0000] {processor.py:186} INFO - Started process (PID=549) to work on /opt/airflow/dags/executing_python_pipeline.py
[2025-07-16T04:52:52.377+0000] {processor.py:914} INFO - Processing file /opt/airflow/dags/executing_python_pipeline.py for tasks to queue
[2025-07-16T04:52:52.378+0000] {logging_mixin.py:190} INFO - [2025-07-16T04:52:52.378+0000] {dagbag.py:588} INFO - Filling up the DagBag from /opt/airflow/dags/executing_python_pipeline.py
[2025-07-16T04:52:52.684+0000] {processor.py:925} INFO - DAG(s) 'python_pipeline' retrieved from /opt/airflow/dags/executing_python_pipeline.py
[2025-07-16T04:52:52.697+0000] {logging_mixin.py:190} INFO - [2025-07-16T04:52:52.697+0000] {dag.py:3239} INFO - Sync 1 DAGs
[2025-07-16T04:52:52.709+0000] {logging_mixin.py:190} INFO - [2025-07-16T04:52:52.709+0000] {dag.py:4180} INFO - Setting next_dagrun for python_pipeline to None, run_after=None
[2025-07-16T04:52:52.720+0000] {processor.py:208} INFO - Processing /opt/airflow/dags/executing_python_pipeline.py took 0.348 seconds
[2025-07-16T04:53:22.803+0000] {processor.py:186} INFO - Started process (PID=573) to work on /opt/airflow/dags/executing_python_pipeline.py
[2025-07-16T04:53:22.804+0000] {processor.py:914} INFO - Processing file /opt/airflow/dags/executing_python_pipeline.py for tasks to queue
[2025-07-16T04:53:22.806+0000] {logging_mixin.py:190} INFO - [2025-07-16T04:53:22.806+0000] {dagbag.py:588} INFO - Filling up the DagBag from /opt/airflow/dags/executing_python_pipeline.py
[2025-07-16T04:53:23.156+0000] {processor.py:925} INFO - DAG(s) 'python_pipeline' retrieved from /opt/airflow/dags/executing_python_pipeline.py
[2025-07-16T04:53:23.169+0000] {logging_mixin.py:190} INFO - [2025-07-16T04:53:23.169+0000] {dag.py:3239} INFO - Sync 1 DAGs
[2025-07-16T04:53:23.182+0000] {logging_mixin.py:190} INFO - [2025-07-16T04:53:23.182+0000] {dag.py:4180} INFO - Setting next_dagrun for python_pipeline to None, run_after=None
[2025-07-16T04:53:23.191+0000] {processor.py:208} INFO - Processing /opt/airflow/dags/executing_python_pipeline.py took 0.393 seconds
[2025-07-16T04:53:54.052+0000] {processor.py:186} INFO - Started process (PID=597) to work on /opt/airflow/dags/executing_python_pipeline.py
[2025-07-16T04:53:54.053+0000] {processor.py:914} INFO - Processing file /opt/airflow/dags/executing_python_pipeline.py for tasks to queue
[2025-07-16T04:53:54.055+0000] {logging_mixin.py:190} INFO - [2025-07-16T04:53:54.055+0000] {dagbag.py:588} INFO - Filling up the DagBag from /opt/airflow/dags/executing_python_pipeline.py
[2025-07-16T04:53:54.392+0000] {processor.py:925} INFO - DAG(s) 'python_pipeline' retrieved from /opt/airflow/dags/executing_python_pipeline.py
[2025-07-16T04:53:54.405+0000] {logging_mixin.py:190} INFO - [2025-07-16T04:53:54.405+0000] {dag.py:3239} INFO - Sync 1 DAGs
[2025-07-16T04:53:54.416+0000] {logging_mixin.py:190} INFO - [2025-07-16T04:53:54.415+0000] {dag.py:4180} INFO - Setting next_dagrun for python_pipeline to None, run_after=None
[2025-07-16T04:53:54.424+0000] {processor.py:208} INFO - Processing /opt/airflow/dags/executing_python_pipeline.py took 0.377 seconds
[2025-07-16T04:54:25.229+0000] {processor.py:186} INFO - Started process (PID=621) to work on /opt/airflow/dags/executing_python_pipeline.py
[2025-07-16T04:54:25.229+0000] {processor.py:914} INFO - Processing file /opt/airflow/dags/executing_python_pipeline.py for tasks to queue
[2025-07-16T04:54:25.231+0000] {logging_mixin.py:190} INFO - [2025-07-16T04:54:25.231+0000] {dagbag.py:588} INFO - Filling up the DagBag from /opt/airflow/dags/executing_python_pipeline.py
[2025-07-16T04:54:25.538+0000] {processor.py:925} INFO - DAG(s) 'python_pipeline' retrieved from /opt/airflow/dags/executing_python_pipeline.py
[2025-07-16T04:54:25.553+0000] {logging_mixin.py:190} INFO - [2025-07-16T04:54:25.553+0000] {dag.py:3239} INFO - Sync 1 DAGs
[2025-07-16T04:54:25.567+0000] {logging_mixin.py:190} INFO - [2025-07-16T04:54:25.566+0000] {dag.py:4180} INFO - Setting next_dagrun for python_pipeline to None, run_after=None
[2025-07-16T04:54:25.578+0000] {processor.py:208} INFO - Processing /opt/airflow/dags/executing_python_pipeline.py took 0.353 seconds
[2025-07-16T04:54:40.231+0000] {processor.py:186} INFO - Started process (PID=49) to work on /opt/airflow/dags/executing_python_pipeline.py
[2025-07-16T04:54:40.232+0000] {processor.py:914} INFO - Processing file /opt/airflow/dags/executing_python_pipeline.py for tasks to queue
[2025-07-16T04:54:40.234+0000] {logging_mixin.py:190} INFO - [2025-07-16T04:54:40.234+0000] {dagbag.py:588} INFO - Filling up the DagBag from /opt/airflow/dags/executing_python_pipeline.py
[2025-07-16T04:54:40.564+0000] {processor.py:925} INFO - DAG(s) 'python_pipeline' retrieved from /opt/airflow/dags/executing_python_pipeline.py
[2025-07-16T04:54:40.576+0000] {logging_mixin.py:190} INFO - [2025-07-16T04:54:40.576+0000] {dag.py:3239} INFO - Sync 1 DAGs
[2025-07-16T04:54:40.589+0000] {logging_mixin.py:190} INFO - [2025-07-16T04:54:40.589+0000] {dag.py:4180} INFO - Setting next_dagrun for python_pipeline to None, run_after=None
[2025-07-16T04:54:40.600+0000] {processor.py:208} INFO - Processing /opt/airflow/dags/executing_python_pipeline.py took 0.372 seconds
[2025-07-16T04:55:10.652+0000] {processor.py:186} INFO - Started process (PID=68) to work on /opt/airflow/dags/executing_python_pipeline.py
[2025-07-16T04:55:10.653+0000] {processor.py:914} INFO - Processing file /opt/airflow/dags/executing_python_pipeline.py for tasks to queue
[2025-07-16T04:55:10.654+0000] {logging_mixin.py:190} INFO - [2025-07-16T04:55:10.654+0000] {dagbag.py:588} INFO - Filling up the DagBag from /opt/airflow/dags/executing_python_pipeline.py
[2025-07-16T04:55:11.015+0000] {processor.py:925} INFO - DAG(s) 'python_pipeline' retrieved from /opt/airflow/dags/executing_python_pipeline.py
[2025-07-16T04:55:11.029+0000] {logging_mixin.py:190} INFO - [2025-07-16T04:55:11.028+0000] {dag.py:3239} INFO - Sync 1 DAGs
[2025-07-16T04:55:11.045+0000] {logging_mixin.py:190} INFO - [2025-07-16T04:55:11.045+0000] {dag.py:4180} INFO - Setting next_dagrun for python_pipeline to None, run_after=None
[2025-07-16T04:55:11.056+0000] {processor.py:208} INFO - Processing /opt/airflow/dags/executing_python_pipeline.py took 0.412 seconds
[2025-07-16T04:55:41.129+0000] {processor.py:186} INFO - Started process (PID=93) to work on /opt/airflow/dags/executing_python_pipeline.py
[2025-07-16T04:55:41.131+0000] {processor.py:914} INFO - Processing file /opt/airflow/dags/executing_python_pipeline.py for tasks to queue
[2025-07-16T04:55:41.133+0000] {logging_mixin.py:190} INFO - [2025-07-16T04:55:41.133+0000] {dagbag.py:588} INFO - Filling up the DagBag from /opt/airflow/dags/executing_python_pipeline.py
[2025-07-16T04:55:41.496+0000] {processor.py:925} INFO - DAG(s) 'python_pipeline' retrieved from /opt/airflow/dags/executing_python_pipeline.py
[2025-07-16T04:55:41.510+0000] {logging_mixin.py:190} INFO - [2025-07-16T04:55:41.510+0000] {dag.py:3239} INFO - Sync 1 DAGs
[2025-07-16T04:55:41.525+0000] {logging_mixin.py:190} INFO - [2025-07-16T04:55:41.525+0000] {dag.py:4180} INFO - Setting next_dagrun for python_pipeline to None, run_after=None
[2025-07-16T04:55:41.540+0000] {processor.py:208} INFO - Processing /opt/airflow/dags/executing_python_pipeline.py took 0.415 seconds
[2025-07-16T04:56:11.593+0000] {processor.py:186} INFO - Started process (PID=117) to work on /opt/airflow/dags/executing_python_pipeline.py
[2025-07-16T04:56:11.594+0000] {processor.py:914} INFO - Processing file /opt/airflow/dags/executing_python_pipeline.py for tasks to queue
[2025-07-16T04:56:11.595+0000] {logging_mixin.py:190} INFO - [2025-07-16T04:56:11.595+0000] {dagbag.py:588} INFO - Filling up the DagBag from /opt/airflow/dags/executing_python_pipeline.py
[2025-07-16T04:56:11.897+0000] {processor.py:925} INFO - DAG(s) 'python_pipeline' retrieved from /opt/airflow/dags/executing_python_pipeline.py
[2025-07-16T04:56:11.911+0000] {logging_mixin.py:190} INFO - [2025-07-16T04:56:11.910+0000] {dag.py:3239} INFO - Sync 1 DAGs
[2025-07-16T04:56:11.921+0000] {logging_mixin.py:190} INFO - [2025-07-16T04:56:11.921+0000] {dag.py:4180} INFO - Setting next_dagrun for python_pipeline to None, run_after=None
[2025-07-16T04:56:11.931+0000] {processor.py:208} INFO - Processing /opt/airflow/dags/executing_python_pipeline.py took 0.342 seconds
[2025-07-16T04:56:41.970+0000] {processor.py:186} INFO - Started process (PID=143) to work on /opt/airflow/dags/executing_python_pipeline.py
[2025-07-16T04:56:41.971+0000] {processor.py:914} INFO - Processing file /opt/airflow/dags/executing_python_pipeline.py for tasks to queue
[2025-07-16T04:56:41.972+0000] {logging_mixin.py:190} INFO - [2025-07-16T04:56:41.972+0000] {dagbag.py:588} INFO - Filling up the DagBag from /opt/airflow/dags/executing_python_pipeline.py
[2025-07-16T04:56:42.265+0000] {processor.py:925} INFO - DAG(s) 'python_pipeline' retrieved from /opt/airflow/dags/executing_python_pipeline.py
[2025-07-16T04:56:42.278+0000] {logging_mixin.py:190} INFO - [2025-07-16T04:56:42.278+0000] {dag.py:3239} INFO - Sync 1 DAGs
[2025-07-16T04:56:42.289+0000] {logging_mixin.py:190} INFO - [2025-07-16T04:56:42.289+0000] {dag.py:4180} INFO - Setting next_dagrun for python_pipeline to None, run_after=None
[2025-07-16T04:56:42.299+0000] {processor.py:208} INFO - Processing /opt/airflow/dags/executing_python_pipeline.py took 0.332 seconds
[2025-07-16T04:57:12.433+0000] {processor.py:186} INFO - Started process (PID=175) to work on /opt/airflow/dags/executing_python_pipeline.py
[2025-07-16T04:57:12.433+0000] {processor.py:914} INFO - Processing file /opt/airflow/dags/executing_python_pipeline.py for tasks to queue
[2025-07-16T04:57:12.435+0000] {logging_mixin.py:190} INFO - [2025-07-16T04:57:12.435+0000] {dagbag.py:588} INFO - Filling up the DagBag from /opt/airflow/dags/executing_python_pipeline.py
[2025-07-16T04:57:12.701+0000] {processor.py:925} INFO - DAG(s) 'python_pipeline' retrieved from /opt/airflow/dags/executing_python_pipeline.py
[2025-07-16T04:57:12.716+0000] {logging_mixin.py:190} INFO - [2025-07-16T04:57:12.715+0000] {dag.py:3239} INFO - Sync 1 DAGs
[2025-07-16T04:57:12.727+0000] {logging_mixin.py:190} INFO - [2025-07-16T04:57:12.727+0000] {dag.py:4180} INFO - Setting next_dagrun for python_pipeline to None, run_after=None
[2025-07-16T04:57:12.747+0000] {processor.py:208} INFO - Processing /opt/airflow/dags/executing_python_pipeline.py took 0.318 seconds
[2025-07-16T04:57:42.875+0000] {processor.py:186} INFO - Started process (PID=199) to work on /opt/airflow/dags/executing_python_pipeline.py
[2025-07-16T04:57:42.876+0000] {processor.py:914} INFO - Processing file /opt/airflow/dags/executing_python_pipeline.py for tasks to queue
[2025-07-16T04:57:42.877+0000] {logging_mixin.py:190} INFO - [2025-07-16T04:57:42.877+0000] {dagbag.py:588} INFO - Filling up the DagBag from /opt/airflow/dags/executing_python_pipeline.py
[2025-07-16T04:57:43.221+0000] {processor.py:925} INFO - DAG(s) 'python_pipeline' retrieved from /opt/airflow/dags/executing_python_pipeline.py
[2025-07-16T04:57:43.236+0000] {logging_mixin.py:190} INFO - [2025-07-16T04:57:43.236+0000] {dag.py:3239} INFO - Sync 1 DAGs
[2025-07-16T04:57:43.249+0000] {logging_mixin.py:190} INFO - [2025-07-16T04:57:43.249+0000] {dag.py:4180} INFO - Setting next_dagrun for python_pipeline to None, run_after=None
[2025-07-16T04:57:43.262+0000] {processor.py:208} INFO - Processing /opt/airflow/dags/executing_python_pipeline.py took 0.391 seconds
[2025-07-16T04:58:13.832+0000] {processor.py:186} INFO - Started process (PID=214) to work on /opt/airflow/dags/executing_python_pipeline.py
[2025-07-16T04:58:13.833+0000] {processor.py:914} INFO - Processing file /opt/airflow/dags/executing_python_pipeline.py for tasks to queue
[2025-07-16T04:58:13.835+0000] {logging_mixin.py:190} INFO - [2025-07-16T04:58:13.835+0000] {dagbag.py:588} INFO - Filling up the DagBag from /opt/airflow/dags/executing_python_pipeline.py
[2025-07-16T04:58:14.170+0000] {processor.py:925} INFO - DAG(s) 'python_pipeline' retrieved from /opt/airflow/dags/executing_python_pipeline.py
[2025-07-16T04:58:14.184+0000] {logging_mixin.py:190} INFO - [2025-07-16T04:58:14.184+0000] {dag.py:3239} INFO - Sync 1 DAGs
[2025-07-16T04:58:14.196+0000] {logging_mixin.py:190} INFO - [2025-07-16T04:58:14.196+0000] {dag.py:4180} INFO - Setting next_dagrun for python_pipeline to None, run_after=None
[2025-07-16T04:58:14.205+0000] {processor.py:208} INFO - Processing /opt/airflow/dags/executing_python_pipeline.py took 0.377 seconds
[2025-07-16T04:58:45.027+0000] {processor.py:186} INFO - Started process (PID=238) to work on /opt/airflow/dags/executing_python_pipeline.py
[2025-07-16T04:58:45.027+0000] {processor.py:914} INFO - Processing file /opt/airflow/dags/executing_python_pipeline.py for tasks to queue
[2025-07-16T04:58:45.030+0000] {logging_mixin.py:190} INFO - [2025-07-16T04:58:45.029+0000] {dagbag.py:588} INFO - Filling up the DagBag from /opt/airflow/dags/executing_python_pipeline.py
[2025-07-16T04:58:45.348+0000] {processor.py:925} INFO - DAG(s) 'python_pipeline' retrieved from /opt/airflow/dags/executing_python_pipeline.py
[2025-07-16T04:58:45.361+0000] {logging_mixin.py:190} INFO - [2025-07-16T04:58:45.361+0000] {dag.py:3239} INFO - Sync 1 DAGs
[2025-07-16T04:58:45.372+0000] {logging_mixin.py:190} INFO - [2025-07-16T04:58:45.372+0000] {dag.py:4180} INFO - Setting next_dagrun for python_pipeline to None, run_after=None
[2025-07-16T04:58:45.381+0000] {processor.py:208} INFO - Processing /opt/airflow/dags/executing_python_pipeline.py took 0.359 seconds
