[2025-07-16T02:39:32.237+0000] {processor.py:161} INFO - Started process (PID=4498) to work on /opt/airflow/dags/execute_xcom_pass_values.py
[2025-07-16T02:39:32.240+0000] {processor.py:830} INFO - Processing file /opt/airflow/dags/execute_xcom_pass_values.py for tasks to queue
[2025-07-16T02:39:32.241+0000] {logging_mixin.py:188} INFO - [2025-07-16T02:39:32.241+0000] {dagbag.py:538} INFO - Filling up the DagBag from /opt/airflow/dags/execute_xcom_pass_values.py
[2025-07-16T02:39:32.280+0000] {processor.py:840} INFO - DAG(s) 'cross_task_pass_value' retrieved from /opt/airflow/dags/execute_xcom_pass_values.py
[2025-07-16T02:39:32.390+0000] {logging_mixin.py:188} INFO - [2025-07-16T02:39:32.390+0000] {dag.py:3036} INFO - Sync 1 DAGs
[2025-07-16T02:39:32.411+0000] {logging_mixin.py:188} INFO - [2025-07-16T02:39:32.411+0000] {dag.py:3823} INFO - Setting next_dagrun for cross_task_pass_value to 2025-07-15 00:00:00+00:00, run_after=2025-07-16 00:00:00+00:00
[2025-07-16T02:39:32.445+0000] {processor.py:183} INFO - Processing /opt/airflow/dags/execute_xcom_pass_values.py took 0.217 seconds
[2025-07-16T02:40:02.704+0000] {processor.py:161} INFO - Started process (PID=4639) to work on /opt/airflow/dags/execute_xcom_pass_values.py
[2025-07-16T02:40:02.705+0000] {processor.py:830} INFO - Processing file /opt/airflow/dags/execute_xcom_pass_values.py for tasks to queue
[2025-07-16T02:40:02.706+0000] {logging_mixin.py:188} INFO - [2025-07-16T02:40:02.706+0000] {dagbag.py:538} INFO - Filling up the DagBag from /opt/airflow/dags/execute_xcom_pass_values.py
[2025-07-16T02:40:02.723+0000] {processor.py:840} INFO - DAG(s) 'cross_task_pass_value' retrieved from /opt/airflow/dags/execute_xcom_pass_values.py
[2025-07-16T02:40:02.742+0000] {logging_mixin.py:188} INFO - [2025-07-16T02:40:02.742+0000] {dag.py:3036} INFO - Sync 1 DAGs
[2025-07-16T02:40:02.757+0000] {logging_mixin.py:188} INFO - [2025-07-16T02:40:02.757+0000] {dag.py:3823} INFO - Setting next_dagrun for cross_task_pass_value to 2025-07-15 00:00:00+00:00, run_after=2025-07-16 00:00:00+00:00
[2025-07-16T02:40:02.778+0000] {processor.py:183} INFO - Processing /opt/airflow/dags/execute_xcom_pass_values.py took 0.076 seconds
[2025-07-16T02:40:32.920+0000] {processor.py:161} INFO - Started process (PID=4780) to work on /opt/airflow/dags/execute_xcom_pass_values.py
[2025-07-16T02:40:32.921+0000] {processor.py:830} INFO - Processing file /opt/airflow/dags/execute_xcom_pass_values.py for tasks to queue
[2025-07-16T02:40:32.921+0000] {logging_mixin.py:188} INFO - [2025-07-16T02:40:32.921+0000] {dagbag.py:538} INFO - Filling up the DagBag from /opt/airflow/dags/execute_xcom_pass_values.py
[2025-07-16T02:40:32.936+0000] {processor.py:840} INFO - DAG(s) 'cross_task_pass_value' retrieved from /opt/airflow/dags/execute_xcom_pass_values.py
[2025-07-16T02:40:32.954+0000] {logging_mixin.py:188} INFO - [2025-07-16T02:40:32.954+0000] {dag.py:3036} INFO - Sync 1 DAGs
[2025-07-16T02:40:32.968+0000] {logging_mixin.py:188} INFO - [2025-07-16T02:40:32.968+0000] {dag.py:3823} INFO - Setting next_dagrun for cross_task_pass_value to 2025-07-15 00:00:00+00:00, run_after=2025-07-16 00:00:00+00:00
[2025-07-16T02:40:32.981+0000] {processor.py:183} INFO - Processing /opt/airflow/dags/execute_xcom_pass_values.py took 0.064 seconds
[2025-07-16T02:41:03.106+0000] {processor.py:161} INFO - Started process (PID=4920) to work on /opt/airflow/dags/execute_xcom_pass_values.py
[2025-07-16T02:41:03.107+0000] {processor.py:830} INFO - Processing file /opt/airflow/dags/execute_xcom_pass_values.py for tasks to queue
[2025-07-16T02:41:03.107+0000] {logging_mixin.py:188} INFO - [2025-07-16T02:41:03.107+0000] {dagbag.py:538} INFO - Filling up the DagBag from /opt/airflow/dags/execute_xcom_pass_values.py
[2025-07-16T02:41:03.119+0000] {processor.py:840} INFO - DAG(s) 'cross_task_pass_value' retrieved from /opt/airflow/dags/execute_xcom_pass_values.py
[2025-07-16T02:41:03.135+0000] {logging_mixin.py:188} INFO - [2025-07-16T02:41:03.135+0000] {dag.py:3036} INFO - Sync 1 DAGs
[2025-07-16T02:41:03.149+0000] {logging_mixin.py:188} INFO - [2025-07-16T02:41:03.149+0000] {dag.py:3823} INFO - Setting next_dagrun for cross_task_pass_value to 2025-07-15 00:00:00+00:00, run_after=2025-07-16 00:00:00+00:00
[2025-07-16T02:41:03.161+0000] {processor.py:183} INFO - Processing /opt/airflow/dags/execute_xcom_pass_values.py took 0.058 seconds
[2025-07-16T02:41:33.695+0000] {processor.py:161} INFO - Started process (PID=5061) to work on /opt/airflow/dags/execute_xcom_pass_values.py
[2025-07-16T02:41:33.695+0000] {processor.py:830} INFO - Processing file /opt/airflow/dags/execute_xcom_pass_values.py for tasks to queue
[2025-07-16T02:41:33.696+0000] {logging_mixin.py:188} INFO - [2025-07-16T02:41:33.696+0000] {dagbag.py:538} INFO - Filling up the DagBag from /opt/airflow/dags/execute_xcom_pass_values.py
[2025-07-16T02:41:33.711+0000] {processor.py:840} INFO - DAG(s) 'cross_task_pass_value' retrieved from /opt/airflow/dags/execute_xcom_pass_values.py
[2025-07-16T02:41:33.730+0000] {logging_mixin.py:188} INFO - [2025-07-16T02:41:33.730+0000] {dag.py:3036} INFO - Sync 1 DAGs
[2025-07-16T02:41:33.745+0000] {logging_mixin.py:188} INFO - [2025-07-16T02:41:33.745+0000] {dag.py:3823} INFO - Setting next_dagrun for cross_task_pass_value to 2025-07-15 00:00:00+00:00, run_after=2025-07-16 00:00:00+00:00
[2025-07-16T02:41:33.767+0000] {processor.py:183} INFO - Processing /opt/airflow/dags/execute_xcom_pass_values.py took 0.076 seconds
[2025-07-16T02:42:04.321+0000] {processor.py:161} INFO - Started process (PID=5202) to work on /opt/airflow/dags/execute_xcom_pass_values.py
[2025-07-16T02:42:04.321+0000] {processor.py:830} INFO - Processing file /opt/airflow/dags/execute_xcom_pass_values.py for tasks to queue
[2025-07-16T02:42:04.322+0000] {logging_mixin.py:188} INFO - [2025-07-16T02:42:04.322+0000] {dagbag.py:538} INFO - Filling up the DagBag from /opt/airflow/dags/execute_xcom_pass_values.py
[2025-07-16T02:42:04.333+0000] {processor.py:840} INFO - DAG(s) 'cross_task_pass_value' retrieved from /opt/airflow/dags/execute_xcom_pass_values.py
[2025-07-16T02:42:04.351+0000] {logging_mixin.py:188} INFO - [2025-07-16T02:42:04.351+0000] {dag.py:3036} INFO - Sync 1 DAGs
[2025-07-16T02:42:04.366+0000] {logging_mixin.py:188} INFO - [2025-07-16T02:42:04.366+0000] {dag.py:3823} INFO - Setting next_dagrun for cross_task_pass_value to 2025-07-15 00:00:00+00:00, run_after=2025-07-16 00:00:00+00:00
[2025-07-16T02:42:04.390+0000] {processor.py:183} INFO - Processing /opt/airflow/dags/execute_xcom_pass_values.py took 0.071 seconds
[2025-07-16T02:42:35.070+0000] {processor.py:161} INFO - Started process (PID=5345) to work on /opt/airflow/dags/execute_xcom_pass_values.py
[2025-07-16T02:42:35.072+0000] {processor.py:830} INFO - Processing file /opt/airflow/dags/execute_xcom_pass_values.py for tasks to queue
[2025-07-16T02:42:35.072+0000] {logging_mixin.py:188} INFO - [2025-07-16T02:42:35.072+0000] {dagbag.py:538} INFO - Filling up the DagBag from /opt/airflow/dags/execute_xcom_pass_values.py
[2025-07-16T02:42:35.087+0000] {processor.py:840} INFO - DAG(s) 'cross_task_pass_value' retrieved from /opt/airflow/dags/execute_xcom_pass_values.py
[2025-07-16T02:42:35.106+0000] {logging_mixin.py:188} INFO - [2025-07-16T02:42:35.106+0000] {dag.py:3036} INFO - Sync 1 DAGs
[2025-07-16T02:42:35.121+0000] {logging_mixin.py:188} INFO - [2025-07-16T02:42:35.121+0000] {dag.py:3823} INFO - Setting next_dagrun for cross_task_pass_value to 2025-07-15 00:00:00+00:00, run_after=2025-07-16 00:00:00+00:00
[2025-07-16T02:42:35.142+0000] {processor.py:183} INFO - Processing /opt/airflow/dags/execute_xcom_pass_values.py took 0.074 seconds
[2025-07-16T02:43:05.626+0000] {processor.py:161} INFO - Started process (PID=5487) to work on /opt/airflow/dags/execute_xcom_pass_values.py
[2025-07-16T02:43:05.626+0000] {processor.py:830} INFO - Processing file /opt/airflow/dags/execute_xcom_pass_values.py for tasks to queue
[2025-07-16T02:43:05.627+0000] {logging_mixin.py:188} INFO - [2025-07-16T02:43:05.627+0000] {dagbag.py:538} INFO - Filling up the DagBag from /opt/airflow/dags/execute_xcom_pass_values.py
[2025-07-16T02:43:05.641+0000] {processor.py:840} INFO - DAG(s) 'cross_task_pass_value' retrieved from /opt/airflow/dags/execute_xcom_pass_values.py
[2025-07-16T02:43:05.658+0000] {logging_mixin.py:188} INFO - [2025-07-16T02:43:05.658+0000] {dag.py:3036} INFO - Sync 1 DAGs
[2025-07-16T02:43:05.674+0000] {logging_mixin.py:188} INFO - [2025-07-16T02:43:05.674+0000] {dag.py:3823} INFO - Setting next_dagrun for cross_task_pass_value to 2025-07-15 00:00:00+00:00, run_after=2025-07-16 00:00:00+00:00
[2025-07-16T02:43:05.686+0000] {processor.py:183} INFO - Processing /opt/airflow/dags/execute_xcom_pass_values.py took 0.063 seconds
[2025-07-16T02:43:36.142+0000] {processor.py:161} INFO - Started process (PID=5629) to work on /opt/airflow/dags/execute_xcom_pass_values.py
[2025-07-16T02:43:36.143+0000] {processor.py:830} INFO - Processing file /opt/airflow/dags/execute_xcom_pass_values.py for tasks to queue
[2025-07-16T02:43:36.144+0000] {logging_mixin.py:188} INFO - [2025-07-16T02:43:36.144+0000] {dagbag.py:538} INFO - Filling up the DagBag from /opt/airflow/dags/execute_xcom_pass_values.py
[2025-07-16T02:43:36.157+0000] {processor.py:840} INFO - DAG(s) 'cross_task_pass_value' retrieved from /opt/airflow/dags/execute_xcom_pass_values.py
[2025-07-16T02:43:36.173+0000] {logging_mixin.py:188} INFO - [2025-07-16T02:43:36.173+0000] {dag.py:3036} INFO - Sync 1 DAGs
[2025-07-16T02:43:36.188+0000] {logging_mixin.py:188} INFO - [2025-07-16T02:43:36.188+0000] {dag.py:3823} INFO - Setting next_dagrun for cross_task_pass_value to 2025-07-15 00:00:00+00:00, run_after=2025-07-16 00:00:00+00:00
[2025-07-16T02:43:36.201+0000] {processor.py:183} INFO - Processing /opt/airflow/dags/execute_xcom_pass_values.py took 0.061 seconds
[2025-07-16T02:44:06.664+0000] {processor.py:161} INFO - Started process (PID=5770) to work on /opt/airflow/dags/execute_xcom_pass_values.py
[2025-07-16T02:44:06.665+0000] {processor.py:830} INFO - Processing file /opt/airflow/dags/execute_xcom_pass_values.py for tasks to queue
[2025-07-16T02:44:06.666+0000] {logging_mixin.py:188} INFO - [2025-07-16T02:44:06.666+0000] {dagbag.py:538} INFO - Filling up the DagBag from /opt/airflow/dags/execute_xcom_pass_values.py
[2025-07-16T02:44:06.683+0000] {processor.py:840} INFO - DAG(s) 'cross_task_pass_value' retrieved from /opt/airflow/dags/execute_xcom_pass_values.py
[2025-07-16T02:44:06.699+0000] {logging_mixin.py:188} INFO - [2025-07-16T02:44:06.699+0000] {dag.py:3036} INFO - Sync 1 DAGs
[2025-07-16T02:44:06.715+0000] {logging_mixin.py:188} INFO - [2025-07-16T02:44:06.714+0000] {dag.py:3823} INFO - Setting next_dagrun for cross_task_pass_value to 2025-07-15 00:00:00+00:00, run_after=2025-07-16 00:00:00+00:00
[2025-07-16T02:44:06.727+0000] {processor.py:183} INFO - Processing /opt/airflow/dags/execute_xcom_pass_values.py took 0.066 seconds
[2025-07-16T02:44:37.317+0000] {processor.py:161} INFO - Started process (PID=5912) to work on /opt/airflow/dags/execute_xcom_pass_values.py
[2025-07-16T02:44:37.318+0000] {processor.py:830} INFO - Processing file /opt/airflow/dags/execute_xcom_pass_values.py for tasks to queue
[2025-07-16T02:44:37.319+0000] {logging_mixin.py:188} INFO - [2025-07-16T02:44:37.318+0000] {dagbag.py:538} INFO - Filling up the DagBag from /opt/airflow/dags/execute_xcom_pass_values.py
[2025-07-16T02:44:37.331+0000] {processor.py:840} INFO - DAG(s) 'cross_task_pass_value' retrieved from /opt/airflow/dags/execute_xcom_pass_values.py
[2025-07-16T02:44:37.350+0000] {logging_mixin.py:188} INFO - [2025-07-16T02:44:37.350+0000] {dag.py:3036} INFO - Sync 1 DAGs
[2025-07-16T02:44:37.364+0000] {logging_mixin.py:188} INFO - [2025-07-16T02:44:37.364+0000] {dag.py:3823} INFO - Setting next_dagrun for cross_task_pass_value to 2025-07-15 00:00:00+00:00, run_after=2025-07-16 00:00:00+00:00
[2025-07-16T02:44:37.375+0000] {processor.py:183} INFO - Processing /opt/airflow/dags/execute_xcom_pass_values.py took 0.060 seconds
[2025-07-16T02:45:07.508+0000] {processor.py:161} INFO - Started process (PID=6054) to work on /opt/airflow/dags/execute_xcom_pass_values.py
[2025-07-16T02:45:07.509+0000] {processor.py:830} INFO - Processing file /opt/airflow/dags/execute_xcom_pass_values.py for tasks to queue
[2025-07-16T02:45:07.510+0000] {logging_mixin.py:188} INFO - [2025-07-16T02:45:07.510+0000] {dagbag.py:538} INFO - Filling up the DagBag from /opt/airflow/dags/execute_xcom_pass_values.py
[2025-07-16T02:45:07.523+0000] {processor.py:840} INFO - DAG(s) 'cross_task_pass_value' retrieved from /opt/airflow/dags/execute_xcom_pass_values.py
[2025-07-16T02:45:07.541+0000] {logging_mixin.py:188} INFO - [2025-07-16T02:45:07.541+0000] {dag.py:3036} INFO - Sync 1 DAGs
[2025-07-16T02:45:07.555+0000] {logging_mixin.py:188} INFO - [2025-07-16T02:45:07.555+0000] {dag.py:3823} INFO - Setting next_dagrun for cross_task_pass_value to 2025-07-15 00:00:00+00:00, run_after=2025-07-16 00:00:00+00:00
[2025-07-16T02:45:07.566+0000] {processor.py:183} INFO - Processing /opt/airflow/dags/execute_xcom_pass_values.py took 0.061 seconds
[2025-07-16T02:45:38.454+0000] {processor.py:161} INFO - Started process (PID=6194) to work on /opt/airflow/dags/execute_xcom_pass_values.py
[2025-07-16T02:45:38.455+0000] {processor.py:830} INFO - Processing file /opt/airflow/dags/execute_xcom_pass_values.py for tasks to queue
[2025-07-16T02:45:38.456+0000] {logging_mixin.py:188} INFO - [2025-07-16T02:45:38.456+0000] {dagbag.py:538} INFO - Filling up the DagBag from /opt/airflow/dags/execute_xcom_pass_values.py
[2025-07-16T02:45:38.467+0000] {processor.py:840} INFO - DAG(s) 'cross_task_pass_value' retrieved from /opt/airflow/dags/execute_xcom_pass_values.py
[2025-07-16T02:45:38.483+0000] {logging_mixin.py:188} INFO - [2025-07-16T02:45:38.483+0000] {dag.py:3036} INFO - Sync 1 DAGs
[2025-07-16T02:45:38.496+0000] {logging_mixin.py:188} INFO - [2025-07-16T02:45:38.496+0000] {dag.py:3823} INFO - Setting next_dagrun for cross_task_pass_value to 2025-07-15 00:00:00+00:00, run_after=2025-07-16 00:00:00+00:00
[2025-07-16T02:45:38.517+0000] {processor.py:183} INFO - Processing /opt/airflow/dags/execute_xcom_pass_values.py took 0.066 seconds
[2025-07-16T02:46:09.141+0000] {processor.py:161} INFO - Started process (PID=6337) to work on /opt/airflow/dags/execute_xcom_pass_values.py
[2025-07-16T02:46:09.142+0000] {processor.py:830} INFO - Processing file /opt/airflow/dags/execute_xcom_pass_values.py for tasks to queue
[2025-07-16T02:46:09.143+0000] {logging_mixin.py:188} INFO - [2025-07-16T02:46:09.142+0000] {dagbag.py:538} INFO - Filling up the DagBag from /opt/airflow/dags/execute_xcom_pass_values.py
[2025-07-16T02:46:09.158+0000] {processor.py:840} INFO - DAG(s) 'cross_task_pass_value' retrieved from /opt/airflow/dags/execute_xcom_pass_values.py
[2025-07-16T02:46:09.174+0000] {logging_mixin.py:188} INFO - [2025-07-16T02:46:09.174+0000] {dag.py:3036} INFO - Sync 1 DAGs
[2025-07-16T02:46:09.187+0000] {logging_mixin.py:188} INFO - [2025-07-16T02:46:09.187+0000] {dag.py:3823} INFO - Setting next_dagrun for cross_task_pass_value to 2025-07-15 00:00:00+00:00, run_after=2025-07-16 00:00:00+00:00
[2025-07-16T02:46:09.199+0000] {processor.py:183} INFO - Processing /opt/airflow/dags/execute_xcom_pass_values.py took 0.060 seconds
[2025-07-16T02:46:39.868+0000] {processor.py:161} INFO - Started process (PID=6478) to work on /opt/airflow/dags/execute_xcom_pass_values.py
[2025-07-16T02:46:39.869+0000] {processor.py:830} INFO - Processing file /opt/airflow/dags/execute_xcom_pass_values.py for tasks to queue
[2025-07-16T02:46:39.869+0000] {logging_mixin.py:188} INFO - [2025-07-16T02:46:39.869+0000] {dagbag.py:538} INFO - Filling up the DagBag from /opt/airflow/dags/execute_xcom_pass_values.py
[2025-07-16T02:46:39.884+0000] {processor.py:840} INFO - DAG(s) 'cross_task_pass_value' retrieved from /opt/airflow/dags/execute_xcom_pass_values.py
[2025-07-16T02:46:39.901+0000] {logging_mixin.py:188} INFO - [2025-07-16T02:46:39.901+0000] {dag.py:3036} INFO - Sync 1 DAGs
[2025-07-16T02:46:39.916+0000] {logging_mixin.py:188} INFO - [2025-07-16T02:46:39.916+0000] {dag.py:3823} INFO - Setting next_dagrun for cross_task_pass_value to 2025-07-15 00:00:00+00:00, run_after=2025-07-16 00:00:00+00:00
[2025-07-16T02:46:39.938+0000] {processor.py:183} INFO - Processing /opt/airflow/dags/execute_xcom_pass_values.py took 0.073 seconds
[2025-07-16T02:47:10.629+0000] {processor.py:161} INFO - Started process (PID=6620) to work on /opt/airflow/dags/execute_xcom_pass_values.py
[2025-07-16T02:47:10.630+0000] {processor.py:830} INFO - Processing file /opt/airflow/dags/execute_xcom_pass_values.py for tasks to queue
[2025-07-16T02:47:10.631+0000] {logging_mixin.py:188} INFO - [2025-07-16T02:47:10.630+0000] {dagbag.py:538} INFO - Filling up the DagBag from /opt/airflow/dags/execute_xcom_pass_values.py
[2025-07-16T02:47:10.646+0000] {processor.py:840} INFO - DAG(s) 'cross_task_pass_value' retrieved from /opt/airflow/dags/execute_xcom_pass_values.py
[2025-07-16T02:47:10.662+0000] {logging_mixin.py:188} INFO - [2025-07-16T02:47:10.662+0000] {dag.py:3036} INFO - Sync 1 DAGs
[2025-07-16T02:47:10.675+0000] {logging_mixin.py:188} INFO - [2025-07-16T02:47:10.674+0000] {dag.py:3823} INFO - Setting next_dagrun for cross_task_pass_value to 2025-07-15 00:00:00+00:00, run_after=2025-07-16 00:00:00+00:00
[2025-07-16T02:47:10.695+0000] {processor.py:183} INFO - Processing /opt/airflow/dags/execute_xcom_pass_values.py took 0.068 seconds
[2025-07-16T02:47:41.351+0000] {processor.py:161} INFO - Started process (PID=6763) to work on /opt/airflow/dags/execute_xcom_pass_values.py
[2025-07-16T02:47:41.351+0000] {processor.py:830} INFO - Processing file /opt/airflow/dags/execute_xcom_pass_values.py for tasks to queue
[2025-07-16T02:47:41.352+0000] {logging_mixin.py:188} INFO - [2025-07-16T02:47:41.352+0000] {dagbag.py:538} INFO - Filling up the DagBag from /opt/airflow/dags/execute_xcom_pass_values.py
[2025-07-16T02:47:41.365+0000] {processor.py:840} INFO - DAG(s) 'cross_task_pass_value' retrieved from /opt/airflow/dags/execute_xcom_pass_values.py
[2025-07-16T02:47:41.381+0000] {logging_mixin.py:188} INFO - [2025-07-16T02:47:41.381+0000] {dag.py:3036} INFO - Sync 1 DAGs
[2025-07-16T02:47:41.396+0000] {logging_mixin.py:188} INFO - [2025-07-16T02:47:41.396+0000] {dag.py:3823} INFO - Setting next_dagrun for cross_task_pass_value to 2025-07-15 00:00:00+00:00, run_after=2025-07-16 00:00:00+00:00
[2025-07-16T02:47:41.408+0000] {processor.py:183} INFO - Processing /opt/airflow/dags/execute_xcom_pass_values.py took 0.059 seconds
[2025-07-16T02:48:12.294+0000] {processor.py:161} INFO - Started process (PID=6781) to work on /opt/airflow/dags/execute_xcom_pass_values.py
[2025-07-16T02:48:12.295+0000] {processor.py:830} INFO - Processing file /opt/airflow/dags/execute_xcom_pass_values.py for tasks to queue
[2025-07-16T02:48:12.296+0000] {logging_mixin.py:188} INFO - [2025-07-16T02:48:12.296+0000] {dagbag.py:538} INFO - Filling up the DagBag from /opt/airflow/dags/execute_xcom_pass_values.py
[2025-07-16T02:48:12.310+0000] {processor.py:840} INFO - DAG(s) 'cross_task_pass_value' retrieved from /opt/airflow/dags/execute_xcom_pass_values.py
[2025-07-16T02:48:12.328+0000] {logging_mixin.py:188} INFO - [2025-07-16T02:48:12.327+0000] {dag.py:3036} INFO - Sync 1 DAGs
[2025-07-16T02:48:12.344+0000] {logging_mixin.py:188} INFO - [2025-07-16T02:48:12.343+0000] {dag.py:3823} INFO - Setting next_dagrun for cross_task_pass_value to 2025-07-15 00:00:00+00:00, run_after=2025-07-16 00:00:00+00:00
[2025-07-16T02:48:12.356+0000] {processor.py:183} INFO - Processing /opt/airflow/dags/execute_xcom_pass_values.py took 0.065 seconds
[2025-07-16T02:48:57.160+0000] {processor.py:161} INFO - Started process (PID=63) to work on /opt/airflow/dags/execute_xcom_pass_values.py
[2025-07-16T02:48:57.160+0000] {processor.py:830} INFO - Processing file /opt/airflow/dags/execute_xcom_pass_values.py for tasks to queue
[2025-07-16T02:48:57.161+0000] {logging_mixin.py:188} INFO - [2025-07-16T02:48:57.161+0000] {dagbag.py:538} INFO - Filling up the DagBag from /opt/airflow/dags/execute_xcom_pass_values.py
[2025-07-16T02:48:57.175+0000] {processor.py:840} INFO - DAG(s) 'cross_task_pass_value' retrieved from /opt/airflow/dags/execute_xcom_pass_values.py
[2025-07-16T02:48:57.199+0000] {logging_mixin.py:188} INFO - [2025-07-16T02:48:57.199+0000] {dag.py:3036} INFO - Sync 1 DAGs
[2025-07-16T02:48:57.212+0000] {logging_mixin.py:188} INFO - [2025-07-16T02:48:57.212+0000] {dag.py:3823} INFO - Setting next_dagrun for cross_task_pass_value to 2025-07-15 00:00:00+00:00, run_after=2025-07-16 00:00:00+00:00
[2025-07-16T02:48:57.224+0000] {processor.py:183} INFO - Processing /opt/airflow/dags/execute_xcom_pass_values.py took 0.066 seconds
[2025-07-16T02:49:27.887+0000] {processor.py:161} INFO - Started process (PID=232) to work on /opt/airflow/dags/execute_xcom_pass_values.py
[2025-07-16T02:49:27.888+0000] {processor.py:830} INFO - Processing file /opt/airflow/dags/execute_xcom_pass_values.py for tasks to queue
[2025-07-16T02:49:27.889+0000] {logging_mixin.py:188} INFO - [2025-07-16T02:49:27.889+0000] {dagbag.py:538} INFO - Filling up the DagBag from /opt/airflow/dags/execute_xcom_pass_values.py
[2025-07-16T02:49:27.905+0000] {processor.py:840} INFO - DAG(s) 'cross_task_pass_value' retrieved from /opt/airflow/dags/execute_xcom_pass_values.py
[2025-07-16T02:49:27.925+0000] {logging_mixin.py:188} INFO - [2025-07-16T02:49:27.925+0000] {dag.py:3036} INFO - Sync 1 DAGs
[2025-07-16T02:49:27.941+0000] {logging_mixin.py:188} INFO - [2025-07-16T02:49:27.941+0000] {dag.py:3823} INFO - Setting next_dagrun for cross_task_pass_value to 2025-07-15 00:00:00+00:00, run_after=2025-07-16 00:00:00+00:00
[2025-07-16T02:49:27.963+0000] {processor.py:183} INFO - Processing /opt/airflow/dags/execute_xcom_pass_values.py took 0.079 seconds
[2025-07-16T02:49:58.706+0000] {processor.py:161} INFO - Started process (PID=371) to work on /opt/airflow/dags/execute_xcom_pass_values.py
[2025-07-16T02:49:58.706+0000] {processor.py:830} INFO - Processing file /opt/airflow/dags/execute_xcom_pass_values.py for tasks to queue
[2025-07-16T02:49:58.707+0000] {logging_mixin.py:188} INFO - [2025-07-16T02:49:58.707+0000] {dagbag.py:538} INFO - Filling up the DagBag from /opt/airflow/dags/execute_xcom_pass_values.py
[2025-07-16T02:49:58.722+0000] {processor.py:840} INFO - DAG(s) 'cross_task_pass_value' retrieved from /opt/airflow/dags/execute_xcom_pass_values.py
[2025-07-16T02:49:58.741+0000] {logging_mixin.py:188} INFO - [2025-07-16T02:49:58.741+0000] {dag.py:3036} INFO - Sync 1 DAGs
[2025-07-16T02:49:58.761+0000] {logging_mixin.py:188} INFO - [2025-07-16T02:49:58.761+0000] {dag.py:3823} INFO - Setting next_dagrun for cross_task_pass_value to 2025-07-15 00:00:00+00:00, run_after=2025-07-16 00:00:00+00:00
[2025-07-16T02:49:58.777+0000] {processor.py:183} INFO - Processing /opt/airflow/dags/execute_xcom_pass_values.py took 0.076 seconds
[2025-07-16T02:50:29.312+0000] {processor.py:161} INFO - Started process (PID=513) to work on /opt/airflow/dags/execute_xcom_pass_values.py
[2025-07-16T02:50:29.313+0000] {processor.py:830} INFO - Processing file /opt/airflow/dags/execute_xcom_pass_values.py for tasks to queue
[2025-07-16T02:50:29.313+0000] {logging_mixin.py:188} INFO - [2025-07-16T02:50:29.313+0000] {dagbag.py:538} INFO - Filling up the DagBag from /opt/airflow/dags/execute_xcom_pass_values.py
[2025-07-16T02:50:29.327+0000] {processor.py:840} INFO - DAG(s) 'cross_task_pass_value' retrieved from /opt/airflow/dags/execute_xcom_pass_values.py
[2025-07-16T02:50:29.345+0000] {logging_mixin.py:188} INFO - [2025-07-16T02:50:29.344+0000] {dag.py:3036} INFO - Sync 1 DAGs
[2025-07-16T02:50:29.359+0000] {logging_mixin.py:188} INFO - [2025-07-16T02:50:29.359+0000] {dag.py:3823} INFO - Setting next_dagrun for cross_task_pass_value to 2025-07-15 00:00:00+00:00, run_after=2025-07-16 00:00:00+00:00
[2025-07-16T02:50:29.370+0000] {processor.py:183} INFO - Processing /opt/airflow/dags/execute_xcom_pass_values.py took 0.061 seconds
[2025-07-16T02:51:00.062+0000] {processor.py:161} INFO - Started process (PID=656) to work on /opt/airflow/dags/execute_xcom_pass_values.py
[2025-07-16T02:51:00.063+0000] {processor.py:830} INFO - Processing file /opt/airflow/dags/execute_xcom_pass_values.py for tasks to queue
[2025-07-16T02:51:00.064+0000] {logging_mixin.py:188} INFO - [2025-07-16T02:51:00.064+0000] {dagbag.py:538} INFO - Filling up the DagBag from /opt/airflow/dags/execute_xcom_pass_values.py
[2025-07-16T02:51:00.080+0000] {processor.py:840} INFO - DAG(s) 'cross_task_pass_value' retrieved from /opt/airflow/dags/execute_xcom_pass_values.py
[2025-07-16T02:51:00.100+0000] {logging_mixin.py:188} INFO - [2025-07-16T02:51:00.100+0000] {dag.py:3036} INFO - Sync 1 DAGs
[2025-07-16T02:51:00.114+0000] {logging_mixin.py:188} INFO - [2025-07-16T02:51:00.114+0000] {dag.py:3823} INFO - Setting next_dagrun for cross_task_pass_value to 2025-07-15 00:00:00+00:00, run_after=2025-07-16 00:00:00+00:00
[2025-07-16T02:51:00.136+0000] {processor.py:183} INFO - Processing /opt/airflow/dags/execute_xcom_pass_values.py took 0.077 seconds
[2025-07-16T02:51:30.694+0000] {processor.py:161} INFO - Started process (PID=799) to work on /opt/airflow/dags/execute_xcom_pass_values.py
[2025-07-16T02:51:30.695+0000] {processor.py:830} INFO - Processing file /opt/airflow/dags/execute_xcom_pass_values.py for tasks to queue
[2025-07-16T02:51:30.696+0000] {logging_mixin.py:188} INFO - [2025-07-16T02:51:30.696+0000] {dagbag.py:538} INFO - Filling up the DagBag from /opt/airflow/dags/execute_xcom_pass_values.py
[2025-07-16T02:51:30.711+0000] {processor.py:840} INFO - DAG(s) 'cross_task_pass_value' retrieved from /opt/airflow/dags/execute_xcom_pass_values.py
[2025-07-16T02:51:30.732+0000] {logging_mixin.py:188} INFO - [2025-07-16T02:51:30.732+0000] {dag.py:3036} INFO - Sync 1 DAGs
[2025-07-16T02:51:30.747+0000] {logging_mixin.py:188} INFO - [2025-07-16T02:51:30.747+0000] {dag.py:3823} INFO - Setting next_dagrun for cross_task_pass_value to 2025-07-15 00:00:00+00:00, run_after=2025-07-16 00:00:00+00:00
[2025-07-16T02:51:30.760+0000] {processor.py:183} INFO - Processing /opt/airflow/dags/execute_xcom_pass_values.py took 0.068 seconds
[2025-07-16T02:52:00.916+0000] {processor.py:161} INFO - Started process (PID=942) to work on /opt/airflow/dags/execute_xcom_pass_values.py
[2025-07-16T02:52:00.917+0000] {processor.py:830} INFO - Processing file /opt/airflow/dags/execute_xcom_pass_values.py for tasks to queue
[2025-07-16T02:52:00.917+0000] {logging_mixin.py:188} INFO - [2025-07-16T02:52:00.917+0000] {dagbag.py:538} INFO - Filling up the DagBag from /opt/airflow/dags/execute_xcom_pass_values.py
[2025-07-16T02:52:00.930+0000] {processor.py:840} INFO - DAG(s) 'cross_task_pass_value' retrieved from /opt/airflow/dags/execute_xcom_pass_values.py
[2025-07-16T02:52:00.949+0000] {logging_mixin.py:188} INFO - [2025-07-16T02:52:00.948+0000] {dag.py:3036} INFO - Sync 1 DAGs
[2025-07-16T02:52:00.962+0000] {logging_mixin.py:188} INFO - [2025-07-16T02:52:00.962+0000] {dag.py:3823} INFO - Setting next_dagrun for cross_task_pass_value to 2025-07-15 00:00:00+00:00, run_after=2025-07-16 00:00:00+00:00
[2025-07-16T02:52:00.982+0000] {processor.py:183} INFO - Processing /opt/airflow/dags/execute_xcom_pass_values.py took 0.068 seconds
[2025-07-16T02:52:31.240+0000] {processor.py:161} INFO - Started process (PID=1082) to work on /opt/airflow/dags/execute_xcom_pass_values.py
[2025-07-16T02:52:31.241+0000] {processor.py:830} INFO - Processing file /opt/airflow/dags/execute_xcom_pass_values.py for tasks to queue
[2025-07-16T02:52:31.241+0000] {logging_mixin.py:188} INFO - [2025-07-16T02:52:31.241+0000] {dagbag.py:538} INFO - Filling up the DagBag from /opt/airflow/dags/execute_xcom_pass_values.py
[2025-07-16T02:52:31.255+0000] {processor.py:840} INFO - DAG(s) 'cross_task_pass_value' retrieved from /opt/airflow/dags/execute_xcom_pass_values.py
[2025-07-16T02:52:31.274+0000] {logging_mixin.py:188} INFO - [2025-07-16T02:52:31.274+0000] {dag.py:3036} INFO - Sync 1 DAGs
[2025-07-16T02:52:31.288+0000] {logging_mixin.py:188} INFO - [2025-07-16T02:52:31.288+0000] {dag.py:3823} INFO - Setting next_dagrun for cross_task_pass_value to 2025-07-15 00:00:00+00:00, run_after=2025-07-16 00:00:00+00:00
[2025-07-16T02:52:31.302+0000] {processor.py:183} INFO - Processing /opt/airflow/dags/execute_xcom_pass_values.py took 0.064 seconds
[2025-07-16T04:50:49.386+0000] {processor.py:186} INFO - Started process (PID=50) to work on /opt/airflow/dags/execute_xcom_pass_values.py
[2025-07-16T04:50:49.387+0000] {processor.py:914} INFO - Processing file /opt/airflow/dags/execute_xcom_pass_values.py for tasks to queue
[2025-07-16T04:50:49.389+0000] {logging_mixin.py:190} INFO - [2025-07-16T04:50:49.388+0000] {dagbag.py:588} INFO - Filling up the DagBag from /opt/airflow/dags/execute_xcom_pass_values.py
[2025-07-16T04:50:49.423+0000] {processor.py:925} INFO - DAG(s) 'cross_task_pass_value' retrieved from /opt/airflow/dags/execute_xcom_pass_values.py
[2025-07-16T04:50:49.578+0000] {logging_mixin.py:190} INFO - [2025-07-16T04:50:49.578+0000] {override.py:1900} INFO - Created Permission View: can edit on DAG:cross_task_pass_value
[2025-07-16T04:50:49.586+0000] {logging_mixin.py:190} INFO - [2025-07-16T04:50:49.586+0000] {override.py:1900} INFO - Created Permission View: can read on DAG:cross_task_pass_value
[2025-07-16T04:50:49.590+0000] {logging_mixin.py:190} INFO - [2025-07-16T04:50:49.590+0000] {override.py:1900} INFO - Created Permission View: can delete on DAG:cross_task_pass_value
[2025-07-16T04:50:49.594+0000] {logging_mixin.py:190} INFO - [2025-07-16T04:50:49.594+0000] {override.py:1900} INFO - Created Permission View: can create on DAG Run:cross_task_pass_value
[2025-07-16T04:50:49.597+0000] {logging_mixin.py:190} INFO - [2025-07-16T04:50:49.597+0000] {override.py:1900} INFO - Created Permission View: can read on DAG Run:cross_task_pass_value
[2025-07-16T04:50:49.601+0000] {logging_mixin.py:190} INFO - [2025-07-16T04:50:49.600+0000] {override.py:1900} INFO - Created Permission View: menu access on DAG Run:cross_task_pass_value
[2025-07-16T04:50:49.604+0000] {logging_mixin.py:190} INFO - [2025-07-16T04:50:49.604+0000] {override.py:1900} INFO - Created Permission View: can delete on DAG Run:cross_task_pass_value
[2025-07-16T04:50:49.605+0000] {logging_mixin.py:190} INFO - [2025-07-16T04:50:49.605+0000] {dag.py:3239} INFO - Sync 1 DAGs
[2025-07-16T04:50:49.612+0000] {logging_mixin.py:190} INFO - [2025-07-16T04:50:49.612+0000] {dag.py:3262} INFO - Creating ORM DAG for cross_task_pass_value
[2025-07-16T04:50:49.619+0000] {logging_mixin.py:190} INFO - [2025-07-16T04:50:49.619+0000] {dag.py:4180} INFO - Setting next_dagrun for cross_task_pass_value to 2025-07-15 00:00:00+00:00, run_after=2025-07-16 00:00:00+00:00
[2025-07-16T04:50:49.634+0000] {processor.py:208} INFO - Processing /opt/airflow/dags/execute_xcom_pass_values.py took 0.252 seconds
[2025-07-16T04:51:19.816+0000] {processor.py:186} INFO - Started process (PID=73) to work on /opt/airflow/dags/execute_xcom_pass_values.py
[2025-07-16T04:51:19.816+0000] {processor.py:914} INFO - Processing file /opt/airflow/dags/execute_xcom_pass_values.py for tasks to queue
[2025-07-16T04:51:19.818+0000] {logging_mixin.py:190} INFO - [2025-07-16T04:51:19.818+0000] {dagbag.py:588} INFO - Filling up the DagBag from /opt/airflow/dags/execute_xcom_pass_values.py
[2025-07-16T04:51:19.835+0000] {processor.py:925} INFO - DAG(s) 'cross_task_pass_value' retrieved from /opt/airflow/dags/execute_xcom_pass_values.py
[2025-07-16T04:51:19.854+0000] {logging_mixin.py:190} INFO - [2025-07-16T04:51:19.854+0000] {dag.py:3239} INFO - Sync 1 DAGs
[2025-07-16T04:51:19.871+0000] {logging_mixin.py:190} INFO - [2025-07-16T04:51:19.871+0000] {dag.py:4180} INFO - Setting next_dagrun for cross_task_pass_value to 2025-07-15 00:00:00+00:00, run_after=2025-07-16 00:00:00+00:00
[2025-07-16T04:51:19.883+0000] {processor.py:208} INFO - Processing /opt/airflow/dags/execute_xcom_pass_values.py took 0.072 seconds
[2025-07-16T04:51:50.119+0000] {processor.py:186} INFO - Started process (PID=310) to work on /opt/airflow/dags/execute_xcom_pass_values.py
[2025-07-16T04:51:50.120+0000] {processor.py:914} INFO - Processing file /opt/airflow/dags/execute_xcom_pass_values.py for tasks to queue
[2025-07-16T04:51:50.122+0000] {logging_mixin.py:190} INFO - [2025-07-16T04:51:50.121+0000] {dagbag.py:588} INFO - Filling up the DagBag from /opt/airflow/dags/execute_xcom_pass_values.py
[2025-07-16T04:51:50.142+0000] {processor.py:925} INFO - DAG(s) 'cross_task_pass_value' retrieved from /opt/airflow/dags/execute_xcom_pass_values.py
[2025-07-16T04:51:50.165+0000] {logging_mixin.py:190} INFO - [2025-07-16T04:51:50.165+0000] {dag.py:3239} INFO - Sync 1 DAGs
[2025-07-16T04:51:50.184+0000] {logging_mixin.py:190} INFO - [2025-07-16T04:51:50.184+0000] {dag.py:4180} INFO - Setting next_dagrun for cross_task_pass_value to 2025-07-16 00:00:00+00:00, run_after=2025-07-17 00:00:00+00:00
[2025-07-16T04:51:50.197+0000] {processor.py:208} INFO - Processing /opt/airflow/dags/execute_xcom_pass_values.py took 0.084 seconds
[2025-07-16T04:52:20.957+0000] {processor.py:186} INFO - Started process (PID=520) to work on /opt/airflow/dags/execute_xcom_pass_values.py
[2025-07-16T04:52:20.958+0000] {processor.py:914} INFO - Processing file /opt/airflow/dags/execute_xcom_pass_values.py for tasks to queue
[2025-07-16T04:52:20.960+0000] {logging_mixin.py:190} INFO - [2025-07-16T04:52:20.960+0000] {dagbag.py:588} INFO - Filling up the DagBag from /opt/airflow/dags/execute_xcom_pass_values.py
[2025-07-16T04:52:20.974+0000] {processor.py:925} INFO - DAG(s) 'cross_task_pass_value' retrieved from /opt/airflow/dags/execute_xcom_pass_values.py
[2025-07-16T04:52:20.994+0000] {logging_mixin.py:190} INFO - [2025-07-16T04:52:20.994+0000] {dag.py:3239} INFO - Sync 1 DAGs
[2025-07-16T04:52:21.010+0000] {logging_mixin.py:190} INFO - [2025-07-16T04:52:21.010+0000] {dag.py:4180} INFO - Setting next_dagrun for cross_task_pass_value to 2025-07-16 00:00:00+00:00, run_after=2025-07-17 00:00:00+00:00
[2025-07-16T04:52:21.031+0000] {processor.py:208} INFO - Processing /opt/airflow/dags/execute_xcom_pass_values.py took 0.079 seconds
[2025-07-16T04:52:51.179+0000] {processor.py:186} INFO - Started process (PID=544) to work on /opt/airflow/dags/execute_xcom_pass_values.py
[2025-07-16T04:52:51.180+0000] {processor.py:914} INFO - Processing file /opt/airflow/dags/execute_xcom_pass_values.py for tasks to queue
[2025-07-16T04:52:51.182+0000] {logging_mixin.py:190} INFO - [2025-07-16T04:52:51.182+0000] {dagbag.py:588} INFO - Filling up the DagBag from /opt/airflow/dags/execute_xcom_pass_values.py
[2025-07-16T04:52:51.196+0000] {processor.py:925} INFO - DAG(s) 'cross_task_pass_value' retrieved from /opt/airflow/dags/execute_xcom_pass_values.py
[2025-07-16T04:52:51.219+0000] {logging_mixin.py:190} INFO - [2025-07-16T04:52:51.218+0000] {dag.py:3239} INFO - Sync 1 DAGs
[2025-07-16T04:52:51.244+0000] {logging_mixin.py:190} INFO - [2025-07-16T04:52:51.244+0000] {dag.py:4180} INFO - Setting next_dagrun for cross_task_pass_value to 2025-07-16 00:00:00+00:00, run_after=2025-07-17 00:00:00+00:00
[2025-07-16T04:52:51.264+0000] {processor.py:208} INFO - Processing /opt/airflow/dags/execute_xcom_pass_values.py took 0.089 seconds
[2025-07-16T04:53:21.653+0000] {processor.py:186} INFO - Started process (PID=568) to work on /opt/airflow/dags/execute_xcom_pass_values.py
[2025-07-16T04:53:21.654+0000] {processor.py:914} INFO - Processing file /opt/airflow/dags/execute_xcom_pass_values.py for tasks to queue
[2025-07-16T04:53:21.657+0000] {logging_mixin.py:190} INFO - [2025-07-16T04:53:21.657+0000] {dagbag.py:588} INFO - Filling up the DagBag from /opt/airflow/dags/execute_xcom_pass_values.py
[2025-07-16T04:53:21.671+0000] {processor.py:925} INFO - DAG(s) 'cross_task_pass_value' retrieved from /opt/airflow/dags/execute_xcom_pass_values.py
[2025-07-16T04:53:21.691+0000] {logging_mixin.py:190} INFO - [2025-07-16T04:53:21.691+0000] {dag.py:3239} INFO - Sync 1 DAGs
[2025-07-16T04:53:21.707+0000] {logging_mixin.py:190} INFO - [2025-07-16T04:53:21.707+0000] {dag.py:4180} INFO - Setting next_dagrun for cross_task_pass_value to 2025-07-16 00:00:00+00:00, run_after=2025-07-17 00:00:00+00:00
[2025-07-16T04:53:21.728+0000] {processor.py:208} INFO - Processing /opt/airflow/dags/execute_xcom_pass_values.py took 0.083 seconds
[2025-07-16T04:53:51.871+0000] {processor.py:186} INFO - Started process (PID=592) to work on /opt/airflow/dags/execute_xcom_pass_values.py
[2025-07-16T04:53:51.872+0000] {processor.py:914} INFO - Processing file /opt/airflow/dags/execute_xcom_pass_values.py for tasks to queue
[2025-07-16T04:53:51.874+0000] {logging_mixin.py:190} INFO - [2025-07-16T04:53:51.873+0000] {dagbag.py:588} INFO - Filling up the DagBag from /opt/airflow/dags/execute_xcom_pass_values.py
[2025-07-16T04:53:51.888+0000] {processor.py:925} INFO - DAG(s) 'cross_task_pass_value' retrieved from /opt/airflow/dags/execute_xcom_pass_values.py
[2025-07-16T04:53:51.908+0000] {logging_mixin.py:190} INFO - [2025-07-16T04:53:51.908+0000] {dag.py:3239} INFO - Sync 1 DAGs
[2025-07-16T04:53:51.925+0000] {logging_mixin.py:190} INFO - [2025-07-16T04:53:51.925+0000] {dag.py:4180} INFO - Setting next_dagrun for cross_task_pass_value to 2025-07-16 00:00:00+00:00, run_after=2025-07-17 00:00:00+00:00
[2025-07-16T04:53:51.947+0000] {processor.py:208} INFO - Processing /opt/airflow/dags/execute_xcom_pass_values.py took 0.079 seconds
[2025-07-16T04:54:22.037+0000] {processor.py:186} INFO - Started process (PID=616) to work on /opt/airflow/dags/execute_xcom_pass_values.py
[2025-07-16T04:54:22.038+0000] {processor.py:914} INFO - Processing file /opt/airflow/dags/execute_xcom_pass_values.py for tasks to queue
[2025-07-16T04:54:22.039+0000] {logging_mixin.py:190} INFO - [2025-07-16T04:54:22.039+0000] {dagbag.py:588} INFO - Filling up the DagBag from /opt/airflow/dags/execute_xcom_pass_values.py
[2025-07-16T04:54:22.053+0000] {processor.py:925} INFO - DAG(s) 'cross_task_pass_value' retrieved from /opt/airflow/dags/execute_xcom_pass_values.py
[2025-07-16T04:54:22.072+0000] {logging_mixin.py:190} INFO - [2025-07-16T04:54:22.072+0000] {dag.py:3239} INFO - Sync 1 DAGs
[2025-07-16T04:54:22.089+0000] {logging_mixin.py:190} INFO - [2025-07-16T04:54:22.089+0000] {dag.py:4180} INFO - Setting next_dagrun for cross_task_pass_value to 2025-07-16 00:00:00+00:00, run_after=2025-07-17 00:00:00+00:00
[2025-07-16T04:54:22.109+0000] {processor.py:208} INFO - Processing /opt/airflow/dags/execute_xcom_pass_values.py took 0.076 seconds
[2025-07-16T04:54:40.239+0000] {processor.py:186} INFO - Started process (PID=50) to work on /opt/airflow/dags/execute_xcom_pass_values.py
[2025-07-16T04:54:40.240+0000] {processor.py:914} INFO - Processing file /opt/airflow/dags/execute_xcom_pass_values.py for tasks to queue
[2025-07-16T04:54:40.242+0000] {logging_mixin.py:190} INFO - [2025-07-16T04:54:40.242+0000] {dagbag.py:588} INFO - Filling up the DagBag from /opt/airflow/dags/execute_xcom_pass_values.py
[2025-07-16T04:54:40.255+0000] {processor.py:925} INFO - DAG(s) 'cross_task_pass_value' retrieved from /opt/airflow/dags/execute_xcom_pass_values.py
[2025-07-16T04:54:40.275+0000] {logging_mixin.py:190} INFO - [2025-07-16T04:54:40.274+0000] {dag.py:3239} INFO - Sync 1 DAGs
[2025-07-16T04:54:40.290+0000] {logging_mixin.py:190} INFO - [2025-07-16T04:54:40.290+0000] {dag.py:4180} INFO - Setting next_dagrun for cross_task_pass_value to 2025-07-16 00:00:00+00:00, run_after=2025-07-17 00:00:00+00:00
[2025-07-16T04:54:40.301+0000] {processor.py:208} INFO - Processing /opt/airflow/dags/execute_xcom_pass_values.py took 0.066 seconds
[2025-07-16T04:55:10.344+0000] {processor.py:186} INFO - Started process (PID=65) to work on /opt/airflow/dags/execute_xcom_pass_values.py
[2025-07-16T04:55:10.345+0000] {processor.py:914} INFO - Processing file /opt/airflow/dags/execute_xcom_pass_values.py for tasks to queue
[2025-07-16T04:55:10.347+0000] {logging_mixin.py:190} INFO - [2025-07-16T04:55:10.346+0000] {dagbag.py:588} INFO - Filling up the DagBag from /opt/airflow/dags/execute_xcom_pass_values.py
[2025-07-16T04:55:10.360+0000] {processor.py:925} INFO - DAG(s) 'cross_task_pass_value' retrieved from /opt/airflow/dags/execute_xcom_pass_values.py
[2025-07-16T04:55:10.380+0000] {logging_mixin.py:190} INFO - [2025-07-16T04:55:10.379+0000] {dag.py:3239} INFO - Sync 1 DAGs
[2025-07-16T04:55:10.396+0000] {logging_mixin.py:190} INFO - [2025-07-16T04:55:10.396+0000] {dag.py:4180} INFO - Setting next_dagrun for cross_task_pass_value to 2025-07-16 00:00:00+00:00, run_after=2025-07-17 00:00:00+00:00
[2025-07-16T04:55:10.412+0000] {processor.py:208} INFO - Processing /opt/airflow/dags/execute_xcom_pass_values.py took 0.072 seconds
[2025-07-16T04:55:40.877+0000] {processor.py:186} INFO - Started process (PID=89) to work on /opt/airflow/dags/execute_xcom_pass_values.py
[2025-07-16T04:55:40.878+0000] {processor.py:914} INFO - Processing file /opt/airflow/dags/execute_xcom_pass_values.py for tasks to queue
[2025-07-16T04:55:40.879+0000] {logging_mixin.py:190} INFO - [2025-07-16T04:55:40.879+0000] {dagbag.py:588} INFO - Filling up the DagBag from /opt/airflow/dags/execute_xcom_pass_values.py
[2025-07-16T04:55:40.893+0000] {processor.py:925} INFO - DAG(s) 'cross_task_pass_value' retrieved from /opt/airflow/dags/execute_xcom_pass_values.py
[2025-07-16T04:55:40.913+0000] {logging_mixin.py:190} INFO - [2025-07-16T04:55:40.913+0000] {dag.py:3239} INFO - Sync 1 DAGs
[2025-07-16T04:55:40.930+0000] {logging_mixin.py:190} INFO - [2025-07-16T04:55:40.930+0000] {dag.py:4180} INFO - Setting next_dagrun for cross_task_pass_value to 2025-07-16 00:00:00+00:00, run_after=2025-07-17 00:00:00+00:00
[2025-07-16T04:55:40.943+0000] {processor.py:208} INFO - Processing /opt/airflow/dags/execute_xcom_pass_values.py took 0.070 seconds
[2025-07-16T04:56:11.331+0000] {processor.py:186} INFO - Started process (PID=113) to work on /opt/airflow/dags/execute_xcom_pass_values.py
[2025-07-16T04:56:11.332+0000] {processor.py:914} INFO - Processing file /opt/airflow/dags/execute_xcom_pass_values.py for tasks to queue
[2025-07-16T04:56:11.335+0000] {logging_mixin.py:190} INFO - [2025-07-16T04:56:11.335+0000] {dagbag.py:588} INFO - Filling up the DagBag from /opt/airflow/dags/execute_xcom_pass_values.py
[2025-07-16T04:56:11.348+0000] {processor.py:925} INFO - DAG(s) 'cross_task_pass_value' retrieved from /opt/airflow/dags/execute_xcom_pass_values.py
[2025-07-16T04:56:11.367+0000] {logging_mixin.py:190} INFO - [2025-07-16T04:56:11.367+0000] {dag.py:3239} INFO - Sync 1 DAGs
[2025-07-16T04:56:11.383+0000] {logging_mixin.py:190} INFO - [2025-07-16T04:56:11.383+0000] {dag.py:4180} INFO - Setting next_dagrun for cross_task_pass_value to 2025-07-16 00:00:00+00:00, run_after=2025-07-17 00:00:00+00:00
[2025-07-16T04:56:11.403+0000] {processor.py:208} INFO - Processing /opt/airflow/dags/execute_xcom_pass_values.py took 0.077 seconds
[2025-07-16T04:56:41.723+0000] {processor.py:186} INFO - Started process (PID=137) to work on /opt/airflow/dags/execute_xcom_pass_values.py
[2025-07-16T04:56:41.724+0000] {processor.py:914} INFO - Processing file /opt/airflow/dags/execute_xcom_pass_values.py for tasks to queue
[2025-07-16T04:56:41.726+0000] {logging_mixin.py:190} INFO - [2025-07-16T04:56:41.726+0000] {dagbag.py:588} INFO - Filling up the DagBag from /opt/airflow/dags/execute_xcom_pass_values.py
[2025-07-16T04:56:41.738+0000] {processor.py:925} INFO - DAG(s) 'cross_task_pass_value' retrieved from /opt/airflow/dags/execute_xcom_pass_values.py
[2025-07-16T04:56:41.759+0000] {logging_mixin.py:190} INFO - [2025-07-16T04:56:41.759+0000] {dag.py:3239} INFO - Sync 1 DAGs
[2025-07-16T04:56:41.776+0000] {logging_mixin.py:190} INFO - [2025-07-16T04:56:41.775+0000] {dag.py:4180} INFO - Setting next_dagrun for cross_task_pass_value to 2025-07-16 00:00:00+00:00, run_after=2025-07-17 00:00:00+00:00
[2025-07-16T04:56:41.788+0000] {processor.py:208} INFO - Processing /opt/airflow/dags/execute_xcom_pass_values.py took 0.069 seconds
[2025-07-16T04:57:11.920+0000] {processor.py:186} INFO - Started process (PID=161) to work on /opt/airflow/dags/execute_xcom_pass_values.py
[2025-07-16T04:57:11.921+0000] {processor.py:914} INFO - Processing file /opt/airflow/dags/execute_xcom_pass_values.py for tasks to queue
[2025-07-16T04:57:11.922+0000] {logging_mixin.py:190} INFO - [2025-07-16T04:57:11.922+0000] {dagbag.py:588} INFO - Filling up the DagBag from /opt/airflow/dags/execute_xcom_pass_values.py
[2025-07-16T04:57:11.933+0000] {processor.py:925} INFO - DAG(s) 'cross_task_pass_value' retrieved from /opt/airflow/dags/execute_xcom_pass_values.py
[2025-07-16T04:57:11.952+0000] {logging_mixin.py:190} INFO - [2025-07-16T04:57:11.952+0000] {dag.py:3239} INFO - Sync 1 DAGs
[2025-07-16T04:57:11.967+0000] {logging_mixin.py:190} INFO - [2025-07-16T04:57:11.967+0000] {dag.py:4180} INFO - Setting next_dagrun for cross_task_pass_value to 2025-07-16 00:00:00+00:00, run_after=2025-07-17 00:00:00+00:00
[2025-07-16T04:57:11.989+0000] {processor.py:208} INFO - Processing /opt/airflow/dags/execute_xcom_pass_values.py took 0.072 seconds
[2025-07-16T04:57:42.347+0000] {processor.py:186} INFO - Started process (PID=185) to work on /opt/airflow/dags/execute_xcom_pass_values.py
[2025-07-16T04:57:42.348+0000] {processor.py:914} INFO - Processing file /opt/airflow/dags/execute_xcom_pass_values.py for tasks to queue
[2025-07-16T04:57:42.350+0000] {logging_mixin.py:190} INFO - [2025-07-16T04:57:42.350+0000] {dagbag.py:588} INFO - Filling up the DagBag from /opt/airflow/dags/execute_xcom_pass_values.py
[2025-07-16T04:57:42.367+0000] {processor.py:925} INFO - DAG(s) 'cross_task_pass_value' retrieved from /opt/airflow/dags/execute_xcom_pass_values.py
[2025-07-16T04:57:42.391+0000] {logging_mixin.py:190} INFO - [2025-07-16T04:57:42.391+0000] {dag.py:3239} INFO - Sync 1 DAGs
[2025-07-16T04:57:42.410+0000] {logging_mixin.py:190} INFO - [2025-07-16T04:57:42.410+0000] {dag.py:4180} INFO - Setting next_dagrun for cross_task_pass_value to 2025-07-16 00:00:00+00:00, run_after=2025-07-17 00:00:00+00:00
[2025-07-16T04:57:42.425+0000] {processor.py:208} INFO - Processing /opt/airflow/dags/execute_xcom_pass_values.py took 0.081 seconds
[2025-07-16T04:58:12.497+0000] {processor.py:186} INFO - Started process (PID=209) to work on /opt/airflow/dags/execute_xcom_pass_values.py
[2025-07-16T04:58:12.498+0000] {processor.py:914} INFO - Processing file /opt/airflow/dags/execute_xcom_pass_values.py for tasks to queue
[2025-07-16T04:58:12.500+0000] {logging_mixin.py:190} INFO - [2025-07-16T04:58:12.499+0000] {dagbag.py:588} INFO - Filling up the DagBag from /opt/airflow/dags/execute_xcom_pass_values.py
[2025-07-16T04:58:12.512+0000] {processor.py:925} INFO - DAG(s) 'cross_task_pass_value' retrieved from /opt/airflow/dags/execute_xcom_pass_values.py
[2025-07-16T04:58:12.531+0000] {logging_mixin.py:190} INFO - [2025-07-16T04:58:12.531+0000] {dag.py:3239} INFO - Sync 1 DAGs
[2025-07-16T04:58:12.546+0000] {logging_mixin.py:190} INFO - [2025-07-16T04:58:12.546+0000] {dag.py:4180} INFO - Setting next_dagrun for cross_task_pass_value to 2025-07-16 00:00:00+00:00, run_after=2025-07-17 00:00:00+00:00
[2025-07-16T04:58:12.567+0000] {processor.py:208} INFO - Processing /opt/airflow/dags/execute_xcom_pass_values.py took 0.075 seconds
[2025-07-16T04:58:42.726+0000] {processor.py:186} INFO - Started process (PID=233) to work on /opt/airflow/dags/execute_xcom_pass_values.py
[2025-07-16T04:58:42.726+0000] {processor.py:914} INFO - Processing file /opt/airflow/dags/execute_xcom_pass_values.py for tasks to queue
[2025-07-16T04:58:42.728+0000] {logging_mixin.py:190} INFO - [2025-07-16T04:58:42.728+0000] {dagbag.py:588} INFO - Filling up the DagBag from /opt/airflow/dags/execute_xcom_pass_values.py
[2025-07-16T04:58:42.740+0000] {processor.py:925} INFO - DAG(s) 'cross_task_pass_value' retrieved from /opt/airflow/dags/execute_xcom_pass_values.py
[2025-07-16T04:58:42.764+0000] {logging_mixin.py:190} INFO - [2025-07-16T04:58:42.764+0000] {dag.py:3239} INFO - Sync 1 DAGs
[2025-07-16T04:58:42.780+0000] {logging_mixin.py:190} INFO - [2025-07-16T04:58:42.780+0000] {dag.py:4180} INFO - Setting next_dagrun for cross_task_pass_value to 2025-07-16 00:00:00+00:00, run_after=2025-07-17 00:00:00+00:00
[2025-07-16T04:58:42.792+0000] {processor.py:208} INFO - Processing /opt/airflow/dags/execute_xcom_pass_values.py took 0.071 seconds
