[2025-07-16T02:39:32.829+0000] {processor.py:161} INFO - Started process (PID=4501) to work on /opt/airflow/dags/execute_python_operators.py
[2025-07-16T02:39:32.830+0000] {processor.py:830} INFO - Processing file /opt/airflow/dags/execute_python_operators.py for tasks to queue
[2025-07-16T02:39:32.831+0000] {logging_mixin.py:188} INFO - [2025-07-16T02:39:32.831+0000] {dagbag.py:538} INFO - Filling up the DagBag from /opt/airflow/dags/execute_python_operators.py
[2025-07-16T02:39:32.874+0000] {processor.py:840} INFO - DAG(s) 'execute_python_operators' retrieved from /opt/airflow/dags/execute_python_operators.py
[2025-07-16T02:39:32.961+0000] {logging_mixin.py:188} INFO - [2025-07-16T02:39:32.961+0000] {dag.py:3036} INFO - Sync 1 DAGs
[2025-07-16T02:39:32.980+0000] {logging_mixin.py:188} INFO - [2025-07-16T02:39:32.980+0000] {dag.py:3823} INFO - Setting next_dagrun for execute_python_operators to 2025-07-15 00:00:00+00:00, run_after=2025-07-16 00:00:00+00:00
[2025-07-16T02:39:33.003+0000] {processor.py:183} INFO - Processing /opt/airflow/dags/execute_python_operators.py took 0.178 seconds
[2025-07-16T02:40:03.148+0000] {processor.py:161} INFO - Started process (PID=4643) to work on /opt/airflow/dags/execute_python_operators.py
[2025-07-16T02:40:03.149+0000] {processor.py:830} INFO - Processing file /opt/airflow/dags/execute_python_operators.py for tasks to queue
[2025-07-16T02:40:03.150+0000] {logging_mixin.py:188} INFO - [2025-07-16T02:40:03.150+0000] {dagbag.py:538} INFO - Filling up the DagBag from /opt/airflow/dags/execute_python_operators.py
[2025-07-16T02:40:03.164+0000] {processor.py:840} INFO - DAG(s) 'execute_python_operators' retrieved from /opt/airflow/dags/execute_python_operators.py
[2025-07-16T02:40:03.180+0000] {logging_mixin.py:188} INFO - [2025-07-16T02:40:03.180+0000] {dag.py:3036} INFO - Sync 1 DAGs
[2025-07-16T02:40:03.194+0000] {logging_mixin.py:188} INFO - [2025-07-16T02:40:03.193+0000] {dag.py:3823} INFO - Setting next_dagrun for execute_python_operators to 2025-07-15 00:00:00+00:00, run_after=2025-07-16 00:00:00+00:00
[2025-07-16T02:40:03.204+0000] {processor.py:183} INFO - Processing /opt/airflow/dags/execute_python_operators.py took 0.058 seconds
[2025-07-16T02:40:33.996+0000] {processor.py:161} INFO - Started process (PID=4783) to work on /opt/airflow/dags/execute_python_operators.py
[2025-07-16T02:40:33.997+0000] {processor.py:830} INFO - Processing file /opt/airflow/dags/execute_python_operators.py for tasks to queue
[2025-07-16T02:40:33.998+0000] {logging_mixin.py:188} INFO - [2025-07-16T02:40:33.997+0000] {dagbag.py:538} INFO - Filling up the DagBag from /opt/airflow/dags/execute_python_operators.py
[2025-07-16T02:40:34.012+0000] {processor.py:840} INFO - DAG(s) 'execute_python_operators' retrieved from /opt/airflow/dags/execute_python_operators.py
[2025-07-16T02:40:34.028+0000] {logging_mixin.py:188} INFO - [2025-07-16T02:40:34.028+0000] {dag.py:3036} INFO - Sync 1 DAGs
[2025-07-16T02:40:34.041+0000] {logging_mixin.py:188} INFO - [2025-07-16T02:40:34.040+0000] {dag.py:3823} INFO - Setting next_dagrun for execute_python_operators to 2025-07-15 00:00:00+00:00, run_after=2025-07-16 00:00:00+00:00
[2025-07-16T02:40:34.063+0000] {processor.py:183} INFO - Processing /opt/airflow/dags/execute_python_operators.py took 0.069 seconds
[2025-07-16T02:41:04.175+0000] {processor.py:161} INFO - Started process (PID=4922) to work on /opt/airflow/dags/execute_python_operators.py
[2025-07-16T02:41:04.176+0000] {processor.py:830} INFO - Processing file /opt/airflow/dags/execute_python_operators.py for tasks to queue
[2025-07-16T02:41:04.177+0000] {logging_mixin.py:188} INFO - [2025-07-16T02:41:04.176+0000] {dagbag.py:538} INFO - Filling up the DagBag from /opt/airflow/dags/execute_python_operators.py
[2025-07-16T02:41:04.188+0000] {processor.py:840} INFO - DAG(s) 'execute_python_operators' retrieved from /opt/airflow/dags/execute_python_operators.py
[2025-07-16T02:41:04.204+0000] {logging_mixin.py:188} INFO - [2025-07-16T02:41:04.204+0000] {dag.py:3036} INFO - Sync 1 DAGs
[2025-07-16T02:41:04.216+0000] {logging_mixin.py:188} INFO - [2025-07-16T02:41:04.216+0000] {dag.py:3823} INFO - Setting next_dagrun for execute_python_operators to 2025-07-15 00:00:00+00:00, run_after=2025-07-16 00:00:00+00:00
[2025-07-16T02:41:04.229+0000] {processor.py:183} INFO - Processing /opt/airflow/dags/execute_python_operators.py took 0.056 seconds
[2025-07-16T02:41:34.725+0000] {processor.py:161} INFO - Started process (PID=5064) to work on /opt/airflow/dags/execute_python_operators.py
[2025-07-16T02:41:34.725+0000] {processor.py:830} INFO - Processing file /opt/airflow/dags/execute_python_operators.py for tasks to queue
[2025-07-16T02:41:34.726+0000] {logging_mixin.py:188} INFO - [2025-07-16T02:41:34.726+0000] {dagbag.py:538} INFO - Filling up the DagBag from /opt/airflow/dags/execute_python_operators.py
[2025-07-16T02:41:34.742+0000] {processor.py:840} INFO - DAG(s) 'execute_python_operators' retrieved from /opt/airflow/dags/execute_python_operators.py
[2025-07-16T02:41:34.759+0000] {logging_mixin.py:188} INFO - [2025-07-16T02:41:34.758+0000] {dag.py:3036} INFO - Sync 1 DAGs
[2025-07-16T02:41:34.771+0000] {logging_mixin.py:188} INFO - [2025-07-16T02:41:34.771+0000] {dag.py:3823} INFO - Setting next_dagrun for execute_python_operators to 2025-07-15 00:00:00+00:00, run_after=2025-07-16 00:00:00+00:00
[2025-07-16T02:41:34.783+0000] {processor.py:183} INFO - Processing /opt/airflow/dags/execute_python_operators.py took 0.060 seconds
[2025-07-16T02:42:05.371+0000] {processor.py:161} INFO - Started process (PID=5205) to work on /opt/airflow/dags/execute_python_operators.py
[2025-07-16T02:42:05.372+0000] {processor.py:830} INFO - Processing file /opt/airflow/dags/execute_python_operators.py for tasks to queue
[2025-07-16T02:42:05.372+0000] {logging_mixin.py:188} INFO - [2025-07-16T02:42:05.372+0000] {dagbag.py:538} INFO - Filling up the DagBag from /opt/airflow/dags/execute_python_operators.py
[2025-07-16T02:42:05.385+0000] {processor.py:840} INFO - DAG(s) 'execute_python_operators' retrieved from /opt/airflow/dags/execute_python_operators.py
[2025-07-16T02:42:05.401+0000] {logging_mixin.py:188} INFO - [2025-07-16T02:42:05.401+0000] {dag.py:3036} INFO - Sync 1 DAGs
[2025-07-16T02:42:05.415+0000] {logging_mixin.py:188} INFO - [2025-07-16T02:42:05.415+0000] {dag.py:3823} INFO - Setting next_dagrun for execute_python_operators to 2025-07-15 00:00:00+00:00, run_after=2025-07-16 00:00:00+00:00
[2025-07-16T02:42:05.427+0000] {processor.py:183} INFO - Processing /opt/airflow/dags/execute_python_operators.py took 0.058 seconds
[2025-07-16T02:42:36.113+0000] {processor.py:161} INFO - Started process (PID=5348) to work on /opt/airflow/dags/execute_python_operators.py
[2025-07-16T02:42:36.113+0000] {processor.py:830} INFO - Processing file /opt/airflow/dags/execute_python_operators.py for tasks to queue
[2025-07-16T02:42:36.114+0000] {logging_mixin.py:188} INFO - [2025-07-16T02:42:36.114+0000] {dagbag.py:538} INFO - Filling up the DagBag from /opt/airflow/dags/execute_python_operators.py
[2025-07-16T02:42:36.128+0000] {processor.py:840} INFO - DAG(s) 'execute_python_operators' retrieved from /opt/airflow/dags/execute_python_operators.py
[2025-07-16T02:42:36.144+0000] {logging_mixin.py:188} INFO - [2025-07-16T02:42:36.144+0000] {dag.py:3036} INFO - Sync 1 DAGs
[2025-07-16T02:42:36.158+0000] {logging_mixin.py:188} INFO - [2025-07-16T02:42:36.158+0000] {dag.py:3823} INFO - Setting next_dagrun for execute_python_operators to 2025-07-15 00:00:00+00:00, run_after=2025-07-16 00:00:00+00:00
[2025-07-16T02:42:36.170+0000] {processor.py:183} INFO - Processing /opt/airflow/dags/execute_python_operators.py took 0.060 seconds
[2025-07-16T02:43:06.708+0000] {processor.py:161} INFO - Started process (PID=5490) to work on /opt/airflow/dags/execute_python_operators.py
[2025-07-16T02:43:06.709+0000] {processor.py:830} INFO - Processing file /opt/airflow/dags/execute_python_operators.py for tasks to queue
[2025-07-16T02:43:06.710+0000] {logging_mixin.py:188} INFO - [2025-07-16T02:43:06.710+0000] {dagbag.py:538} INFO - Filling up the DagBag from /opt/airflow/dags/execute_python_operators.py
[2025-07-16T02:43:06.725+0000] {processor.py:840} INFO - DAG(s) 'execute_python_operators' retrieved from /opt/airflow/dags/execute_python_operators.py
[2025-07-16T02:43:06.741+0000] {logging_mixin.py:188} INFO - [2025-07-16T02:43:06.741+0000] {dag.py:3036} INFO - Sync 1 DAGs
[2025-07-16T02:43:06.757+0000] {logging_mixin.py:188} INFO - [2025-07-16T02:43:06.757+0000] {dag.py:3823} INFO - Setting next_dagrun for execute_python_operators to 2025-07-15 00:00:00+00:00, run_after=2025-07-16 00:00:00+00:00
[2025-07-16T02:43:06.785+0000] {processor.py:183} INFO - Processing /opt/airflow/dags/execute_python_operators.py took 0.079 seconds
[2025-07-16T02:43:37.169+0000] {processor.py:161} INFO - Started process (PID=5632) to work on /opt/airflow/dags/execute_python_operators.py
[2025-07-16T02:43:37.169+0000] {processor.py:830} INFO - Processing file /opt/airflow/dags/execute_python_operators.py for tasks to queue
[2025-07-16T02:43:37.170+0000] {logging_mixin.py:188} INFO - [2025-07-16T02:43:37.170+0000] {dagbag.py:538} INFO - Filling up the DagBag from /opt/airflow/dags/execute_python_operators.py
[2025-07-16T02:43:37.182+0000] {processor.py:840} INFO - DAG(s) 'execute_python_operators' retrieved from /opt/airflow/dags/execute_python_operators.py
[2025-07-16T02:43:37.199+0000] {logging_mixin.py:188} INFO - [2025-07-16T02:43:37.199+0000] {dag.py:3036} INFO - Sync 1 DAGs
[2025-07-16T02:43:37.212+0000] {logging_mixin.py:188} INFO - [2025-07-16T02:43:37.212+0000] {dag.py:3823} INFO - Setting next_dagrun for execute_python_operators to 2025-07-15 00:00:00+00:00, run_after=2025-07-16 00:00:00+00:00
[2025-07-16T02:43:37.224+0000] {processor.py:183} INFO - Processing /opt/airflow/dags/execute_python_operators.py took 0.057 seconds
[2025-07-16T02:44:07.690+0000] {processor.py:161} INFO - Started process (PID=5773) to work on /opt/airflow/dags/execute_python_operators.py
[2025-07-16T02:44:07.690+0000] {processor.py:830} INFO - Processing file /opt/airflow/dags/execute_python_operators.py for tasks to queue
[2025-07-16T02:44:07.691+0000] {logging_mixin.py:188} INFO - [2025-07-16T02:44:07.691+0000] {dagbag.py:538} INFO - Filling up the DagBag from /opt/airflow/dags/execute_python_operators.py
[2025-07-16T02:44:07.704+0000] {processor.py:840} INFO - DAG(s) 'execute_python_operators' retrieved from /opt/airflow/dags/execute_python_operators.py
[2025-07-16T02:44:07.723+0000] {logging_mixin.py:188} INFO - [2025-07-16T02:44:07.723+0000] {dag.py:3036} INFO - Sync 1 DAGs
[2025-07-16T02:44:07.740+0000] {logging_mixin.py:188} INFO - [2025-07-16T02:44:07.740+0000] {dag.py:3823} INFO - Setting next_dagrun for execute_python_operators to 2025-07-15 00:00:00+00:00, run_after=2025-07-16 00:00:00+00:00
[2025-07-16T02:44:07.752+0000] {processor.py:183} INFO - Processing /opt/airflow/dags/execute_python_operators.py took 0.065 seconds
[2025-07-16T02:44:38.378+0000] {processor.py:161} INFO - Started process (PID=5915) to work on /opt/airflow/dags/execute_python_operators.py
[2025-07-16T02:44:38.379+0000] {processor.py:830} INFO - Processing file /opt/airflow/dags/execute_python_operators.py for tasks to queue
[2025-07-16T02:44:38.379+0000] {logging_mixin.py:188} INFO - [2025-07-16T02:44:38.379+0000] {dagbag.py:538} INFO - Filling up the DagBag from /opt/airflow/dags/execute_python_operators.py
[2025-07-16T02:44:38.392+0000] {processor.py:840} INFO - DAG(s) 'execute_python_operators' retrieved from /opt/airflow/dags/execute_python_operators.py
[2025-07-16T02:44:38.408+0000] {logging_mixin.py:188} INFO - [2025-07-16T02:44:38.408+0000] {dag.py:3036} INFO - Sync 1 DAGs
[2025-07-16T02:44:38.421+0000] {logging_mixin.py:188} INFO - [2025-07-16T02:44:38.421+0000] {dag.py:3823} INFO - Setting next_dagrun for execute_python_operators to 2025-07-15 00:00:00+00:00, run_after=2025-07-16 00:00:00+00:00
[2025-07-16T02:44:38.434+0000] {processor.py:183} INFO - Processing /opt/airflow/dags/execute_python_operators.py took 0.057 seconds
[2025-07-16T02:45:08.577+0000] {processor.py:161} INFO - Started process (PID=6056) to work on /opt/airflow/dags/execute_python_operators.py
[2025-07-16T02:45:08.578+0000] {processor.py:830} INFO - Processing file /opt/airflow/dags/execute_python_operators.py for tasks to queue
[2025-07-16T02:45:08.579+0000] {logging_mixin.py:188} INFO - [2025-07-16T02:45:08.579+0000] {dagbag.py:538} INFO - Filling up the DagBag from /opt/airflow/dags/execute_python_operators.py
[2025-07-16T02:45:08.599+0000] {processor.py:840} INFO - DAG(s) 'execute_python_operators' retrieved from /opt/airflow/dags/execute_python_operators.py
[2025-07-16T02:45:08.614+0000] {logging_mixin.py:188} INFO - [2025-07-16T02:45:08.614+0000] {dag.py:3036} INFO - Sync 1 DAGs
[2025-07-16T02:45:08.627+0000] {logging_mixin.py:188} INFO - [2025-07-16T02:45:08.627+0000] {dag.py:3823} INFO - Setting next_dagrun for execute_python_operators to 2025-07-15 00:00:00+00:00, run_after=2025-07-16 00:00:00+00:00
[2025-07-16T02:45:08.638+0000] {processor.py:183} INFO - Processing /opt/airflow/dags/execute_python_operators.py took 0.065 seconds
[2025-07-16T02:45:39.540+0000] {processor.py:161} INFO - Started process (PID=6197) to work on /opt/airflow/dags/execute_python_operators.py
[2025-07-16T02:45:39.540+0000] {processor.py:830} INFO - Processing file /opt/airflow/dags/execute_python_operators.py for tasks to queue
[2025-07-16T02:45:39.541+0000] {logging_mixin.py:188} INFO - [2025-07-16T02:45:39.541+0000] {dagbag.py:538} INFO - Filling up the DagBag from /opt/airflow/dags/execute_python_operators.py
[2025-07-16T02:45:39.552+0000] {processor.py:840} INFO - DAG(s) 'execute_python_operators' retrieved from /opt/airflow/dags/execute_python_operators.py
[2025-07-16T02:45:39.568+0000] {logging_mixin.py:188} INFO - [2025-07-16T02:45:39.568+0000] {dag.py:3036} INFO - Sync 1 DAGs
[2025-07-16T02:45:39.581+0000] {logging_mixin.py:188} INFO - [2025-07-16T02:45:39.581+0000] {dag.py:3823} INFO - Setting next_dagrun for execute_python_operators to 2025-07-15 00:00:00+00:00, run_after=2025-07-16 00:00:00+00:00
[2025-07-16T02:45:39.602+0000] {processor.py:183} INFO - Processing /opt/airflow/dags/execute_python_operators.py took 0.064 seconds
[2025-07-16T02:46:10.226+0000] {processor.py:161} INFO - Started process (PID=6340) to work on /opt/airflow/dags/execute_python_operators.py
[2025-07-16T02:46:10.226+0000] {processor.py:830} INFO - Processing file /opt/airflow/dags/execute_python_operators.py for tasks to queue
[2025-07-16T02:46:10.227+0000] {logging_mixin.py:188} INFO - [2025-07-16T02:46:10.227+0000] {dagbag.py:538} INFO - Filling up the DagBag from /opt/airflow/dags/execute_python_operators.py
[2025-07-16T02:46:10.240+0000] {processor.py:840} INFO - DAG(s) 'execute_python_operators' retrieved from /opt/airflow/dags/execute_python_operators.py
[2025-07-16T02:46:10.256+0000] {logging_mixin.py:188} INFO - [2025-07-16T02:46:10.256+0000] {dag.py:3036} INFO - Sync 1 DAGs
[2025-07-16T02:46:10.269+0000] {logging_mixin.py:188} INFO - [2025-07-16T02:46:10.268+0000] {dag.py:3823} INFO - Setting next_dagrun for execute_python_operators to 2025-07-15 00:00:00+00:00, run_after=2025-07-16 00:00:00+00:00
[2025-07-16T02:46:10.280+0000] {processor.py:183} INFO - Processing /opt/airflow/dags/execute_python_operators.py took 0.056 seconds
[2025-07-16T02:46:40.914+0000] {processor.py:161} INFO - Started process (PID=6487) to work on /opt/airflow/dags/execute_python_operators.py
[2025-07-16T02:46:40.915+0000] {processor.py:830} INFO - Processing file /opt/airflow/dags/execute_python_operators.py for tasks to queue
[2025-07-16T02:46:40.916+0000] {logging_mixin.py:188} INFO - [2025-07-16T02:46:40.915+0000] {dagbag.py:538} INFO - Filling up the DagBag from /opt/airflow/dags/execute_python_operators.py
[2025-07-16T02:46:40.933+0000] {processor.py:840} INFO - DAG(s) 'execute_python_operators' retrieved from /opt/airflow/dags/execute_python_operators.py
[2025-07-16T02:46:40.954+0000] {logging_mixin.py:188} INFO - [2025-07-16T02:46:40.954+0000] {dag.py:3036} INFO - Sync 1 DAGs
[2025-07-16T02:46:40.969+0000] {logging_mixin.py:188} INFO - [2025-07-16T02:46:40.969+0000] {dag.py:3823} INFO - Setting next_dagrun for execute_python_operators to 2025-07-15 00:00:00+00:00, run_after=2025-07-16 00:00:00+00:00
[2025-07-16T02:46:40.983+0000] {processor.py:183} INFO - Processing /opt/airflow/dags/execute_python_operators.py took 0.071 seconds
[2025-07-16T02:47:11.653+0000] {processor.py:161} INFO - Started process (PID=6629) to work on /opt/airflow/dags/execute_python_operators.py
[2025-07-16T02:47:11.654+0000] {processor.py:830} INFO - Processing file /opt/airflow/dags/execute_python_operators.py for tasks to queue
[2025-07-16T02:47:11.654+0000] {logging_mixin.py:188} INFO - [2025-07-16T02:47:11.654+0000] {dagbag.py:538} INFO - Filling up the DagBag from /opt/airflow/dags/execute_python_operators.py
[2025-07-16T02:47:11.666+0000] {processor.py:840} INFO - DAG(s) 'execute_python_operators' retrieved from /opt/airflow/dags/execute_python_operators.py
[2025-07-16T02:47:11.682+0000] {logging_mixin.py:188} INFO - [2025-07-16T02:47:11.681+0000] {dag.py:3036} INFO - Sync 1 DAGs
[2025-07-16T02:47:11.694+0000] {logging_mixin.py:188} INFO - [2025-07-16T02:47:11.694+0000] {dag.py:3823} INFO - Setting next_dagrun for execute_python_operators to 2025-07-15 00:00:00+00:00, run_after=2025-07-16 00:00:00+00:00
[2025-07-16T02:47:11.717+0000] {processor.py:183} INFO - Processing /opt/airflow/dags/execute_python_operators.py took 0.066 seconds
[2025-07-16T02:47:42.388+0000] {processor.py:161} INFO - Started process (PID=6771) to work on /opt/airflow/dags/execute_python_operators.py
[2025-07-16T02:47:42.388+0000] {processor.py:830} INFO - Processing file /opt/airflow/dags/execute_python_operators.py for tasks to queue
[2025-07-16T02:47:42.389+0000] {logging_mixin.py:188} INFO - [2025-07-16T02:47:42.389+0000] {dagbag.py:538} INFO - Filling up the DagBag from /opt/airflow/dags/execute_python_operators.py
[2025-07-16T02:47:42.400+0000] {processor.py:840} INFO - DAG(s) 'execute_python_operators' retrieved from /opt/airflow/dags/execute_python_operators.py
[2025-07-16T02:47:42.416+0000] {logging_mixin.py:188} INFO - [2025-07-16T02:47:42.416+0000] {dag.py:3036} INFO - Sync 1 DAGs
[2025-07-16T02:47:42.431+0000] {logging_mixin.py:188} INFO - [2025-07-16T02:47:42.430+0000] {dag.py:3823} INFO - Setting next_dagrun for execute_python_operators to 2025-07-15 00:00:00+00:00, run_after=2025-07-16 00:00:00+00:00
[2025-07-16T02:47:42.442+0000] {processor.py:183} INFO - Processing /opt/airflow/dags/execute_python_operators.py took 0.056 seconds
[2025-07-16T02:48:13.560+0000] {processor.py:161} INFO - Started process (PID=6859) to work on /opt/airflow/dags/execute_python_operators.py
[2025-07-16T02:48:13.561+0000] {processor.py:830} INFO - Processing file /opt/airflow/dags/execute_python_operators.py for tasks to queue
[2025-07-16T02:48:13.562+0000] {logging_mixin.py:188} INFO - [2025-07-16T02:48:13.562+0000] {dagbag.py:538} INFO - Filling up the DagBag from /opt/airflow/dags/execute_python_operators.py
[2025-07-16T02:48:13.579+0000] {processor.py:840} INFO - DAG(s) 'execute_python_operators' retrieved from /opt/airflow/dags/execute_python_operators.py
[2025-07-16T02:48:13.599+0000] {logging_mixin.py:188} INFO - [2025-07-16T02:48:13.599+0000] {dag.py:3036} INFO - Sync 1 DAGs
[2025-07-16T02:48:13.614+0000] {logging_mixin.py:188} INFO - [2025-07-16T02:48:13.614+0000] {dag.py:3823} INFO - Setting next_dagrun for execute_python_operators to 2025-07-15 00:00:00+00:00, run_after=2025-07-16 00:00:00+00:00
[2025-07-16T02:48:13.626+0000] {processor.py:183} INFO - Processing /opt/airflow/dags/execute_python_operators.py took 0.068 seconds
[2025-07-16T02:48:57.352+0000] {processor.py:161} INFO - Started process (PID=66) to work on /opt/airflow/dags/execute_python_operators.py
[2025-07-16T02:48:57.352+0000] {processor.py:830} INFO - Processing file /opt/airflow/dags/execute_python_operators.py for tasks to queue
[2025-07-16T02:48:57.354+0000] {logging_mixin.py:188} INFO - [2025-07-16T02:48:57.353+0000] {dagbag.py:538} INFO - Filling up the DagBag from /opt/airflow/dags/execute_python_operators.py
[2025-07-16T02:48:57.372+0000] {processor.py:840} INFO - DAG(s) 'execute_python_operators' retrieved from /opt/airflow/dags/execute_python_operators.py
[2025-07-16T02:48:57.395+0000] {logging_mixin.py:188} INFO - [2025-07-16T02:48:57.395+0000] {dag.py:3036} INFO - Sync 1 DAGs
[2025-07-16T02:48:57.411+0000] {logging_mixin.py:188} INFO - [2025-07-16T02:48:57.411+0000] {dag.py:3823} INFO - Setting next_dagrun for execute_python_operators to 2025-07-15 00:00:00+00:00, run_after=2025-07-16 00:00:00+00:00
[2025-07-16T02:48:57.427+0000] {processor.py:183} INFO - Processing /opt/airflow/dags/execute_python_operators.py took 0.078 seconds
[2025-07-16T02:49:28.068+0000] {processor.py:161} INFO - Started process (PID=235) to work on /opt/airflow/dags/execute_python_operators.py
[2025-07-16T02:49:28.069+0000] {processor.py:830} INFO - Processing file /opt/airflow/dags/execute_python_operators.py for tasks to queue
[2025-07-16T02:49:28.070+0000] {logging_mixin.py:188} INFO - [2025-07-16T02:49:28.070+0000] {dagbag.py:538} INFO - Filling up the DagBag from /opt/airflow/dags/execute_python_operators.py
[2025-07-16T02:49:28.085+0000] {processor.py:840} INFO - DAG(s) 'execute_python_operators' retrieved from /opt/airflow/dags/execute_python_operators.py
[2025-07-16T02:49:28.109+0000] {logging_mixin.py:188} INFO - [2025-07-16T02:49:28.109+0000] {dag.py:3036} INFO - Sync 1 DAGs
[2025-07-16T02:49:28.126+0000] {logging_mixin.py:188} INFO - [2025-07-16T02:49:28.126+0000] {dag.py:3823} INFO - Setting next_dagrun for execute_python_operators to 2025-07-15 00:00:00+00:00, run_after=2025-07-16 00:00:00+00:00
[2025-07-16T02:49:28.140+0000] {processor.py:183} INFO - Processing /opt/airflow/dags/execute_python_operators.py took 0.074 seconds
[2025-07-16T02:49:58.917+0000] {processor.py:161} INFO - Started process (PID=374) to work on /opt/airflow/dags/execute_python_operators.py
[2025-07-16T02:49:58.918+0000] {processor.py:830} INFO - Processing file /opt/airflow/dags/execute_python_operators.py for tasks to queue
[2025-07-16T02:49:58.919+0000] {logging_mixin.py:188} INFO - [2025-07-16T02:49:58.919+0000] {dagbag.py:538} INFO - Filling up the DagBag from /opt/airflow/dags/execute_python_operators.py
[2025-07-16T02:49:58.969+0000] {processor.py:840} INFO - DAG(s) 'execute_python_operators' retrieved from /opt/airflow/dags/execute_python_operators.py
[2025-07-16T02:49:58.985+0000] {logging_mixin.py:188} INFO - [2025-07-16T02:49:58.985+0000] {dag.py:3036} INFO - Sync 1 DAGs
[2025-07-16T02:49:58.999+0000] {logging_mixin.py:188} INFO - [2025-07-16T02:49:58.998+0000] {dag.py:3823} INFO - Setting next_dagrun for execute_python_operators to 2025-07-15 00:00:00+00:00, run_after=2025-07-16 00:00:00+00:00
[2025-07-16T02:49:59.010+0000] {processor.py:183} INFO - Processing /opt/airflow/dags/execute_python_operators.py took 0.095 seconds
[2025-07-16T02:50:29.470+0000] {processor.py:161} INFO - Started process (PID=516) to work on /opt/airflow/dags/execute_python_operators.py
[2025-07-16T02:50:29.471+0000] {processor.py:830} INFO - Processing file /opt/airflow/dags/execute_python_operators.py for tasks to queue
[2025-07-16T02:50:29.472+0000] {logging_mixin.py:188} INFO - [2025-07-16T02:50:29.471+0000] {dagbag.py:538} INFO - Filling up the DagBag from /opt/airflow/dags/execute_python_operators.py
[2025-07-16T02:50:29.483+0000] {processor.py:840} INFO - DAG(s) 'execute_python_operators' retrieved from /opt/airflow/dags/execute_python_operators.py
[2025-07-16T02:50:29.500+0000] {logging_mixin.py:188} INFO - [2025-07-16T02:50:29.500+0000] {dag.py:3036} INFO - Sync 1 DAGs
[2025-07-16T02:50:29.514+0000] {logging_mixin.py:188} INFO - [2025-07-16T02:50:29.514+0000] {dag.py:3823} INFO - Setting next_dagrun for execute_python_operators to 2025-07-15 00:00:00+00:00, run_after=2025-07-16 00:00:00+00:00
[2025-07-16T02:50:29.527+0000] {processor.py:183} INFO - Processing /opt/airflow/dags/execute_python_operators.py took 0.059 seconds
[2025-07-16T02:51:00.256+0000] {processor.py:161} INFO - Started process (PID=659) to work on /opt/airflow/dags/execute_python_operators.py
[2025-07-16T02:51:00.257+0000] {processor.py:830} INFO - Processing file /opt/airflow/dags/execute_python_operators.py for tasks to queue
[2025-07-16T02:51:00.258+0000] {logging_mixin.py:188} INFO - [2025-07-16T02:51:00.258+0000] {dagbag.py:538} INFO - Filling up the DagBag from /opt/airflow/dags/execute_python_operators.py
[2025-07-16T02:51:00.271+0000] {processor.py:840} INFO - DAG(s) 'execute_python_operators' retrieved from /opt/airflow/dags/execute_python_operators.py
[2025-07-16T02:51:00.287+0000] {logging_mixin.py:188} INFO - [2025-07-16T02:51:00.287+0000] {dag.py:3036} INFO - Sync 1 DAGs
[2025-07-16T02:51:00.300+0000] {logging_mixin.py:188} INFO - [2025-07-16T02:51:00.300+0000] {dag.py:3823} INFO - Setting next_dagrun for execute_python_operators to 2025-07-15 00:00:00+00:00, run_after=2025-07-16 00:00:00+00:00
[2025-07-16T02:51:00.311+0000] {processor.py:183} INFO - Processing /opt/airflow/dags/execute_python_operators.py took 0.057 seconds
[2025-07-16T02:51:30.856+0000] {processor.py:161} INFO - Started process (PID=802) to work on /opt/airflow/dags/execute_python_operators.py
[2025-07-16T02:51:30.857+0000] {processor.py:830} INFO - Processing file /opt/airflow/dags/execute_python_operators.py for tasks to queue
[2025-07-16T02:51:30.857+0000] {logging_mixin.py:188} INFO - [2025-07-16T02:51:30.857+0000] {dagbag.py:538} INFO - Filling up the DagBag from /opt/airflow/dags/execute_python_operators.py
[2025-07-16T02:51:30.875+0000] {processor.py:840} INFO - DAG(s) 'execute_python_operators' retrieved from /opt/airflow/dags/execute_python_operators.py
[2025-07-16T02:51:30.902+0000] {logging_mixin.py:188} INFO - [2025-07-16T02:51:30.902+0000] {dag.py:3036} INFO - Sync 1 DAGs
[2025-07-16T02:51:30.927+0000] {logging_mixin.py:188} INFO - [2025-07-16T02:51:30.927+0000] {dag.py:3823} INFO - Setting next_dagrun for execute_python_operators to 2025-07-15 00:00:00+00:00, run_after=2025-07-16 00:00:00+00:00
[2025-07-16T02:51:30.951+0000] {processor.py:183} INFO - Processing /opt/airflow/dags/execute_python_operators.py took 0.097 seconds
[2025-07-16T02:52:01.238+0000] {processor.py:161} INFO - Started process (PID=946) to work on /opt/airflow/dags/execute_python_operators.py
[2025-07-16T02:52:01.239+0000] {processor.py:830} INFO - Processing file /opt/airflow/dags/execute_python_operators.py for tasks to queue
[2025-07-16T02:52:01.240+0000] {logging_mixin.py:188} INFO - [2025-07-16T02:52:01.240+0000] {dagbag.py:538} INFO - Filling up the DagBag from /opt/airflow/dags/execute_python_operators.py
[2025-07-16T02:52:01.251+0000] {processor.py:840} INFO - DAG(s) 'execute_python_operators' retrieved from /opt/airflow/dags/execute_python_operators.py
[2025-07-16T02:52:01.268+0000] {logging_mixin.py:188} INFO - [2025-07-16T02:52:01.268+0000] {dag.py:3036} INFO - Sync 1 DAGs
[2025-07-16T02:52:01.282+0000] {logging_mixin.py:188} INFO - [2025-07-16T02:52:01.281+0000] {dag.py:3823} INFO - Setting next_dagrun for execute_python_operators to 2025-07-15 00:00:00+00:00, run_after=2025-07-16 00:00:00+00:00
[2025-07-16T02:52:01.293+0000] {processor.py:183} INFO - Processing /opt/airflow/dags/execute_python_operators.py took 0.056 seconds
[2025-07-16T02:52:31.586+0000] {processor.py:161} INFO - Started process (PID=1086) to work on /opt/airflow/dags/execute_python_operators.py
[2025-07-16T02:52:31.587+0000] {processor.py:830} INFO - Processing file /opt/airflow/dags/execute_python_operators.py for tasks to queue
[2025-07-16T02:52:31.588+0000] {logging_mixin.py:188} INFO - [2025-07-16T02:52:31.587+0000] {dagbag.py:538} INFO - Filling up the DagBag from /opt/airflow/dags/execute_python_operators.py
[2025-07-16T02:52:31.607+0000] {processor.py:840} INFO - DAG(s) 'execute_python_operators' retrieved from /opt/airflow/dags/execute_python_operators.py
[2025-07-16T02:52:31.625+0000] {logging_mixin.py:188} INFO - [2025-07-16T02:52:31.625+0000] {dag.py:3036} INFO - Sync 1 DAGs
[2025-07-16T02:52:31.638+0000] {logging_mixin.py:188} INFO - [2025-07-16T02:52:31.638+0000] {dag.py:3823} INFO - Setting next_dagrun for execute_python_operators to 2025-07-15 00:00:00+00:00, run_after=2025-07-16 00:00:00+00:00
[2025-07-16T02:52:31.650+0000] {processor.py:183} INFO - Processing /opt/airflow/dags/execute_python_operators.py took 0.067 seconds
[2025-07-16T04:50:49.827+0000] {processor.py:186} INFO - Started process (PID=53) to work on /opt/airflow/dags/execute_python_operators.py
[2025-07-16T04:50:49.827+0000] {processor.py:914} INFO - Processing file /opt/airflow/dags/execute_python_operators.py for tasks to queue
[2025-07-16T04:50:49.829+0000] {logging_mixin.py:190} INFO - [2025-07-16T04:50:49.829+0000] {dagbag.py:588} INFO - Filling up the DagBag from /opt/airflow/dags/execute_python_operators.py
[2025-07-16T04:50:49.847+0000] {processor.py:925} INFO - DAG(s) 'execute_python_operators' retrieved from /opt/airflow/dags/execute_python_operators.py
[2025-07-16T04:50:49.918+0000] {logging_mixin.py:190} INFO - [2025-07-16T04:50:49.918+0000] {override.py:1900} INFO - Created Permission View: can edit on DAG:execute_python_operators
[2025-07-16T04:50:49.925+0000] {logging_mixin.py:190} INFO - [2025-07-16T04:50:49.925+0000] {override.py:1900} INFO - Created Permission View: can read on DAG:execute_python_operators
[2025-07-16T04:50:49.929+0000] {logging_mixin.py:190} INFO - [2025-07-16T04:50:49.929+0000] {override.py:1900} INFO - Created Permission View: can delete on DAG:execute_python_operators
[2025-07-16T04:50:49.934+0000] {logging_mixin.py:190} INFO - [2025-07-16T04:50:49.934+0000] {override.py:1900} INFO - Created Permission View: can create on DAG Run:execute_python_operators
[2025-07-16T04:50:49.938+0000] {logging_mixin.py:190} INFO - [2025-07-16T04:50:49.937+0000] {override.py:1900} INFO - Created Permission View: can read on DAG Run:execute_python_operators
[2025-07-16T04:50:49.941+0000] {logging_mixin.py:190} INFO - [2025-07-16T04:50:49.941+0000] {override.py:1900} INFO - Created Permission View: menu access on DAG Run:execute_python_operators
[2025-07-16T04:50:49.945+0000] {logging_mixin.py:190} INFO - [2025-07-16T04:50:49.945+0000] {override.py:1900} INFO - Created Permission View: can delete on DAG Run:execute_python_operators
[2025-07-16T04:50:49.946+0000] {logging_mixin.py:190} INFO - [2025-07-16T04:50:49.946+0000] {dag.py:3239} INFO - Sync 1 DAGs
[2025-07-16T04:50:49.954+0000] {logging_mixin.py:190} INFO - [2025-07-16T04:50:49.953+0000] {dag.py:3262} INFO - Creating ORM DAG for execute_python_operators
[2025-07-16T04:50:49.961+0000] {logging_mixin.py:190} INFO - [2025-07-16T04:50:49.961+0000] {dag.py:4180} INFO - Setting next_dagrun for execute_python_operators to 2025-07-15 00:00:00+00:00, run_after=2025-07-16 00:00:00+00:00
[2025-07-16T04:50:49.973+0000] {processor.py:208} INFO - Processing /opt/airflow/dags/execute_python_operators.py took 0.151 seconds
[2025-07-16T04:51:20.328+0000] {processor.py:186} INFO - Started process (PID=77) to work on /opt/airflow/dags/execute_python_operators.py
[2025-07-16T04:51:20.328+0000] {processor.py:914} INFO - Processing file /opt/airflow/dags/execute_python_operators.py for tasks to queue
[2025-07-16T04:51:20.330+0000] {logging_mixin.py:190} INFO - [2025-07-16T04:51:20.330+0000] {dagbag.py:588} INFO - Filling up the DagBag from /opt/airflow/dags/execute_python_operators.py
[2025-07-16T04:51:20.343+0000] {processor.py:925} INFO - DAG(s) 'execute_python_operators' retrieved from /opt/airflow/dags/execute_python_operators.py
[2025-07-16T04:51:20.360+0000] {logging_mixin.py:190} INFO - [2025-07-16T04:51:20.360+0000] {dag.py:3239} INFO - Sync 1 DAGs
[2025-07-16T04:51:20.376+0000] {logging_mixin.py:190} INFO - [2025-07-16T04:51:20.376+0000] {dag.py:4180} INFO - Setting next_dagrun for execute_python_operators to 2025-07-15 00:00:00+00:00, run_after=2025-07-16 00:00:00+00:00
[2025-07-16T04:51:20.388+0000] {processor.py:208} INFO - Processing /opt/airflow/dags/execute_python_operators.py took 0.064 seconds
[2025-07-16T04:51:51.162+0000] {processor.py:186} INFO - Started process (PID=313) to work on /opt/airflow/dags/execute_python_operators.py
[2025-07-16T04:51:51.163+0000] {processor.py:914} INFO - Processing file /opt/airflow/dags/execute_python_operators.py for tasks to queue
[2025-07-16T04:51:51.164+0000] {logging_mixin.py:190} INFO - [2025-07-16T04:51:51.164+0000] {dagbag.py:588} INFO - Filling up the DagBag from /opt/airflow/dags/execute_python_operators.py
[2025-07-16T04:51:51.177+0000] {processor.py:925} INFO - DAG(s) 'execute_python_operators' retrieved from /opt/airflow/dags/execute_python_operators.py
[2025-07-16T04:51:51.196+0000] {logging_mixin.py:190} INFO - [2025-07-16T04:51:51.196+0000] {dag.py:3239} INFO - Sync 1 DAGs
[2025-07-16T04:51:51.211+0000] {logging_mixin.py:190} INFO - [2025-07-16T04:51:51.211+0000] {dag.py:4180} INFO - Setting next_dagrun for execute_python_operators to 2025-07-16 00:00:00+00:00, run_after=2025-07-17 00:00:00+00:00
[2025-07-16T04:51:51.223+0000] {processor.py:208} INFO - Processing /opt/airflow/dags/execute_python_operators.py took 0.065 seconds
[2025-07-16T04:52:21.999+0000] {processor.py:186} INFO - Started process (PID=523) to work on /opt/airflow/dags/execute_python_operators.py
[2025-07-16T04:52:22.000+0000] {processor.py:914} INFO - Processing file /opt/airflow/dags/execute_python_operators.py for tasks to queue
[2025-07-16T04:52:22.001+0000] {logging_mixin.py:190} INFO - [2025-07-16T04:52:22.001+0000] {dagbag.py:588} INFO - Filling up the DagBag from /opt/airflow/dags/execute_python_operators.py
[2025-07-16T04:52:22.017+0000] {processor.py:925} INFO - DAG(s) 'execute_python_operators' retrieved from /opt/airflow/dags/execute_python_operators.py
[2025-07-16T04:52:22.033+0000] {logging_mixin.py:190} INFO - [2025-07-16T04:52:22.033+0000] {dag.py:3239} INFO - Sync 1 DAGs
[2025-07-16T04:52:22.051+0000] {logging_mixin.py:190} INFO - [2025-07-16T04:52:22.051+0000] {dag.py:4180} INFO - Setting next_dagrun for execute_python_operators to 2025-07-16 00:00:00+00:00, run_after=2025-07-17 00:00:00+00:00
[2025-07-16T04:52:22.072+0000] {processor.py:208} INFO - Processing /opt/airflow/dags/execute_python_operators.py took 0.077 seconds
[2025-07-16T04:52:52.264+0000] {processor.py:186} INFO - Started process (PID=546) to work on /opt/airflow/dags/execute_python_operators.py
[2025-07-16T04:52:52.265+0000] {processor.py:914} INFO - Processing file /opt/airflow/dags/execute_python_operators.py for tasks to queue
[2025-07-16T04:52:52.266+0000] {logging_mixin.py:190} INFO - [2025-07-16T04:52:52.266+0000] {dagbag.py:588} INFO - Filling up the DagBag from /opt/airflow/dags/execute_python_operators.py
[2025-07-16T04:52:52.281+0000] {processor.py:925} INFO - DAG(s) 'execute_python_operators' retrieved from /opt/airflow/dags/execute_python_operators.py
[2025-07-16T04:52:52.297+0000] {logging_mixin.py:190} INFO - [2025-07-16T04:52:52.297+0000] {dag.py:3239} INFO - Sync 1 DAGs
[2025-07-16T04:52:52.311+0000] {logging_mixin.py:190} INFO - [2025-07-16T04:52:52.311+0000] {dag.py:4180} INFO - Setting next_dagrun for execute_python_operators to 2025-07-16 00:00:00+00:00, run_after=2025-07-17 00:00:00+00:00
[2025-07-16T04:52:52.322+0000] {processor.py:208} INFO - Processing /opt/airflow/dags/execute_python_operators.py took 0.062 seconds
[2025-07-16T04:53:22.693+0000] {processor.py:186} INFO - Started process (PID=570) to work on /opt/airflow/dags/execute_python_operators.py
[2025-07-16T04:53:22.694+0000] {processor.py:914} INFO - Processing file /opt/airflow/dags/execute_python_operators.py for tasks to queue
[2025-07-16T04:53:22.696+0000] {logging_mixin.py:190} INFO - [2025-07-16T04:53:22.696+0000] {dagbag.py:588} INFO - Filling up the DagBag from /opt/airflow/dags/execute_python_operators.py
[2025-07-16T04:53:22.708+0000] {processor.py:925} INFO - DAG(s) 'execute_python_operators' retrieved from /opt/airflow/dags/execute_python_operators.py
[2025-07-16T04:53:22.725+0000] {logging_mixin.py:190} INFO - [2025-07-16T04:53:22.724+0000] {dag.py:3239} INFO - Sync 1 DAGs
[2025-07-16T04:53:22.739+0000] {logging_mixin.py:190} INFO - [2025-07-16T04:53:22.739+0000] {dag.py:4180} INFO - Setting next_dagrun for execute_python_operators to 2025-07-16 00:00:00+00:00, run_after=2025-07-17 00:00:00+00:00
[2025-07-16T04:53:22.750+0000] {processor.py:208} INFO - Processing /opt/airflow/dags/execute_python_operators.py took 0.062 seconds
[2025-07-16T04:53:52.895+0000] {processor.py:186} INFO - Started process (PID=594) to work on /opt/airflow/dags/execute_python_operators.py
[2025-07-16T04:53:52.896+0000] {processor.py:914} INFO - Processing file /opt/airflow/dags/execute_python_operators.py for tasks to queue
[2025-07-16T04:53:52.898+0000] {logging_mixin.py:190} INFO - [2025-07-16T04:53:52.897+0000] {dagbag.py:588} INFO - Filling up the DagBag from /opt/airflow/dags/execute_python_operators.py
[2025-07-16T04:53:52.911+0000] {processor.py:925} INFO - DAG(s) 'execute_python_operators' retrieved from /opt/airflow/dags/execute_python_operators.py
[2025-07-16T04:53:52.930+0000] {logging_mixin.py:190} INFO - [2025-07-16T04:53:52.930+0000] {dag.py:3239} INFO - Sync 1 DAGs
[2025-07-16T04:53:52.947+0000] {logging_mixin.py:190} INFO - [2025-07-16T04:53:52.947+0000] {dag.py:4180} INFO - Setting next_dagrun for execute_python_operators to 2025-07-16 00:00:00+00:00, run_after=2025-07-17 00:00:00+00:00
[2025-07-16T04:53:52.958+0000] {processor.py:208} INFO - Processing /opt/airflow/dags/execute_python_operators.py took 0.067 seconds
[2025-07-16T04:54:23.062+0000] {processor.py:186} INFO - Started process (PID=618) to work on /opt/airflow/dags/execute_python_operators.py
[2025-07-16T04:54:23.063+0000] {processor.py:914} INFO - Processing file /opt/airflow/dags/execute_python_operators.py for tasks to queue
[2025-07-16T04:54:23.065+0000] {logging_mixin.py:190} INFO - [2025-07-16T04:54:23.065+0000] {dagbag.py:588} INFO - Filling up the DagBag from /opt/airflow/dags/execute_python_operators.py
[2025-07-16T04:54:23.079+0000] {processor.py:925} INFO - DAG(s) 'execute_python_operators' retrieved from /opt/airflow/dags/execute_python_operators.py
[2025-07-16T04:54:23.096+0000] {logging_mixin.py:190} INFO - [2025-07-16T04:54:23.096+0000] {dag.py:3239} INFO - Sync 1 DAGs
[2025-07-16T04:54:23.111+0000] {logging_mixin.py:190} INFO - [2025-07-16T04:54:23.111+0000] {dag.py:4180} INFO - Setting next_dagrun for execute_python_operators to 2025-07-16 00:00:00+00:00, run_after=2025-07-17 00:00:00+00:00
[2025-07-16T04:54:23.122+0000] {processor.py:208} INFO - Processing /opt/airflow/dags/execute_python_operators.py took 0.064 seconds
[2025-07-16T04:54:40.408+0000] {processor.py:186} INFO - Started process (PID=53) to work on /opt/airflow/dags/execute_python_operators.py
[2025-07-16T04:54:40.409+0000] {processor.py:914} INFO - Processing file /opt/airflow/dags/execute_python_operators.py for tasks to queue
[2025-07-16T04:54:40.411+0000] {logging_mixin.py:190} INFO - [2025-07-16T04:54:40.410+0000] {dagbag.py:588} INFO - Filling up the DagBag from /opt/airflow/dags/execute_python_operators.py
[2025-07-16T04:54:40.423+0000] {processor.py:925} INFO - DAG(s) 'execute_python_operators' retrieved from /opt/airflow/dags/execute_python_operators.py
[2025-07-16T04:54:40.448+0000] {logging_mixin.py:190} INFO - [2025-07-16T04:54:40.448+0000] {dag.py:3239} INFO - Sync 1 DAGs
[2025-07-16T04:54:40.466+0000] {logging_mixin.py:190} INFO - [2025-07-16T04:54:40.466+0000] {dag.py:4180} INFO - Setting next_dagrun for execute_python_operators to 2025-07-16 00:00:00+00:00, run_after=2025-07-17 00:00:00+00:00
[2025-07-16T04:54:40.480+0000] {processor.py:208} INFO - Processing /opt/airflow/dags/execute_python_operators.py took 0.076 seconds
[2025-07-16T04:55:10.545+0000] {processor.py:186} INFO - Started process (PID=67) to work on /opt/airflow/dags/execute_python_operators.py
[2025-07-16T04:55:10.546+0000] {processor.py:914} INFO - Processing file /opt/airflow/dags/execute_python_operators.py for tasks to queue
[2025-07-16T04:55:10.548+0000] {logging_mixin.py:190} INFO - [2025-07-16T04:55:10.547+0000] {dagbag.py:588} INFO - Filling up the DagBag from /opt/airflow/dags/execute_python_operators.py
[2025-07-16T04:55:10.563+0000] {processor.py:925} INFO - DAG(s) 'execute_python_operators' retrieved from /opt/airflow/dags/execute_python_operators.py
[2025-07-16T04:55:10.583+0000] {logging_mixin.py:190} INFO - [2025-07-16T04:55:10.582+0000] {dag.py:3239} INFO - Sync 1 DAGs
[2025-07-16T04:55:10.599+0000] {logging_mixin.py:190} INFO - [2025-07-16T04:55:10.599+0000] {dag.py:4180} INFO - Setting next_dagrun for execute_python_operators to 2025-07-16 00:00:00+00:00, run_after=2025-07-17 00:00:00+00:00
[2025-07-16T04:55:10.612+0000] {processor.py:208} INFO - Processing /opt/airflow/dags/execute_python_operators.py took 0.072 seconds
[2025-07-16T04:55:41.004+0000] {processor.py:186} INFO - Started process (PID=91) to work on /opt/airflow/dags/execute_python_operators.py
[2025-07-16T04:55:41.005+0000] {processor.py:914} INFO - Processing file /opt/airflow/dags/execute_python_operators.py for tasks to queue
[2025-07-16T04:55:41.008+0000] {logging_mixin.py:190} INFO - [2025-07-16T04:55:41.007+0000] {dagbag.py:588} INFO - Filling up the DagBag from /opt/airflow/dags/execute_python_operators.py
[2025-07-16T04:55:41.037+0000] {processor.py:925} INFO - DAG(s) 'execute_python_operators' retrieved from /opt/airflow/dags/execute_python_operators.py
[2025-07-16T04:55:41.056+0000] {logging_mixin.py:190} INFO - [2025-07-16T04:55:41.055+0000] {dag.py:3239} INFO - Sync 1 DAGs
[2025-07-16T04:55:41.072+0000] {logging_mixin.py:190} INFO - [2025-07-16T04:55:41.072+0000] {dag.py:4180} INFO - Setting next_dagrun for execute_python_operators to 2025-07-16 00:00:00+00:00, run_after=2025-07-17 00:00:00+00:00
[2025-07-16T04:55:41.087+0000] {processor.py:208} INFO - Processing /opt/airflow/dags/execute_python_operators.py took 0.088 seconds
[2025-07-16T04:56:11.424+0000] {processor.py:186} INFO - Started process (PID=115) to work on /opt/airflow/dags/execute_python_operators.py
[2025-07-16T04:56:11.424+0000] {processor.py:914} INFO - Processing file /opt/airflow/dags/execute_python_operators.py for tasks to queue
[2025-07-16T04:56:11.426+0000] {logging_mixin.py:190} INFO - [2025-07-16T04:56:11.426+0000] {dagbag.py:588} INFO - Filling up the DagBag from /opt/airflow/dags/execute_python_operators.py
[2025-07-16T04:56:11.437+0000] {processor.py:925} INFO - DAG(s) 'execute_python_operators' retrieved from /opt/airflow/dags/execute_python_operators.py
[2025-07-16T04:56:11.453+0000] {logging_mixin.py:190} INFO - [2025-07-16T04:56:11.453+0000] {dag.py:3239} INFO - Sync 1 DAGs
[2025-07-16T04:56:11.467+0000] {logging_mixin.py:190} INFO - [2025-07-16T04:56:11.467+0000] {dag.py:4180} INFO - Setting next_dagrun for execute_python_operators to 2025-07-16 00:00:00+00:00, run_after=2025-07-17 00:00:00+00:00
[2025-07-16T04:56:11.477+0000] {processor.py:208} INFO - Processing /opt/airflow/dags/execute_python_operators.py took 0.057 seconds
[2025-07-16T04:56:41.812+0000] {processor.py:186} INFO - Started process (PID=139) to work on /opt/airflow/dags/execute_python_operators.py
[2025-07-16T04:56:41.812+0000] {processor.py:914} INFO - Processing file /opt/airflow/dags/execute_python_operators.py for tasks to queue
[2025-07-16T04:56:41.814+0000] {logging_mixin.py:190} INFO - [2025-07-16T04:56:41.814+0000] {dagbag.py:588} INFO - Filling up the DagBag from /opt/airflow/dags/execute_python_operators.py
[2025-07-16T04:56:41.826+0000] {processor.py:925} INFO - DAG(s) 'execute_python_operators' retrieved from /opt/airflow/dags/execute_python_operators.py
[2025-07-16T04:56:41.844+0000] {logging_mixin.py:190} INFO - [2025-07-16T04:56:41.844+0000] {dag.py:3239} INFO - Sync 1 DAGs
[2025-07-16T04:56:41.860+0000] {logging_mixin.py:190} INFO - [2025-07-16T04:56:41.860+0000] {dag.py:4180} INFO - Setting next_dagrun for execute_python_operators to 2025-07-16 00:00:00+00:00, run_after=2025-07-17 00:00:00+00:00
[2025-07-16T04:56:41.871+0000] {processor.py:208} INFO - Processing /opt/airflow/dags/execute_python_operators.py took 0.063 seconds
[2025-07-16T04:57:12.020+0000] {processor.py:186} INFO - Started process (PID=163) to work on /opt/airflow/dags/execute_python_operators.py
[2025-07-16T04:57:12.021+0000] {processor.py:914} INFO - Processing file /opt/airflow/dags/execute_python_operators.py for tasks to queue
[2025-07-16T04:57:12.022+0000] {logging_mixin.py:190} INFO - [2025-07-16T04:57:12.022+0000] {dagbag.py:588} INFO - Filling up the DagBag from /opt/airflow/dags/execute_python_operators.py
[2025-07-16T04:57:12.033+0000] {processor.py:925} INFO - DAG(s) 'execute_python_operators' retrieved from /opt/airflow/dags/execute_python_operators.py
[2025-07-16T04:57:12.049+0000] {logging_mixin.py:190} INFO - [2025-07-16T04:57:12.048+0000] {dag.py:3239} INFO - Sync 1 DAGs
[2025-07-16T04:57:12.062+0000] {logging_mixin.py:190} INFO - [2025-07-16T04:57:12.061+0000] {dag.py:4180} INFO - Setting next_dagrun for execute_python_operators to 2025-07-16 00:00:00+00:00, run_after=2025-07-17 00:00:00+00:00
[2025-07-16T04:57:12.072+0000] {processor.py:208} INFO - Processing /opt/airflow/dags/execute_python_operators.py took 0.056 seconds
[2025-07-16T04:57:42.454+0000] {processor.py:186} INFO - Started process (PID=187) to work on /opt/airflow/dags/execute_python_operators.py
[2025-07-16T04:57:42.455+0000] {processor.py:914} INFO - Processing file /opt/airflow/dags/execute_python_operators.py for tasks to queue
[2025-07-16T04:57:42.456+0000] {logging_mixin.py:190} INFO - [2025-07-16T04:57:42.456+0000] {dagbag.py:588} INFO - Filling up the DagBag from /opt/airflow/dags/execute_python_operators.py
[2025-07-16T04:57:42.472+0000] {processor.py:925} INFO - DAG(s) 'execute_python_operators' retrieved from /opt/airflow/dags/execute_python_operators.py
[2025-07-16T04:57:42.490+0000] {logging_mixin.py:190} INFO - [2025-07-16T04:57:42.490+0000] {dag.py:3239} INFO - Sync 1 DAGs
[2025-07-16T04:57:42.506+0000] {logging_mixin.py:190} INFO - [2025-07-16T04:57:42.506+0000] {dag.py:4180} INFO - Setting next_dagrun for execute_python_operators to 2025-07-16 00:00:00+00:00, run_after=2025-07-17 00:00:00+00:00
[2025-07-16T04:57:42.534+0000] {processor.py:208} INFO - Processing /opt/airflow/dags/execute_python_operators.py took 0.085 seconds
[2025-07-16T04:58:12.601+0000] {processor.py:186} INFO - Started process (PID=211) to work on /opt/airflow/dags/execute_python_operators.py
[2025-07-16T04:58:12.602+0000] {processor.py:914} INFO - Processing file /opt/airflow/dags/execute_python_operators.py for tasks to queue
[2025-07-16T04:58:12.604+0000] {logging_mixin.py:190} INFO - [2025-07-16T04:58:12.604+0000] {dagbag.py:588} INFO - Filling up the DagBag from /opt/airflow/dags/execute_python_operators.py
[2025-07-16T04:58:12.615+0000] {processor.py:925} INFO - DAG(s) 'execute_python_operators' retrieved from /opt/airflow/dags/execute_python_operators.py
[2025-07-16T04:58:12.630+0000] {logging_mixin.py:190} INFO - [2025-07-16T04:58:12.630+0000] {dag.py:3239} INFO - Sync 1 DAGs
[2025-07-16T04:58:12.644+0000] {logging_mixin.py:190} INFO - [2025-07-16T04:58:12.644+0000] {dag.py:4180} INFO - Setting next_dagrun for execute_python_operators to 2025-07-16 00:00:00+00:00, run_after=2025-07-17 00:00:00+00:00
[2025-07-16T04:58:12.654+0000] {processor.py:208} INFO - Processing /opt/airflow/dags/execute_python_operators.py took 0.057 seconds
[2025-07-16T04:58:42.825+0000] {processor.py:186} INFO - Started process (PID=235) to work on /opt/airflow/dags/execute_python_operators.py
[2025-07-16T04:58:42.825+0000] {processor.py:914} INFO - Processing file /opt/airflow/dags/execute_python_operators.py for tasks to queue
[2025-07-16T04:58:42.827+0000] {logging_mixin.py:190} INFO - [2025-07-16T04:58:42.827+0000] {dagbag.py:588} INFO - Filling up the DagBag from /opt/airflow/dags/execute_python_operators.py
[2025-07-16T04:58:42.838+0000] {processor.py:925} INFO - DAG(s) 'execute_python_operators' retrieved from /opt/airflow/dags/execute_python_operators.py
[2025-07-16T04:58:42.853+0000] {logging_mixin.py:190} INFO - [2025-07-16T04:58:42.853+0000] {dag.py:3239} INFO - Sync 1 DAGs
[2025-07-16T04:58:42.867+0000] {logging_mixin.py:190} INFO - [2025-07-16T04:58:42.866+0000] {dag.py:4180} INFO - Setting next_dagrun for execute_python_operators to 2025-07-16 00:00:00+00:00, run_after=2025-07-17 00:00:00+00:00
[2025-07-16T04:58:42.876+0000] {processor.py:208} INFO - Processing /opt/airflow/dags/execute_python_operators.py took 0.055 seconds
