[2025-07-16T02:39:32.903+0000] {processor.py:161} INFO - Started process (PID=4502) to work on /opt/airflow/dags/execute_multiple_tasks.py
[2025-07-16T02:39:32.905+0000] {processor.py:830} INFO - Processing file /opt/airflow/dags/execute_multiple_tasks.py for tasks to queue
[2025-07-16T02:39:32.907+0000] {logging_mixin.py:188} INFO - [2025-07-16T02:39:32.906+0000] {dagbag.py:538} INFO - Filling up the DagBag from /opt/airflow/dags/execute_multiple_tasks.py
[2025-07-16T02:39:33.016+0000] {processor.py:840} INFO - DAG(s) 'executing_multiple_tasks' retrieved from /opt/airflow/dags/execute_multiple_tasks.py
[2025-07-16T02:39:33.100+0000] {logging_mixin.py:188} INFO - [2025-07-16T02:39:33.099+0000] {dag.py:3036} INFO - Sync 1 DAGs
[2025-07-16T02:39:33.116+0000] {logging_mixin.py:188} INFO - [2025-07-16T02:39:33.116+0000] {dag.py:3823} INFO - Setting next_dagrun for executing_multiple_tasks to 2025-07-15 00:00:00+00:00, run_after=2025-07-16 00:00:00+00:00
[2025-07-16T02:39:33.139+0000] {processor.py:183} INFO - Processing /opt/airflow/dags/execute_multiple_tasks.py took 0.240 seconds
[2025-07-16T02:40:03.230+0000] {processor.py:161} INFO - Started process (PID=4644) to work on /opt/airflow/dags/execute_multiple_tasks.py
[2025-07-16T02:40:03.231+0000] {processor.py:830} INFO - Processing file /opt/airflow/dags/execute_multiple_tasks.py for tasks to queue
[2025-07-16T02:40:03.232+0000] {logging_mixin.py:188} INFO - [2025-07-16T02:40:03.231+0000] {dagbag.py:538} INFO - Filling up the DagBag from /opt/airflow/dags/execute_multiple_tasks.py
[2025-07-16T02:40:03.271+0000] {processor.py:840} INFO - DAG(s) 'executing_multiple_tasks' retrieved from /opt/airflow/dags/execute_multiple_tasks.py
[2025-07-16T02:40:03.289+0000] {logging_mixin.py:188} INFO - [2025-07-16T02:40:03.289+0000] {dag.py:3036} INFO - Sync 1 DAGs
[2025-07-16T02:40:03.303+0000] {logging_mixin.py:188} INFO - [2025-07-16T02:40:03.303+0000] {dag.py:3823} INFO - Setting next_dagrun for executing_multiple_tasks to 2025-07-15 00:00:00+00:00, run_after=2025-07-16 00:00:00+00:00
[2025-07-16T02:40:03.315+0000] {processor.py:183} INFO - Processing /opt/airflow/dags/execute_multiple_tasks.py took 0.087 seconds
[2025-07-16T02:40:34.085+0000] {processor.py:161} INFO - Started process (PID=4785) to work on /opt/airflow/dags/execute_multiple_tasks.py
[2025-07-16T02:40:34.085+0000] {processor.py:830} INFO - Processing file /opt/airflow/dags/execute_multiple_tasks.py for tasks to queue
[2025-07-16T02:40:34.086+0000] {logging_mixin.py:188} INFO - [2025-07-16T02:40:34.086+0000] {dagbag.py:538} INFO - Filling up the DagBag from /opt/airflow/dags/execute_multiple_tasks.py
[2025-07-16T02:40:34.123+0000] {processor.py:840} INFO - DAG(s) 'executing_multiple_tasks' retrieved from /opt/airflow/dags/execute_multiple_tasks.py
[2025-07-16T02:40:34.142+0000] {logging_mixin.py:188} INFO - [2025-07-16T02:40:34.142+0000] {dag.py:3036} INFO - Sync 1 DAGs
[2025-07-16T02:40:34.158+0000] {logging_mixin.py:188} INFO - [2025-07-16T02:40:34.158+0000] {dag.py:3823} INFO - Setting next_dagrun for executing_multiple_tasks to 2025-07-15 00:00:00+00:00, run_after=2025-07-16 00:00:00+00:00
[2025-07-16T02:40:34.171+0000] {processor.py:183} INFO - Processing /opt/airflow/dags/execute_multiple_tasks.py took 0.089 seconds
[2025-07-16T02:41:04.195+0000] {processor.py:161} INFO - Started process (PID=4923) to work on /opt/airflow/dags/execute_multiple_tasks.py
[2025-07-16T02:41:04.196+0000] {processor.py:830} INFO - Processing file /opt/airflow/dags/execute_multiple_tasks.py for tasks to queue
[2025-07-16T02:41:04.196+0000] {logging_mixin.py:188} INFO - [2025-07-16T02:41:04.196+0000] {dagbag.py:538} INFO - Filling up the DagBag from /opt/airflow/dags/execute_multiple_tasks.py
[2025-07-16T02:41:04.228+0000] {processor.py:840} INFO - DAG(s) 'executing_multiple_tasks' retrieved from /opt/airflow/dags/execute_multiple_tasks.py
[2025-07-16T02:41:04.246+0000] {logging_mixin.py:188} INFO - [2025-07-16T02:41:04.246+0000] {dag.py:3036} INFO - Sync 1 DAGs
[2025-07-16T02:41:04.260+0000] {logging_mixin.py:188} INFO - [2025-07-16T02:41:04.260+0000] {dag.py:3823} INFO - Setting next_dagrun for executing_multiple_tasks to 2025-07-15 00:00:00+00:00, run_after=2025-07-16 00:00:00+00:00
[2025-07-16T02:41:04.272+0000] {processor.py:183} INFO - Processing /opt/airflow/dags/execute_multiple_tasks.py took 0.079 seconds
[2025-07-16T02:41:34.801+0000] {processor.py:161} INFO - Started process (PID=5066) to work on /opt/airflow/dags/execute_multiple_tasks.py
[2025-07-16T02:41:34.802+0000] {processor.py:830} INFO - Processing file /opt/airflow/dags/execute_multiple_tasks.py for tasks to queue
[2025-07-16T02:41:34.802+0000] {logging_mixin.py:188} INFO - [2025-07-16T02:41:34.802+0000] {dagbag.py:538} INFO - Filling up the DagBag from /opt/airflow/dags/execute_multiple_tasks.py
[2025-07-16T02:41:34.830+0000] {processor.py:840} INFO - DAG(s) 'executing_multiple_tasks' retrieved from /opt/airflow/dags/execute_multiple_tasks.py
[2025-07-16T02:41:34.849+0000] {logging_mixin.py:188} INFO - [2025-07-16T02:41:34.849+0000] {dag.py:3036} INFO - Sync 1 DAGs
[2025-07-16T02:41:34.864+0000] {logging_mixin.py:188} INFO - [2025-07-16T02:41:34.863+0000] {dag.py:3823} INFO - Setting next_dagrun for executing_multiple_tasks to 2025-07-15 00:00:00+00:00, run_after=2025-07-16 00:00:00+00:00
[2025-07-16T02:41:34.875+0000] {processor.py:183} INFO - Processing /opt/airflow/dags/execute_multiple_tasks.py took 0.076 seconds
[2025-07-16T02:42:05.445+0000] {processor.py:161} INFO - Started process (PID=5207) to work on /opt/airflow/dags/execute_multiple_tasks.py
[2025-07-16T02:42:05.445+0000] {processor.py:830} INFO - Processing file /opt/airflow/dags/execute_multiple_tasks.py for tasks to queue
[2025-07-16T02:42:05.446+0000] {logging_mixin.py:188} INFO - [2025-07-16T02:42:05.446+0000] {dagbag.py:538} INFO - Filling up the DagBag from /opt/airflow/dags/execute_multiple_tasks.py
[2025-07-16T02:42:05.474+0000] {processor.py:840} INFO - DAG(s) 'executing_multiple_tasks' retrieved from /opt/airflow/dags/execute_multiple_tasks.py
[2025-07-16T02:42:05.492+0000] {logging_mixin.py:188} INFO - [2025-07-16T02:42:05.492+0000] {dag.py:3036} INFO - Sync 1 DAGs
[2025-07-16T02:42:05.507+0000] {logging_mixin.py:188} INFO - [2025-07-16T02:42:05.507+0000] {dag.py:3823} INFO - Setting next_dagrun for executing_multiple_tasks to 2025-07-15 00:00:00+00:00, run_after=2025-07-16 00:00:00+00:00
[2025-07-16T02:42:05.519+0000] {processor.py:183} INFO - Processing /opt/airflow/dags/execute_multiple_tasks.py took 0.077 seconds
[2025-07-16T02:42:36.206+0000] {processor.py:161} INFO - Started process (PID=5350) to work on /opt/airflow/dags/execute_multiple_tasks.py
[2025-07-16T02:42:36.207+0000] {processor.py:830} INFO - Processing file /opt/airflow/dags/execute_multiple_tasks.py for tasks to queue
[2025-07-16T02:42:36.208+0000] {logging_mixin.py:188} INFO - [2025-07-16T02:42:36.208+0000] {dagbag.py:538} INFO - Filling up the DagBag from /opt/airflow/dags/execute_multiple_tasks.py
[2025-07-16T02:42:36.253+0000] {processor.py:840} INFO - DAG(s) 'executing_multiple_tasks' retrieved from /opt/airflow/dags/execute_multiple_tasks.py
[2025-07-16T02:42:36.273+0000] {logging_mixin.py:188} INFO - [2025-07-16T02:42:36.273+0000] {dag.py:3036} INFO - Sync 1 DAGs
[2025-07-16T02:42:36.289+0000] {logging_mixin.py:188} INFO - [2025-07-16T02:42:36.289+0000] {dag.py:3823} INFO - Setting next_dagrun for executing_multiple_tasks to 2025-07-15 00:00:00+00:00, run_after=2025-07-16 00:00:00+00:00
[2025-07-16T02:42:36.302+0000] {processor.py:183} INFO - Processing /opt/airflow/dags/execute_multiple_tasks.py took 0.099 seconds
[2025-07-16T02:43:06.809+0000] {processor.py:161} INFO - Started process (PID=5492) to work on /opt/airflow/dags/execute_multiple_tasks.py
[2025-07-16T02:43:06.809+0000] {processor.py:830} INFO - Processing file /opt/airflow/dags/execute_multiple_tasks.py for tasks to queue
[2025-07-16T02:43:06.810+0000] {logging_mixin.py:188} INFO - [2025-07-16T02:43:06.810+0000] {dagbag.py:538} INFO - Filling up the DagBag from /opt/airflow/dags/execute_multiple_tasks.py
[2025-07-16T02:43:06.848+0000] {processor.py:840} INFO - DAG(s) 'executing_multiple_tasks' retrieved from /opt/airflow/dags/execute_multiple_tasks.py
[2025-07-16T02:43:06.867+0000] {logging_mixin.py:188} INFO - [2025-07-16T02:43:06.867+0000] {dag.py:3036} INFO - Sync 1 DAGs
[2025-07-16T02:43:06.883+0000] {logging_mixin.py:188} INFO - [2025-07-16T02:43:06.883+0000] {dag.py:3823} INFO - Setting next_dagrun for executing_multiple_tasks to 2025-07-15 00:00:00+00:00, run_after=2025-07-16 00:00:00+00:00
[2025-07-16T02:43:06.895+0000] {processor.py:183} INFO - Processing /opt/airflow/dags/execute_multiple_tasks.py took 0.089 seconds
[2025-07-16T02:43:37.250+0000] {processor.py:161} INFO - Started process (PID=5634) to work on /opt/airflow/dags/execute_multiple_tasks.py
[2025-07-16T02:43:37.251+0000] {processor.py:830} INFO - Processing file /opt/airflow/dags/execute_multiple_tasks.py for tasks to queue
[2025-07-16T02:43:37.252+0000] {logging_mixin.py:188} INFO - [2025-07-16T02:43:37.252+0000] {dagbag.py:538} INFO - Filling up the DagBag from /opt/airflow/dags/execute_multiple_tasks.py
[2025-07-16T02:43:37.281+0000] {processor.py:840} INFO - DAG(s) 'executing_multiple_tasks' retrieved from /opt/airflow/dags/execute_multiple_tasks.py
[2025-07-16T02:43:37.302+0000] {logging_mixin.py:188} INFO - [2025-07-16T02:43:37.302+0000] {dag.py:3036} INFO - Sync 1 DAGs
[2025-07-16T02:43:37.317+0000] {logging_mixin.py:188} INFO - [2025-07-16T02:43:37.317+0000] {dag.py:3823} INFO - Setting next_dagrun for executing_multiple_tasks to 2025-07-15 00:00:00+00:00, run_after=2025-07-16 00:00:00+00:00
[2025-07-16T02:43:37.330+0000] {processor.py:183} INFO - Processing /opt/airflow/dags/execute_multiple_tasks.py took 0.082 seconds
[2025-07-16T02:44:07.770+0000] {processor.py:161} INFO - Started process (PID=5775) to work on /opt/airflow/dags/execute_multiple_tasks.py
[2025-07-16T02:44:07.771+0000] {processor.py:830} INFO - Processing file /opt/airflow/dags/execute_multiple_tasks.py for tasks to queue
[2025-07-16T02:44:07.772+0000] {logging_mixin.py:188} INFO - [2025-07-16T02:44:07.772+0000] {dagbag.py:538} INFO - Filling up the DagBag from /opt/airflow/dags/execute_multiple_tasks.py
[2025-07-16T02:44:07.801+0000] {processor.py:840} INFO - DAG(s) 'executing_multiple_tasks' retrieved from /opt/airflow/dags/execute_multiple_tasks.py
[2025-07-16T02:44:07.821+0000] {logging_mixin.py:188} INFO - [2025-07-16T02:44:07.821+0000] {dag.py:3036} INFO - Sync 1 DAGs
[2025-07-16T02:44:07.838+0000] {logging_mixin.py:188} INFO - [2025-07-16T02:44:07.838+0000] {dag.py:3823} INFO - Setting next_dagrun for executing_multiple_tasks to 2025-07-15 00:00:00+00:00, run_after=2025-07-16 00:00:00+00:00
[2025-07-16T02:44:07.854+0000] {processor.py:183} INFO - Processing /opt/airflow/dags/execute_multiple_tasks.py took 0.086 seconds
[2025-07-16T02:44:38.459+0000] {processor.py:161} INFO - Started process (PID=5917) to work on /opt/airflow/dags/execute_multiple_tasks.py
[2025-07-16T02:44:38.460+0000] {processor.py:830} INFO - Processing file /opt/airflow/dags/execute_multiple_tasks.py for tasks to queue
[2025-07-16T02:44:38.461+0000] {logging_mixin.py:188} INFO - [2025-07-16T02:44:38.460+0000] {dagbag.py:538} INFO - Filling up the DagBag from /opt/airflow/dags/execute_multiple_tasks.py
[2025-07-16T02:44:38.498+0000] {processor.py:840} INFO - DAG(s) 'executing_multiple_tasks' retrieved from /opt/airflow/dags/execute_multiple_tasks.py
[2025-07-16T02:44:38.518+0000] {logging_mixin.py:188} INFO - [2025-07-16T02:44:38.518+0000] {dag.py:3036} INFO - Sync 1 DAGs
[2025-07-16T02:44:38.534+0000] {logging_mixin.py:188} INFO - [2025-07-16T02:44:38.534+0000] {dag.py:3823} INFO - Setting next_dagrun for executing_multiple_tasks to 2025-07-15 00:00:00+00:00, run_after=2025-07-16 00:00:00+00:00
[2025-07-16T02:44:38.550+0000] {processor.py:183} INFO - Processing /opt/airflow/dags/execute_multiple_tasks.py took 0.094 seconds
[2025-07-16T02:45:08.607+0000] {processor.py:161} INFO - Started process (PID=6057) to work on /opt/airflow/dags/execute_multiple_tasks.py
[2025-07-16T02:45:08.608+0000] {processor.py:830} INFO - Processing file /opt/airflow/dags/execute_multiple_tasks.py for tasks to queue
[2025-07-16T02:45:08.608+0000] {logging_mixin.py:188} INFO - [2025-07-16T02:45:08.608+0000] {dagbag.py:538} INFO - Filling up the DagBag from /opt/airflow/dags/execute_multiple_tasks.py
[2025-07-16T02:45:08.639+0000] {processor.py:840} INFO - DAG(s) 'executing_multiple_tasks' retrieved from /opt/airflow/dags/execute_multiple_tasks.py
[2025-07-16T02:45:08.658+0000] {logging_mixin.py:188} INFO - [2025-07-16T02:45:08.658+0000] {dag.py:3036} INFO - Sync 1 DAGs
[2025-07-16T02:45:08.672+0000] {logging_mixin.py:188} INFO - [2025-07-16T02:45:08.672+0000] {dag.py:3823} INFO - Setting next_dagrun for executing_multiple_tasks to 2025-07-15 00:00:00+00:00, run_after=2025-07-16 00:00:00+00:00
[2025-07-16T02:45:08.683+0000] {processor.py:183} INFO - Processing /opt/airflow/dags/execute_multiple_tasks.py took 0.078 seconds
[2025-07-16T02:45:39.620+0000] {processor.py:161} INFO - Started process (PID=6199) to work on /opt/airflow/dags/execute_multiple_tasks.py
[2025-07-16T02:45:39.621+0000] {processor.py:830} INFO - Processing file /opt/airflow/dags/execute_multiple_tasks.py for tasks to queue
[2025-07-16T02:45:39.621+0000] {logging_mixin.py:188} INFO - [2025-07-16T02:45:39.621+0000] {dagbag.py:538} INFO - Filling up the DagBag from /opt/airflow/dags/execute_multiple_tasks.py
[2025-07-16T02:45:39.650+0000] {processor.py:840} INFO - DAG(s) 'executing_multiple_tasks' retrieved from /opt/airflow/dags/execute_multiple_tasks.py
[2025-07-16T02:45:39.668+0000] {logging_mixin.py:188} INFO - [2025-07-16T02:45:39.667+0000] {dag.py:3036} INFO - Sync 1 DAGs
[2025-07-16T02:45:39.681+0000] {logging_mixin.py:188} INFO - [2025-07-16T02:45:39.681+0000] {dag.py:3823} INFO - Setting next_dagrun for executing_multiple_tasks to 2025-07-15 00:00:00+00:00, run_after=2025-07-16 00:00:00+00:00
[2025-07-16T02:45:39.693+0000] {processor.py:183} INFO - Processing /opt/airflow/dags/execute_multiple_tasks.py took 0.075 seconds
[2025-07-16T02:46:10.297+0000] {processor.py:161} INFO - Started process (PID=6342) to work on /opt/airflow/dags/execute_multiple_tasks.py
[2025-07-16T02:46:10.298+0000] {processor.py:830} INFO - Processing file /opt/airflow/dags/execute_multiple_tasks.py for tasks to queue
[2025-07-16T02:46:10.298+0000] {logging_mixin.py:188} INFO - [2025-07-16T02:46:10.298+0000] {dagbag.py:538} INFO - Filling up the DagBag from /opt/airflow/dags/execute_multiple_tasks.py
[2025-07-16T02:46:10.327+0000] {processor.py:840} INFO - DAG(s) 'executing_multiple_tasks' retrieved from /opt/airflow/dags/execute_multiple_tasks.py
[2025-07-16T02:46:10.344+0000] {logging_mixin.py:188} INFO - [2025-07-16T02:46:10.344+0000] {dag.py:3036} INFO - Sync 1 DAGs
[2025-07-16T02:46:10.358+0000] {logging_mixin.py:188} INFO - [2025-07-16T02:46:10.358+0000] {dag.py:3823} INFO - Setting next_dagrun for executing_multiple_tasks to 2025-07-15 00:00:00+00:00, run_after=2025-07-16 00:00:00+00:00
[2025-07-16T02:46:10.369+0000] {processor.py:183} INFO - Processing /opt/airflow/dags/execute_multiple_tasks.py took 0.075 seconds
[2025-07-16T02:46:41.004+0000] {processor.py:161} INFO - Started process (PID=6489) to work on /opt/airflow/dags/execute_multiple_tasks.py
[2025-07-16T02:46:41.005+0000] {processor.py:830} INFO - Processing file /opt/airflow/dags/execute_multiple_tasks.py for tasks to queue
[2025-07-16T02:46:41.006+0000] {logging_mixin.py:188} INFO - [2025-07-16T02:46:41.005+0000] {dagbag.py:538} INFO - Filling up the DagBag from /opt/airflow/dags/execute_multiple_tasks.py
[2025-07-16T02:46:41.046+0000] {processor.py:840} INFO - DAG(s) 'executing_multiple_tasks' retrieved from /opt/airflow/dags/execute_multiple_tasks.py
[2025-07-16T02:46:41.068+0000] {logging_mixin.py:188} INFO - [2025-07-16T02:46:41.068+0000] {dag.py:3036} INFO - Sync 1 DAGs
[2025-07-16T02:46:41.084+0000] {logging_mixin.py:188} INFO - [2025-07-16T02:46:41.084+0000] {dag.py:3823} INFO - Setting next_dagrun for executing_multiple_tasks to 2025-07-15 00:00:00+00:00, run_after=2025-07-16 00:00:00+00:00
[2025-07-16T02:46:41.099+0000] {processor.py:183} INFO - Processing /opt/airflow/dags/execute_multiple_tasks.py took 0.097 seconds
[2025-07-16T02:47:11.739+0000] {processor.py:161} INFO - Started process (PID=6631) to work on /opt/airflow/dags/execute_multiple_tasks.py
[2025-07-16T02:47:11.739+0000] {processor.py:830} INFO - Processing file /opt/airflow/dags/execute_multiple_tasks.py for tasks to queue
[2025-07-16T02:47:11.740+0000] {logging_mixin.py:188} INFO - [2025-07-16T02:47:11.740+0000] {dagbag.py:538} INFO - Filling up the DagBag from /opt/airflow/dags/execute_multiple_tasks.py
[2025-07-16T02:47:11.772+0000] {processor.py:840} INFO - DAG(s) 'executing_multiple_tasks' retrieved from /opt/airflow/dags/execute_multiple_tasks.py
[2025-07-16T02:47:11.789+0000] {logging_mixin.py:188} INFO - [2025-07-16T02:47:11.789+0000] {dag.py:3036} INFO - Sync 1 DAGs
[2025-07-16T02:47:11.803+0000] {logging_mixin.py:188} INFO - [2025-07-16T02:47:11.803+0000] {dag.py:3823} INFO - Setting next_dagrun for executing_multiple_tasks to 2025-07-15 00:00:00+00:00, run_after=2025-07-16 00:00:00+00:00
[2025-07-16T02:47:11.816+0000] {processor.py:183} INFO - Processing /opt/airflow/dags/execute_multiple_tasks.py took 0.080 seconds
[2025-07-16T02:47:42.459+0000] {processor.py:161} INFO - Started process (PID=6773) to work on /opt/airflow/dags/execute_multiple_tasks.py
[2025-07-16T02:47:42.460+0000] {processor.py:830} INFO - Processing file /opt/airflow/dags/execute_multiple_tasks.py for tasks to queue
[2025-07-16T02:47:42.461+0000] {logging_mixin.py:188} INFO - [2025-07-16T02:47:42.461+0000] {dagbag.py:538} INFO - Filling up the DagBag from /opt/airflow/dags/execute_multiple_tasks.py
[2025-07-16T02:47:42.489+0000] {processor.py:840} INFO - DAG(s) 'executing_multiple_tasks' retrieved from /opt/airflow/dags/execute_multiple_tasks.py
[2025-07-16T02:47:42.506+0000] {logging_mixin.py:188} INFO - [2025-07-16T02:47:42.506+0000] {dag.py:3036} INFO - Sync 1 DAGs
[2025-07-16T02:47:42.520+0000] {logging_mixin.py:188} INFO - [2025-07-16T02:47:42.520+0000] {dag.py:3823} INFO - Setting next_dagrun for executing_multiple_tasks to 2025-07-15 00:00:00+00:00, run_after=2025-07-16 00:00:00+00:00
[2025-07-16T02:47:42.531+0000] {processor.py:183} INFO - Processing /opt/airflow/dags/execute_multiple_tasks.py took 0.074 seconds
[2025-07-16T02:48:13.653+0000] {processor.py:161} INFO - Started process (PID=6862) to work on /opt/airflow/dags/execute_multiple_tasks.py
[2025-07-16T02:48:13.654+0000] {processor.py:830} INFO - Processing file /opt/airflow/dags/execute_multiple_tasks.py for tasks to queue
[2025-07-16T02:48:13.654+0000] {logging_mixin.py:188} INFO - [2025-07-16T02:48:13.654+0000] {dagbag.py:538} INFO - Filling up the DagBag from /opt/airflow/dags/execute_multiple_tasks.py
[2025-07-16T02:48:13.696+0000] {processor.py:840} INFO - DAG(s) 'executing_multiple_tasks' retrieved from /opt/airflow/dags/execute_multiple_tasks.py
[2025-07-16T02:48:13.714+0000] {logging_mixin.py:188} INFO - [2025-07-16T02:48:13.714+0000] {dag.py:3036} INFO - Sync 1 DAGs
[2025-07-16T02:48:13.731+0000] {logging_mixin.py:188} INFO - [2025-07-16T02:48:13.730+0000] {dag.py:3823} INFO - Setting next_dagrun for executing_multiple_tasks to 2025-07-15 00:00:00+00:00, run_after=2025-07-16 00:00:00+00:00
[2025-07-16T02:48:13.746+0000] {processor.py:183} INFO - Processing /opt/airflow/dags/execute_multiple_tasks.py took 0.096 seconds
[2025-07-16T02:48:57.449+0000] {processor.py:161} INFO - Started process (PID=67) to work on /opt/airflow/dags/execute_multiple_tasks.py
[2025-07-16T02:48:57.450+0000] {processor.py:830} INFO - Processing file /opt/airflow/dags/execute_multiple_tasks.py for tasks to queue
[2025-07-16T02:48:57.451+0000] {logging_mixin.py:188} INFO - [2025-07-16T02:48:57.451+0000] {dagbag.py:538} INFO - Filling up the DagBag from /opt/airflow/dags/execute_multiple_tasks.py
[2025-07-16T02:48:57.480+0000] {processor.py:840} INFO - DAG(s) 'executing_multiple_tasks' retrieved from /opt/airflow/dags/execute_multiple_tasks.py
[2025-07-16T02:48:57.495+0000] {logging_mixin.py:188} INFO - [2025-07-16T02:48:57.495+0000] {dag.py:3036} INFO - Sync 1 DAGs
[2025-07-16T02:48:57.507+0000] {logging_mixin.py:188} INFO - [2025-07-16T02:48:57.507+0000] {dag.py:3823} INFO - Setting next_dagrun for executing_multiple_tasks to 2025-07-15 00:00:00+00:00, run_after=2025-07-16 00:00:00+00:00
[2025-07-16T02:48:57.517+0000] {processor.py:183} INFO - Processing /opt/airflow/dags/execute_multiple_tasks.py took 0.070 seconds
[2025-07-16T02:49:28.130+0000] {processor.py:161} INFO - Started process (PID=236) to work on /opt/airflow/dags/execute_multiple_tasks.py
[2025-07-16T02:49:28.131+0000] {processor.py:830} INFO - Processing file /opt/airflow/dags/execute_multiple_tasks.py for tasks to queue
[2025-07-16T02:49:28.132+0000] {logging_mixin.py:188} INFO - [2025-07-16T02:49:28.132+0000] {dagbag.py:538} INFO - Filling up the DagBag from /opt/airflow/dags/execute_multiple_tasks.py
[2025-07-16T02:49:28.184+0000] {processor.py:840} INFO - DAG(s) 'executing_multiple_tasks' retrieved from /opt/airflow/dags/execute_multiple_tasks.py
[2025-07-16T02:49:28.202+0000] {logging_mixin.py:188} INFO - [2025-07-16T02:49:28.202+0000] {dag.py:3036} INFO - Sync 1 DAGs
[2025-07-16T02:49:28.217+0000] {logging_mixin.py:188} INFO - [2025-07-16T02:49:28.216+0000] {dag.py:3823} INFO - Setting next_dagrun for executing_multiple_tasks to 2025-07-15 00:00:00+00:00, run_after=2025-07-16 00:00:00+00:00
[2025-07-16T02:49:28.229+0000] {processor.py:183} INFO - Processing /opt/airflow/dags/execute_multiple_tasks.py took 0.101 seconds
[2025-07-16T02:49:58.971+0000] {processor.py:161} INFO - Started process (PID=375) to work on /opt/airflow/dags/execute_multiple_tasks.py
[2025-07-16T02:49:58.971+0000] {processor.py:830} INFO - Processing file /opt/airflow/dags/execute_multiple_tasks.py for tasks to queue
[2025-07-16T02:49:58.972+0000] {logging_mixin.py:188} INFO - [2025-07-16T02:49:58.972+0000] {dagbag.py:538} INFO - Filling up the DagBag from /opt/airflow/dags/execute_multiple_tasks.py
[2025-07-16T02:49:59.001+0000] {processor.py:840} INFO - DAG(s) 'executing_multiple_tasks' retrieved from /opt/airflow/dags/execute_multiple_tasks.py
[2025-07-16T02:49:59.018+0000] {logging_mixin.py:188} INFO - [2025-07-16T02:49:59.018+0000] {dag.py:3036} INFO - Sync 1 DAGs
[2025-07-16T02:49:59.031+0000] {logging_mixin.py:188} INFO - [2025-07-16T02:49:59.031+0000] {dag.py:3823} INFO - Setting next_dagrun for executing_multiple_tasks to 2025-07-15 00:00:00+00:00, run_after=2025-07-16 00:00:00+00:00
[2025-07-16T02:49:59.042+0000] {processor.py:183} INFO - Processing /opt/airflow/dags/execute_multiple_tasks.py took 0.074 seconds
[2025-07-16T02:50:29.532+0000] {processor.py:161} INFO - Started process (PID=517) to work on /opt/airflow/dags/execute_multiple_tasks.py
[2025-07-16T02:50:29.533+0000] {processor.py:830} INFO - Processing file /opt/airflow/dags/execute_multiple_tasks.py for tasks to queue
[2025-07-16T02:50:29.534+0000] {logging_mixin.py:188} INFO - [2025-07-16T02:50:29.534+0000] {dagbag.py:538} INFO - Filling up the DagBag from /opt/airflow/dags/execute_multiple_tasks.py
[2025-07-16T02:50:29.567+0000] {processor.py:840} INFO - DAG(s) 'executing_multiple_tasks' retrieved from /opt/airflow/dags/execute_multiple_tasks.py
[2025-07-16T02:50:29.583+0000] {logging_mixin.py:188} INFO - [2025-07-16T02:50:29.583+0000] {dag.py:3036} INFO - Sync 1 DAGs
[2025-07-16T02:50:29.596+0000] {logging_mixin.py:188} INFO - [2025-07-16T02:50:29.596+0000] {dag.py:3823} INFO - Setting next_dagrun for executing_multiple_tasks to 2025-07-15 00:00:00+00:00, run_after=2025-07-16 00:00:00+00:00
[2025-07-16T02:50:29.606+0000] {processor.py:183} INFO - Processing /opt/airflow/dags/execute_multiple_tasks.py took 0.076 seconds
[2025-07-16T02:51:00.300+0000] {processor.py:161} INFO - Started process (PID=660) to work on /opt/airflow/dags/execute_multiple_tasks.py
[2025-07-16T02:51:00.301+0000] {processor.py:830} INFO - Processing file /opt/airflow/dags/execute_multiple_tasks.py for tasks to queue
[2025-07-16T02:51:00.301+0000] {logging_mixin.py:188} INFO - [2025-07-16T02:51:00.301+0000] {dagbag.py:538} INFO - Filling up the DagBag from /opt/airflow/dags/execute_multiple_tasks.py
[2025-07-16T02:51:00.344+0000] {processor.py:840} INFO - DAG(s) 'executing_multiple_tasks' retrieved from /opt/airflow/dags/execute_multiple_tasks.py
[2025-07-16T02:51:00.360+0000] {logging_mixin.py:188} INFO - [2025-07-16T02:51:00.360+0000] {dag.py:3036} INFO - Sync 1 DAGs
[2025-07-16T02:51:00.373+0000] {logging_mixin.py:188} INFO - [2025-07-16T02:51:00.372+0000] {dag.py:3823} INFO - Setting next_dagrun for executing_multiple_tasks to 2025-07-15 00:00:00+00:00, run_after=2025-07-16 00:00:00+00:00
[2025-07-16T02:51:00.384+0000] {processor.py:183} INFO - Processing /opt/airflow/dags/execute_multiple_tasks.py took 0.086 seconds
[2025-07-16T02:51:30.952+0000] {processor.py:161} INFO - Started process (PID=803) to work on /opt/airflow/dags/execute_multiple_tasks.py
[2025-07-16T02:51:30.954+0000] {processor.py:830} INFO - Processing file /opt/airflow/dags/execute_multiple_tasks.py for tasks to queue
[2025-07-16T02:51:30.955+0000] {logging_mixin.py:188} INFO - [2025-07-16T02:51:30.955+0000] {dagbag.py:538} INFO - Filling up the DagBag from /opt/airflow/dags/execute_multiple_tasks.py
[2025-07-16T02:51:31.004+0000] {processor.py:840} INFO - DAG(s) 'executing_multiple_tasks' retrieved from /opt/airflow/dags/execute_multiple_tasks.py
[2025-07-16T02:51:31.023+0000] {logging_mixin.py:188} INFO - [2025-07-16T02:51:31.023+0000] {dag.py:3036} INFO - Sync 1 DAGs
[2025-07-16T02:51:31.037+0000] {logging_mixin.py:188} INFO - [2025-07-16T02:51:31.037+0000] {dag.py:3823} INFO - Setting next_dagrun for executing_multiple_tasks to 2025-07-15 00:00:00+00:00, run_after=2025-07-16 00:00:00+00:00
[2025-07-16T02:51:31.049+0000] {processor.py:183} INFO - Processing /opt/airflow/dags/execute_multiple_tasks.py took 0.100 seconds
[2025-07-16T02:52:01.327+0000] {processor.py:161} INFO - Started process (PID=947) to work on /opt/airflow/dags/execute_multiple_tasks.py
[2025-07-16T02:52:01.328+0000] {processor.py:830} INFO - Processing file /opt/airflow/dags/execute_multiple_tasks.py for tasks to queue
[2025-07-16T02:52:01.329+0000] {logging_mixin.py:188} INFO - [2025-07-16T02:52:01.329+0000] {dagbag.py:538} INFO - Filling up the DagBag from /opt/airflow/dags/execute_multiple_tasks.py
[2025-07-16T02:52:01.372+0000] {processor.py:840} INFO - DAG(s) 'executing_multiple_tasks' retrieved from /opt/airflow/dags/execute_multiple_tasks.py
[2025-07-16T02:52:01.391+0000] {logging_mixin.py:188} INFO - [2025-07-16T02:52:01.391+0000] {dag.py:3036} INFO - Sync 1 DAGs
[2025-07-16T02:52:01.405+0000] {logging_mixin.py:188} INFO - [2025-07-16T02:52:01.405+0000] {dag.py:3823} INFO - Setting next_dagrun for executing_multiple_tasks to 2025-07-15 00:00:00+00:00, run_after=2025-07-16 00:00:00+00:00
[2025-07-16T02:52:01.417+0000] {processor.py:183} INFO - Processing /opt/airflow/dags/execute_multiple_tasks.py took 0.092 seconds
[2025-07-16T02:52:31.592+0000] {processor.py:161} INFO - Started process (PID=1087) to work on /opt/airflow/dags/execute_multiple_tasks.py
[2025-07-16T02:52:31.593+0000] {processor.py:830} INFO - Processing file /opt/airflow/dags/execute_multiple_tasks.py for tasks to queue
[2025-07-16T02:52:31.594+0000] {logging_mixin.py:188} INFO - [2025-07-16T02:52:31.594+0000] {dagbag.py:538} INFO - Filling up the DagBag from /opt/airflow/dags/execute_multiple_tasks.py
[2025-07-16T02:52:31.639+0000] {processor.py:840} INFO - DAG(s) 'executing_multiple_tasks' retrieved from /opt/airflow/dags/execute_multiple_tasks.py
[2025-07-16T02:52:31.656+0000] {logging_mixin.py:188} INFO - [2025-07-16T02:52:31.656+0000] {dag.py:3036} INFO - Sync 1 DAGs
[2025-07-16T02:52:31.670+0000] {logging_mixin.py:188} INFO - [2025-07-16T02:52:31.670+0000] {dag.py:3823} INFO - Setting next_dagrun for executing_multiple_tasks to 2025-07-15 00:00:00+00:00, run_after=2025-07-16 00:00:00+00:00
[2025-07-16T02:52:31.681+0000] {processor.py:183} INFO - Processing /opt/airflow/dags/execute_multiple_tasks.py took 0.091 seconds
[2025-07-16T04:50:49.864+0000] {processor.py:186} INFO - Started process (PID=54) to work on /opt/airflow/dags/execute_multiple_tasks.py
[2025-07-16T04:50:49.864+0000] {processor.py:914} INFO - Processing file /opt/airflow/dags/execute_multiple_tasks.py for tasks to queue
[2025-07-16T04:50:49.866+0000] {logging_mixin.py:190} INFO - [2025-07-16T04:50:49.866+0000] {dagbag.py:588} INFO - Filling up the DagBag from /opt/airflow/dags/execute_multiple_tasks.py
[2025-07-16T04:50:49.901+0000] {processor.py:925} INFO - DAG(s) 'executing_multiple_tasks' retrieved from /opt/airflow/dags/execute_multiple_tasks.py
[2025-07-16T04:50:49.969+0000] {logging_mixin.py:190} INFO - [2025-07-16T04:50:49.968+0000] {override.py:1900} INFO - Created Permission View: can edit on DAG:executing_multiple_tasks
[2025-07-16T04:50:49.976+0000] {logging_mixin.py:190} INFO - [2025-07-16T04:50:49.976+0000] {override.py:1900} INFO - Created Permission View: can read on DAG:executing_multiple_tasks
[2025-07-16T04:50:49.982+0000] {logging_mixin.py:190} INFO - [2025-07-16T04:50:49.981+0000] {override.py:1900} INFO - Created Permission View: can delete on DAG:executing_multiple_tasks
[2025-07-16T04:50:49.987+0000] {logging_mixin.py:190} INFO - [2025-07-16T04:50:49.987+0000] {override.py:1900} INFO - Created Permission View: can create on DAG Run:executing_multiple_tasks
[2025-07-16T04:50:49.992+0000] {logging_mixin.py:190} INFO - [2025-07-16T04:50:49.992+0000] {override.py:1900} INFO - Created Permission View: can read on DAG Run:executing_multiple_tasks
[2025-07-16T04:50:49.996+0000] {logging_mixin.py:190} INFO - [2025-07-16T04:50:49.995+0000] {override.py:1900} INFO - Created Permission View: menu access on DAG Run:executing_multiple_tasks
[2025-07-16T04:50:49.999+0000] {logging_mixin.py:190} INFO - [2025-07-16T04:50:49.999+0000] {override.py:1900} INFO - Created Permission View: can delete on DAG Run:executing_multiple_tasks
[2025-07-16T04:50:50.000+0000] {logging_mixin.py:190} INFO - [2025-07-16T04:50:50.000+0000] {dag.py:3239} INFO - Sync 1 DAGs
[2025-07-16T04:50:50.007+0000] {logging_mixin.py:190} INFO - [2025-07-16T04:50:50.007+0000] {dag.py:3262} INFO - Creating ORM DAG for executing_multiple_tasks
[2025-07-16T04:50:50.013+0000] {logging_mixin.py:190} INFO - [2025-07-16T04:50:50.013+0000] {dag.py:4180} INFO - Setting next_dagrun for executing_multiple_tasks to 2025-07-15 00:00:00+00:00, run_after=2025-07-16 00:00:00+00:00
[2025-07-16T04:50:50.024+0000] {processor.py:208} INFO - Processing /opt/airflow/dags/execute_multiple_tasks.py took 0.164 seconds
[2025-07-16T04:51:20.332+0000] {processor.py:186} INFO - Started process (PID=78) to work on /opt/airflow/dags/execute_multiple_tasks.py
[2025-07-16T04:51:20.333+0000] {processor.py:914} INFO - Processing file /opt/airflow/dags/execute_multiple_tasks.py for tasks to queue
[2025-07-16T04:51:20.334+0000] {logging_mixin.py:190} INFO - [2025-07-16T04:51:20.334+0000] {dagbag.py:588} INFO - Filling up the DagBag from /opt/airflow/dags/execute_multiple_tasks.py
[2025-07-16T04:51:20.367+0000] {processor.py:925} INFO - DAG(s) 'executing_multiple_tasks' retrieved from /opt/airflow/dags/execute_multiple_tasks.py
[2025-07-16T04:51:20.385+0000] {logging_mixin.py:190} INFO - [2025-07-16T04:51:20.385+0000] {dag.py:3239} INFO - Sync 1 DAGs
[2025-07-16T04:51:20.401+0000] {logging_mixin.py:190} INFO - [2025-07-16T04:51:20.401+0000] {dag.py:4180} INFO - Setting next_dagrun for executing_multiple_tasks to 2025-07-15 00:00:00+00:00, run_after=2025-07-16 00:00:00+00:00
[2025-07-16T04:51:20.413+0000] {processor.py:208} INFO - Processing /opt/airflow/dags/execute_multiple_tasks.py took 0.085 seconds
[2025-07-16T04:51:51.296+0000] {processor.py:186} INFO - Started process (PID=315) to work on /opt/airflow/dags/execute_multiple_tasks.py
[2025-07-16T04:51:51.298+0000] {processor.py:914} INFO - Processing file /opt/airflow/dags/execute_multiple_tasks.py for tasks to queue
[2025-07-16T04:51:51.300+0000] {logging_mixin.py:190} INFO - [2025-07-16T04:51:51.300+0000] {dagbag.py:588} INFO - Filling up the DagBag from /opt/airflow/dags/execute_multiple_tasks.py
[2025-07-16T04:51:51.345+0000] {processor.py:925} INFO - DAG(s) 'executing_multiple_tasks' retrieved from /opt/airflow/dags/execute_multiple_tasks.py
[2025-07-16T04:51:51.369+0000] {logging_mixin.py:190} INFO - [2025-07-16T04:51:51.369+0000] {dag.py:3239} INFO - Sync 1 DAGs
[2025-07-16T04:51:51.386+0000] {logging_mixin.py:190} INFO - [2025-07-16T04:51:51.386+0000] {dag.py:4180} INFO - Setting next_dagrun for executing_multiple_tasks to 2025-07-16 00:00:00+00:00, run_after=2025-07-17 00:00:00+00:00
[2025-07-16T04:51:51.400+0000] {processor.py:208} INFO - Processing /opt/airflow/dags/execute_multiple_tasks.py took 0.109 seconds
[2025-07-16T04:52:22.102+0000] {processor.py:186} INFO - Started process (PID=525) to work on /opt/airflow/dags/execute_multiple_tasks.py
[2025-07-16T04:52:22.103+0000] {processor.py:914} INFO - Processing file /opt/airflow/dags/execute_multiple_tasks.py for tasks to queue
[2025-07-16T04:52:22.105+0000] {logging_mixin.py:190} INFO - [2025-07-16T04:52:22.104+0000] {dagbag.py:588} INFO - Filling up the DagBag from /opt/airflow/dags/execute_multiple_tasks.py
[2025-07-16T04:52:22.135+0000] {processor.py:925} INFO - DAG(s) 'executing_multiple_tasks' retrieved from /opt/airflow/dags/execute_multiple_tasks.py
[2025-07-16T04:52:22.156+0000] {logging_mixin.py:190} INFO - [2025-07-16T04:52:22.155+0000] {dag.py:3239} INFO - Sync 1 DAGs
[2025-07-16T04:52:22.172+0000] {logging_mixin.py:190} INFO - [2025-07-16T04:52:22.172+0000] {dag.py:4180} INFO - Setting next_dagrun for executing_multiple_tasks to 2025-07-16 00:00:00+00:00, run_after=2025-07-17 00:00:00+00:00
[2025-07-16T04:52:22.184+0000] {processor.py:208} INFO - Processing /opt/airflow/dags/execute_multiple_tasks.py took 0.089 seconds
[2025-07-16T04:52:52.268+0000] {processor.py:186} INFO - Started process (PID=547) to work on /opt/airflow/dags/execute_multiple_tasks.py
[2025-07-16T04:52:52.269+0000] {processor.py:914} INFO - Processing file /opt/airflow/dags/execute_multiple_tasks.py for tasks to queue
[2025-07-16T04:52:52.271+0000] {logging_mixin.py:190} INFO - [2025-07-16T04:52:52.271+0000] {dagbag.py:588} INFO - Filling up the DagBag from /opt/airflow/dags/execute_multiple_tasks.py
[2025-07-16T04:52:52.308+0000] {processor.py:925} INFO - DAG(s) 'executing_multiple_tasks' retrieved from /opt/airflow/dags/execute_multiple_tasks.py
[2025-07-16T04:52:52.324+0000] {logging_mixin.py:190} INFO - [2025-07-16T04:52:52.324+0000] {dag.py:3239} INFO - Sync 1 DAGs
[2025-07-16T04:52:52.340+0000] {logging_mixin.py:190} INFO - [2025-07-16T04:52:52.340+0000] {dag.py:4180} INFO - Setting next_dagrun for executing_multiple_tasks to 2025-07-16 00:00:00+00:00, run_after=2025-07-17 00:00:00+00:00
[2025-07-16T04:52:52.351+0000] {processor.py:208} INFO - Processing /opt/airflow/dags/execute_multiple_tasks.py took 0.087 seconds
[2025-07-16T04:53:22.698+0000] {processor.py:186} INFO - Started process (PID=571) to work on /opt/airflow/dags/execute_multiple_tasks.py
[2025-07-16T04:53:22.698+0000] {processor.py:914} INFO - Processing file /opt/airflow/dags/execute_multiple_tasks.py for tasks to queue
[2025-07-16T04:53:22.700+0000] {logging_mixin.py:190} INFO - [2025-07-16T04:53:22.700+0000] {dagbag.py:588} INFO - Filling up the DagBag from /opt/airflow/dags/execute_multiple_tasks.py
[2025-07-16T04:53:22.730+0000] {processor.py:925} INFO - DAG(s) 'executing_multiple_tasks' retrieved from /opt/airflow/dags/execute_multiple_tasks.py
[2025-07-16T04:53:22.747+0000] {logging_mixin.py:190} INFO - [2025-07-16T04:53:22.746+0000] {dag.py:3239} INFO - Sync 1 DAGs
[2025-07-16T04:53:22.762+0000] {logging_mixin.py:190} INFO - [2025-07-16T04:53:22.762+0000] {dag.py:4180} INFO - Setting next_dagrun for executing_multiple_tasks to 2025-07-16 00:00:00+00:00, run_after=2025-07-17 00:00:00+00:00
[2025-07-16T04:53:22.773+0000] {processor.py:208} INFO - Processing /opt/airflow/dags/execute_multiple_tasks.py took 0.080 seconds
[2025-07-16T04:53:52.900+0000] {processor.py:186} INFO - Started process (PID=595) to work on /opt/airflow/dags/execute_multiple_tasks.py
[2025-07-16T04:53:52.901+0000] {processor.py:914} INFO - Processing file /opt/airflow/dags/execute_multiple_tasks.py for tasks to queue
[2025-07-16T04:53:52.903+0000] {logging_mixin.py:190} INFO - [2025-07-16T04:53:52.903+0000] {dagbag.py:588} INFO - Filling up the DagBag from /opt/airflow/dags/execute_multiple_tasks.py
[2025-07-16T04:53:52.931+0000] {processor.py:925} INFO - DAG(s) 'executing_multiple_tasks' retrieved from /opt/airflow/dags/execute_multiple_tasks.py
[2025-07-16T04:53:52.951+0000] {logging_mixin.py:190} INFO - [2025-07-16T04:53:52.950+0000] {dag.py:3239} INFO - Sync 1 DAGs
[2025-07-16T04:53:52.966+0000] {logging_mixin.py:190} INFO - [2025-07-16T04:53:52.966+0000] {dag.py:4180} INFO - Setting next_dagrun for executing_multiple_tasks to 2025-07-16 00:00:00+00:00, run_after=2025-07-17 00:00:00+00:00
[2025-07-16T04:53:52.977+0000] {processor.py:208} INFO - Processing /opt/airflow/dags/execute_multiple_tasks.py took 0.080 seconds
[2025-07-16T04:54:23.067+0000] {processor.py:186} INFO - Started process (PID=619) to work on /opt/airflow/dags/execute_multiple_tasks.py
[2025-07-16T04:54:23.068+0000] {processor.py:914} INFO - Processing file /opt/airflow/dags/execute_multiple_tasks.py for tasks to queue
[2025-07-16T04:54:23.069+0000] {logging_mixin.py:190} INFO - [2025-07-16T04:54:23.069+0000] {dagbag.py:588} INFO - Filling up the DagBag from /opt/airflow/dags/execute_multiple_tasks.py
[2025-07-16T04:54:23.101+0000] {processor.py:925} INFO - DAG(s) 'executing_multiple_tasks' retrieved from /opt/airflow/dags/execute_multiple_tasks.py
[2025-07-16T04:54:23.119+0000] {logging_mixin.py:190} INFO - [2025-07-16T04:54:23.119+0000] {dag.py:3239} INFO - Sync 1 DAGs
[2025-07-16T04:54:23.133+0000] {logging_mixin.py:190} INFO - [2025-07-16T04:54:23.133+0000] {dag.py:4180} INFO - Setting next_dagrun for executing_multiple_tasks to 2025-07-16 00:00:00+00:00, run_after=2025-07-17 00:00:00+00:00
[2025-07-16T04:54:23.144+0000] {processor.py:208} INFO - Processing /opt/airflow/dags/execute_multiple_tasks.py took 0.081 seconds
[2025-07-16T04:54:40.503+0000] {processor.py:186} INFO - Started process (PID=54) to work on /opt/airflow/dags/execute_multiple_tasks.py
[2025-07-16T04:54:40.504+0000] {processor.py:914} INFO - Processing file /opt/airflow/dags/execute_multiple_tasks.py for tasks to queue
[2025-07-16T04:54:40.506+0000] {logging_mixin.py:190} INFO - [2025-07-16T04:54:40.506+0000] {dagbag.py:588} INFO - Filling up the DagBag from /opt/airflow/dags/execute_multiple_tasks.py
[2025-07-16T04:54:40.544+0000] {processor.py:925} INFO - DAG(s) 'executing_multiple_tasks' retrieved from /opt/airflow/dags/execute_multiple_tasks.py
[2025-07-16T04:54:40.562+0000] {logging_mixin.py:190} INFO - [2025-07-16T04:54:40.562+0000] {dag.py:3239} INFO - Sync 1 DAGs
[2025-07-16T04:54:40.577+0000] {logging_mixin.py:190} INFO - [2025-07-16T04:54:40.577+0000] {dag.py:4180} INFO - Setting next_dagrun for executing_multiple_tasks to 2025-07-16 00:00:00+00:00, run_after=2025-07-17 00:00:00+00:00
[2025-07-16T04:54:40.590+0000] {processor.py:208} INFO - Processing /opt/airflow/dags/execute_multiple_tasks.py took 0.090 seconds
[2025-07-16T04:55:10.658+0000] {processor.py:186} INFO - Started process (PID=69) to work on /opt/airflow/dags/execute_multiple_tasks.py
[2025-07-16T04:55:10.659+0000] {processor.py:914} INFO - Processing file /opt/airflow/dags/execute_multiple_tasks.py for tasks to queue
[2025-07-16T04:55:10.660+0000] {logging_mixin.py:190} INFO - [2025-07-16T04:55:10.660+0000] {dagbag.py:588} INFO - Filling up the DagBag from /opt/airflow/dags/execute_multiple_tasks.py
[2025-07-16T04:55:10.715+0000] {processor.py:925} INFO - DAG(s) 'executing_multiple_tasks' retrieved from /opt/airflow/dags/execute_multiple_tasks.py
[2025-07-16T04:55:10.740+0000] {logging_mixin.py:190} INFO - [2025-07-16T04:55:10.740+0000] {dag.py:3239} INFO - Sync 1 DAGs
[2025-07-16T04:55:10.757+0000] {logging_mixin.py:190} INFO - [2025-07-16T04:55:10.757+0000] {dag.py:4180} INFO - Setting next_dagrun for executing_multiple_tasks to 2025-07-16 00:00:00+00:00, run_after=2025-07-17 00:00:00+00:00
[2025-07-16T04:55:10.771+0000] {processor.py:208} INFO - Processing /opt/airflow/dags/execute_multiple_tasks.py took 0.118 seconds
[2025-07-16T04:55:41.013+0000] {processor.py:186} INFO - Started process (PID=92) to work on /opt/airflow/dags/execute_multiple_tasks.py
[2025-07-16T04:55:41.015+0000] {processor.py:914} INFO - Processing file /opt/airflow/dags/execute_multiple_tasks.py for tasks to queue
[2025-07-16T04:55:41.018+0000] {logging_mixin.py:190} INFO - [2025-07-16T04:55:41.017+0000] {dagbag.py:588} INFO - Filling up the DagBag from /opt/airflow/dags/execute_multiple_tasks.py
[2025-07-16T04:55:41.139+0000] {processor.py:925} INFO - DAG(s) 'executing_multiple_tasks' retrieved from /opt/airflow/dags/execute_multiple_tasks.py
[2025-07-16T04:55:41.160+0000] {logging_mixin.py:190} INFO - [2025-07-16T04:55:41.160+0000] {dag.py:3239} INFO - Sync 1 DAGs
[2025-07-16T04:55:41.176+0000] {logging_mixin.py:190} INFO - [2025-07-16T04:55:41.176+0000] {dag.py:4180} INFO - Setting next_dagrun for executing_multiple_tasks to 2025-07-16 00:00:00+00:00, run_after=2025-07-17 00:00:00+00:00
[2025-07-16T04:55:41.189+0000] {processor.py:208} INFO - Processing /opt/airflow/dags/execute_multiple_tasks.py took 0.181 seconds
[2025-07-16T04:56:11.498+0000] {processor.py:186} INFO - Started process (PID=116) to work on /opt/airflow/dags/execute_multiple_tasks.py
[2025-07-16T04:56:11.499+0000] {processor.py:914} INFO - Processing file /opt/airflow/dags/execute_multiple_tasks.py for tasks to queue
[2025-07-16T04:56:11.500+0000] {logging_mixin.py:190} INFO - [2025-07-16T04:56:11.500+0000] {dagbag.py:588} INFO - Filling up the DagBag from /opt/airflow/dags/execute_multiple_tasks.py
[2025-07-16T04:56:11.526+0000] {processor.py:925} INFO - DAG(s) 'executing_multiple_tasks' retrieved from /opt/airflow/dags/execute_multiple_tasks.py
[2025-07-16T04:56:11.542+0000] {logging_mixin.py:190} INFO - [2025-07-16T04:56:11.542+0000] {dag.py:3239} INFO - Sync 1 DAGs
[2025-07-16T04:56:11.557+0000] {logging_mixin.py:190} INFO - [2025-07-16T04:56:11.557+0000] {dag.py:4180} INFO - Setting next_dagrun for executing_multiple_tasks to 2025-07-16 00:00:00+00:00, run_after=2025-07-17 00:00:00+00:00
[2025-07-16T04:56:11.569+0000] {processor.py:208} INFO - Processing /opt/airflow/dags/execute_multiple_tasks.py took 0.074 seconds
[2025-07-16T04:56:41.817+0000] {processor.py:186} INFO - Started process (PID=140) to work on /opt/airflow/dags/execute_multiple_tasks.py
[2025-07-16T04:56:41.818+0000] {processor.py:914} INFO - Processing file /opt/airflow/dags/execute_multiple_tasks.py for tasks to queue
[2025-07-16T04:56:41.819+0000] {logging_mixin.py:190} INFO - [2025-07-16T04:56:41.819+0000] {dagbag.py:588} INFO - Filling up the DagBag from /opt/airflow/dags/execute_multiple_tasks.py
[2025-07-16T04:56:41.849+0000] {processor.py:925} INFO - DAG(s) 'executing_multiple_tasks' retrieved from /opt/airflow/dags/execute_multiple_tasks.py
[2025-07-16T04:56:41.867+0000] {logging_mixin.py:190} INFO - [2025-07-16T04:56:41.867+0000] {dag.py:3239} INFO - Sync 1 DAGs
[2025-07-16T04:56:41.882+0000] {logging_mixin.py:190} INFO - [2025-07-16T04:56:41.881+0000] {dag.py:4180} INFO - Setting next_dagrun for executing_multiple_tasks to 2025-07-16 00:00:00+00:00, run_after=2025-07-17 00:00:00+00:00
[2025-07-16T04:56:41.892+0000] {processor.py:208} INFO - Processing /opt/airflow/dags/execute_multiple_tasks.py took 0.079 seconds
[2025-07-16T04:57:12.099+0000] {processor.py:186} INFO - Started process (PID=164) to work on /opt/airflow/dags/execute_multiple_tasks.py
[2025-07-16T04:57:12.100+0000] {processor.py:914} INFO - Processing file /opt/airflow/dags/execute_multiple_tasks.py for tasks to queue
[2025-07-16T04:57:12.102+0000] {logging_mixin.py:190} INFO - [2025-07-16T04:57:12.101+0000] {dagbag.py:588} INFO - Filling up the DagBag from /opt/airflow/dags/execute_multiple_tasks.py
[2025-07-16T04:57:12.138+0000] {processor.py:925} INFO - DAG(s) 'executing_multiple_tasks' retrieved from /opt/airflow/dags/execute_multiple_tasks.py
[2025-07-16T04:57:12.156+0000] {logging_mixin.py:190} INFO - [2025-07-16T04:57:12.156+0000] {dag.py:3239} INFO - Sync 1 DAGs
[2025-07-16T04:57:12.171+0000] {logging_mixin.py:190} INFO - [2025-07-16T04:57:12.171+0000] {dag.py:4180} INFO - Setting next_dagrun for executing_multiple_tasks to 2025-07-16 00:00:00+00:00, run_after=2025-07-17 00:00:00+00:00
[2025-07-16T04:57:12.182+0000] {processor.py:208} INFO - Processing /opt/airflow/dags/execute_multiple_tasks.py took 0.087 seconds
[2025-07-16T04:57:42.563+0000] {processor.py:186} INFO - Started process (PID=188) to work on /opt/airflow/dags/execute_multiple_tasks.py
[2025-07-16T04:57:42.564+0000] {processor.py:914} INFO - Processing file /opt/airflow/dags/execute_multiple_tasks.py for tasks to queue
[2025-07-16T04:57:42.566+0000] {logging_mixin.py:190} INFO - [2025-07-16T04:57:42.566+0000] {dagbag.py:588} INFO - Filling up the DagBag from /opt/airflow/dags/execute_multiple_tasks.py
[2025-07-16T04:57:42.609+0000] {processor.py:925} INFO - DAG(s) 'executing_multiple_tasks' retrieved from /opt/airflow/dags/execute_multiple_tasks.py
[2025-07-16T04:57:42.627+0000] {logging_mixin.py:190} INFO - [2025-07-16T04:57:42.627+0000] {dag.py:3239} INFO - Sync 1 DAGs
[2025-07-16T04:57:42.643+0000] {logging_mixin.py:190} INFO - [2025-07-16T04:57:42.643+0000] {dag.py:4180} INFO - Setting next_dagrun for executing_multiple_tasks to 2025-07-16 00:00:00+00:00, run_after=2025-07-17 00:00:00+00:00
[2025-07-16T04:57:42.655+0000] {processor.py:208} INFO - Processing /opt/airflow/dags/execute_multiple_tasks.py took 0.096 seconds
[2025-07-16T04:58:12.678+0000] {processor.py:186} INFO - Started process (PID=212) to work on /opt/airflow/dags/execute_multiple_tasks.py
[2025-07-16T04:58:12.679+0000] {processor.py:914} INFO - Processing file /opt/airflow/dags/execute_multiple_tasks.py for tasks to queue
[2025-07-16T04:58:12.681+0000] {logging_mixin.py:190} INFO - [2025-07-16T04:58:12.680+0000] {dagbag.py:588} INFO - Filling up the DagBag from /opt/airflow/dags/execute_multiple_tasks.py
[2025-07-16T04:58:12.717+0000] {processor.py:925} INFO - DAG(s) 'executing_multiple_tasks' retrieved from /opt/airflow/dags/execute_multiple_tasks.py
[2025-07-16T04:58:12.736+0000] {logging_mixin.py:190} INFO - [2025-07-16T04:58:12.736+0000] {dag.py:3239} INFO - Sync 1 DAGs
[2025-07-16T04:58:12.751+0000] {logging_mixin.py:190} INFO - [2025-07-16T04:58:12.750+0000] {dag.py:4180} INFO - Setting next_dagrun for executing_multiple_tasks to 2025-07-16 00:00:00+00:00, run_after=2025-07-17 00:00:00+00:00
[2025-07-16T04:58:12.762+0000] {processor.py:208} INFO - Processing /opt/airflow/dags/execute_multiple_tasks.py took 0.087 seconds
[2025-07-16T04:58:42.910+0000] {processor.py:186} INFO - Started process (PID=236) to work on /opt/airflow/dags/execute_multiple_tasks.py
[2025-07-16T04:58:42.910+0000] {processor.py:914} INFO - Processing file /opt/airflow/dags/execute_multiple_tasks.py for tasks to queue
[2025-07-16T04:58:42.912+0000] {logging_mixin.py:190} INFO - [2025-07-16T04:58:42.912+0000] {dagbag.py:588} INFO - Filling up the DagBag from /opt/airflow/dags/execute_multiple_tasks.py
[2025-07-16T04:58:42.947+0000] {processor.py:925} INFO - DAG(s) 'executing_multiple_tasks' retrieved from /opt/airflow/dags/execute_multiple_tasks.py
[2025-07-16T04:58:42.964+0000] {logging_mixin.py:190} INFO - [2025-07-16T04:58:42.964+0000] {dag.py:3239} INFO - Sync 1 DAGs
[2025-07-16T04:58:42.981+0000] {logging_mixin.py:190} INFO - [2025-07-16T04:58:42.980+0000] {dag.py:4180} INFO - Setting next_dagrun for executing_multiple_tasks to 2025-07-16 00:00:00+00:00, run_after=2025-07-17 00:00:00+00:00
[2025-07-16T04:58:42.993+0000] {processor.py:208} INFO - Processing /opt/airflow/dags/execute_multiple_tasks.py took 0.087 seconds
