[2025-07-16T02:39:32.485+0000] {processor.py:161} INFO - Started process (PID=4500) to work on /opt/airflow/dags/execute_xcom.py
[2025-07-16T02:39:32.487+0000] {processor.py:830} INFO - Processing file /opt/airflow/dags/execute_xcom.py for tasks to queue
[2025-07-16T02:39:32.488+0000] {logging_mixin.py:188} INFO - [2025-07-16T02:39:32.487+0000] {dagbag.py:538} INFO - Filling up the DagBag from /opt/airflow/dags/execute_xcom.py
[2025-07-16T02:39:32.514+0000] {processor.py:840} INFO - DAG(s) 'cross_task_communication' retrieved from /opt/airflow/dags/execute_xcom.py
[2025-07-16T02:39:32.612+0000] {logging_mixin.py:188} INFO - [2025-07-16T02:39:32.612+0000] {dag.py:3036} INFO - Sync 1 DAGs
[2025-07-16T02:39:32.641+0000] {logging_mixin.py:188} INFO - [2025-07-16T02:39:32.640+0000] {dag.py:3823} INFO - Setting next_dagrun for cross_task_communication to 2025-07-15 00:00:00+00:00, run_after=2025-07-16 00:00:00+00:00
[2025-07-16T02:39:32.699+0000] {processor.py:183} INFO - Processing /opt/airflow/dags/execute_xcom.py took 0.217 seconds
[2025-07-16T02:40:02.807+0000] {processor.py:161} INFO - Started process (PID=4640) to work on /opt/airflow/dags/execute_xcom.py
[2025-07-16T02:40:02.808+0000] {processor.py:830} INFO - Processing file /opt/airflow/dags/execute_xcom.py for tasks to queue
[2025-07-16T02:40:02.809+0000] {logging_mixin.py:188} INFO - [2025-07-16T02:40:02.808+0000] {dagbag.py:538} INFO - Filling up the DagBag from /opt/airflow/dags/execute_xcom.py
[2025-07-16T02:40:02.824+0000] {processor.py:840} INFO - DAG(s) 'cross_task_communication' retrieved from /opt/airflow/dags/execute_xcom.py
[2025-07-16T02:40:02.840+0000] {logging_mixin.py:188} INFO - [2025-07-16T02:40:02.840+0000] {dag.py:3036} INFO - Sync 1 DAGs
[2025-07-16T02:40:02.855+0000] {logging_mixin.py:188} INFO - [2025-07-16T02:40:02.855+0000] {dag.py:3823} INFO - Setting next_dagrun for cross_task_communication to 2025-07-15 00:00:00+00:00, run_after=2025-07-16 00:00:00+00:00
[2025-07-16T02:40:02.867+0000] {processor.py:183} INFO - Processing /opt/airflow/dags/execute_xcom.py took 0.063 seconds
[2025-07-16T02:40:32.925+0000] {processor.py:161} INFO - Started process (PID=4781) to work on /opt/airflow/dags/execute_xcom.py
[2025-07-16T02:40:32.926+0000] {processor.py:830} INFO - Processing file /opt/airflow/dags/execute_xcom.py for tasks to queue
[2025-07-16T02:40:32.927+0000] {logging_mixin.py:188} INFO - [2025-07-16T02:40:32.927+0000] {dagbag.py:538} INFO - Filling up the DagBag from /opt/airflow/dags/execute_xcom.py
[2025-07-16T02:40:32.941+0000] {processor.py:840} INFO - DAG(s) 'cross_task_communication' retrieved from /opt/airflow/dags/execute_xcom.py
[2025-07-16T02:40:32.959+0000] {logging_mixin.py:188} INFO - [2025-07-16T02:40:32.958+0000] {dag.py:3036} INFO - Sync 1 DAGs
[2025-07-16T02:40:32.973+0000] {logging_mixin.py:188} INFO - [2025-07-16T02:40:32.973+0000] {dag.py:3823} INFO - Setting next_dagrun for cross_task_communication to 2025-07-15 00:00:00+00:00, run_after=2025-07-16 00:00:00+00:00
[2025-07-16T02:40:32.986+0000] {processor.py:183} INFO - Processing /opt/airflow/dags/execute_xcom.py took 0.063 seconds
[2025-07-16T02:41:03.110+0000] {processor.py:161} INFO - Started process (PID=4921) to work on /opt/airflow/dags/execute_xcom.py
[2025-07-16T02:41:03.111+0000] {processor.py:830} INFO - Processing file /opt/airflow/dags/execute_xcom.py for tasks to queue
[2025-07-16T02:41:03.112+0000] {logging_mixin.py:188} INFO - [2025-07-16T02:41:03.112+0000] {dagbag.py:538} INFO - Filling up the DagBag from /opt/airflow/dags/execute_xcom.py
[2025-07-16T02:41:03.123+0000] {processor.py:840} INFO - DAG(s) 'cross_task_communication' retrieved from /opt/airflow/dags/execute_xcom.py
[2025-07-16T02:41:03.139+0000] {logging_mixin.py:188} INFO - [2025-07-16T02:41:03.139+0000] {dag.py:3036} INFO - Sync 1 DAGs
[2025-07-16T02:41:03.152+0000] {logging_mixin.py:188} INFO - [2025-07-16T02:41:03.152+0000] {dag.py:3823} INFO - Setting next_dagrun for cross_task_communication to 2025-07-15 00:00:00+00:00, run_after=2025-07-16 00:00:00+00:00
[2025-07-16T02:41:03.164+0000] {processor.py:183} INFO - Processing /opt/airflow/dags/execute_xcom.py took 0.056 seconds
[2025-07-16T02:41:33.700+0000] {processor.py:161} INFO - Started process (PID=5062) to work on /opt/airflow/dags/execute_xcom.py
[2025-07-16T02:41:33.701+0000] {processor.py:830} INFO - Processing file /opt/airflow/dags/execute_xcom.py for tasks to queue
[2025-07-16T02:41:33.701+0000] {logging_mixin.py:188} INFO - [2025-07-16T02:41:33.701+0000] {dagbag.py:538} INFO - Filling up the DagBag from /opt/airflow/dags/execute_xcom.py
[2025-07-16T02:41:33.715+0000] {processor.py:840} INFO - DAG(s) 'cross_task_communication' retrieved from /opt/airflow/dags/execute_xcom.py
[2025-07-16T02:41:33.731+0000] {logging_mixin.py:188} INFO - [2025-07-16T02:41:33.731+0000] {dag.py:3036} INFO - Sync 1 DAGs
[2025-07-16T02:41:33.745+0000] {logging_mixin.py:188} INFO - [2025-07-16T02:41:33.745+0000] {dag.py:3823} INFO - Setting next_dagrun for cross_task_communication to 2025-07-15 00:00:00+00:00, run_after=2025-07-16 00:00:00+00:00
[2025-07-16T02:41:33.768+0000] {processor.py:183} INFO - Processing /opt/airflow/dags/execute_xcom.py took 0.071 seconds
[2025-07-16T02:42:04.325+0000] {processor.py:161} INFO - Started process (PID=5203) to work on /opt/airflow/dags/execute_xcom.py
[2025-07-16T02:42:04.326+0000] {processor.py:830} INFO - Processing file /opt/airflow/dags/execute_xcom.py for tasks to queue
[2025-07-16T02:42:04.326+0000] {logging_mixin.py:188} INFO - [2025-07-16T02:42:04.326+0000] {dagbag.py:538} INFO - Filling up the DagBag from /opt/airflow/dags/execute_xcom.py
[2025-07-16T02:42:04.338+0000] {processor.py:840} INFO - DAG(s) 'cross_task_communication' retrieved from /opt/airflow/dags/execute_xcom.py
[2025-07-16T02:42:04.356+0000] {logging_mixin.py:188} INFO - [2025-07-16T02:42:04.356+0000] {dag.py:3036} INFO - Sync 1 DAGs
[2025-07-16T02:42:04.372+0000] {logging_mixin.py:188} INFO - [2025-07-16T02:42:04.372+0000] {dag.py:3823} INFO - Setting next_dagrun for cross_task_communication to 2025-07-15 00:00:00+00:00, run_after=2025-07-16 00:00:00+00:00
[2025-07-16T02:42:04.392+0000] {processor.py:183} INFO - Processing /opt/airflow/dags/execute_xcom.py took 0.069 seconds
[2025-07-16T02:42:35.076+0000] {processor.py:161} INFO - Started process (PID=5346) to work on /opt/airflow/dags/execute_xcom.py
[2025-07-16T02:42:35.077+0000] {processor.py:830} INFO - Processing file /opt/airflow/dags/execute_xcom.py for tasks to queue
[2025-07-16T02:42:35.077+0000] {logging_mixin.py:188} INFO - [2025-07-16T02:42:35.077+0000] {dagbag.py:538} INFO - Filling up the DagBag from /opt/airflow/dags/execute_xcom.py
[2025-07-16T02:42:35.091+0000] {processor.py:840} INFO - DAG(s) 'cross_task_communication' retrieved from /opt/airflow/dags/execute_xcom.py
[2025-07-16T02:42:35.109+0000] {logging_mixin.py:188} INFO - [2025-07-16T02:42:35.109+0000] {dag.py:3036} INFO - Sync 1 DAGs
[2025-07-16T02:42:35.124+0000] {logging_mixin.py:188} INFO - [2025-07-16T02:42:35.124+0000] {dag.py:3823} INFO - Setting next_dagrun for cross_task_communication to 2025-07-15 00:00:00+00:00, run_after=2025-07-16 00:00:00+00:00
[2025-07-16T02:42:35.143+0000] {processor.py:183} INFO - Processing /opt/airflow/dags/execute_xcom.py took 0.069 seconds
[2025-07-16T02:43:05.631+0000] {processor.py:161} INFO - Started process (PID=5488) to work on /opt/airflow/dags/execute_xcom.py
[2025-07-16T02:43:05.632+0000] {processor.py:830} INFO - Processing file /opt/airflow/dags/execute_xcom.py for tasks to queue
[2025-07-16T02:43:05.632+0000] {logging_mixin.py:188} INFO - [2025-07-16T02:43:05.632+0000] {dagbag.py:538} INFO - Filling up the DagBag from /opt/airflow/dags/execute_xcom.py
[2025-07-16T02:43:05.646+0000] {processor.py:840} INFO - DAG(s) 'cross_task_communication' retrieved from /opt/airflow/dags/execute_xcom.py
[2025-07-16T02:43:05.661+0000] {logging_mixin.py:188} INFO - [2025-07-16T02:43:05.661+0000] {dag.py:3036} INFO - Sync 1 DAGs
[2025-07-16T02:43:05.675+0000] {logging_mixin.py:188} INFO - [2025-07-16T02:43:05.675+0000] {dag.py:3823} INFO - Setting next_dagrun for cross_task_communication to 2025-07-15 00:00:00+00:00, run_after=2025-07-16 00:00:00+00:00
[2025-07-16T02:43:05.687+0000] {processor.py:183} INFO - Processing /opt/airflow/dags/execute_xcom.py took 0.059 seconds
[2025-07-16T02:43:36.147+0000] {processor.py:161} INFO - Started process (PID=5630) to work on /opt/airflow/dags/execute_xcom.py
[2025-07-16T02:43:36.148+0000] {processor.py:830} INFO - Processing file /opt/airflow/dags/execute_xcom.py for tasks to queue
[2025-07-16T02:43:36.148+0000] {logging_mixin.py:188} INFO - [2025-07-16T02:43:36.148+0000] {dagbag.py:538} INFO - Filling up the DagBag from /opt/airflow/dags/execute_xcom.py
[2025-07-16T02:43:36.160+0000] {processor.py:840} INFO - DAG(s) 'cross_task_communication' retrieved from /opt/airflow/dags/execute_xcom.py
[2025-07-16T02:43:36.175+0000] {logging_mixin.py:188} INFO - [2025-07-16T02:43:36.175+0000] {dag.py:3036} INFO - Sync 1 DAGs
[2025-07-16T02:43:36.189+0000] {logging_mixin.py:188} INFO - [2025-07-16T02:43:36.189+0000] {dag.py:3823} INFO - Setting next_dagrun for cross_task_communication to 2025-07-15 00:00:00+00:00, run_after=2025-07-16 00:00:00+00:00
[2025-07-16T02:43:36.201+0000] {processor.py:183} INFO - Processing /opt/airflow/dags/execute_xcom.py took 0.057 seconds
[2025-07-16T02:44:06.670+0000] {processor.py:161} INFO - Started process (PID=5771) to work on /opt/airflow/dags/execute_xcom.py
[2025-07-16T02:44:06.671+0000] {processor.py:830} INFO - Processing file /opt/airflow/dags/execute_xcom.py for tasks to queue
[2025-07-16T02:44:06.672+0000] {logging_mixin.py:188} INFO - [2025-07-16T02:44:06.672+0000] {dagbag.py:538} INFO - Filling up the DagBag from /opt/airflow/dags/execute_xcom.py
[2025-07-16T02:44:06.687+0000] {processor.py:840} INFO - DAG(s) 'cross_task_communication' retrieved from /opt/airflow/dags/execute_xcom.py
[2025-07-16T02:44:06.705+0000] {logging_mixin.py:188} INFO - [2025-07-16T02:44:06.704+0000] {dag.py:3036} INFO - Sync 1 DAGs
[2025-07-16T02:44:06.719+0000] {logging_mixin.py:188} INFO - [2025-07-16T02:44:06.719+0000] {dag.py:3823} INFO - Setting next_dagrun for cross_task_communication to 2025-07-15 00:00:00+00:00, run_after=2025-07-16 00:00:00+00:00
[2025-07-16T02:44:06.731+0000] {processor.py:183} INFO - Processing /opt/airflow/dags/execute_xcom.py took 0.063 seconds
[2025-07-16T02:44:37.322+0000] {processor.py:161} INFO - Started process (PID=5913) to work on /opt/airflow/dags/execute_xcom.py
[2025-07-16T02:44:37.323+0000] {processor.py:830} INFO - Processing file /opt/airflow/dags/execute_xcom.py for tasks to queue
[2025-07-16T02:44:37.323+0000] {logging_mixin.py:188} INFO - [2025-07-16T02:44:37.323+0000] {dagbag.py:538} INFO - Filling up the DagBag from /opt/airflow/dags/execute_xcom.py
[2025-07-16T02:44:37.335+0000] {processor.py:840} INFO - DAG(s) 'cross_task_communication' retrieved from /opt/airflow/dags/execute_xcom.py
[2025-07-16T02:44:37.353+0000] {logging_mixin.py:188} INFO - [2025-07-16T02:44:37.353+0000] {dag.py:3036} INFO - Sync 1 DAGs
[2025-07-16T02:44:37.365+0000] {logging_mixin.py:188} INFO - [2025-07-16T02:44:37.365+0000] {dag.py:3823} INFO - Setting next_dagrun for cross_task_communication to 2025-07-15 00:00:00+00:00, run_after=2025-07-16 00:00:00+00:00
[2025-07-16T02:44:37.376+0000] {processor.py:183} INFO - Processing /opt/airflow/dags/execute_xcom.py took 0.056 seconds
[2025-07-16T02:45:07.514+0000] {processor.py:161} INFO - Started process (PID=6055) to work on /opt/airflow/dags/execute_xcom.py
[2025-07-16T02:45:07.515+0000] {processor.py:830} INFO - Processing file /opt/airflow/dags/execute_xcom.py for tasks to queue
[2025-07-16T02:45:07.516+0000] {logging_mixin.py:188} INFO - [2025-07-16T02:45:07.515+0000] {dagbag.py:538} INFO - Filling up the DagBag from /opt/airflow/dags/execute_xcom.py
[2025-07-16T02:45:07.527+0000] {processor.py:840} INFO - DAG(s) 'cross_task_communication' retrieved from /opt/airflow/dags/execute_xcom.py
[2025-07-16T02:45:07.542+0000] {logging_mixin.py:188} INFO - [2025-07-16T02:45:07.542+0000] {dag.py:3036} INFO - Sync 1 DAGs
[2025-07-16T02:45:07.556+0000] {logging_mixin.py:188} INFO - [2025-07-16T02:45:07.556+0000] {dag.py:3823} INFO - Setting next_dagrun for cross_task_communication to 2025-07-15 00:00:00+00:00, run_after=2025-07-16 00:00:00+00:00
[2025-07-16T02:45:07.567+0000] {processor.py:183} INFO - Processing /opt/airflow/dags/execute_xcom.py took 0.055 seconds
[2025-07-16T02:45:38.459+0000] {processor.py:161} INFO - Started process (PID=6195) to work on /opt/airflow/dags/execute_xcom.py
[2025-07-16T02:45:38.459+0000] {processor.py:830} INFO - Processing file /opt/airflow/dags/execute_xcom.py for tasks to queue
[2025-07-16T02:45:38.460+0000] {logging_mixin.py:188} INFO - [2025-07-16T02:45:38.460+0000] {dagbag.py:538} INFO - Filling up the DagBag from /opt/airflow/dags/execute_xcom.py
[2025-07-16T02:45:38.472+0000] {processor.py:840} INFO - DAG(s) 'cross_task_communication' retrieved from /opt/airflow/dags/execute_xcom.py
[2025-07-16T02:45:38.486+0000] {logging_mixin.py:188} INFO - [2025-07-16T02:45:38.486+0000] {dag.py:3036} INFO - Sync 1 DAGs
[2025-07-16T02:45:38.500+0000] {logging_mixin.py:188} INFO - [2025-07-16T02:45:38.499+0000] {dag.py:3823} INFO - Setting next_dagrun for cross_task_communication to 2025-07-15 00:00:00+00:00, run_after=2025-07-16 00:00:00+00:00
[2025-07-16T02:45:38.518+0000] {processor.py:183} INFO - Processing /opt/airflow/dags/execute_xcom.py took 0.061 seconds
[2025-07-16T02:46:09.146+0000] {processor.py:161} INFO - Started process (PID=6338) to work on /opt/airflow/dags/execute_xcom.py
[2025-07-16T02:46:09.147+0000] {processor.py:830} INFO - Processing file /opt/airflow/dags/execute_xcom.py for tasks to queue
[2025-07-16T02:46:09.148+0000] {logging_mixin.py:188} INFO - [2025-07-16T02:46:09.147+0000] {dagbag.py:538} INFO - Filling up the DagBag from /opt/airflow/dags/execute_xcom.py
[2025-07-16T02:46:09.162+0000] {processor.py:840} INFO - DAG(s) 'cross_task_communication' retrieved from /opt/airflow/dags/execute_xcom.py
[2025-07-16T02:46:09.177+0000] {logging_mixin.py:188} INFO - [2025-07-16T02:46:09.177+0000] {dag.py:3036} INFO - Sync 1 DAGs
[2025-07-16T02:46:09.190+0000] {logging_mixin.py:188} INFO - [2025-07-16T02:46:09.189+0000] {dag.py:3823} INFO - Setting next_dagrun for cross_task_communication to 2025-07-15 00:00:00+00:00, run_after=2025-07-16 00:00:00+00:00
[2025-07-16T02:46:09.201+0000] {processor.py:183} INFO - Processing /opt/airflow/dags/execute_xcom.py took 0.057 seconds
[2025-07-16T02:46:39.873+0000] {processor.py:161} INFO - Started process (PID=6479) to work on /opt/airflow/dags/execute_xcom.py
[2025-07-16T02:46:39.873+0000] {processor.py:830} INFO - Processing file /opt/airflow/dags/execute_xcom.py for tasks to queue
[2025-07-16T02:46:39.874+0000] {logging_mixin.py:188} INFO - [2025-07-16T02:46:39.874+0000] {dagbag.py:538} INFO - Filling up the DagBag from /opt/airflow/dags/execute_xcom.py
[2025-07-16T02:46:39.888+0000] {processor.py:840} INFO - DAG(s) 'cross_task_communication' retrieved from /opt/airflow/dags/execute_xcom.py
[2025-07-16T02:46:39.903+0000] {logging_mixin.py:188} INFO - [2025-07-16T02:46:39.903+0000] {dag.py:3036} INFO - Sync 1 DAGs
[2025-07-16T02:46:39.917+0000] {logging_mixin.py:188} INFO - [2025-07-16T02:46:39.917+0000] {dag.py:3823} INFO - Setting next_dagrun for cross_task_communication to 2025-07-15 00:00:00+00:00, run_after=2025-07-16 00:00:00+00:00
[2025-07-16T02:46:39.939+0000] {processor.py:183} INFO - Processing /opt/airflow/dags/execute_xcom.py took 0.069 seconds
[2025-07-16T02:47:10.634+0000] {processor.py:161} INFO - Started process (PID=6621) to work on /opt/airflow/dags/execute_xcom.py
[2025-07-16T02:47:10.634+0000] {processor.py:830} INFO - Processing file /opt/airflow/dags/execute_xcom.py for tasks to queue
[2025-07-16T02:47:10.635+0000] {logging_mixin.py:188} INFO - [2025-07-16T02:47:10.635+0000] {dagbag.py:538} INFO - Filling up the DagBag from /opt/airflow/dags/execute_xcom.py
[2025-07-16T02:47:10.648+0000] {processor.py:840} INFO - DAG(s) 'cross_task_communication' retrieved from /opt/airflow/dags/execute_xcom.py
[2025-07-16T02:47:10.664+0000] {logging_mixin.py:188} INFO - [2025-07-16T02:47:10.663+0000] {dag.py:3036} INFO - Sync 1 DAGs
[2025-07-16T02:47:10.676+0000] {logging_mixin.py:188} INFO - [2025-07-16T02:47:10.675+0000] {dag.py:3823} INFO - Setting next_dagrun for cross_task_communication to 2025-07-15 00:00:00+00:00, run_after=2025-07-16 00:00:00+00:00
[2025-07-16T02:47:10.697+0000] {processor.py:183} INFO - Processing /opt/airflow/dags/execute_xcom.py took 0.065 seconds
[2025-07-16T02:47:41.355+0000] {processor.py:161} INFO - Started process (PID=6767) to work on /opt/airflow/dags/execute_xcom.py
[2025-07-16T02:47:41.356+0000] {processor.py:830} INFO - Processing file /opt/airflow/dags/execute_xcom.py for tasks to queue
[2025-07-16T02:47:41.356+0000] {logging_mixin.py:188} INFO - [2025-07-16T02:47:41.356+0000] {dagbag.py:538} INFO - Filling up the DagBag from /opt/airflow/dags/execute_xcom.py
[2025-07-16T02:47:41.368+0000] {processor.py:840} INFO - DAG(s) 'cross_task_communication' retrieved from /opt/airflow/dags/execute_xcom.py
[2025-07-16T02:47:41.383+0000] {logging_mixin.py:188} INFO - [2025-07-16T02:47:41.383+0000] {dag.py:3036} INFO - Sync 1 DAGs
[2025-07-16T02:47:41.397+0000] {logging_mixin.py:188} INFO - [2025-07-16T02:47:41.397+0000] {dag.py:3823} INFO - Setting next_dagrun for cross_task_communication to 2025-07-15 00:00:00+00:00, run_after=2025-07-16 00:00:00+00:00
[2025-07-16T02:47:41.408+0000] {processor.py:183} INFO - Processing /opt/airflow/dags/execute_xcom.py took 0.055 seconds
[2025-07-16T02:48:12.299+0000] {processor.py:161} INFO - Started process (PID=6782) to work on /opt/airflow/dags/execute_xcom.py
[2025-07-16T02:48:12.299+0000] {processor.py:830} INFO - Processing file /opt/airflow/dags/execute_xcom.py for tasks to queue
[2025-07-16T02:48:12.300+0000] {logging_mixin.py:188} INFO - [2025-07-16T02:48:12.300+0000] {dagbag.py:538} INFO - Filling up the DagBag from /opt/airflow/dags/execute_xcom.py
[2025-07-16T02:48:12.314+0000] {processor.py:840} INFO - DAG(s) 'cross_task_communication' retrieved from /opt/airflow/dags/execute_xcom.py
[2025-07-16T02:48:12.329+0000] {logging_mixin.py:188} INFO - [2025-07-16T02:48:12.329+0000] {dag.py:3036} INFO - Sync 1 DAGs
[2025-07-16T02:48:12.344+0000] {logging_mixin.py:188} INFO - [2025-07-16T02:48:12.344+0000] {dag.py:3823} INFO - Setting next_dagrun for cross_task_communication to 2025-07-15 00:00:00+00:00, run_after=2025-07-16 00:00:00+00:00
[2025-07-16T02:48:12.356+0000] {processor.py:183} INFO - Processing /opt/airflow/dags/execute_xcom.py took 0.060 seconds
[2025-07-16T02:48:57.240+0000] {processor.py:161} INFO - Started process (PID=65) to work on /opt/airflow/dags/execute_xcom.py
[2025-07-16T02:48:57.241+0000] {processor.py:830} INFO - Processing file /opt/airflow/dags/execute_xcom.py for tasks to queue
[2025-07-16T02:48:57.241+0000] {logging_mixin.py:188} INFO - [2025-07-16T02:48:57.241+0000] {dagbag.py:538} INFO - Filling up the DagBag from /opt/airflow/dags/execute_xcom.py
[2025-07-16T02:48:57.268+0000] {processor.py:840} INFO - DAG(s) 'cross_task_communication' retrieved from /opt/airflow/dags/execute_xcom.py
[2025-07-16T02:48:57.289+0000] {logging_mixin.py:188} INFO - [2025-07-16T02:48:57.289+0000] {dag.py:3036} INFO - Sync 1 DAGs
[2025-07-16T02:48:57.313+0000] {logging_mixin.py:188} INFO - [2025-07-16T02:48:57.313+0000] {dag.py:3823} INFO - Setting next_dagrun for cross_task_communication to 2025-07-15 00:00:00+00:00, run_after=2025-07-16 00:00:00+00:00
[2025-07-16T02:48:57.331+0000] {processor.py:183} INFO - Processing /opt/airflow/dags/execute_xcom.py took 0.093 seconds
[2025-07-16T02:49:27.983+0000] {processor.py:161} INFO - Started process (PID=234) to work on /opt/airflow/dags/execute_xcom.py
[2025-07-16T02:49:27.984+0000] {processor.py:830} INFO - Processing file /opt/airflow/dags/execute_xcom.py for tasks to queue
[2025-07-16T02:49:27.984+0000] {logging_mixin.py:188} INFO - [2025-07-16T02:49:27.984+0000] {dagbag.py:538} INFO - Filling up the DagBag from /opt/airflow/dags/execute_xcom.py
[2025-07-16T02:49:27.997+0000] {processor.py:840} INFO - DAG(s) 'cross_task_communication' retrieved from /opt/airflow/dags/execute_xcom.py
[2025-07-16T02:49:28.013+0000] {logging_mixin.py:188} INFO - [2025-07-16T02:49:28.013+0000] {dag.py:3036} INFO - Sync 1 DAGs
[2025-07-16T02:49:28.028+0000] {logging_mixin.py:188} INFO - [2025-07-16T02:49:28.028+0000] {dag.py:3823} INFO - Setting next_dagrun for cross_task_communication to 2025-07-15 00:00:00+00:00, run_after=2025-07-16 00:00:00+00:00
[2025-07-16T02:49:28.040+0000] {processor.py:183} INFO - Processing /opt/airflow/dags/execute_xcom.py took 0.060 seconds
[2025-07-16T02:49:58.801+0000] {processor.py:161} INFO - Started process (PID=373) to work on /opt/airflow/dags/execute_xcom.py
[2025-07-16T02:49:58.802+0000] {processor.py:830} INFO - Processing file /opt/airflow/dags/execute_xcom.py for tasks to queue
[2025-07-16T02:49:58.803+0000] {logging_mixin.py:188} INFO - [2025-07-16T02:49:58.802+0000] {dagbag.py:538} INFO - Filling up the DagBag from /opt/airflow/dags/execute_xcom.py
[2025-07-16T02:49:58.815+0000] {processor.py:840} INFO - DAG(s) 'cross_task_communication' retrieved from /opt/airflow/dags/execute_xcom.py
[2025-07-16T02:49:58.833+0000] {logging_mixin.py:188} INFO - [2025-07-16T02:49:58.833+0000] {dag.py:3036} INFO - Sync 1 DAGs
[2025-07-16T02:49:58.848+0000] {logging_mixin.py:188} INFO - [2025-07-16T02:49:58.848+0000] {dag.py:3823} INFO - Setting next_dagrun for cross_task_communication to 2025-07-15 00:00:00+00:00, run_after=2025-07-16 00:00:00+00:00
[2025-07-16T02:49:58.862+0000] {processor.py:183} INFO - Processing /opt/airflow/dags/execute_xcom.py took 0.063 seconds
[2025-07-16T02:50:29.388+0000] {processor.py:161} INFO - Started process (PID=515) to work on /opt/airflow/dags/execute_xcom.py
[2025-07-16T02:50:29.389+0000] {processor.py:830} INFO - Processing file /opt/airflow/dags/execute_xcom.py for tasks to queue
[2025-07-16T02:50:29.389+0000] {logging_mixin.py:188} INFO - [2025-07-16T02:50:29.389+0000] {dagbag.py:538} INFO - Filling up the DagBag from /opt/airflow/dags/execute_xcom.py
[2025-07-16T02:50:29.401+0000] {processor.py:840} INFO - DAG(s) 'cross_task_communication' retrieved from /opt/airflow/dags/execute_xcom.py
[2025-07-16T02:50:29.418+0000] {logging_mixin.py:188} INFO - [2025-07-16T02:50:29.418+0000] {dag.py:3036} INFO - Sync 1 DAGs
[2025-07-16T02:50:29.433+0000] {logging_mixin.py:188} INFO - [2025-07-16T02:50:29.432+0000] {dag.py:3823} INFO - Setting next_dagrun for cross_task_communication to 2025-07-15 00:00:00+00:00, run_after=2025-07-16 00:00:00+00:00
[2025-07-16T02:50:29.444+0000] {processor.py:183} INFO - Processing /opt/airflow/dags/execute_xcom.py took 0.058 seconds
[2025-07-16T02:51:00.163+0000] {processor.py:161} INFO - Started process (PID=658) to work on /opt/airflow/dags/execute_xcom.py
[2025-07-16T02:51:00.164+0000] {processor.py:830} INFO - Processing file /opt/airflow/dags/execute_xcom.py for tasks to queue
[2025-07-16T02:51:00.165+0000] {logging_mixin.py:188} INFO - [2025-07-16T02:51:00.165+0000] {dagbag.py:538} INFO - Filling up the DagBag from /opt/airflow/dags/execute_xcom.py
[2025-07-16T02:51:00.184+0000] {processor.py:840} INFO - DAG(s) 'cross_task_communication' retrieved from /opt/airflow/dags/execute_xcom.py
[2025-07-16T02:51:00.209+0000] {logging_mixin.py:188} INFO - [2025-07-16T02:51:00.209+0000] {dag.py:3036} INFO - Sync 1 DAGs
[2025-07-16T02:51:00.224+0000] {logging_mixin.py:188} INFO - [2025-07-16T02:51:00.224+0000] {dag.py:3823} INFO - Setting next_dagrun for cross_task_communication to 2025-07-15 00:00:00+00:00, run_after=2025-07-16 00:00:00+00:00
[2025-07-16T02:51:00.236+0000] {processor.py:183} INFO - Processing /opt/airflow/dags/execute_xcom.py took 0.076 seconds
[2025-07-16T02:51:30.780+0000] {processor.py:161} INFO - Started process (PID=801) to work on /opt/airflow/dags/execute_xcom.py
[2025-07-16T02:51:30.781+0000] {processor.py:830} INFO - Processing file /opt/airflow/dags/execute_xcom.py for tasks to queue
[2025-07-16T02:51:30.782+0000] {logging_mixin.py:188} INFO - [2025-07-16T02:51:30.781+0000] {dagbag.py:538} INFO - Filling up the DagBag from /opt/airflow/dags/execute_xcom.py
[2025-07-16T02:51:30.793+0000] {processor.py:840} INFO - DAG(s) 'cross_task_communication' retrieved from /opt/airflow/dags/execute_xcom.py
[2025-07-16T02:51:30.811+0000] {logging_mixin.py:188} INFO - [2025-07-16T02:51:30.811+0000] {dag.py:3036} INFO - Sync 1 DAGs
[2025-07-16T02:51:30.825+0000] {logging_mixin.py:188} INFO - [2025-07-16T02:51:30.825+0000] {dag.py:3823} INFO - Setting next_dagrun for cross_task_communication to 2025-07-15 00:00:00+00:00, run_after=2025-07-16 00:00:00+00:00
[2025-07-16T02:51:30.836+0000] {processor.py:183} INFO - Processing /opt/airflow/dags/execute_xcom.py took 0.058 seconds
[2025-07-16T02:52:00.920+0000] {processor.py:161} INFO - Started process (PID=943) to work on /opt/airflow/dags/execute_xcom.py
[2025-07-16T02:52:00.920+0000] {processor.py:830} INFO - Processing file /opt/airflow/dags/execute_xcom.py for tasks to queue
[2025-07-16T02:52:00.921+0000] {logging_mixin.py:188} INFO - [2025-07-16T02:52:00.921+0000] {dagbag.py:538} INFO - Filling up the DagBag from /opt/airflow/dags/execute_xcom.py
[2025-07-16T02:52:00.932+0000] {processor.py:840} INFO - DAG(s) 'cross_task_communication' retrieved from /opt/airflow/dags/execute_xcom.py
[2025-07-16T02:52:00.950+0000] {logging_mixin.py:188} INFO - [2025-07-16T02:52:00.950+0000] {dag.py:3036} INFO - Sync 1 DAGs
[2025-07-16T02:52:00.965+0000] {logging_mixin.py:188} INFO - [2025-07-16T02:52:00.964+0000] {dag.py:3823} INFO - Setting next_dagrun for cross_task_communication to 2025-07-15 00:00:00+00:00, run_after=2025-07-16 00:00:00+00:00
[2025-07-16T02:52:00.983+0000] {processor.py:183} INFO - Processing /opt/airflow/dags/execute_xcom.py took 0.066 seconds
[2025-07-16T02:52:31.244+0000] {processor.py:161} INFO - Started process (PID=1083) to work on /opt/airflow/dags/execute_xcom.py
[2025-07-16T02:52:31.244+0000] {processor.py:830} INFO - Processing file /opt/airflow/dags/execute_xcom.py for tasks to queue
[2025-07-16T02:52:31.245+0000] {logging_mixin.py:188} INFO - [2025-07-16T02:52:31.244+0000] {dagbag.py:538} INFO - Filling up the DagBag from /opt/airflow/dags/execute_xcom.py
[2025-07-16T02:52:31.257+0000] {processor.py:840} INFO - DAG(s) 'cross_task_communication' retrieved from /opt/airflow/dags/execute_xcom.py
[2025-07-16T02:52:31.274+0000] {logging_mixin.py:188} INFO - [2025-07-16T02:52:31.274+0000] {dag.py:3036} INFO - Sync 1 DAGs
[2025-07-16T02:52:31.288+0000] {logging_mixin.py:188} INFO - [2025-07-16T02:52:31.288+0000] {dag.py:3823} INFO - Setting next_dagrun for cross_task_communication to 2025-07-15 00:00:00+00:00, run_after=2025-07-16 00:00:00+00:00
[2025-07-16T02:52:31.302+0000] {processor.py:183} INFO - Processing /opt/airflow/dags/execute_xcom.py took 0.060 seconds
[2025-07-16T04:50:49.666+0000] {processor.py:186} INFO - Started process (PID=52) to work on /opt/airflow/dags/execute_xcom.py
[2025-07-16T04:50:49.666+0000] {processor.py:914} INFO - Processing file /opt/airflow/dags/execute_xcom.py for tasks to queue
[2025-07-16T04:50:49.668+0000] {logging_mixin.py:190} INFO - [2025-07-16T04:50:49.668+0000] {dagbag.py:588} INFO - Filling up the DagBag from /opt/airflow/dags/execute_xcom.py
[2025-07-16T04:50:49.683+0000] {processor.py:925} INFO - DAG(s) 'cross_task_communication' retrieved from /opt/airflow/dags/execute_xcom.py
[2025-07-16T04:50:49.749+0000] {logging_mixin.py:190} INFO - [2025-07-16T04:50:49.749+0000] {override.py:1900} INFO - Created Permission View: can edit on DAG:cross_task_communication
[2025-07-16T04:50:49.755+0000] {logging_mixin.py:190} INFO - [2025-07-16T04:50:49.755+0000] {override.py:1900} INFO - Created Permission View: can read on DAG:cross_task_communication
[2025-07-16T04:50:49.758+0000] {logging_mixin.py:190} INFO - [2025-07-16T04:50:49.758+0000] {override.py:1900} INFO - Created Permission View: can delete on DAG:cross_task_communication
[2025-07-16T04:50:49.762+0000] {logging_mixin.py:190} INFO - [2025-07-16T04:50:49.762+0000] {override.py:1900} INFO - Created Permission View: can create on DAG Run:cross_task_communication
[2025-07-16T04:50:49.766+0000] {logging_mixin.py:190} INFO - [2025-07-16T04:50:49.766+0000] {override.py:1900} INFO - Created Permission View: can read on DAG Run:cross_task_communication
[2025-07-16T04:50:49.769+0000] {logging_mixin.py:190} INFO - [2025-07-16T04:50:49.769+0000] {override.py:1900} INFO - Created Permission View: menu access on DAG Run:cross_task_communication
[2025-07-16T04:50:49.772+0000] {logging_mixin.py:190} INFO - [2025-07-16T04:50:49.772+0000] {override.py:1900} INFO - Created Permission View: can delete on DAG Run:cross_task_communication
[2025-07-16T04:50:49.773+0000] {logging_mixin.py:190} INFO - [2025-07-16T04:50:49.772+0000] {dag.py:3239} INFO - Sync 1 DAGs
[2025-07-16T04:50:49.781+0000] {logging_mixin.py:190} INFO - [2025-07-16T04:50:49.781+0000] {dag.py:3262} INFO - Creating ORM DAG for cross_task_communication
[2025-07-16T04:50:49.788+0000] {logging_mixin.py:190} INFO - [2025-07-16T04:50:49.788+0000] {dag.py:4180} INFO - Setting next_dagrun for cross_task_communication to 2025-07-15 00:00:00+00:00, run_after=2025-07-16 00:00:00+00:00
[2025-07-16T04:50:49.800+0000] {processor.py:208} INFO - Processing /opt/airflow/dags/execute_xcom.py took 0.138 seconds
[2025-07-16T04:51:19.830+0000] {processor.py:186} INFO - Started process (PID=74) to work on /opt/airflow/dags/execute_xcom.py
[2025-07-16T04:51:19.831+0000] {processor.py:914} INFO - Processing file /opt/airflow/dags/execute_xcom.py for tasks to queue
[2025-07-16T04:51:19.833+0000] {logging_mixin.py:190} INFO - [2025-07-16T04:51:19.833+0000] {dagbag.py:588} INFO - Filling up the DagBag from /opt/airflow/dags/execute_xcom.py
[2025-07-16T04:51:19.848+0000] {processor.py:925} INFO - DAG(s) 'cross_task_communication' retrieved from /opt/airflow/dags/execute_xcom.py
[2025-07-16T04:51:19.867+0000] {logging_mixin.py:190} INFO - [2025-07-16T04:51:19.867+0000] {dag.py:3239} INFO - Sync 1 DAGs
[2025-07-16T04:51:19.883+0000] {logging_mixin.py:190} INFO - [2025-07-16T04:51:19.883+0000] {dag.py:4180} INFO - Setting next_dagrun for cross_task_communication to 2025-07-15 00:00:00+00:00, run_after=2025-07-16 00:00:00+00:00
[2025-07-16T04:51:19.895+0000] {processor.py:208} INFO - Processing /opt/airflow/dags/execute_xcom.py took 0.069 seconds
[2025-07-16T04:51:50.122+0000] {processor.py:186} INFO - Started process (PID=311) to work on /opt/airflow/dags/execute_xcom.py
[2025-07-16T04:51:50.123+0000] {processor.py:914} INFO - Processing file /opt/airflow/dags/execute_xcom.py for tasks to queue
[2025-07-16T04:51:50.125+0000] {logging_mixin.py:190} INFO - [2025-07-16T04:51:50.125+0000] {dagbag.py:588} INFO - Filling up the DagBag from /opt/airflow/dags/execute_xcom.py
[2025-07-16T04:51:50.143+0000] {processor.py:925} INFO - DAG(s) 'cross_task_communication' retrieved from /opt/airflow/dags/execute_xcom.py
[2025-07-16T04:51:50.165+0000] {logging_mixin.py:190} INFO - [2025-07-16T04:51:50.165+0000] {dag.py:3239} INFO - Sync 1 DAGs
[2025-07-16T04:51:50.184+0000] {logging_mixin.py:190} INFO - [2025-07-16T04:51:50.184+0000] {dag.py:4180} INFO - Setting next_dagrun for cross_task_communication to 2025-07-16 00:00:00+00:00, run_after=2025-07-17 00:00:00+00:00
[2025-07-16T04:51:50.197+0000] {processor.py:208} INFO - Processing /opt/airflow/dags/execute_xcom.py took 0.080 seconds
[2025-07-16T04:52:20.962+0000] {processor.py:186} INFO - Started process (PID=521) to work on /opt/airflow/dags/execute_xcom.py
[2025-07-16T04:52:20.963+0000] {processor.py:914} INFO - Processing file /opt/airflow/dags/execute_xcom.py for tasks to queue
[2025-07-16T04:52:20.964+0000] {logging_mixin.py:190} INFO - [2025-07-16T04:52:20.964+0000] {dagbag.py:588} INFO - Filling up the DagBag from /opt/airflow/dags/execute_xcom.py
[2025-07-16T04:52:20.977+0000] {processor.py:925} INFO - DAG(s) 'cross_task_communication' retrieved from /opt/airflow/dags/execute_xcom.py
[2025-07-16T04:52:20.995+0000] {logging_mixin.py:190} INFO - [2025-07-16T04:52:20.995+0000] {dag.py:3239} INFO - Sync 1 DAGs
[2025-07-16T04:52:21.010+0000] {logging_mixin.py:190} INFO - [2025-07-16T04:52:21.010+0000] {dag.py:4180} INFO - Setting next_dagrun for cross_task_communication to 2025-07-16 00:00:00+00:00, run_after=2025-07-17 00:00:00+00:00
[2025-07-16T04:52:21.033+0000] {processor.py:208} INFO - Processing /opt/airflow/dags/execute_xcom.py took 0.076 seconds
[2025-07-16T04:52:51.183+0000] {processor.py:186} INFO - Started process (PID=545) to work on /opt/airflow/dags/execute_xcom.py
[2025-07-16T04:52:51.184+0000] {processor.py:914} INFO - Processing file /opt/airflow/dags/execute_xcom.py for tasks to queue
[2025-07-16T04:52:51.186+0000] {logging_mixin.py:190} INFO - [2025-07-16T04:52:51.186+0000] {dagbag.py:588} INFO - Filling up the DagBag from /opt/airflow/dags/execute_xcom.py
[2025-07-16T04:52:51.199+0000] {processor.py:925} INFO - DAG(s) 'cross_task_communication' retrieved from /opt/airflow/dags/execute_xcom.py
[2025-07-16T04:52:51.224+0000] {logging_mixin.py:190} INFO - [2025-07-16T04:52:51.223+0000] {dag.py:3239} INFO - Sync 1 DAGs
[2025-07-16T04:52:51.248+0000] {logging_mixin.py:190} INFO - [2025-07-16T04:52:51.248+0000] {dag.py:4180} INFO - Setting next_dagrun for cross_task_communication to 2025-07-16 00:00:00+00:00, run_after=2025-07-17 00:00:00+00:00
[2025-07-16T04:52:51.264+0000] {processor.py:208} INFO - Processing /opt/airflow/dags/execute_xcom.py took 0.085 seconds
[2025-07-16T04:53:21.658+0000] {processor.py:186} INFO - Started process (PID=569) to work on /opt/airflow/dags/execute_xcom.py
[2025-07-16T04:53:21.658+0000] {processor.py:914} INFO - Processing file /opt/airflow/dags/execute_xcom.py for tasks to queue
[2025-07-16T04:53:21.660+0000] {logging_mixin.py:190} INFO - [2025-07-16T04:53:21.660+0000] {dagbag.py:588} INFO - Filling up the DagBag from /opt/airflow/dags/execute_xcom.py
[2025-07-16T04:53:21.673+0000] {processor.py:925} INFO - DAG(s) 'cross_task_communication' retrieved from /opt/airflow/dags/execute_xcom.py
[2025-07-16T04:53:21.691+0000] {logging_mixin.py:190} INFO - [2025-07-16T04:53:21.691+0000] {dag.py:3239} INFO - Sync 1 DAGs
[2025-07-16T04:53:21.707+0000] {logging_mixin.py:190} INFO - [2025-07-16T04:53:21.707+0000] {dag.py:4180} INFO - Setting next_dagrun for cross_task_communication to 2025-07-16 00:00:00+00:00, run_after=2025-07-17 00:00:00+00:00
[2025-07-16T04:53:21.729+0000] {processor.py:208} INFO - Processing /opt/airflow/dags/execute_xcom.py took 0.078 seconds
[2025-07-16T04:53:51.875+0000] {processor.py:186} INFO - Started process (PID=593) to work on /opt/airflow/dags/execute_xcom.py
[2025-07-16T04:53:51.876+0000] {processor.py:914} INFO - Processing file /opt/airflow/dags/execute_xcom.py for tasks to queue
[2025-07-16T04:53:51.878+0000] {logging_mixin.py:190} INFO - [2025-07-16T04:53:51.877+0000] {dagbag.py:588} INFO - Filling up the DagBag from /opt/airflow/dags/execute_xcom.py
[2025-07-16T04:53:51.892+0000] {processor.py:925} INFO - DAG(s) 'cross_task_communication' retrieved from /opt/airflow/dags/execute_xcom.py
[2025-07-16T04:53:51.910+0000] {logging_mixin.py:190} INFO - [2025-07-16T04:53:51.910+0000] {dag.py:3239} INFO - Sync 1 DAGs
[2025-07-16T04:53:51.927+0000] {logging_mixin.py:190} INFO - [2025-07-16T04:53:51.927+0000] {dag.py:4180} INFO - Setting next_dagrun for cross_task_communication to 2025-07-16 00:00:00+00:00, run_after=2025-07-17 00:00:00+00:00
[2025-07-16T04:53:51.948+0000] {processor.py:208} INFO - Processing /opt/airflow/dags/execute_xcom.py took 0.076 seconds
[2025-07-16T04:54:22.041+0000] {processor.py:186} INFO - Started process (PID=617) to work on /opt/airflow/dags/execute_xcom.py
[2025-07-16T04:54:22.042+0000] {processor.py:914} INFO - Processing file /opt/airflow/dags/execute_xcom.py for tasks to queue
[2025-07-16T04:54:22.044+0000] {logging_mixin.py:190} INFO - [2025-07-16T04:54:22.043+0000] {dagbag.py:588} INFO - Filling up the DagBag from /opt/airflow/dags/execute_xcom.py
[2025-07-16T04:54:22.056+0000] {processor.py:925} INFO - DAG(s) 'cross_task_communication' retrieved from /opt/airflow/dags/execute_xcom.py
[2025-07-16T04:54:22.075+0000] {logging_mixin.py:190} INFO - [2025-07-16T04:54:22.075+0000] {dag.py:3239} INFO - Sync 1 DAGs
[2025-07-16T04:54:22.090+0000] {logging_mixin.py:190} INFO - [2025-07-16T04:54:22.090+0000] {dag.py:4180} INFO - Setting next_dagrun for cross_task_communication to 2025-07-16 00:00:00+00:00, run_after=2025-07-17 00:00:00+00:00
[2025-07-16T04:54:22.111+0000] {processor.py:208} INFO - Processing /opt/airflow/dags/execute_xcom.py took 0.073 seconds
[2025-07-16T04:54:40.323+0000] {processor.py:186} INFO - Started process (PID=52) to work on /opt/airflow/dags/execute_xcom.py
[2025-07-16T04:54:40.324+0000] {processor.py:914} INFO - Processing file /opt/airflow/dags/execute_xcom.py for tasks to queue
[2025-07-16T04:54:40.325+0000] {logging_mixin.py:190} INFO - [2025-07-16T04:54:40.325+0000] {dagbag.py:588} INFO - Filling up the DagBag from /opt/airflow/dags/execute_xcom.py
[2025-07-16T04:54:40.337+0000] {processor.py:925} INFO - DAG(s) 'cross_task_communication' retrieved from /opt/airflow/dags/execute_xcom.py
[2025-07-16T04:54:40.356+0000] {logging_mixin.py:190} INFO - [2025-07-16T04:54:40.356+0000] {dag.py:3239} INFO - Sync 1 DAGs
[2025-07-16T04:54:40.372+0000] {logging_mixin.py:190} INFO - [2025-07-16T04:54:40.372+0000] {dag.py:4180} INFO - Setting next_dagrun for cross_task_communication to 2025-07-16 00:00:00+00:00, run_after=2025-07-17 00:00:00+00:00
[2025-07-16T04:54:40.384+0000] {processor.py:208} INFO - Processing /opt/airflow/dags/execute_xcom.py took 0.064 seconds
[2025-07-16T04:55:10.442+0000] {processor.py:186} INFO - Started process (PID=66) to work on /opt/airflow/dags/execute_xcom.py
[2025-07-16T04:55:10.443+0000] {processor.py:914} INFO - Processing file /opt/airflow/dags/execute_xcom.py for tasks to queue
[2025-07-16T04:55:10.445+0000] {logging_mixin.py:190} INFO - [2025-07-16T04:55:10.444+0000] {dagbag.py:588} INFO - Filling up the DagBag from /opt/airflow/dags/execute_xcom.py
[2025-07-16T04:55:10.459+0000] {processor.py:925} INFO - DAG(s) 'cross_task_communication' retrieved from /opt/airflow/dags/execute_xcom.py
[2025-07-16T04:55:10.477+0000] {logging_mixin.py:190} INFO - [2025-07-16T04:55:10.477+0000] {dag.py:3239} INFO - Sync 1 DAGs
[2025-07-16T04:55:10.496+0000] {logging_mixin.py:190} INFO - [2025-07-16T04:55:10.496+0000] {dag.py:4180} INFO - Setting next_dagrun for cross_task_communication to 2025-07-16 00:00:00+00:00, run_after=2025-07-17 00:00:00+00:00
[2025-07-16T04:55:10.511+0000] {processor.py:208} INFO - Processing /opt/airflow/dags/execute_xcom.py took 0.073 seconds
[2025-07-16T04:55:40.882+0000] {processor.py:186} INFO - Started process (PID=90) to work on /opt/airflow/dags/execute_xcom.py
[2025-07-16T04:55:40.882+0000] {processor.py:914} INFO - Processing file /opt/airflow/dags/execute_xcom.py for tasks to queue
[2025-07-16T04:55:40.884+0000] {logging_mixin.py:190} INFO - [2025-07-16T04:55:40.884+0000] {dagbag.py:588} INFO - Filling up the DagBag from /opt/airflow/dags/execute_xcom.py
[2025-07-16T04:55:40.897+0000] {processor.py:925} INFO - DAG(s) 'cross_task_communication' retrieved from /opt/airflow/dags/execute_xcom.py
[2025-07-16T04:55:40.914+0000] {logging_mixin.py:190} INFO - [2025-07-16T04:55:40.914+0000] {dag.py:3239} INFO - Sync 1 DAGs
[2025-07-16T04:55:40.930+0000] {logging_mixin.py:190} INFO - [2025-07-16T04:55:40.930+0000] {dag.py:4180} INFO - Setting next_dagrun for cross_task_communication to 2025-07-16 00:00:00+00:00, run_after=2025-07-17 00:00:00+00:00
[2025-07-16T04:55:40.943+0000] {processor.py:208} INFO - Processing /opt/airflow/dags/execute_xcom.py took 0.065 seconds
[2025-07-16T04:56:11.336+0000] {processor.py:186} INFO - Started process (PID=114) to work on /opt/airflow/dags/execute_xcom.py
[2025-07-16T04:56:11.337+0000] {processor.py:914} INFO - Processing file /opt/airflow/dags/execute_xcom.py for tasks to queue
[2025-07-16T04:56:11.339+0000] {logging_mixin.py:190} INFO - [2025-07-16T04:56:11.338+0000] {dagbag.py:588} INFO - Filling up the DagBag from /opt/airflow/dags/execute_xcom.py
[2025-07-16T04:56:11.351+0000] {processor.py:925} INFO - DAG(s) 'cross_task_communication' retrieved from /opt/airflow/dags/execute_xcom.py
[2025-07-16T04:56:11.367+0000] {logging_mixin.py:190} INFO - [2025-07-16T04:56:11.367+0000] {dag.py:3239} INFO - Sync 1 DAGs
[2025-07-16T04:56:11.383+0000] {logging_mixin.py:190} INFO - [2025-07-16T04:56:11.383+0000] {dag.py:4180} INFO - Setting next_dagrun for cross_task_communication to 2025-07-16 00:00:00+00:00, run_after=2025-07-17 00:00:00+00:00
[2025-07-16T04:56:11.404+0000] {processor.py:208} INFO - Processing /opt/airflow/dags/execute_xcom.py took 0.073 seconds
[2025-07-16T04:56:41.728+0000] {processor.py:186} INFO - Started process (PID=138) to work on /opt/airflow/dags/execute_xcom.py
[2025-07-16T04:56:41.728+0000] {processor.py:914} INFO - Processing file /opt/airflow/dags/execute_xcom.py for tasks to queue
[2025-07-16T04:56:41.730+0000] {logging_mixin.py:190} INFO - [2025-07-16T04:56:41.729+0000] {dagbag.py:588} INFO - Filling up the DagBag from /opt/airflow/dags/execute_xcom.py
[2025-07-16T04:56:41.741+0000] {processor.py:925} INFO - DAG(s) 'cross_task_communication' retrieved from /opt/airflow/dags/execute_xcom.py
[2025-07-16T04:56:41.759+0000] {logging_mixin.py:190} INFO - [2025-07-16T04:56:41.759+0000] {dag.py:3239} INFO - Sync 1 DAGs
[2025-07-16T04:56:41.776+0000] {logging_mixin.py:190} INFO - [2025-07-16T04:56:41.776+0000] {dag.py:4180} INFO - Setting next_dagrun for cross_task_communication to 2025-07-16 00:00:00+00:00, run_after=2025-07-17 00:00:00+00:00
[2025-07-16T04:56:41.788+0000] {processor.py:208} INFO - Processing /opt/airflow/dags/execute_xcom.py took 0.064 seconds
[2025-07-16T04:57:11.924+0000] {processor.py:186} INFO - Started process (PID=162) to work on /opt/airflow/dags/execute_xcom.py
[2025-07-16T04:57:11.925+0000] {processor.py:914} INFO - Processing file /opt/airflow/dags/execute_xcom.py for tasks to queue
[2025-07-16T04:57:11.926+0000] {logging_mixin.py:190} INFO - [2025-07-16T04:57:11.926+0000] {dagbag.py:588} INFO - Filling up the DagBag from /opt/airflow/dags/execute_xcom.py
[2025-07-16T04:57:11.937+0000] {processor.py:925} INFO - DAG(s) 'cross_task_communication' retrieved from /opt/airflow/dags/execute_xcom.py
[2025-07-16T04:57:11.955+0000] {logging_mixin.py:190} INFO - [2025-07-16T04:57:11.955+0000] {dag.py:3239} INFO - Sync 1 DAGs
[2025-07-16T04:57:11.970+0000] {logging_mixin.py:190} INFO - [2025-07-16T04:57:11.970+0000] {dag.py:4180} INFO - Setting next_dagrun for cross_task_communication to 2025-07-16 00:00:00+00:00, run_after=2025-07-17 00:00:00+00:00
[2025-07-16T04:57:11.990+0000] {processor.py:208} INFO - Processing /opt/airflow/dags/execute_xcom.py took 0.069 seconds
[2025-07-16T04:57:42.355+0000] {processor.py:186} INFO - Started process (PID=186) to work on /opt/airflow/dags/execute_xcom.py
[2025-07-16T04:57:42.355+0000] {processor.py:914} INFO - Processing file /opt/airflow/dags/execute_xcom.py for tasks to queue
[2025-07-16T04:57:42.357+0000] {logging_mixin.py:190} INFO - [2025-07-16T04:57:42.357+0000] {dagbag.py:588} INFO - Filling up the DagBag from /opt/airflow/dags/execute_xcom.py
[2025-07-16T04:57:42.378+0000] {processor.py:925} INFO - DAG(s) 'cross_task_communication' retrieved from /opt/airflow/dags/execute_xcom.py
[2025-07-16T04:57:42.401+0000] {logging_mixin.py:190} INFO - [2025-07-16T04:57:42.400+0000] {dag.py:3239} INFO - Sync 1 DAGs
[2025-07-16T04:57:42.419+0000] {logging_mixin.py:190} INFO - [2025-07-16T04:57:42.419+0000] {dag.py:4180} INFO - Setting next_dagrun for cross_task_communication to 2025-07-16 00:00:00+00:00, run_after=2025-07-17 00:00:00+00:00
[2025-07-16T04:57:42.435+0000] {processor.py:208} INFO - Processing /opt/airflow/dags/execute_xcom.py took 0.084 seconds
[2025-07-16T04:58:12.501+0000] {processor.py:186} INFO - Started process (PID=210) to work on /opt/airflow/dags/execute_xcom.py
[2025-07-16T04:58:12.502+0000] {processor.py:914} INFO - Processing file /opt/airflow/dags/execute_xcom.py for tasks to queue
[2025-07-16T04:58:12.503+0000] {logging_mixin.py:190} INFO - [2025-07-16T04:58:12.503+0000] {dagbag.py:588} INFO - Filling up the DagBag from /opt/airflow/dags/execute_xcom.py
[2025-07-16T04:58:12.515+0000] {processor.py:925} INFO - DAG(s) 'cross_task_communication' retrieved from /opt/airflow/dags/execute_xcom.py
[2025-07-16T04:58:12.532+0000] {logging_mixin.py:190} INFO - [2025-07-16T04:58:12.532+0000] {dag.py:3239} INFO - Sync 1 DAGs
[2025-07-16T04:58:12.547+0000] {logging_mixin.py:190} INFO - [2025-07-16T04:58:12.547+0000] {dag.py:4180} INFO - Setting next_dagrun for cross_task_communication to 2025-07-16 00:00:00+00:00, run_after=2025-07-17 00:00:00+00:00
[2025-07-16T04:58:12.568+0000] {processor.py:208} INFO - Processing /opt/airflow/dags/execute_xcom.py took 0.071 seconds
[2025-07-16T04:58:42.730+0000] {processor.py:186} INFO - Started process (PID=234) to work on /opt/airflow/dags/execute_xcom.py
[2025-07-16T04:58:42.730+0000] {processor.py:914} INFO - Processing file /opt/airflow/dags/execute_xcom.py for tasks to queue
[2025-07-16T04:58:42.732+0000] {logging_mixin.py:190} INFO - [2025-07-16T04:58:42.732+0000] {dagbag.py:588} INFO - Filling up the DagBag from /opt/airflow/dags/execute_xcom.py
[2025-07-16T04:58:42.744+0000] {processor.py:925} INFO - DAG(s) 'cross_task_communication' retrieved from /opt/airflow/dags/execute_xcom.py
[2025-07-16T04:58:42.764+0000] {logging_mixin.py:190} INFO - [2025-07-16T04:58:42.764+0000] {dag.py:3239} INFO - Sync 1 DAGs
[2025-07-16T04:58:42.780+0000] {logging_mixin.py:190} INFO - [2025-07-16T04:58:42.780+0000] {dag.py:4180} INFO - Setting next_dagrun for cross_task_communication to 2025-07-16 00:00:00+00:00, run_after=2025-07-17 00:00:00+00:00
[2025-07-16T04:58:42.791+0000] {processor.py:208} INFO - Processing /opt/airflow/dags/execute_xcom.py took 0.065 seconds
