[2025-07-16T02:39:33.041+0000] {processor.py:161} INFO - Started process (PID=4503) to work on /opt/airflow/dags/simple_hello_world.py
[2025-07-16T02:39:33.042+0000] {processor.py:830} INFO - Processing file /opt/airflow/dags/simple_hello_world.py for tasks to queue
[2025-07-16T02:39:33.044+0000] {logging_mixin.py:188} INFO - [2025-07-16T02:39:33.043+0000] {dagbag.py:538} INFO - Filling up the DagBag from /opt/airflow/dags/simple_hello_world.py
[2025-07-16T02:39:33.070+0000] {processor.py:840} INFO - DAG(s) 'hello_world' retrieved from /opt/airflow/dags/simple_hello_world.py
[2025-07-16T02:39:33.153+0000] {logging_mixin.py:188} INFO - [2025-07-16T02:39:33.153+0000] {dag.py:3036} INFO - Sync 1 DAGs
[2025-07-16T02:39:33.171+0000] {logging_mixin.py:188} INFO - [2025-07-16T02:39:33.171+0000] {dag.py:3823} INFO - Setting next_dagrun for hello_world to 2025-07-15 00:00:00+00:00, run_after=2025-07-16 00:00:00+00:00
[2025-07-16T02:39:33.192+0000] {processor.py:183} INFO - Processing /opt/airflow/dags/simple_hello_world.py took 0.155 seconds
[2025-07-16T02:40:03.235+0000] {processor.py:161} INFO - Started process (PID=4645) to work on /opt/airflow/dags/simple_hello_world.py
[2025-07-16T02:40:03.236+0000] {processor.py:830} INFO - Processing file /opt/airflow/dags/simple_hello_world.py for tasks to queue
[2025-07-16T02:40:03.236+0000] {logging_mixin.py:188} INFO - [2025-07-16T02:40:03.236+0000] {dagbag.py:538} INFO - Filling up the DagBag from /opt/airflow/dags/simple_hello_world.py
[2025-07-16T02:40:03.250+0000] {processor.py:840} INFO - DAG(s) 'hello_world' retrieved from /opt/airflow/dags/simple_hello_world.py
[2025-07-16T02:40:03.266+0000] {logging_mixin.py:188} INFO - [2025-07-16T02:40:03.266+0000] {dag.py:3036} INFO - Sync 1 DAGs
[2025-07-16T02:40:03.279+0000] {logging_mixin.py:188} INFO - [2025-07-16T02:40:03.279+0000] {dag.py:3823} INFO - Setting next_dagrun for hello_world to 2025-07-15 00:00:00+00:00, run_after=2025-07-16 00:00:00+00:00
[2025-07-16T02:40:03.290+0000] {processor.py:183} INFO - Processing /opt/airflow/dags/simple_hello_world.py took 0.057 seconds
[2025-07-16T02:40:34.194+0000] {processor.py:161} INFO - Started process (PID=4786) to work on /opt/airflow/dags/simple_hello_world.py
[2025-07-16T02:40:34.195+0000] {processor.py:830} INFO - Processing file /opt/airflow/dags/simple_hello_world.py for tasks to queue
[2025-07-16T02:40:34.195+0000] {logging_mixin.py:188} INFO - [2025-07-16T02:40:34.195+0000] {dagbag.py:538} INFO - Filling up the DagBag from /opt/airflow/dags/simple_hello_world.py
[2025-07-16T02:40:34.210+0000] {processor.py:840} INFO - DAG(s) 'hello_world' retrieved from /opt/airflow/dags/simple_hello_world.py
[2025-07-16T02:40:34.225+0000] {logging_mixin.py:188} INFO - [2025-07-16T02:40:34.225+0000] {dag.py:3036} INFO - Sync 1 DAGs
[2025-07-16T02:40:34.239+0000] {logging_mixin.py:188} INFO - [2025-07-16T02:40:34.239+0000] {dag.py:3823} INFO - Setting next_dagrun for hello_world to 2025-07-15 00:00:00+00:00, run_after=2025-07-16 00:00:00+00:00
[2025-07-16T02:40:34.250+0000] {processor.py:183} INFO - Processing /opt/airflow/dags/simple_hello_world.py took 0.059 seconds
[2025-07-16T02:41:04.293+0000] {processor.py:161} INFO - Started process (PID=4925) to work on /opt/airflow/dags/simple_hello_world.py
[2025-07-16T02:41:04.294+0000] {processor.py:830} INFO - Processing file /opt/airflow/dags/simple_hello_world.py for tasks to queue
[2025-07-16T02:41:04.295+0000] {logging_mixin.py:188} INFO - [2025-07-16T02:41:04.294+0000] {dagbag.py:538} INFO - Filling up the DagBag from /opt/airflow/dags/simple_hello_world.py
[2025-07-16T02:41:04.306+0000] {processor.py:840} INFO - DAG(s) 'hello_world' retrieved from /opt/airflow/dags/simple_hello_world.py
[2025-07-16T02:41:04.324+0000] {logging_mixin.py:188} INFO - [2025-07-16T02:41:04.324+0000] {dag.py:3036} INFO - Sync 1 DAGs
[2025-07-16T02:41:04.338+0000] {logging_mixin.py:188} INFO - [2025-07-16T02:41:04.338+0000] {dag.py:3823} INFO - Setting next_dagrun for hello_world to 2025-07-15 00:00:00+00:00, run_after=2025-07-16 00:00:00+00:00
[2025-07-16T02:41:04.352+0000] {processor.py:183} INFO - Processing /opt/airflow/dags/simple_hello_world.py took 0.061 seconds
[2025-07-16T02:41:34.894+0000] {processor.py:161} INFO - Started process (PID=5067) to work on /opt/airflow/dags/simple_hello_world.py
[2025-07-16T02:41:34.895+0000] {processor.py:830} INFO - Processing file /opt/airflow/dags/simple_hello_world.py for tasks to queue
[2025-07-16T02:41:34.896+0000] {logging_mixin.py:188} INFO - [2025-07-16T02:41:34.896+0000] {dagbag.py:538} INFO - Filling up the DagBag from /opt/airflow/dags/simple_hello_world.py
[2025-07-16T02:41:34.908+0000] {processor.py:840} INFO - DAG(s) 'hello_world' retrieved from /opt/airflow/dags/simple_hello_world.py
[2025-07-16T02:41:34.926+0000] {logging_mixin.py:188} INFO - [2025-07-16T02:41:34.926+0000] {dag.py:3036} INFO - Sync 1 DAGs
[2025-07-16T02:41:34.940+0000] {logging_mixin.py:188} INFO - [2025-07-16T02:41:34.940+0000] {dag.py:3823} INFO - Setting next_dagrun for hello_world to 2025-07-15 00:00:00+00:00, run_after=2025-07-16 00:00:00+00:00
[2025-07-16T02:41:34.951+0000] {processor.py:183} INFO - Processing /opt/airflow/dags/simple_hello_world.py took 0.059 seconds
[2025-07-16T02:42:05.544+0000] {processor.py:161} INFO - Started process (PID=5208) to work on /opt/airflow/dags/simple_hello_world.py
[2025-07-16T02:42:05.545+0000] {processor.py:830} INFO - Processing file /opt/airflow/dags/simple_hello_world.py for tasks to queue
[2025-07-16T02:42:05.545+0000] {logging_mixin.py:188} INFO - [2025-07-16T02:42:05.545+0000] {dagbag.py:538} INFO - Filling up the DagBag from /opt/airflow/dags/simple_hello_world.py
[2025-07-16T02:42:05.557+0000] {processor.py:840} INFO - DAG(s) 'hello_world' retrieved from /opt/airflow/dags/simple_hello_world.py
[2025-07-16T02:42:05.575+0000] {logging_mixin.py:188} INFO - [2025-07-16T02:42:05.575+0000] {dag.py:3036} INFO - Sync 1 DAGs
[2025-07-16T02:42:05.589+0000] {logging_mixin.py:188} INFO - [2025-07-16T02:42:05.589+0000] {dag.py:3823} INFO - Setting next_dagrun for hello_world to 2025-07-15 00:00:00+00:00, run_after=2025-07-16 00:00:00+00:00
[2025-07-16T02:42:05.600+0000] {processor.py:183} INFO - Processing /opt/airflow/dags/simple_hello_world.py took 0.058 seconds
[2025-07-16T02:42:36.322+0000] {processor.py:161} INFO - Started process (PID=5351) to work on /opt/airflow/dags/simple_hello_world.py
[2025-07-16T02:42:36.323+0000] {processor.py:830} INFO - Processing file /opt/airflow/dags/simple_hello_world.py for tasks to queue
[2025-07-16T02:42:36.323+0000] {logging_mixin.py:188} INFO - [2025-07-16T02:42:36.323+0000] {dagbag.py:538} INFO - Filling up the DagBag from /opt/airflow/dags/simple_hello_world.py
[2025-07-16T02:42:36.339+0000] {processor.py:840} INFO - DAG(s) 'hello_world' retrieved from /opt/airflow/dags/simple_hello_world.py
[2025-07-16T02:42:36.357+0000] {logging_mixin.py:188} INFO - [2025-07-16T02:42:36.357+0000] {dag.py:3036} INFO - Sync 1 DAGs
[2025-07-16T02:42:36.371+0000] {logging_mixin.py:188} INFO - [2025-07-16T02:42:36.371+0000] {dag.py:3823} INFO - Setting next_dagrun for hello_world to 2025-07-15 00:00:00+00:00, run_after=2025-07-16 00:00:00+00:00
[2025-07-16T02:42:36.382+0000] {processor.py:183} INFO - Processing /opt/airflow/dags/simple_hello_world.py took 0.063 seconds
[2025-07-16T02:43:06.915+0000] {processor.py:161} INFO - Started process (PID=5493) to work on /opt/airflow/dags/simple_hello_world.py
[2025-07-16T02:43:06.916+0000] {processor.py:830} INFO - Processing file /opt/airflow/dags/simple_hello_world.py for tasks to queue
[2025-07-16T02:43:06.917+0000] {logging_mixin.py:188} INFO - [2025-07-16T02:43:06.917+0000] {dagbag.py:538} INFO - Filling up the DagBag from /opt/airflow/dags/simple_hello_world.py
[2025-07-16T02:43:06.930+0000] {processor.py:840} INFO - DAG(s) 'hello_world' retrieved from /opt/airflow/dags/simple_hello_world.py
[2025-07-16T02:43:06.945+0000] {logging_mixin.py:188} INFO - [2025-07-16T02:43:06.945+0000] {dag.py:3036} INFO - Sync 1 DAGs
[2025-07-16T02:43:06.958+0000] {logging_mixin.py:188} INFO - [2025-07-16T02:43:06.958+0000] {dag.py:3823} INFO - Setting next_dagrun for hello_world to 2025-07-15 00:00:00+00:00, run_after=2025-07-16 00:00:00+00:00
[2025-07-16T02:43:06.968+0000] {processor.py:183} INFO - Processing /opt/airflow/dags/simple_hello_world.py took 0.055 seconds
[2025-07-16T02:43:37.349+0000] {processor.py:161} INFO - Started process (PID=5635) to work on /opt/airflow/dags/simple_hello_world.py
[2025-07-16T02:43:37.350+0000] {processor.py:830} INFO - Processing file /opt/airflow/dags/simple_hello_world.py for tasks to queue
[2025-07-16T02:43:37.351+0000] {logging_mixin.py:188} INFO - [2025-07-16T02:43:37.351+0000] {dagbag.py:538} INFO - Filling up the DagBag from /opt/airflow/dags/simple_hello_world.py
[2025-07-16T02:43:37.365+0000] {processor.py:840} INFO - DAG(s) 'hello_world' retrieved from /opt/airflow/dags/simple_hello_world.py
[2025-07-16T02:43:37.384+0000] {logging_mixin.py:188} INFO - [2025-07-16T02:43:37.383+0000] {dag.py:3036} INFO - Sync 1 DAGs
[2025-07-16T02:43:37.398+0000] {logging_mixin.py:188} INFO - [2025-07-16T02:43:37.398+0000] {dag.py:3823} INFO - Setting next_dagrun for hello_world to 2025-07-15 00:00:00+00:00, run_after=2025-07-16 00:00:00+00:00
[2025-07-16T02:43:37.409+0000] {processor.py:183} INFO - Processing /opt/airflow/dags/simple_hello_world.py took 0.062 seconds
[2025-07-16T02:44:07.881+0000] {processor.py:161} INFO - Started process (PID=5776) to work on /opt/airflow/dags/simple_hello_world.py
[2025-07-16T02:44:07.882+0000] {processor.py:830} INFO - Processing file /opt/airflow/dags/simple_hello_world.py for tasks to queue
[2025-07-16T02:44:07.882+0000] {logging_mixin.py:188} INFO - [2025-07-16T02:44:07.882+0000] {dagbag.py:538} INFO - Filling up the DagBag from /opt/airflow/dags/simple_hello_world.py
[2025-07-16T02:44:07.899+0000] {processor.py:840} INFO - DAG(s) 'hello_world' retrieved from /opt/airflow/dags/simple_hello_world.py
[2025-07-16T02:44:07.917+0000] {logging_mixin.py:188} INFO - [2025-07-16T02:44:07.917+0000] {dag.py:3036} INFO - Sync 1 DAGs
[2025-07-16T02:44:07.931+0000] {logging_mixin.py:188} INFO - [2025-07-16T02:44:07.931+0000] {dag.py:3823} INFO - Setting next_dagrun for hello_world to 2025-07-15 00:00:00+00:00, run_after=2025-07-16 00:00:00+00:00
[2025-07-16T02:44:07.942+0000] {processor.py:183} INFO - Processing /opt/airflow/dags/simple_hello_world.py took 0.064 seconds
[2025-07-16T02:44:38.574+0000] {processor.py:161} INFO - Started process (PID=5918) to work on /opt/airflow/dags/simple_hello_world.py
[2025-07-16T02:44:38.575+0000] {processor.py:830} INFO - Processing file /opt/airflow/dags/simple_hello_world.py for tasks to queue
[2025-07-16T02:44:38.576+0000] {logging_mixin.py:188} INFO - [2025-07-16T02:44:38.576+0000] {dagbag.py:538} INFO - Filling up the DagBag from /opt/airflow/dags/simple_hello_world.py
[2025-07-16T02:44:38.592+0000] {processor.py:840} INFO - DAG(s) 'hello_world' retrieved from /opt/airflow/dags/simple_hello_world.py
[2025-07-16T02:44:38.610+0000] {logging_mixin.py:188} INFO - [2025-07-16T02:44:38.610+0000] {dag.py:3036} INFO - Sync 1 DAGs
[2025-07-16T02:44:38.625+0000] {logging_mixin.py:188} INFO - [2025-07-16T02:44:38.624+0000] {dag.py:3823} INFO - Setting next_dagrun for hello_world to 2025-07-15 00:00:00+00:00, run_after=2025-07-16 00:00:00+00:00
[2025-07-16T02:44:38.638+0000] {processor.py:183} INFO - Processing /opt/airflow/dags/simple_hello_world.py took 0.067 seconds
[2025-07-16T02:45:08.708+0000] {processor.py:161} INFO - Started process (PID=6059) to work on /opt/airflow/dags/simple_hello_world.py
[2025-07-16T02:45:08.709+0000] {processor.py:830} INFO - Processing file /opt/airflow/dags/simple_hello_world.py for tasks to queue
[2025-07-16T02:45:08.710+0000] {logging_mixin.py:188} INFO - [2025-07-16T02:45:08.710+0000] {dagbag.py:538} INFO - Filling up the DagBag from /opt/airflow/dags/simple_hello_world.py
[2025-07-16T02:45:08.721+0000] {processor.py:840} INFO - DAG(s) 'hello_world' retrieved from /opt/airflow/dags/simple_hello_world.py
[2025-07-16T02:45:08.737+0000] {logging_mixin.py:188} INFO - [2025-07-16T02:45:08.737+0000] {dag.py:3036} INFO - Sync 1 DAGs
[2025-07-16T02:45:08.750+0000] {logging_mixin.py:188} INFO - [2025-07-16T02:45:08.750+0000] {dag.py:3823} INFO - Setting next_dagrun for hello_world to 2025-07-15 00:00:00+00:00, run_after=2025-07-16 00:00:00+00:00
[2025-07-16T02:45:08.761+0000] {processor.py:183} INFO - Processing /opt/airflow/dags/simple_hello_world.py took 0.055 seconds
[2025-07-16T02:45:39.711+0000] {processor.py:161} INFO - Started process (PID=6200) to work on /opt/airflow/dags/simple_hello_world.py
[2025-07-16T02:45:39.712+0000] {processor.py:830} INFO - Processing file /opt/airflow/dags/simple_hello_world.py for tasks to queue
[2025-07-16T02:45:39.712+0000] {logging_mixin.py:188} INFO - [2025-07-16T02:45:39.712+0000] {dagbag.py:538} INFO - Filling up the DagBag from /opt/airflow/dags/simple_hello_world.py
[2025-07-16T02:45:39.724+0000] {processor.py:840} INFO - DAG(s) 'hello_world' retrieved from /opt/airflow/dags/simple_hello_world.py
[2025-07-16T02:45:39.740+0000] {logging_mixin.py:188} INFO - [2025-07-16T02:45:39.740+0000] {dag.py:3036} INFO - Sync 1 DAGs
[2025-07-16T02:45:39.753+0000] {logging_mixin.py:188} INFO - [2025-07-16T02:45:39.753+0000] {dag.py:3823} INFO - Setting next_dagrun for hello_world to 2025-07-15 00:00:00+00:00, run_after=2025-07-16 00:00:00+00:00
[2025-07-16T02:45:39.763+0000] {processor.py:183} INFO - Processing /opt/airflow/dags/simple_hello_world.py took 0.055 seconds
[2025-07-16T02:46:10.388+0000] {processor.py:161} INFO - Started process (PID=6343) to work on /opt/airflow/dags/simple_hello_world.py
[2025-07-16T02:46:10.388+0000] {processor.py:830} INFO - Processing file /opt/airflow/dags/simple_hello_world.py for tasks to queue
[2025-07-16T02:46:10.389+0000] {logging_mixin.py:188} INFO - [2025-07-16T02:46:10.389+0000] {dagbag.py:538} INFO - Filling up the DagBag from /opt/airflow/dags/simple_hello_world.py
[2025-07-16T02:46:10.401+0000] {processor.py:840} INFO - DAG(s) 'hello_world' retrieved from /opt/airflow/dags/simple_hello_world.py
[2025-07-16T02:46:10.418+0000] {logging_mixin.py:188} INFO - [2025-07-16T02:46:10.417+0000] {dag.py:3036} INFO - Sync 1 DAGs
[2025-07-16T02:46:10.431+0000] {logging_mixin.py:188} INFO - [2025-07-16T02:46:10.431+0000] {dag.py:3823} INFO - Setting next_dagrun for hello_world to 2025-07-15 00:00:00+00:00, run_after=2025-07-16 00:00:00+00:00
[2025-07-16T02:46:10.441+0000] {processor.py:183} INFO - Processing /opt/airflow/dags/simple_hello_world.py took 0.055 seconds
[2025-07-16T02:46:41.121+0000] {processor.py:161} INFO - Started process (PID=6490) to work on /opt/airflow/dags/simple_hello_world.py
[2025-07-16T02:46:41.122+0000] {processor.py:830} INFO - Processing file /opt/airflow/dags/simple_hello_world.py for tasks to queue
[2025-07-16T02:46:41.123+0000] {logging_mixin.py:188} INFO - [2025-07-16T02:46:41.123+0000] {dagbag.py:538} INFO - Filling up the DagBag from /opt/airflow/dags/simple_hello_world.py
[2025-07-16T02:46:41.139+0000] {processor.py:840} INFO - DAG(s) 'hello_world' retrieved from /opt/airflow/dags/simple_hello_world.py
[2025-07-16T02:46:41.156+0000] {logging_mixin.py:188} INFO - [2025-07-16T02:46:41.156+0000] {dag.py:3036} INFO - Sync 1 DAGs
[2025-07-16T02:46:41.170+0000] {logging_mixin.py:188} INFO - [2025-07-16T02:46:41.170+0000] {dag.py:3823} INFO - Setting next_dagrun for hello_world to 2025-07-15 00:00:00+00:00, run_after=2025-07-16 00:00:00+00:00
[2025-07-16T02:46:41.182+0000] {processor.py:183} INFO - Processing /opt/airflow/dags/simple_hello_world.py took 0.063 seconds
[2025-07-16T02:47:11.846+0000] {processor.py:161} INFO - Started process (PID=6632) to work on /opt/airflow/dags/simple_hello_world.py
[2025-07-16T02:47:11.847+0000] {processor.py:830} INFO - Processing file /opt/airflow/dags/simple_hello_world.py for tasks to queue
[2025-07-16T02:47:11.848+0000] {logging_mixin.py:188} INFO - [2025-07-16T02:47:11.848+0000] {dagbag.py:538} INFO - Filling up the DagBag from /opt/airflow/dags/simple_hello_world.py
[2025-07-16T02:47:11.862+0000] {processor.py:840} INFO - DAG(s) 'hello_world' retrieved from /opt/airflow/dags/simple_hello_world.py
[2025-07-16T02:47:11.876+0000] {logging_mixin.py:188} INFO - [2025-07-16T02:47:11.876+0000] {dag.py:3036} INFO - Sync 1 DAGs
[2025-07-16T02:47:11.889+0000] {logging_mixin.py:188} INFO - [2025-07-16T02:47:11.888+0000] {dag.py:3823} INFO - Setting next_dagrun for hello_world to 2025-07-15 00:00:00+00:00, run_after=2025-07-16 00:00:00+00:00
[2025-07-16T02:47:11.899+0000] {processor.py:183} INFO - Processing /opt/airflow/dags/simple_hello_world.py took 0.055 seconds
[2025-07-16T02:47:42.550+0000] {processor.py:161} INFO - Started process (PID=6774) to work on /opt/airflow/dags/simple_hello_world.py
[2025-07-16T02:47:42.551+0000] {processor.py:830} INFO - Processing file /opt/airflow/dags/simple_hello_world.py for tasks to queue
[2025-07-16T02:47:42.551+0000] {logging_mixin.py:188} INFO - [2025-07-16T02:47:42.551+0000] {dagbag.py:538} INFO - Filling up the DagBag from /opt/airflow/dags/simple_hello_world.py
[2025-07-16T02:47:42.564+0000] {processor.py:840} INFO - DAG(s) 'hello_world' retrieved from /opt/airflow/dags/simple_hello_world.py
[2025-07-16T02:47:42.582+0000] {logging_mixin.py:188} INFO - [2025-07-16T02:47:42.581+0000] {dag.py:3036} INFO - Sync 1 DAGs
[2025-07-16T02:47:42.599+0000] {logging_mixin.py:188} INFO - [2025-07-16T02:47:42.599+0000] {dag.py:3823} INFO - Setting next_dagrun for hello_world to 2025-07-15 00:00:00+00:00, run_after=2025-07-16 00:00:00+00:00
[2025-07-16T02:47:42.610+0000] {processor.py:183} INFO - Processing /opt/airflow/dags/simple_hello_world.py took 0.063 seconds
[2025-07-16T02:48:13.775+0000] {processor.py:161} INFO - Started process (PID=6882) to work on /opt/airflow/dags/simple_hello_world.py
[2025-07-16T02:48:13.776+0000] {processor.py:830} INFO - Processing file /opt/airflow/dags/simple_hello_world.py for tasks to queue
[2025-07-16T02:48:13.776+0000] {logging_mixin.py:188} INFO - [2025-07-16T02:48:13.776+0000] {dagbag.py:538} INFO - Filling up the DagBag from /opt/airflow/dags/simple_hello_world.py
[2025-07-16T02:48:13.799+0000] {processor.py:840} INFO - DAG(s) 'hello_world' retrieved from /opt/airflow/dags/simple_hello_world.py
[2025-07-16T02:48:13.818+0000] {logging_mixin.py:188} INFO - [2025-07-16T02:48:13.817+0000] {dag.py:3036} INFO - Sync 1 DAGs
[2025-07-16T02:48:13.838+0000] {logging_mixin.py:188} INFO - [2025-07-16T02:48:13.838+0000] {dag.py:3823} INFO - Setting next_dagrun for hello_world to 2025-07-15 00:00:00+00:00, run_after=2025-07-16 00:00:00+00:00
[2025-07-16T02:48:13.854+0000] {processor.py:183} INFO - Processing /opt/airflow/dags/simple_hello_world.py took 0.081 seconds
[2025-07-16T02:48:57.540+0000] {processor.py:161} INFO - Started process (PID=68) to work on /opt/airflow/dags/simple_hello_world.py
[2025-07-16T02:48:57.541+0000] {processor.py:830} INFO - Processing file /opt/airflow/dags/simple_hello_world.py for tasks to queue
[2025-07-16T02:48:57.541+0000] {logging_mixin.py:188} INFO - [2025-07-16T02:48:57.541+0000] {dagbag.py:538} INFO - Filling up the DagBag from /opt/airflow/dags/simple_hello_world.py
[2025-07-16T02:48:57.555+0000] {processor.py:840} INFO - DAG(s) 'hello_world' retrieved from /opt/airflow/dags/simple_hello_world.py
[2025-07-16T02:48:57.570+0000] {logging_mixin.py:188} INFO - [2025-07-16T02:48:57.570+0000] {dag.py:3036} INFO - Sync 1 DAGs
[2025-07-16T02:48:57.582+0000] {logging_mixin.py:188} INFO - [2025-07-16T02:48:57.582+0000] {dag.py:3823} INFO - Setting next_dagrun for hello_world to 2025-07-15 00:00:00+00:00, run_after=2025-07-16 00:00:00+00:00
[2025-07-16T02:48:57.598+0000] {processor.py:183} INFO - Processing /opt/airflow/dags/simple_hello_world.py took 0.060 seconds
[2025-07-16T02:49:28.168+0000] {processor.py:161} INFO - Started process (PID=237) to work on /opt/airflow/dags/simple_hello_world.py
[2025-07-16T02:49:28.168+0000] {processor.py:830} INFO - Processing file /opt/airflow/dags/simple_hello_world.py for tasks to queue
[2025-07-16T02:49:28.169+0000] {logging_mixin.py:188} INFO - [2025-07-16T02:49:28.169+0000] {dagbag.py:538} INFO - Filling up the DagBag from /opt/airflow/dags/simple_hello_world.py
[2025-07-16T02:49:28.188+0000] {processor.py:840} INFO - DAG(s) 'hello_world' retrieved from /opt/airflow/dags/simple_hello_world.py
[2025-07-16T02:49:28.206+0000] {logging_mixin.py:188} INFO - [2025-07-16T02:49:28.205+0000] {dag.py:3036} INFO - Sync 1 DAGs
[2025-07-16T02:49:28.218+0000] {logging_mixin.py:188} INFO - [2025-07-16T02:49:28.218+0000] {dag.py:3823} INFO - Setting next_dagrun for hello_world to 2025-07-15 00:00:00+00:00, run_after=2025-07-16 00:00:00+00:00
[2025-07-16T02:49:28.229+0000] {processor.py:183} INFO - Processing /opt/airflow/dags/simple_hello_world.py took 0.064 seconds
[2025-07-16T02:49:59.028+0000] {processor.py:161} INFO - Started process (PID=376) to work on /opt/airflow/dags/simple_hello_world.py
[2025-07-16T02:49:59.029+0000] {processor.py:830} INFO - Processing file /opt/airflow/dags/simple_hello_world.py for tasks to queue
[2025-07-16T02:49:59.029+0000] {logging_mixin.py:188} INFO - [2025-07-16T02:49:59.029+0000] {dagbag.py:538} INFO - Filling up the DagBag from /opt/airflow/dags/simple_hello_world.py
[2025-07-16T02:49:59.043+0000] {processor.py:840} INFO - DAG(s) 'hello_world' retrieved from /opt/airflow/dags/simple_hello_world.py
[2025-07-16T02:49:59.061+0000] {logging_mixin.py:188} INFO - [2025-07-16T02:49:59.061+0000] {dag.py:3036} INFO - Sync 1 DAGs
[2025-07-16T02:49:59.076+0000] {logging_mixin.py:188} INFO - [2025-07-16T02:49:59.075+0000] {dag.py:3823} INFO - Setting next_dagrun for hello_world to 2025-07-15 00:00:00+00:00, run_after=2025-07-16 00:00:00+00:00
[2025-07-16T02:49:59.087+0000] {processor.py:183} INFO - Processing /opt/airflow/dags/simple_hello_world.py took 0.061 seconds
[2025-07-16T02:50:29.549+0000] {processor.py:161} INFO - Started process (PID=518) to work on /opt/airflow/dags/simple_hello_world.py
[2025-07-16T02:50:29.549+0000] {processor.py:830} INFO - Processing file /opt/airflow/dags/simple_hello_world.py for tasks to queue
[2025-07-16T02:50:29.550+0000] {logging_mixin.py:188} INFO - [2025-07-16T02:50:29.550+0000] {dagbag.py:538} INFO - Filling up the DagBag from /opt/airflow/dags/simple_hello_world.py
[2025-07-16T02:50:29.563+0000] {processor.py:840} INFO - DAG(s) 'hello_world' retrieved from /opt/airflow/dags/simple_hello_world.py
[2025-07-16T02:50:29.579+0000] {logging_mixin.py:188} INFO - [2025-07-16T02:50:29.578+0000] {dag.py:3036} INFO - Sync 1 DAGs
[2025-07-16T02:50:29.592+0000] {logging_mixin.py:188} INFO - [2025-07-16T02:50:29.591+0000] {dag.py:3823} INFO - Setting next_dagrun for hello_world to 2025-07-15 00:00:00+00:00, run_after=2025-07-16 00:00:00+00:00
[2025-07-16T02:50:29.602+0000] {processor.py:183} INFO - Processing /opt/airflow/dags/simple_hello_world.py took 0.055 seconds
[2025-07-16T02:51:00.336+0000] {processor.py:161} INFO - Started process (PID=661) to work on /opt/airflow/dags/simple_hello_world.py
[2025-07-16T02:51:00.337+0000] {processor.py:830} INFO - Processing file /opt/airflow/dags/simple_hello_world.py for tasks to queue
[2025-07-16T02:51:00.337+0000] {logging_mixin.py:188} INFO - [2025-07-16T02:51:00.337+0000] {dagbag.py:538} INFO - Filling up the DagBag from /opt/airflow/dags/simple_hello_world.py
[2025-07-16T02:51:00.349+0000] {processor.py:840} INFO - DAG(s) 'hello_world' retrieved from /opt/airflow/dags/simple_hello_world.py
[2025-07-16T02:51:00.364+0000] {logging_mixin.py:188} INFO - [2025-07-16T02:51:00.364+0000] {dag.py:3036} INFO - Sync 1 DAGs
[2025-07-16T02:51:00.377+0000] {logging_mixin.py:188} INFO - [2025-07-16T02:51:00.377+0000] {dag.py:3823} INFO - Setting next_dagrun for hello_world to 2025-07-15 00:00:00+00:00, run_after=2025-07-16 00:00:00+00:00
[2025-07-16T02:51:00.389+0000] {processor.py:183} INFO - Processing /opt/airflow/dags/simple_hello_world.py took 0.055 seconds
[2025-07-16T02:51:30.978+0000] {processor.py:161} INFO - Started process (PID=804) to work on /opt/airflow/dags/simple_hello_world.py
[2025-07-16T02:51:30.979+0000] {processor.py:830} INFO - Processing file /opt/airflow/dags/simple_hello_world.py for tasks to queue
[2025-07-16T02:51:30.979+0000] {logging_mixin.py:188} INFO - [2025-07-16T02:51:30.979+0000] {dagbag.py:538} INFO - Filling up the DagBag from /opt/airflow/dags/simple_hello_world.py
[2025-07-16T02:51:30.996+0000] {processor.py:840} INFO - DAG(s) 'hello_world' retrieved from /opt/airflow/dags/simple_hello_world.py
[2025-07-16T02:51:31.016+0000] {logging_mixin.py:188} INFO - [2025-07-16T02:51:31.016+0000] {dag.py:3036} INFO - Sync 1 DAGs
[2025-07-16T02:51:31.030+0000] {logging_mixin.py:188} INFO - [2025-07-16T02:51:31.030+0000] {dag.py:3823} INFO - Setting next_dagrun for hello_world to 2025-07-15 00:00:00+00:00, run_after=2025-07-16 00:00:00+00:00
[2025-07-16T02:51:31.043+0000] {processor.py:183} INFO - Processing /opt/airflow/dags/simple_hello_world.py took 0.068 seconds
[2025-07-16T02:52:01.332+0000] {processor.py:161} INFO - Started process (PID=948) to work on /opt/airflow/dags/simple_hello_world.py
[2025-07-16T02:52:01.333+0000] {processor.py:830} INFO - Processing file /opt/airflow/dags/simple_hello_world.py for tasks to queue
[2025-07-16T02:52:01.333+0000] {logging_mixin.py:188} INFO - [2025-07-16T02:52:01.333+0000] {dagbag.py:538} INFO - Filling up the DagBag from /opt/airflow/dags/simple_hello_world.py
[2025-07-16T02:52:01.349+0000] {processor.py:840} INFO - DAG(s) 'hello_world' retrieved from /opt/airflow/dags/simple_hello_world.py
[2025-07-16T02:52:01.368+0000] {logging_mixin.py:188} INFO - [2025-07-16T02:52:01.367+0000] {dag.py:3036} INFO - Sync 1 DAGs
[2025-07-16T02:52:01.383+0000] {logging_mixin.py:188} INFO - [2025-07-16T02:52:01.383+0000] {dag.py:3823} INFO - Setting next_dagrun for hello_world to 2025-07-15 00:00:00+00:00, run_after=2025-07-16 00:00:00+00:00
[2025-07-16T02:52:01.397+0000] {processor.py:183} INFO - Processing /opt/airflow/dags/simple_hello_world.py took 0.068 seconds
[2025-07-16T02:52:31.670+0000] {processor.py:161} INFO - Started process (PID=1088) to work on /opt/airflow/dags/simple_hello_world.py
[2025-07-16T02:52:31.671+0000] {processor.py:830} INFO - Processing file /opt/airflow/dags/simple_hello_world.py for tasks to queue
[2025-07-16T02:52:31.672+0000] {logging_mixin.py:188} INFO - [2025-07-16T02:52:31.671+0000] {dagbag.py:538} INFO - Filling up the DagBag from /opt/airflow/dags/simple_hello_world.py
[2025-07-16T02:52:31.684+0000] {processor.py:840} INFO - DAG(s) 'hello_world' retrieved from /opt/airflow/dags/simple_hello_world.py
[2025-07-16T02:52:31.700+0000] {logging_mixin.py:188} INFO - [2025-07-16T02:52:31.700+0000] {dag.py:3036} INFO - Sync 1 DAGs
[2025-07-16T02:52:31.713+0000] {logging_mixin.py:188} INFO - [2025-07-16T02:52:31.712+0000] {dag.py:3823} INFO - Setting next_dagrun for hello_world to 2025-07-15 00:00:00+00:00, run_after=2025-07-16 00:00:00+00:00
[2025-07-16T02:52:31.725+0000] {processor.py:183} INFO - Processing /opt/airflow/dags/simple_hello_world.py took 0.057 seconds
[2025-07-16T04:50:50.005+0000] {processor.py:186} INFO - Started process (PID=55) to work on /opt/airflow/dags/simple_hello_world.py
[2025-07-16T04:50:50.005+0000] {processor.py:914} INFO - Processing file /opt/airflow/dags/simple_hello_world.py for tasks to queue
[2025-07-16T04:50:50.007+0000] {logging_mixin.py:190} INFO - [2025-07-16T04:50:50.007+0000] {dagbag.py:588} INFO - Filling up the DagBag from /opt/airflow/dags/simple_hello_world.py
[2025-07-16T04:50:50.023+0000] {processor.py:925} INFO - DAG(s) 'hello_world' retrieved from /opt/airflow/dags/simple_hello_world.py
[2025-07-16T04:50:50.104+0000] {logging_mixin.py:190} INFO - [2025-07-16T04:50:50.104+0000] {override.py:1900} INFO - Created Permission View: can edit on DAG:hello_world
[2025-07-16T04:50:50.112+0000] {logging_mixin.py:190} INFO - [2025-07-16T04:50:50.112+0000] {override.py:1900} INFO - Created Permission View: can read on DAG:hello_world
[2025-07-16T04:50:50.117+0000] {logging_mixin.py:190} INFO - [2025-07-16T04:50:50.117+0000] {override.py:1900} INFO - Created Permission View: can delete on DAG:hello_world
[2025-07-16T04:50:50.124+0000] {logging_mixin.py:190} INFO - [2025-07-16T04:50:50.124+0000] {override.py:1900} INFO - Created Permission View: can create on DAG Run:hello_world
[2025-07-16T04:50:50.129+0000] {logging_mixin.py:190} INFO - [2025-07-16T04:50:50.128+0000] {override.py:1900} INFO - Created Permission View: can read on DAG Run:hello_world
[2025-07-16T04:50:50.132+0000] {logging_mixin.py:190} INFO - [2025-07-16T04:50:50.132+0000] {override.py:1900} INFO - Created Permission View: menu access on DAG Run:hello_world
[2025-07-16T04:50:50.137+0000] {logging_mixin.py:190} INFO - [2025-07-16T04:50:50.136+0000] {override.py:1900} INFO - Created Permission View: can delete on DAG Run:hello_world
[2025-07-16T04:50:50.137+0000] {logging_mixin.py:190} INFO - [2025-07-16T04:50:50.137+0000] {dag.py:3239} INFO - Sync 1 DAGs
[2025-07-16T04:50:50.146+0000] {logging_mixin.py:190} INFO - [2025-07-16T04:50:50.145+0000] {dag.py:3262} INFO - Creating ORM DAG for hello_world
[2025-07-16T04:50:50.152+0000] {logging_mixin.py:190} INFO - [2025-07-16T04:50:50.152+0000] {dag.py:4180} INFO - Setting next_dagrun for hello_world to 2025-07-15 00:00:00+00:00, run_after=2025-07-16 00:00:00+00:00
[2025-07-16T04:50:50.165+0000] {processor.py:208} INFO - Processing /opt/airflow/dags/simple_hello_world.py took 0.164 seconds
[2025-07-16T04:51:20.415+0000] {processor.py:186} INFO - Started process (PID=79) to work on /opt/airflow/dags/simple_hello_world.py
[2025-07-16T04:51:20.416+0000] {processor.py:914} INFO - Processing file /opt/airflow/dags/simple_hello_world.py for tasks to queue
[2025-07-16T04:51:20.418+0000] {logging_mixin.py:190} INFO - [2025-07-16T04:51:20.417+0000] {dagbag.py:588} INFO - Filling up the DagBag from /opt/airflow/dags/simple_hello_world.py
[2025-07-16T04:51:20.437+0000] {processor.py:925} INFO - DAG(s) 'hello_world' retrieved from /opt/airflow/dags/simple_hello_world.py
[2025-07-16T04:51:20.453+0000] {logging_mixin.py:190} INFO - [2025-07-16T04:51:20.453+0000] {dag.py:3239} INFO - Sync 1 DAGs
[2025-07-16T04:51:20.468+0000] {logging_mixin.py:190} INFO - [2025-07-16T04:51:20.468+0000] {dag.py:4180} INFO - Setting next_dagrun for hello_world to 2025-07-15 00:00:00+00:00, run_after=2025-07-16 00:00:00+00:00
[2025-07-16T04:51:20.480+0000] {processor.py:208} INFO - Processing /opt/airflow/dags/simple_hello_world.py took 0.069 seconds
[2025-07-16T04:51:51.423+0000] {processor.py:186} INFO - Started process (PID=316) to work on /opt/airflow/dags/simple_hello_world.py
[2025-07-16T04:51:51.424+0000] {processor.py:914} INFO - Processing file /opt/airflow/dags/simple_hello_world.py for tasks to queue
[2025-07-16T04:51:51.425+0000] {logging_mixin.py:190} INFO - [2025-07-16T04:51:51.425+0000] {dagbag.py:588} INFO - Filling up the DagBag from /opt/airflow/dags/simple_hello_world.py
[2025-07-16T04:51:51.438+0000] {processor.py:925} INFO - DAG(s) 'hello_world' retrieved from /opt/airflow/dags/simple_hello_world.py
[2025-07-16T04:51:51.456+0000] {logging_mixin.py:190} INFO - [2025-07-16T04:51:51.456+0000] {dag.py:3239} INFO - Sync 1 DAGs
[2025-07-16T04:51:51.476+0000] {logging_mixin.py:190} INFO - [2025-07-16T04:51:51.475+0000] {dag.py:4180} INFO - Setting next_dagrun for hello_world to 2025-07-16 00:00:00+00:00, run_after=2025-07-17 00:00:00+00:00
[2025-07-16T04:51:51.491+0000] {processor.py:208} INFO - Processing /opt/airflow/dags/simple_hello_world.py took 0.071 seconds
[2025-07-16T04:52:22.216+0000] {processor.py:186} INFO - Started process (PID=526) to work on /opt/airflow/dags/simple_hello_world.py
[2025-07-16T04:52:22.217+0000] {processor.py:914} INFO - Processing file /opt/airflow/dags/simple_hello_world.py for tasks to queue
[2025-07-16T04:52:22.218+0000] {logging_mixin.py:190} INFO - [2025-07-16T04:52:22.218+0000] {dagbag.py:588} INFO - Filling up the DagBag from /opt/airflow/dags/simple_hello_world.py
[2025-07-16T04:52:22.233+0000] {processor.py:925} INFO - DAG(s) 'hello_world' retrieved from /opt/airflow/dags/simple_hello_world.py
[2025-07-16T04:52:22.250+0000] {logging_mixin.py:190} INFO - [2025-07-16T04:52:22.249+0000] {dag.py:3239} INFO - Sync 1 DAGs
[2025-07-16T04:52:22.265+0000] {logging_mixin.py:190} INFO - [2025-07-16T04:52:22.265+0000] {dag.py:4180} INFO - Setting next_dagrun for hello_world to 2025-07-16 00:00:00+00:00, run_after=2025-07-17 00:00:00+00:00
[2025-07-16T04:52:22.277+0000] {processor.py:208} INFO - Processing /opt/airflow/dags/simple_hello_world.py took 0.066 seconds
[2025-07-16T04:52:52.344+0000] {processor.py:186} INFO - Started process (PID=548) to work on /opt/airflow/dags/simple_hello_world.py
[2025-07-16T04:52:52.345+0000] {processor.py:914} INFO - Processing file /opt/airflow/dags/simple_hello_world.py for tasks to queue
[2025-07-16T04:52:52.347+0000] {logging_mixin.py:190} INFO - [2025-07-16T04:52:52.347+0000] {dagbag.py:588} INFO - Filling up the DagBag from /opt/airflow/dags/simple_hello_world.py
[2025-07-16T04:52:52.359+0000] {processor.py:925} INFO - DAG(s) 'hello_world' retrieved from /opt/airflow/dags/simple_hello_world.py
[2025-07-16T04:52:52.375+0000] {logging_mixin.py:190} INFO - [2025-07-16T04:52:52.375+0000] {dag.py:3239} INFO - Sync 1 DAGs
[2025-07-16T04:52:52.389+0000] {logging_mixin.py:190} INFO - [2025-07-16T04:52:52.389+0000] {dag.py:4180} INFO - Setting next_dagrun for hello_world to 2025-07-16 00:00:00+00:00, run_after=2025-07-17 00:00:00+00:00
[2025-07-16T04:52:52.401+0000] {processor.py:208} INFO - Processing /opt/airflow/dags/simple_hello_world.py took 0.060 seconds
[2025-07-16T04:53:22.771+0000] {processor.py:186} INFO - Started process (PID=572) to work on /opt/airflow/dags/simple_hello_world.py
[2025-07-16T04:53:22.771+0000] {processor.py:914} INFO - Processing file /opt/airflow/dags/simple_hello_world.py for tasks to queue
[2025-07-16T04:53:22.773+0000] {logging_mixin.py:190} INFO - [2025-07-16T04:53:22.773+0000] {dagbag.py:588} INFO - Filling up the DagBag from /opt/airflow/dags/simple_hello_world.py
[2025-07-16T04:53:22.788+0000] {processor.py:925} INFO - DAG(s) 'hello_world' retrieved from /opt/airflow/dags/simple_hello_world.py
[2025-07-16T04:53:22.806+0000] {logging_mixin.py:190} INFO - [2025-07-16T04:53:22.806+0000] {dag.py:3239} INFO - Sync 1 DAGs
[2025-07-16T04:53:22.822+0000] {logging_mixin.py:190} INFO - [2025-07-16T04:53:22.822+0000] {dag.py:4180} INFO - Setting next_dagrun for hello_world to 2025-07-16 00:00:00+00:00, run_after=2025-07-17 00:00:00+00:00
[2025-07-16T04:53:22.837+0000] {processor.py:208} INFO - Processing /opt/airflow/dags/simple_hello_world.py took 0.070 seconds
[2025-07-16T04:53:52.978+0000] {processor.py:186} INFO - Started process (PID=596) to work on /opt/airflow/dags/simple_hello_world.py
[2025-07-16T04:53:52.979+0000] {processor.py:914} INFO - Processing file /opt/airflow/dags/simple_hello_world.py for tasks to queue
[2025-07-16T04:53:52.980+0000] {logging_mixin.py:190} INFO - [2025-07-16T04:53:52.980+0000] {dagbag.py:588} INFO - Filling up the DagBag from /opt/airflow/dags/simple_hello_world.py
[2025-07-16T04:53:52.992+0000] {processor.py:925} INFO - DAG(s) 'hello_world' retrieved from /opt/airflow/dags/simple_hello_world.py
[2025-07-16T04:53:53.008+0000] {logging_mixin.py:190} INFO - [2025-07-16T04:53:53.008+0000] {dag.py:3239} INFO - Sync 1 DAGs
[2025-07-16T04:53:53.022+0000] {logging_mixin.py:190} INFO - [2025-07-16T04:53:53.022+0000] {dag.py:4180} INFO - Setting next_dagrun for hello_world to 2025-07-16 00:00:00+00:00, run_after=2025-07-17 00:00:00+00:00
[2025-07-16T04:53:53.033+0000] {processor.py:208} INFO - Processing /opt/airflow/dags/simple_hello_world.py took 0.059 seconds
[2025-07-16T04:54:23.144+0000] {processor.py:186} INFO - Started process (PID=620) to work on /opt/airflow/dags/simple_hello_world.py
[2025-07-16T04:54:23.144+0000] {processor.py:914} INFO - Processing file /opt/airflow/dags/simple_hello_world.py for tasks to queue
[2025-07-16T04:54:23.146+0000] {logging_mixin.py:190} INFO - [2025-07-16T04:54:23.146+0000] {dagbag.py:588} INFO - Filling up the DagBag from /opt/airflow/dags/simple_hello_world.py
[2025-07-16T04:54:23.165+0000] {processor.py:925} INFO - DAG(s) 'hello_world' retrieved from /opt/airflow/dags/simple_hello_world.py
[2025-07-16T04:54:23.180+0000] {logging_mixin.py:190} INFO - [2025-07-16T04:54:23.180+0000] {dag.py:3239} INFO - Sync 1 DAGs
[2025-07-16T04:54:23.194+0000] {logging_mixin.py:190} INFO - [2025-07-16T04:54:23.194+0000] {dag.py:4180} INFO - Setting next_dagrun for hello_world to 2025-07-16 00:00:00+00:00, run_after=2025-07-17 00:00:00+00:00
[2025-07-16T04:54:23.204+0000] {processor.py:208} INFO - Processing /opt/airflow/dags/simple_hello_world.py took 0.064 seconds
[2025-07-16T04:54:40.615+0000] {processor.py:186} INFO - Started process (PID=55) to work on /opt/airflow/dags/simple_hello_world.py
[2025-07-16T04:54:40.615+0000] {processor.py:914} INFO - Processing file /opt/airflow/dags/simple_hello_world.py for tasks to queue
[2025-07-16T04:54:40.619+0000] {logging_mixin.py:190} INFO - [2025-07-16T04:54:40.619+0000] {dagbag.py:588} INFO - Filling up the DagBag from /opt/airflow/dags/simple_hello_world.py
[2025-07-16T04:54:40.636+0000] {processor.py:925} INFO - DAG(s) 'hello_world' retrieved from /opt/airflow/dags/simple_hello_world.py
[2025-07-16T04:54:40.655+0000] {logging_mixin.py:190} INFO - [2025-07-16T04:54:40.655+0000] {dag.py:3239} INFO - Sync 1 DAGs
[2025-07-16T04:54:40.670+0000] {logging_mixin.py:190} INFO - [2025-07-16T04:54:40.670+0000] {dag.py:4180} INFO - Setting next_dagrun for hello_world to 2025-07-16 00:00:00+00:00, run_after=2025-07-17 00:00:00+00:00
[2025-07-16T04:54:40.683+0000] {processor.py:208} INFO - Processing /opt/airflow/dags/simple_hello_world.py took 0.072 seconds
[2025-07-16T04:55:10.805+0000] {processor.py:186} INFO - Started process (PID=71) to work on /opt/airflow/dags/simple_hello_world.py
[2025-07-16T04:55:10.806+0000] {processor.py:914} INFO - Processing file /opt/airflow/dags/simple_hello_world.py for tasks to queue
[2025-07-16T04:55:10.808+0000] {logging_mixin.py:190} INFO - [2025-07-16T04:55:10.808+0000] {dagbag.py:588} INFO - Filling up the DagBag from /opt/airflow/dags/simple_hello_world.py
[2025-07-16T04:55:10.828+0000] {processor.py:925} INFO - DAG(s) 'hello_world' retrieved from /opt/airflow/dags/simple_hello_world.py
[2025-07-16T04:55:10.853+0000] {logging_mixin.py:190} INFO - [2025-07-16T04:55:10.853+0000] {dag.py:3239} INFO - Sync 1 DAGs
[2025-07-16T04:55:10.874+0000] {logging_mixin.py:190} INFO - [2025-07-16T04:55:10.874+0000] {dag.py:4180} INFO - Setting next_dagrun for hello_world to 2025-07-16 00:00:00+00:00, run_after=2025-07-17 00:00:00+00:00
[2025-07-16T04:55:10.892+0000] {processor.py:208} INFO - Processing /opt/airflow/dags/simple_hello_world.py took 0.093 seconds
[2025-07-16T04:55:41.236+0000] {processor.py:186} INFO - Started process (PID=95) to work on /opt/airflow/dags/simple_hello_world.py
[2025-07-16T04:55:41.237+0000] {processor.py:914} INFO - Processing file /opt/airflow/dags/simple_hello_world.py for tasks to queue
[2025-07-16T04:55:41.238+0000] {logging_mixin.py:190} INFO - [2025-07-16T04:55:41.238+0000] {dagbag.py:588} INFO - Filling up the DagBag from /opt/airflow/dags/simple_hello_world.py
[2025-07-16T04:55:41.251+0000] {processor.py:925} INFO - DAG(s) 'hello_world' retrieved from /opt/airflow/dags/simple_hello_world.py
[2025-07-16T04:55:41.269+0000] {logging_mixin.py:190} INFO - [2025-07-16T04:55:41.269+0000] {dag.py:3239} INFO - Sync 1 DAGs
[2025-07-16T04:55:41.288+0000] {logging_mixin.py:190} INFO - [2025-07-16T04:55:41.288+0000] {dag.py:4180} INFO - Setting next_dagrun for hello_world to 2025-07-16 00:00:00+00:00, run_after=2025-07-17 00:00:00+00:00
[2025-07-16T04:55:41.304+0000] {processor.py:208} INFO - Processing /opt/airflow/dags/simple_hello_world.py took 0.072 seconds
[2025-07-16T04:56:11.596+0000] {processor.py:186} INFO - Started process (PID=118) to work on /opt/airflow/dags/simple_hello_world.py
[2025-07-16T04:56:11.596+0000] {processor.py:914} INFO - Processing file /opt/airflow/dags/simple_hello_world.py for tasks to queue
[2025-07-16T04:56:11.598+0000] {logging_mixin.py:190} INFO - [2025-07-16T04:56:11.598+0000] {dagbag.py:588} INFO - Filling up the DagBag from /opt/airflow/dags/simple_hello_world.py
[2025-07-16T04:56:11.610+0000] {processor.py:925} INFO - DAG(s) 'hello_world' retrieved from /opt/airflow/dags/simple_hello_world.py
[2025-07-16T04:56:11.626+0000] {logging_mixin.py:190} INFO - [2025-07-16T04:56:11.626+0000] {dag.py:3239} INFO - Sync 1 DAGs
[2025-07-16T04:56:11.641+0000] {logging_mixin.py:190} INFO - [2025-07-16T04:56:11.641+0000] {dag.py:4180} INFO - Setting next_dagrun for hello_world to 2025-07-16 00:00:00+00:00, run_after=2025-07-17 00:00:00+00:00
[2025-07-16T04:56:11.654+0000] {processor.py:208} INFO - Processing /opt/airflow/dags/simple_hello_world.py took 0.061 seconds
[2025-07-16T04:56:41.892+0000] {processor.py:186} INFO - Started process (PID=141) to work on /opt/airflow/dags/simple_hello_world.py
[2025-07-16T04:56:41.892+0000] {processor.py:914} INFO - Processing file /opt/airflow/dags/simple_hello_world.py for tasks to queue
[2025-07-16T04:56:41.894+0000] {logging_mixin.py:190} INFO - [2025-07-16T04:56:41.893+0000] {dagbag.py:588} INFO - Filling up the DagBag from /opt/airflow/dags/simple_hello_world.py
[2025-07-16T04:56:41.906+0000] {processor.py:925} INFO - DAG(s) 'hello_world' retrieved from /opt/airflow/dags/simple_hello_world.py
[2025-07-16T04:56:41.921+0000] {logging_mixin.py:190} INFO - [2025-07-16T04:56:41.921+0000] {dag.py:3239} INFO - Sync 1 DAGs
[2025-07-16T04:56:41.935+0000] {logging_mixin.py:190} INFO - [2025-07-16T04:56:41.935+0000] {dag.py:4180} INFO - Setting next_dagrun for hello_world to 2025-07-16 00:00:00+00:00, run_after=2025-07-17 00:00:00+00:00
[2025-07-16T04:56:41.946+0000] {processor.py:208} INFO - Processing /opt/airflow/dags/simple_hello_world.py took 0.058 seconds
[2025-07-16T04:57:12.103+0000] {processor.py:186} INFO - Started process (PID=165) to work on /opt/airflow/dags/simple_hello_world.py
[2025-07-16T04:57:12.104+0000] {processor.py:914} INFO - Processing file /opt/airflow/dags/simple_hello_world.py for tasks to queue
[2025-07-16T04:57:12.105+0000] {logging_mixin.py:190} INFO - [2025-07-16T04:57:12.105+0000] {dagbag.py:588} INFO - Filling up the DagBag from /opt/airflow/dags/simple_hello_world.py
[2025-07-16T04:57:12.118+0000] {processor.py:925} INFO - DAG(s) 'hello_world' retrieved from /opt/airflow/dags/simple_hello_world.py
[2025-07-16T04:57:12.134+0000] {logging_mixin.py:190} INFO - [2025-07-16T04:57:12.134+0000] {dag.py:3239} INFO - Sync 1 DAGs
[2025-07-16T04:57:12.148+0000] {logging_mixin.py:190} INFO - [2025-07-16T04:57:12.148+0000] {dag.py:4180} INFO - Setting next_dagrun for hello_world to 2025-07-16 00:00:00+00:00, run_after=2025-07-17 00:00:00+00:00
[2025-07-16T04:57:12.159+0000] {processor.py:208} INFO - Processing /opt/airflow/dags/simple_hello_world.py took 0.059 seconds
[2025-07-16T04:57:42.568+0000] {processor.py:186} INFO - Started process (PID=189) to work on /opt/airflow/dags/simple_hello_world.py
[2025-07-16T04:57:42.569+0000] {processor.py:914} INFO - Processing file /opt/airflow/dags/simple_hello_world.py for tasks to queue
[2025-07-16T04:57:42.571+0000] {logging_mixin.py:190} INFO - [2025-07-16T04:57:42.570+0000] {dagbag.py:588} INFO - Filling up the DagBag from /opt/airflow/dags/simple_hello_world.py
[2025-07-16T04:57:42.586+0000] {processor.py:925} INFO - DAG(s) 'hello_world' retrieved from /opt/airflow/dags/simple_hello_world.py
[2025-07-16T04:57:42.603+0000] {logging_mixin.py:190} INFO - [2025-07-16T04:57:42.603+0000] {dag.py:3239} INFO - Sync 1 DAGs
[2025-07-16T04:57:42.619+0000] {logging_mixin.py:190} INFO - [2025-07-16T04:57:42.618+0000] {dag.py:4180} INFO - Setting next_dagrun for hello_world to 2025-07-16 00:00:00+00:00, run_after=2025-07-17 00:00:00+00:00
[2025-07-16T04:57:42.632+0000] {processor.py:208} INFO - Processing /opt/airflow/dags/simple_hello_world.py took 0.067 seconds
[2025-07-16T04:58:12.682+0000] {processor.py:186} INFO - Started process (PID=213) to work on /opt/airflow/dags/simple_hello_world.py
[2025-07-16T04:58:12.682+0000] {processor.py:914} INFO - Processing file /opt/airflow/dags/simple_hello_world.py for tasks to queue
[2025-07-16T04:58:12.685+0000] {logging_mixin.py:190} INFO - [2025-07-16T04:58:12.684+0000] {dagbag.py:588} INFO - Filling up the DagBag from /opt/airflow/dags/simple_hello_world.py
[2025-07-16T04:58:12.697+0000] {processor.py:925} INFO - DAG(s) 'hello_world' retrieved from /opt/airflow/dags/simple_hello_world.py
[2025-07-16T04:58:12.714+0000] {logging_mixin.py:190} INFO - [2025-07-16T04:58:12.714+0000] {dag.py:3239} INFO - Sync 1 DAGs
[2025-07-16T04:58:12.730+0000] {logging_mixin.py:190} INFO - [2025-07-16T04:58:12.730+0000] {dag.py:4180} INFO - Setting next_dagrun for hello_world to 2025-07-16 00:00:00+00:00, run_after=2025-07-17 00:00:00+00:00
[2025-07-16T04:58:12.742+0000] {processor.py:208} INFO - Processing /opt/airflow/dags/simple_hello_world.py took 0.064 seconds
[2025-07-16T04:58:42.914+0000] {processor.py:186} INFO - Started process (PID=237) to work on /opt/airflow/dags/simple_hello_world.py
[2025-07-16T04:58:42.914+0000] {processor.py:914} INFO - Processing file /opt/airflow/dags/simple_hello_world.py for tasks to queue
[2025-07-16T04:58:42.916+0000] {logging_mixin.py:190} INFO - [2025-07-16T04:58:42.916+0000] {dagbag.py:588} INFO - Filling up the DagBag from /opt/airflow/dags/simple_hello_world.py
[2025-07-16T04:58:42.929+0000] {processor.py:925} INFO - DAG(s) 'hello_world' retrieved from /opt/airflow/dags/simple_hello_world.py
[2025-07-16T04:58:42.946+0000] {logging_mixin.py:190} INFO - [2025-07-16T04:58:42.945+0000] {dag.py:3239} INFO - Sync 1 DAGs
[2025-07-16T04:58:42.960+0000] {logging_mixin.py:190} INFO - [2025-07-16T04:58:42.960+0000] {dag.py:4180} INFO - Setting next_dagrun for hello_world to 2025-07-16 00:00:00+00:00, run_after=2025-07-17 00:00:00+00:00
[2025-07-16T04:58:42.971+0000] {processor.py:208} INFO - Processing /opt/airflow/dags/simple_hello_world.py took 0.061 seconds
