[2025-07-11T20:19:44.542+0000] {processor.py:161} INFO - Started process (PID=63) to work on /opt/airflow/dags/dags.py
[2025-07-11T20:19:44.543+0000] {processor.py:830} INFO - Processing file /opt/airflow/dags/dags.py for tasks to queue
[2025-07-11T20:19:44.544+0000] {logging_mixin.py:188} INFO - [2025-07-11T20:19:44.544+0000] {dagbag.py:538} INFO - Filling up the DagBag from /opt/airflow/dags/dags.py
[2025-07-11T20:19:44.623+0000] {logging_mixin.py:188} INFO - PySpark is available
[2025-07-11T20:19:47.030+0000] {processor.py:840} INFO - DAG(s) 'etl_pipeline' retrieved from /opt/airflow/dags/dags.py
[2025-07-11T20:19:47.109+0000] {logging_mixin.py:188} INFO - [2025-07-11T20:19:47.109+0000] {dag.py:3036} INFO - Sync 1 DAGs
[2025-07-11T20:19:47.124+0000] {logging_mixin.py:188} INFO - [2025-07-11T20:19:47.124+0000] {dag.py:3823} INFO - Setting next_dagrun for etl_pipeline to 2025-07-10 00:00:00+00:00, run_after=2025-07-11 00:00:00+00:00
[2025-07-11T20:19:47.144+0000] {processor.py:183} INFO - Processing /opt/airflow/dags/dags.py took 2.604 seconds
[2025-07-11T20:20:18.007+0000] {processor.py:161} INFO - Started process (PID=196) to work on /opt/airflow/dags/dags.py
[2025-07-11T20:20:18.008+0000] {processor.py:830} INFO - Processing file /opt/airflow/dags/dags.py for tasks to queue
[2025-07-11T20:20:18.009+0000] {logging_mixin.py:188} INFO - [2025-07-11T20:20:18.009+0000] {dagbag.py:538} INFO - Filling up the DagBag from /opt/airflow/dags/dags.py
[2025-07-11T20:20:18.066+0000] {logging_mixin.py:188} INFO - PySpark is available
[2025-07-11T20:20:19.885+0000] {processor.py:840} INFO - DAG(s) 'etl_pipeline' retrieved from /opt/airflow/dags/dags.py
[2025-07-11T20:20:19.903+0000] {logging_mixin.py:188} INFO - [2025-07-11T20:20:19.903+0000] {dag.py:3036} INFO - Sync 1 DAGs
[2025-07-11T20:20:19.920+0000] {logging_mixin.py:188} INFO - [2025-07-11T20:20:19.919+0000] {dag.py:3823} INFO - Setting next_dagrun for etl_pipeline to 2025-07-10 00:00:00+00:00, run_after=2025-07-11 00:00:00+00:00
[2025-07-11T20:20:19.948+0000] {processor.py:183} INFO - Processing /opt/airflow/dags/dags.py took 1.945 seconds
[2025-07-11T20:20:50.321+0000] {processor.py:161} INFO - Started process (PID=332) to work on /opt/airflow/dags/dags.py
[2025-07-11T20:20:50.322+0000] {processor.py:830} INFO - Processing file /opt/airflow/dags/dags.py for tasks to queue
[2025-07-11T20:20:50.322+0000] {logging_mixin.py:188} INFO - [2025-07-11T20:20:50.322+0000] {dagbag.py:538} INFO - Filling up the DagBag from /opt/airflow/dags/dags.py
[2025-07-11T20:20:50.374+0000] {logging_mixin.py:188} INFO - PySpark is available
[2025-07-11T20:20:52.120+0000] {processor.py:840} INFO - DAG(s) 'etl_pipeline' retrieved from /opt/airflow/dags/dags.py
[2025-07-11T20:20:52.137+0000] {logging_mixin.py:188} INFO - [2025-07-11T20:20:52.137+0000] {dag.py:3036} INFO - Sync 1 DAGs
[2025-07-11T20:20:52.152+0000] {logging_mixin.py:188} INFO - [2025-07-11T20:20:52.152+0000] {dag.py:3823} INFO - Setting next_dagrun for etl_pipeline to 2025-07-10 00:00:00+00:00, run_after=2025-07-11 00:00:00+00:00
[2025-07-11T20:20:52.163+0000] {processor.py:183} INFO - Processing /opt/airflow/dags/dags.py took 1.845 seconds
[2025-07-11T20:21:22.814+0000] {processor.py:161} INFO - Started process (PID=468) to work on /opt/airflow/dags/dags.py
[2025-07-11T20:21:22.815+0000] {processor.py:830} INFO - Processing file /opt/airflow/dags/dags.py for tasks to queue
[2025-07-11T20:21:22.816+0000] {logging_mixin.py:188} INFO - [2025-07-11T20:21:22.816+0000] {dagbag.py:538} INFO - Filling up the DagBag from /opt/airflow/dags/dags.py
[2025-07-11T20:21:22.868+0000] {logging_mixin.py:188} INFO - PySpark is available
[2025-07-11T20:21:24.499+0000] {processor.py:840} INFO - DAG(s) 'etl_pipeline' retrieved from /opt/airflow/dags/dags.py
[2025-07-11T20:21:24.516+0000] {logging_mixin.py:188} INFO - [2025-07-11T20:21:24.515+0000] {dag.py:3036} INFO - Sync 1 DAGs
[2025-07-11T20:21:24.530+0000] {logging_mixin.py:188} INFO - [2025-07-11T20:21:24.530+0000] {dag.py:3823} INFO - Setting next_dagrun for etl_pipeline to 2025-07-10 00:00:00+00:00, run_after=2025-07-11 00:00:00+00:00
[2025-07-11T20:21:24.541+0000] {processor.py:183} INFO - Processing /opt/airflow/dags/dags.py took 1.729 seconds
[2025-07-11T20:21:55.052+0000] {processor.py:161} INFO - Started process (PID=605) to work on /opt/airflow/dags/dags.py
[2025-07-11T20:21:55.053+0000] {processor.py:830} INFO - Processing file /opt/airflow/dags/dags.py for tasks to queue
[2025-07-11T20:21:55.054+0000] {logging_mixin.py:188} INFO - [2025-07-11T20:21:55.054+0000] {dagbag.py:538} INFO - Filling up the DagBag from /opt/airflow/dags/dags.py
[2025-07-11T20:21:55.107+0000] {logging_mixin.py:188} INFO - PySpark is available
[2025-07-11T20:21:56.744+0000] {processor.py:840} INFO - DAG(s) 'etl_pipeline' retrieved from /opt/airflow/dags/dags.py
[2025-07-11T20:21:56.763+0000] {logging_mixin.py:188} INFO - [2025-07-11T20:21:56.762+0000] {dag.py:3036} INFO - Sync 1 DAGs
[2025-07-11T20:21:56.776+0000] {logging_mixin.py:188} INFO - [2025-07-11T20:21:56.776+0000] {dag.py:3823} INFO - Setting next_dagrun for etl_pipeline to 2025-07-10 00:00:00+00:00, run_after=2025-07-11 00:00:00+00:00
[2025-07-11T20:21:56.796+0000] {processor.py:183} INFO - Processing /opt/airflow/dags/dags.py took 1.747 seconds
[2025-07-11T20:22:27.377+0000] {processor.py:161} INFO - Started process (PID=741) to work on /opt/airflow/dags/dags.py
[2025-07-11T20:22:27.378+0000] {processor.py:830} INFO - Processing file /opt/airflow/dags/dags.py for tasks to queue
[2025-07-11T20:22:27.379+0000] {logging_mixin.py:188} INFO - [2025-07-11T20:22:27.379+0000] {dagbag.py:538} INFO - Filling up the DagBag from /opt/airflow/dags/dags.py
[2025-07-11T20:22:27.459+0000] {logging_mixin.py:188} INFO - PySpark is available
[2025-07-11T20:22:29.179+0000] {processor.py:840} INFO - DAG(s) 'etl_pipeline' retrieved from /opt/airflow/dags/dags.py
[2025-07-11T20:22:29.196+0000] {logging_mixin.py:188} INFO - [2025-07-11T20:22:29.196+0000] {dag.py:3036} INFO - Sync 1 DAGs
[2025-07-11T20:22:29.211+0000] {logging_mixin.py:188} INFO - [2025-07-11T20:22:29.210+0000] {dag.py:3823} INFO - Setting next_dagrun for etl_pipeline to 2025-07-10 00:00:00+00:00, run_after=2025-07-11 00:00:00+00:00
[2025-07-11T20:22:29.221+0000] {processor.py:183} INFO - Processing /opt/airflow/dags/dags.py took 1.848 seconds
[2025-07-11T20:22:59.719+0000] {processor.py:161} INFO - Started process (PID=878) to work on /opt/airflow/dags/dags.py
[2025-07-11T20:22:59.720+0000] {processor.py:830} INFO - Processing file /opt/airflow/dags/dags.py for tasks to queue
[2025-07-11T20:22:59.721+0000] {logging_mixin.py:188} INFO - [2025-07-11T20:22:59.721+0000] {dagbag.py:538} INFO - Filling up the DagBag from /opt/airflow/dags/dags.py
[2025-07-11T20:22:59.770+0000] {logging_mixin.py:188} INFO - PySpark is available
[2025-07-11T20:23:01.397+0000] {processor.py:840} INFO - DAG(s) 'etl_pipeline' retrieved from /opt/airflow/dags/dags.py
[2025-07-11T20:23:01.413+0000] {logging_mixin.py:188} INFO - [2025-07-11T20:23:01.413+0000] {dag.py:3036} INFO - Sync 1 DAGs
[2025-07-11T20:23:01.428+0000] {logging_mixin.py:188} INFO - [2025-07-11T20:23:01.427+0000] {dag.py:3823} INFO - Setting next_dagrun for etl_pipeline to 2025-07-10 00:00:00+00:00, run_after=2025-07-11 00:00:00+00:00
[2025-07-11T20:23:01.454+0000] {processor.py:183} INFO - Processing /opt/airflow/dags/dags.py took 1.737 seconds
[2025-07-11T20:23:32.086+0000] {processor.py:161} INFO - Started process (PID=1014) to work on /opt/airflow/dags/dags.py
[2025-07-11T20:23:32.087+0000] {processor.py:830} INFO - Processing file /opt/airflow/dags/dags.py for tasks to queue
[2025-07-11T20:23:32.088+0000] {logging_mixin.py:188} INFO - [2025-07-11T20:23:32.088+0000] {dagbag.py:538} INFO - Filling up the DagBag from /opt/airflow/dags/dags.py
[2025-07-11T20:23:32.135+0000] {logging_mixin.py:188} INFO - PySpark is available
[2025-07-11T20:23:33.629+0000] {processor.py:840} INFO - DAG(s) 'etl_pipeline' retrieved from /opt/airflow/dags/dags.py
[2025-07-11T20:23:33.646+0000] {logging_mixin.py:188} INFO - [2025-07-11T20:23:33.646+0000] {dag.py:3036} INFO - Sync 1 DAGs
[2025-07-11T20:23:33.661+0000] {logging_mixin.py:188} INFO - [2025-07-11T20:23:33.661+0000] {dag.py:3823} INFO - Setting next_dagrun for etl_pipeline to 2025-07-10 00:00:00+00:00, run_after=2025-07-11 00:00:00+00:00
[2025-07-11T20:23:33.672+0000] {processor.py:183} INFO - Processing /opt/airflow/dags/dags.py took 1.589 seconds
[2025-07-11T20:24:04.267+0000] {processor.py:161} INFO - Started process (PID=1148) to work on /opt/airflow/dags/dags.py
[2025-07-11T20:24:04.268+0000] {processor.py:830} INFO - Processing file /opt/airflow/dags/dags.py for tasks to queue
[2025-07-11T20:24:04.269+0000] {logging_mixin.py:188} INFO - [2025-07-11T20:24:04.268+0000] {dagbag.py:538} INFO - Filling up the DagBag from /opt/airflow/dags/dags.py
[2025-07-11T20:24:04.317+0000] {logging_mixin.py:188} INFO - PySpark is available
[2025-07-11T20:24:05.953+0000] {processor.py:840} INFO - DAG(s) 'etl_pipeline' retrieved from /opt/airflow/dags/dags.py
[2025-07-11T20:24:05.969+0000] {logging_mixin.py:188} INFO - [2025-07-11T20:24:05.969+0000] {dag.py:3036} INFO - Sync 1 DAGs
[2025-07-11T20:24:05.984+0000] {logging_mixin.py:188} INFO - [2025-07-11T20:24:05.983+0000] {dag.py:3823} INFO - Setting next_dagrun for etl_pipeline to 2025-07-10 00:00:00+00:00, run_after=2025-07-11 00:00:00+00:00
[2025-07-11T20:24:05.995+0000] {processor.py:183} INFO - Processing /opt/airflow/dags/dags.py took 1.730 seconds
[2025-07-11T20:24:36.514+0000] {processor.py:161} INFO - Started process (PID=1285) to work on /opt/airflow/dags/dags.py
[2025-07-11T20:24:36.515+0000] {processor.py:830} INFO - Processing file /opt/airflow/dags/dags.py for tasks to queue
[2025-07-11T20:24:36.516+0000] {logging_mixin.py:188} INFO - [2025-07-11T20:24:36.516+0000] {dagbag.py:538} INFO - Filling up the DagBag from /opt/airflow/dags/dags.py
[2025-07-11T20:24:36.568+0000] {logging_mixin.py:188} INFO - PySpark is available
[2025-07-11T20:24:38.182+0000] {processor.py:840} INFO - DAG(s) 'etl_pipeline' retrieved from /opt/airflow/dags/dags.py
[2025-07-11T20:24:38.201+0000] {logging_mixin.py:188} INFO - [2025-07-11T20:24:38.201+0000] {dag.py:3036} INFO - Sync 1 DAGs
[2025-07-11T20:24:38.215+0000] {logging_mixin.py:188} INFO - [2025-07-11T20:24:38.215+0000] {dag.py:3823} INFO - Setting next_dagrun for etl_pipeline to 2025-07-10 00:00:00+00:00, run_after=2025-07-11 00:00:00+00:00
[2025-07-11T20:24:38.227+0000] {processor.py:183} INFO - Processing /opt/airflow/dags/dags.py took 1.717 seconds
[2025-07-11T20:25:09.257+0000] {processor.py:161} INFO - Started process (PID=1429) to work on /opt/airflow/dags/dags.py
[2025-07-11T20:25:09.258+0000] {processor.py:830} INFO - Processing file /opt/airflow/dags/dags.py for tasks to queue
[2025-07-11T20:25:09.258+0000] {logging_mixin.py:188} INFO - [2025-07-11T20:25:09.258+0000] {dagbag.py:538} INFO - Filling up the DagBag from /opt/airflow/dags/dags.py
[2025-07-11T20:25:09.301+0000] {logging_mixin.py:188} INFO - PySpark is available
[2025-07-11T20:25:10.933+0000] {processor.py:840} INFO - DAG(s) 'etl_pipeline' retrieved from /opt/airflow/dags/dags.py
[2025-07-11T20:25:10.950+0000] {logging_mixin.py:188} INFO - [2025-07-11T20:25:10.950+0000] {dag.py:3036} INFO - Sync 1 DAGs
[2025-07-11T20:25:10.963+0000] {logging_mixin.py:188} INFO - [2025-07-11T20:25:10.963+0000] {dag.py:3823} INFO - Setting next_dagrun for etl_pipeline to 2025-07-10 00:00:00+00:00, run_after=2025-07-11 00:00:00+00:00
[2025-07-11T20:25:10.975+0000] {processor.py:183} INFO - Processing /opt/airflow/dags/dags.py took 1.720 seconds
[2025-07-11T20:25:41.847+0000] {processor.py:161} INFO - Started process (PID=1563) to work on /opt/airflow/dags/dags.py
[2025-07-11T20:25:41.847+0000] {processor.py:830} INFO - Processing file /opt/airflow/dags/dags.py for tasks to queue
[2025-07-11T20:25:41.848+0000] {logging_mixin.py:188} INFO - [2025-07-11T20:25:41.848+0000] {dagbag.py:538} INFO - Filling up the DagBag from /opt/airflow/dags/dags.py
[2025-07-11T20:25:41.893+0000] {logging_mixin.py:188} INFO - PySpark is available
[2025-07-11T20:25:43.603+0000] {processor.py:840} INFO - DAG(s) 'etl_pipeline' retrieved from /opt/airflow/dags/dags.py
[2025-07-11T20:25:43.622+0000] {logging_mixin.py:188} INFO - [2025-07-11T20:25:43.622+0000] {dag.py:3036} INFO - Sync 1 DAGs
[2025-07-11T20:25:43.638+0000] {logging_mixin.py:188} INFO - [2025-07-11T20:25:43.638+0000] {dag.py:3823} INFO - Setting next_dagrun for etl_pipeline to 2025-07-10 00:00:00+00:00, run_after=2025-07-11 00:00:00+00:00
[2025-07-11T20:25:43.659+0000] {processor.py:183} INFO - Processing /opt/airflow/dags/dags.py took 1.815 seconds
[2025-07-11T20:26:14.446+0000] {processor.py:161} INFO - Started process (PID=1701) to work on /opt/airflow/dags/dags.py
[2025-07-11T20:26:14.447+0000] {processor.py:830} INFO - Processing file /opt/airflow/dags/dags.py for tasks to queue
[2025-07-11T20:26:14.447+0000] {logging_mixin.py:188} INFO - [2025-07-11T20:26:14.447+0000] {dagbag.py:538} INFO - Filling up the DagBag from /opt/airflow/dags/dags.py
[2025-07-11T20:26:14.490+0000] {logging_mixin.py:188} INFO - PySpark is available
[2025-07-11T20:26:16.120+0000] {processor.py:840} INFO - DAG(s) 'etl_pipeline' retrieved from /opt/airflow/dags/dags.py
[2025-07-11T20:26:16.138+0000] {logging_mixin.py:188} INFO - [2025-07-11T20:26:16.138+0000] {dag.py:3036} INFO - Sync 1 DAGs
[2025-07-11T20:26:16.151+0000] {logging_mixin.py:188} INFO - [2025-07-11T20:26:16.151+0000] {dag.py:3823} INFO - Setting next_dagrun for etl_pipeline to 2025-07-10 00:00:00+00:00, run_after=2025-07-11 00:00:00+00:00
[2025-07-11T20:26:16.172+0000] {processor.py:183} INFO - Processing /opt/airflow/dags/dags.py took 1.728 seconds
[2025-07-11T20:26:47.025+0000] {processor.py:161} INFO - Started process (PID=1840) to work on /opt/airflow/dags/dags.py
[2025-07-11T20:26:47.028+0000] {processor.py:830} INFO - Processing file /opt/airflow/dags/dags.py for tasks to queue
[2025-07-11T20:26:47.029+0000] {logging_mixin.py:188} INFO - [2025-07-11T20:26:47.029+0000] {dagbag.py:538} INFO - Filling up the DagBag from /opt/airflow/dags/dags.py
[2025-07-11T20:26:47.104+0000] {logging_mixin.py:188} INFO - PySpark is available
[2025-07-11T20:26:48.725+0000] {processor.py:840} INFO - DAG(s) 'etl_pipeline' retrieved from /opt/airflow/dags/dags.py
[2025-07-11T20:26:48.741+0000] {logging_mixin.py:188} INFO - [2025-07-11T20:26:48.741+0000] {dag.py:3036} INFO - Sync 1 DAGs
[2025-07-11T20:26:48.759+0000] {logging_mixin.py:188} INFO - [2025-07-11T20:26:48.758+0000] {dag.py:3823} INFO - Setting next_dagrun for etl_pipeline to 2025-07-10 00:00:00+00:00, run_after=2025-07-11 00:00:00+00:00
[2025-07-11T20:26:48.774+0000] {processor.py:183} INFO - Processing /opt/airflow/dags/dags.py took 1.753 seconds
[2025-07-11T20:27:19.602+0000] {processor.py:161} INFO - Started process (PID=1975) to work on /opt/airflow/dags/dags.py
[2025-07-11T20:27:19.603+0000] {processor.py:830} INFO - Processing file /opt/airflow/dags/dags.py for tasks to queue
[2025-07-11T20:27:19.603+0000] {logging_mixin.py:188} INFO - [2025-07-11T20:27:19.603+0000] {dagbag.py:538} INFO - Filling up the DagBag from /opt/airflow/dags/dags.py
[2025-07-11T20:27:19.650+0000] {logging_mixin.py:188} INFO - PySpark is available
[2025-07-11T20:27:21.254+0000] {processor.py:840} INFO - DAG(s) 'etl_pipeline' retrieved from /opt/airflow/dags/dags.py
[2025-07-11T20:27:21.270+0000] {logging_mixin.py:188} INFO - [2025-07-11T20:27:21.270+0000] {dag.py:3036} INFO - Sync 1 DAGs
[2025-07-11T20:27:21.285+0000] {logging_mixin.py:188} INFO - [2025-07-11T20:27:21.285+0000] {dag.py:3823} INFO - Setting next_dagrun for etl_pipeline to 2025-07-10 00:00:00+00:00, run_after=2025-07-11 00:00:00+00:00
[2025-07-11T20:27:21.297+0000] {processor.py:183} INFO - Processing /opt/airflow/dags/dags.py took 1.697 seconds
[2025-07-11T20:27:52.281+0000] {processor.py:161} INFO - Started process (PID=2115) to work on /opt/airflow/dags/dags.py
[2025-07-11T20:27:52.282+0000] {processor.py:830} INFO - Processing file /opt/airflow/dags/dags.py for tasks to queue
[2025-07-11T20:27:52.283+0000] {logging_mixin.py:188} INFO - [2025-07-11T20:27:52.282+0000] {dagbag.py:538} INFO - Filling up the DagBag from /opt/airflow/dags/dags.py
[2025-07-11T20:27:52.325+0000] {logging_mixin.py:188} INFO - PySpark is available
[2025-07-11T20:27:53.939+0000] {processor.py:840} INFO - DAG(s) 'etl_pipeline' retrieved from /opt/airflow/dags/dags.py
[2025-07-11T20:27:53.956+0000] {logging_mixin.py:188} INFO - [2025-07-11T20:27:53.956+0000] {dag.py:3036} INFO - Sync 1 DAGs
[2025-07-11T20:27:53.971+0000] {logging_mixin.py:188} INFO - [2025-07-11T20:27:53.971+0000] {dag.py:3823} INFO - Setting next_dagrun for etl_pipeline to 2025-07-10 00:00:00+00:00, run_after=2025-07-11 00:00:00+00:00
[2025-07-11T20:27:53.982+0000] {processor.py:183} INFO - Processing /opt/airflow/dags/dags.py took 1.703 seconds
[2025-07-11T20:28:24.822+0000] {processor.py:161} INFO - Started process (PID=2255) to work on /opt/airflow/dags/dags.py
[2025-07-11T20:28:24.822+0000] {processor.py:830} INFO - Processing file /opt/airflow/dags/dags.py for tasks to queue
[2025-07-11T20:28:24.823+0000] {logging_mixin.py:188} INFO - [2025-07-11T20:28:24.823+0000] {dagbag.py:538} INFO - Filling up the DagBag from /opt/airflow/dags/dags.py
[2025-07-11T20:28:24.870+0000] {logging_mixin.py:188} INFO - PySpark is available
[2025-07-11T20:28:26.513+0000] {processor.py:840} INFO - DAG(s) 'etl_pipeline' retrieved from /opt/airflow/dags/dags.py
[2025-07-11T20:28:26.528+0000] {logging_mixin.py:188} INFO - [2025-07-11T20:28:26.528+0000] {dag.py:3036} INFO - Sync 1 DAGs
[2025-07-11T20:28:26.542+0000] {logging_mixin.py:188} INFO - [2025-07-11T20:28:26.542+0000] {dag.py:3823} INFO - Setting next_dagrun for etl_pipeline to 2025-07-10 00:00:00+00:00, run_after=2025-07-11 00:00:00+00:00
[2025-07-11T20:28:26.563+0000] {processor.py:183} INFO - Processing /opt/airflow/dags/dags.py took 1.745 seconds
[2025-07-11T20:28:57.329+0000] {processor.py:161} INFO - Started process (PID=2400) to work on /opt/airflow/dags/dags.py
[2025-07-11T20:28:57.330+0000] {processor.py:830} INFO - Processing file /opt/airflow/dags/dags.py for tasks to queue
[2025-07-11T20:28:57.331+0000] {logging_mixin.py:188} INFO - [2025-07-11T20:28:57.331+0000] {dagbag.py:538} INFO - Filling up the DagBag from /opt/airflow/dags/dags.py
[2025-07-11T20:28:57.379+0000] {logging_mixin.py:188} INFO - PySpark is available
[2025-07-11T20:28:59.059+0000] {processor.py:840} INFO - DAG(s) 'etl_pipeline' retrieved from /opt/airflow/dags/dags.py
[2025-07-11T20:28:59.078+0000] {logging_mixin.py:188} INFO - [2025-07-11T20:28:59.078+0000] {dag.py:3036} INFO - Sync 1 DAGs
[2025-07-11T20:28:59.093+0000] {logging_mixin.py:188} INFO - [2025-07-11T20:28:59.093+0000] {dag.py:3823} INFO - Setting next_dagrun for etl_pipeline to 2025-07-10 00:00:00+00:00, run_after=2025-07-11 00:00:00+00:00
[2025-07-11T20:28:59.115+0000] {processor.py:183} INFO - Processing /opt/airflow/dags/dags.py took 1.791 seconds
[2025-07-11T20:29:29.470+0000] {processor.py:161} INFO - Started process (PID=2547) to work on /opt/airflow/dags/dags.py
[2025-07-11T20:29:29.470+0000] {processor.py:830} INFO - Processing file /opt/airflow/dags/dags.py for tasks to queue
[2025-07-11T20:29:29.471+0000] {logging_mixin.py:188} INFO - [2025-07-11T20:29:29.471+0000] {dagbag.py:538} INFO - Filling up the DagBag from /opt/airflow/dags/dags.py
[2025-07-11T20:29:29.517+0000] {logging_mixin.py:188} INFO - PySpark is available
[2025-07-11T20:29:31.146+0000] {processor.py:840} INFO - DAG(s) 'etl_pipeline' retrieved from /opt/airflow/dags/dags.py
[2025-07-11T20:29:31.165+0000] {logging_mixin.py:188} INFO - [2025-07-11T20:29:31.164+0000] {dag.py:3036} INFO - Sync 1 DAGs
[2025-07-11T20:29:31.182+0000] {logging_mixin.py:188} INFO - [2025-07-11T20:29:31.182+0000] {dag.py:3823} INFO - Setting next_dagrun for etl_pipeline to 2025-07-10 00:00:00+00:00, run_after=2025-07-11 00:00:00+00:00
[2025-07-11T20:29:31.203+0000] {processor.py:183} INFO - Processing /opt/airflow/dags/dags.py took 1.736 seconds
[2025-07-11T20:30:02.154+0000] {processor.py:161} INFO - Started process (PID=2691) to work on /opt/airflow/dags/dags.py
[2025-07-11T20:30:02.155+0000] {processor.py:830} INFO - Processing file /opt/airflow/dags/dags.py for tasks to queue
[2025-07-11T20:30:02.156+0000] {logging_mixin.py:188} INFO - [2025-07-11T20:30:02.156+0000] {dagbag.py:538} INFO - Filling up the DagBag from /opt/airflow/dags/dags.py
[2025-07-11T20:30:02.200+0000] {logging_mixin.py:188} INFO - PySpark is available
[2025-07-11T20:30:03.682+0000] {processor.py:840} INFO - DAG(s) 'etl_pipeline' retrieved from /opt/airflow/dags/dags.py
[2025-07-11T20:30:03.698+0000] {logging_mixin.py:188} INFO - [2025-07-11T20:30:03.697+0000] {dag.py:3036} INFO - Sync 1 DAGs
[2025-07-11T20:30:03.712+0000] {logging_mixin.py:188} INFO - [2025-07-11T20:30:03.711+0000] {dag.py:3823} INFO - Setting next_dagrun for etl_pipeline to 2025-07-10 00:00:00+00:00, run_after=2025-07-11 00:00:00+00:00
[2025-07-11T20:30:03.732+0000] {processor.py:183} INFO - Processing /opt/airflow/dags/dags.py took 1.581 seconds
[2025-07-11T20:30:34.279+0000] {processor.py:161} INFO - Started process (PID=2827) to work on /opt/airflow/dags/dags.py
[2025-07-11T20:30:34.279+0000] {processor.py:830} INFO - Processing file /opt/airflow/dags/dags.py for tasks to queue
[2025-07-11T20:30:34.280+0000] {logging_mixin.py:188} INFO - [2025-07-11T20:30:34.280+0000] {dagbag.py:538} INFO - Filling up the DagBag from /opt/airflow/dags/dags.py
[2025-07-11T20:30:34.336+0000] {logging_mixin.py:188} INFO - PySpark is available
[2025-07-11T20:30:35.961+0000] {processor.py:840} INFO - DAG(s) 'etl_pipeline' retrieved from /opt/airflow/dags/dags.py
[2025-07-11T20:30:35.979+0000] {logging_mixin.py:188} INFO - [2025-07-11T20:30:35.979+0000] {dag.py:3036} INFO - Sync 1 DAGs
[2025-07-11T20:30:35.993+0000] {logging_mixin.py:188} INFO - [2025-07-11T20:30:35.992+0000] {dag.py:3823} INFO - Setting next_dagrun for etl_pipeline to 2025-07-10 00:00:00+00:00, run_after=2025-07-11 00:00:00+00:00
[2025-07-11T20:30:36.014+0000] {processor.py:183} INFO - Processing /opt/airflow/dags/dags.py took 1.740 seconds
[2025-07-11T20:31:06.907+0000] {processor.py:161} INFO - Started process (PID=2963) to work on /opt/airflow/dags/dags.py
[2025-07-11T20:31:06.909+0000] {processor.py:830} INFO - Processing file /opt/airflow/dags/dags.py for tasks to queue
[2025-07-11T20:31:06.911+0000] {logging_mixin.py:188} INFO - [2025-07-11T20:31:06.910+0000] {dagbag.py:538} INFO - Filling up the DagBag from /opt/airflow/dags/dags.py
[2025-07-11T20:31:06.985+0000] {logging_mixin.py:188} INFO - PySpark is available
[2025-07-11T20:31:08.635+0000] {processor.py:840} INFO - DAG(s) 'etl_pipeline' retrieved from /opt/airflow/dags/dags.py
[2025-07-11T20:31:08.652+0000] {logging_mixin.py:188} INFO - [2025-07-11T20:31:08.652+0000] {dag.py:3036} INFO - Sync 1 DAGs
[2025-07-11T20:31:08.667+0000] {logging_mixin.py:188} INFO - [2025-07-11T20:31:08.667+0000] {dag.py:3823} INFO - Setting next_dagrun for etl_pipeline to 2025-07-10 00:00:00+00:00, run_after=2025-07-11 00:00:00+00:00
[2025-07-11T20:31:08.680+0000] {processor.py:183} INFO - Processing /opt/airflow/dags/dags.py took 1.778 seconds
[2025-07-11T20:31:39.449+0000] {processor.py:161} INFO - Started process (PID=3105) to work on /opt/airflow/dags/dags.py
[2025-07-11T20:31:39.449+0000] {processor.py:830} INFO - Processing file /opt/airflow/dags/dags.py for tasks to queue
[2025-07-11T20:31:39.450+0000] {logging_mixin.py:188} INFO - [2025-07-11T20:31:39.450+0000] {dagbag.py:538} INFO - Filling up the DagBag from /opt/airflow/dags/dags.py
[2025-07-11T20:31:39.492+0000] {logging_mixin.py:188} INFO - PySpark is available
[2025-07-11T20:31:41.111+0000] {processor.py:840} INFO - DAG(s) 'etl_pipeline' retrieved from /opt/airflow/dags/dags.py
[2025-07-11T20:31:41.127+0000] {logging_mixin.py:188} INFO - [2025-07-11T20:31:41.127+0000] {dag.py:3036} INFO - Sync 1 DAGs
[2025-07-11T20:31:41.140+0000] {logging_mixin.py:188} INFO - [2025-07-11T20:31:41.140+0000] {dag.py:3823} INFO - Setting next_dagrun for etl_pipeline to 2025-07-10 00:00:00+00:00, run_after=2025-07-11 00:00:00+00:00
[2025-07-11T20:31:41.151+0000] {processor.py:183} INFO - Processing /opt/airflow/dags/dags.py took 1.705 seconds
[2025-07-11T20:32:11.928+0000] {processor.py:161} INFO - Started process (PID=3242) to work on /opt/airflow/dags/dags.py
[2025-07-11T20:32:11.929+0000] {processor.py:830} INFO - Processing file /opt/airflow/dags/dags.py for tasks to queue
[2025-07-11T20:32:11.930+0000] {logging_mixin.py:188} INFO - [2025-07-11T20:32:11.930+0000] {dagbag.py:538} INFO - Filling up the DagBag from /opt/airflow/dags/dags.py
[2025-07-11T20:32:12.001+0000] {logging_mixin.py:188} INFO - PySpark is available
[2025-07-11T20:32:13.912+0000] {processor.py:840} INFO - DAG(s) 'etl_pipeline' retrieved from /opt/airflow/dags/dags.py
[2025-07-11T20:32:13.930+0000] {logging_mixin.py:188} INFO - [2025-07-11T20:32:13.930+0000] {dag.py:3036} INFO - Sync 1 DAGs
[2025-07-11T20:32:13.947+0000] {logging_mixin.py:188} INFO - [2025-07-11T20:32:13.947+0000] {dag.py:3823} INFO - Setting next_dagrun for etl_pipeline to 2025-07-10 00:00:00+00:00, run_after=2025-07-11 00:00:00+00:00
[2025-07-11T20:32:13.960+0000] {processor.py:183} INFO - Processing /opt/airflow/dags/dags.py took 2.035 seconds
[2025-07-11T20:32:44.564+0000] {processor.py:161} INFO - Started process (PID=3377) to work on /opt/airflow/dags/dags.py
[2025-07-11T20:32:44.565+0000] {processor.py:830} INFO - Processing file /opt/airflow/dags/dags.py for tasks to queue
[2025-07-11T20:32:44.566+0000] {logging_mixin.py:188} INFO - [2025-07-11T20:32:44.566+0000] {dagbag.py:538} INFO - Filling up the DagBag from /opt/airflow/dags/dags.py
[2025-07-11T20:32:44.614+0000] {logging_mixin.py:188} INFO - PySpark is available
[2025-07-11T20:32:46.238+0000] {processor.py:840} INFO - DAG(s) 'etl_pipeline' retrieved from /opt/airflow/dags/dags.py
[2025-07-11T20:32:46.255+0000] {logging_mixin.py:188} INFO - [2025-07-11T20:32:46.255+0000] {dag.py:3036} INFO - Sync 1 DAGs
[2025-07-11T20:32:46.270+0000] {logging_mixin.py:188} INFO - [2025-07-11T20:32:46.270+0000] {dag.py:3823} INFO - Setting next_dagrun for etl_pipeline to 2025-07-10 00:00:00+00:00, run_after=2025-07-11 00:00:00+00:00
[2025-07-11T20:32:46.282+0000] {processor.py:183} INFO - Processing /opt/airflow/dags/dags.py took 1.720 seconds
[2025-07-11T20:33:17.059+0000] {processor.py:161} INFO - Started process (PID=3513) to work on /opt/airflow/dags/dags.py
[2025-07-11T20:33:17.060+0000] {processor.py:830} INFO - Processing file /opt/airflow/dags/dags.py for tasks to queue
[2025-07-11T20:33:17.061+0000] {logging_mixin.py:188} INFO - [2025-07-11T20:33:17.060+0000] {dagbag.py:538} INFO - Filling up the DagBag from /opt/airflow/dags/dags.py
[2025-07-11T20:33:17.106+0000] {logging_mixin.py:188} INFO - PySpark is available
[2025-07-11T20:33:18.728+0000] {processor.py:840} INFO - DAG(s) 'etl_pipeline' retrieved from /opt/airflow/dags/dags.py
[2025-07-11T20:33:18.746+0000] {logging_mixin.py:188} INFO - [2025-07-11T20:33:18.746+0000] {dag.py:3036} INFO - Sync 1 DAGs
[2025-07-11T20:33:18.760+0000] {logging_mixin.py:188} INFO - [2025-07-11T20:33:18.760+0000] {dag.py:3823} INFO - Setting next_dagrun for etl_pipeline to 2025-07-10 00:00:00+00:00, run_after=2025-07-11 00:00:00+00:00
[2025-07-11T20:33:18.782+0000] {processor.py:183} INFO - Processing /opt/airflow/dags/dags.py took 1.725 seconds
[2025-07-11T20:33:49.500+0000] {processor.py:161} INFO - Started process (PID=3651) to work on /opt/airflow/dags/dags.py
[2025-07-11T20:33:49.500+0000] {processor.py:830} INFO - Processing file /opt/airflow/dags/dags.py for tasks to queue
[2025-07-11T20:33:49.501+0000] {logging_mixin.py:188} INFO - [2025-07-11T20:33:49.501+0000] {dagbag.py:538} INFO - Filling up the DagBag from /opt/airflow/dags/dags.py
[2025-07-11T20:33:49.543+0000] {logging_mixin.py:188} INFO - PySpark is available
[2025-07-11T20:33:51.038+0000] {processor.py:840} INFO - DAG(s) 'etl_pipeline' retrieved from /opt/airflow/dags/dags.py
[2025-07-11T20:33:51.055+0000] {logging_mixin.py:188} INFO - [2025-07-11T20:33:51.054+0000] {dag.py:3036} INFO - Sync 1 DAGs
[2025-07-11T20:33:51.068+0000] {logging_mixin.py:188} INFO - [2025-07-11T20:33:51.068+0000] {dag.py:3823} INFO - Setting next_dagrun for etl_pipeline to 2025-07-10 00:00:00+00:00, run_after=2025-07-11 00:00:00+00:00
[2025-07-11T20:33:51.079+0000] {processor.py:183} INFO - Processing /opt/airflow/dags/dags.py took 1.581 seconds
[2025-07-11T20:34:21.855+0000] {processor.py:161} INFO - Started process (PID=3788) to work on /opt/airflow/dags/dags.py
[2025-07-11T20:34:21.855+0000] {processor.py:830} INFO - Processing file /opt/airflow/dags/dags.py for tasks to queue
[2025-07-11T20:34:21.856+0000] {logging_mixin.py:188} INFO - [2025-07-11T20:34:21.856+0000] {dagbag.py:538} INFO - Filling up the DagBag from /opt/airflow/dags/dags.py
[2025-07-11T20:34:21.904+0000] {logging_mixin.py:188} INFO - PySpark is available
[2025-07-11T20:34:23.565+0000] {processor.py:840} INFO - DAG(s) 'etl_pipeline' retrieved from /opt/airflow/dags/dags.py
[2025-07-11T20:34:23.581+0000] {logging_mixin.py:188} INFO - [2025-07-11T20:34:23.581+0000] {dag.py:3036} INFO - Sync 1 DAGs
[2025-07-11T20:34:23.594+0000] {logging_mixin.py:188} INFO - [2025-07-11T20:34:23.594+0000] {dag.py:3823} INFO - Setting next_dagrun for etl_pipeline to 2025-07-10 00:00:00+00:00, run_after=2025-07-11 00:00:00+00:00
[2025-07-11T20:34:23.614+0000] {processor.py:183} INFO - Processing /opt/airflow/dags/dags.py took 1.762 seconds
[2025-07-11T20:34:54.396+0000] {processor.py:161} INFO - Started process (PID=3933) to work on /opt/airflow/dags/dags.py
[2025-07-11T20:34:54.397+0000] {processor.py:830} INFO - Processing file /opt/airflow/dags/dags.py for tasks to queue
[2025-07-11T20:34:54.397+0000] {logging_mixin.py:188} INFO - [2025-07-11T20:34:54.397+0000] {dagbag.py:538} INFO - Filling up the DagBag from /opt/airflow/dags/dags.py
[2025-07-11T20:34:54.447+0000] {logging_mixin.py:188} INFO - PySpark is available
[2025-07-11T20:34:56.039+0000] {processor.py:840} INFO - DAG(s) 'etl_pipeline' retrieved from /opt/airflow/dags/dags.py
[2025-07-11T20:34:56.056+0000] {logging_mixin.py:188} INFO - [2025-07-11T20:34:56.056+0000] {dag.py:3036} INFO - Sync 1 DAGs
[2025-07-11T20:34:56.071+0000] {logging_mixin.py:188} INFO - [2025-07-11T20:34:56.071+0000] {dag.py:3823} INFO - Setting next_dagrun for etl_pipeline to 2025-07-10 00:00:00+00:00, run_after=2025-07-11 00:00:00+00:00
[2025-07-11T20:34:56.092+0000] {processor.py:183} INFO - Processing /opt/airflow/dags/dags.py took 1.699 seconds
[2025-07-11T20:35:26.871+0000] {processor.py:161} INFO - Started process (PID=4079) to work on /opt/airflow/dags/dags.py
[2025-07-11T20:35:26.871+0000] {processor.py:830} INFO - Processing file /opt/airflow/dags/dags.py for tasks to queue
[2025-07-11T20:35:26.872+0000] {logging_mixin.py:188} INFO - [2025-07-11T20:35:26.872+0000] {dagbag.py:538} INFO - Filling up the DagBag from /opt/airflow/dags/dags.py
[2025-07-11T20:35:26.924+0000] {logging_mixin.py:188} INFO - PySpark is available
[2025-07-11T20:35:28.695+0000] {processor.py:840} INFO - DAG(s) 'etl_pipeline' retrieved from /opt/airflow/dags/dags.py
[2025-07-11T20:35:28.713+0000] {logging_mixin.py:188} INFO - [2025-07-11T20:35:28.712+0000] {dag.py:3036} INFO - Sync 1 DAGs
[2025-07-11T20:35:28.729+0000] {logging_mixin.py:188} INFO - [2025-07-11T20:35:28.729+0000] {dag.py:3823} INFO - Setting next_dagrun for etl_pipeline to 2025-07-10 00:00:00+00:00, run_after=2025-07-11 00:00:00+00:00
[2025-07-11T20:35:28.742+0000] {processor.py:183} INFO - Processing /opt/airflow/dags/dags.py took 1.873 seconds
[2025-07-11T20:35:59.242+0000] {processor.py:161} INFO - Started process (PID=4217) to work on /opt/airflow/dags/dags.py
[2025-07-11T20:35:59.243+0000] {processor.py:830} INFO - Processing file /opt/airflow/dags/dags.py for tasks to queue
[2025-07-11T20:35:59.243+0000] {logging_mixin.py:188} INFO - [2025-07-11T20:35:59.243+0000] {dagbag.py:538} INFO - Filling up the DagBag from /opt/airflow/dags/dags.py
[2025-07-11T20:35:59.295+0000] {logging_mixin.py:188} INFO - PySpark is available
[2025-07-11T20:36:00.935+0000] {processor.py:840} INFO - DAG(s) 'etl_pipeline' retrieved from /opt/airflow/dags/dags.py
[2025-07-11T20:36:00.954+0000] {logging_mixin.py:188} INFO - [2025-07-11T20:36:00.953+0000] {dag.py:3036} INFO - Sync 1 DAGs
[2025-07-11T20:36:00.967+0000] {logging_mixin.py:188} INFO - [2025-07-11T20:36:00.967+0000] {dag.py:3823} INFO - Setting next_dagrun for etl_pipeline to 2025-07-10 00:00:00+00:00, run_after=2025-07-11 00:00:00+00:00
[2025-07-11T20:36:00.979+0000] {processor.py:183} INFO - Processing /opt/airflow/dags/dags.py took 1.741 seconds
[2025-07-11T20:36:31.503+0000] {processor.py:161} INFO - Started process (PID=4352) to work on /opt/airflow/dags/dags.py
[2025-07-11T20:36:31.504+0000] {processor.py:830} INFO - Processing file /opt/airflow/dags/dags.py for tasks to queue
[2025-07-11T20:36:31.504+0000] {logging_mixin.py:188} INFO - [2025-07-11T20:36:31.504+0000] {dagbag.py:538} INFO - Filling up the DagBag from /opt/airflow/dags/dags.py
[2025-07-11T20:36:31.554+0000] {logging_mixin.py:188} INFO - PySpark is available
[2025-07-11T20:36:33.351+0000] {processor.py:840} INFO - DAG(s) 'etl_pipeline' retrieved from /opt/airflow/dags/dags.py
[2025-07-11T20:36:33.370+0000] {logging_mixin.py:188} INFO - [2025-07-11T20:36:33.369+0000] {dag.py:3036} INFO - Sync 1 DAGs
[2025-07-11T20:36:33.387+0000] {logging_mixin.py:188} INFO - [2025-07-11T20:36:33.387+0000] {dag.py:3823} INFO - Setting next_dagrun for etl_pipeline to 2025-07-10 00:00:00+00:00, run_after=2025-07-11 00:00:00+00:00
[2025-07-11T20:36:33.408+0000] {processor.py:183} INFO - Processing /opt/airflow/dags/dags.py took 1.907 seconds
[2025-07-11T20:37:03.846+0000] {processor.py:161} INFO - Started process (PID=4596) to work on /opt/airflow/dags/dags.py
[2025-07-11T20:37:03.847+0000] {processor.py:830} INFO - Processing file /opt/airflow/dags/dags.py for tasks to queue
[2025-07-11T20:37:03.848+0000] {logging_mixin.py:188} INFO - [2025-07-11T20:37:03.847+0000] {dagbag.py:538} INFO - Filling up the DagBag from /opt/airflow/dags/dags.py
[2025-07-11T20:37:03.893+0000] {logging_mixin.py:188} INFO - PySpark is available
[2025-07-11T20:37:05.625+0000] {processor.py:840} INFO - DAG(s) 'etl_pipeline' retrieved from /opt/airflow/dags/dags.py
[2025-07-11T20:37:05.642+0000] {logging_mixin.py:188} INFO - [2025-07-11T20:37:05.641+0000] {dag.py:3036} INFO - Sync 1 DAGs
[2025-07-11T20:37:05.656+0000] {logging_mixin.py:188} INFO - [2025-07-11T20:37:05.655+0000] {dag.py:3823} INFO - Setting next_dagrun for etl_pipeline to 2025-07-10 00:00:00+00:00, run_after=2025-07-11 00:00:00+00:00
[2025-07-11T20:37:05.666+0000] {processor.py:183} INFO - Processing /opt/airflow/dags/dags.py took 1.824 seconds
[2025-07-11T20:37:36.355+0000] {processor.py:161} INFO - Started process (PID=4733) to work on /opt/airflow/dags/dags.py
[2025-07-11T20:37:36.356+0000] {processor.py:830} INFO - Processing file /opt/airflow/dags/dags.py for tasks to queue
[2025-07-11T20:37:36.357+0000] {logging_mixin.py:188} INFO - [2025-07-11T20:37:36.357+0000] {dagbag.py:538} INFO - Filling up the DagBag from /opt/airflow/dags/dags.py
[2025-07-11T20:37:36.406+0000] {logging_mixin.py:188} INFO - PySpark is available
[2025-07-11T20:37:38.155+0000] {processor.py:840} INFO - DAG(s) 'etl_pipeline' retrieved from /opt/airflow/dags/dags.py
[2025-07-11T20:37:38.174+0000] {logging_mixin.py:188} INFO - [2025-07-11T20:37:38.174+0000] {dag.py:3036} INFO - Sync 1 DAGs
[2025-07-11T20:37:38.188+0000] {logging_mixin.py:188} INFO - [2025-07-11T20:37:38.188+0000] {dag.py:3823} INFO - Setting next_dagrun for etl_pipeline to 2025-07-10 00:00:00+00:00, run_after=2025-07-11 00:00:00+00:00
[2025-07-11T20:37:38.207+0000] {processor.py:183} INFO - Processing /opt/airflow/dags/dags.py took 1.855 seconds
[2025-07-11T20:38:08.723+0000] {processor.py:161} INFO - Started process (PID=4870) to work on /opt/airflow/dags/dags.py
[2025-07-11T20:38:08.724+0000] {processor.py:830} INFO - Processing file /opt/airflow/dags/dags.py for tasks to queue
[2025-07-11T20:38:08.724+0000] {logging_mixin.py:188} INFO - [2025-07-11T20:38:08.724+0000] {dagbag.py:538} INFO - Filling up the DagBag from /opt/airflow/dags/dags.py
[2025-07-11T20:38:08.768+0000] {logging_mixin.py:188} INFO - PySpark is available
[2025-07-11T20:38:10.400+0000] {processor.py:840} INFO - DAG(s) 'etl_pipeline' retrieved from /opt/airflow/dags/dags.py
[2025-07-11T20:38:10.419+0000] {logging_mixin.py:188} INFO - [2025-07-11T20:38:10.419+0000] {dag.py:3036} INFO - Sync 1 DAGs
[2025-07-11T20:38:10.436+0000] {logging_mixin.py:188} INFO - [2025-07-11T20:38:10.435+0000] {dag.py:3823} INFO - Setting next_dagrun for etl_pipeline to 2025-07-10 00:00:00+00:00, run_after=2025-07-11 00:00:00+00:00
[2025-07-11T20:38:10.457+0000] {processor.py:183} INFO - Processing /opt/airflow/dags/dags.py took 1.736 seconds
[2025-07-11T20:38:41.167+0000] {processor.py:161} INFO - Started process (PID=5012) to work on /opt/airflow/dags/dags.py
[2025-07-11T20:38:41.169+0000] {processor.py:830} INFO - Processing file /opt/airflow/dags/dags.py for tasks to queue
[2025-07-11T20:38:41.171+0000] {logging_mixin.py:188} INFO - [2025-07-11T20:38:41.171+0000] {dagbag.py:538} INFO - Filling up the DagBag from /opt/airflow/dags/dags.py
[2025-07-11T20:38:41.248+0000] {logging_mixin.py:188} INFO - PySpark is available
[2025-07-11T20:38:42.857+0000] {processor.py:840} INFO - DAG(s) 'etl_pipeline' retrieved from /opt/airflow/dags/dags.py
[2025-07-11T20:38:42.874+0000] {logging_mixin.py:188} INFO - [2025-07-11T20:38:42.874+0000] {dag.py:3036} INFO - Sync 1 DAGs
[2025-07-11T20:38:42.888+0000] {logging_mixin.py:188} INFO - [2025-07-11T20:38:42.888+0000] {dag.py:3823} INFO - Setting next_dagrun for etl_pipeline to 2025-07-10 00:00:00+00:00, run_after=2025-07-11 00:00:00+00:00
[2025-07-11T20:38:42.899+0000] {processor.py:183} INFO - Processing /opt/airflow/dags/dags.py took 1.737 seconds
[2025-07-11T20:39:13.571+0000] {processor.py:161} INFO - Started process (PID=5147) to work on /opt/airflow/dags/dags.py
[2025-07-11T20:39:13.572+0000] {processor.py:830} INFO - Processing file /opt/airflow/dags/dags.py for tasks to queue
[2025-07-11T20:39:13.572+0000] {logging_mixin.py:188} INFO - [2025-07-11T20:39:13.572+0000] {dagbag.py:538} INFO - Filling up the DagBag from /opt/airflow/dags/dags.py
[2025-07-11T20:39:13.616+0000] {logging_mixin.py:188} INFO - PySpark is available
[2025-07-11T20:39:15.404+0000] {processor.py:840} INFO - DAG(s) 'etl_pipeline' retrieved from /opt/airflow/dags/dags.py
[2025-07-11T20:39:15.425+0000] {logging_mixin.py:188} INFO - [2025-07-11T20:39:15.425+0000] {dag.py:3036} INFO - Sync 1 DAGs
[2025-07-11T20:39:15.442+0000] {logging_mixin.py:188} INFO - [2025-07-11T20:39:15.442+0000] {dag.py:3823} INFO - Setting next_dagrun for etl_pipeline to 2025-07-10 00:00:00+00:00, run_after=2025-07-11 00:00:00+00:00
[2025-07-11T20:39:15.457+0000] {processor.py:183} INFO - Processing /opt/airflow/dags/dags.py took 1.888 seconds
[2025-07-11T20:39:46.047+0000] {processor.py:161} INFO - Started process (PID=5282) to work on /opt/airflow/dags/dags.py
[2025-07-11T20:39:46.048+0000] {processor.py:830} INFO - Processing file /opt/airflow/dags/dags.py for tasks to queue
[2025-07-11T20:39:46.048+0000] {logging_mixin.py:188} INFO - [2025-07-11T20:39:46.048+0000] {dagbag.py:538} INFO - Filling up the DagBag from /opt/airflow/dags/dags.py
[2025-07-11T20:39:46.097+0000] {logging_mixin.py:188} INFO - PySpark is available
[2025-07-11T20:39:47.710+0000] {processor.py:840} INFO - DAG(s) 'etl_pipeline' retrieved from /opt/airflow/dags/dags.py
[2025-07-11T20:39:47.728+0000] {logging_mixin.py:188} INFO - [2025-07-11T20:39:47.727+0000] {dag.py:3036} INFO - Sync 1 DAGs
[2025-07-11T20:39:47.741+0000] {logging_mixin.py:188} INFO - [2025-07-11T20:39:47.741+0000] {dag.py:3823} INFO - Setting next_dagrun for etl_pipeline to 2025-07-10 00:00:00+00:00, run_after=2025-07-11 00:00:00+00:00
[2025-07-11T20:39:47.756+0000] {processor.py:183} INFO - Processing /opt/airflow/dags/dags.py took 1.710 seconds
[2025-07-11T20:40:18.347+0000] {processor.py:161} INFO - Started process (PID=5418) to work on /opt/airflow/dags/dags.py
[2025-07-11T20:40:18.348+0000] {processor.py:830} INFO - Processing file /opt/airflow/dags/dags.py for tasks to queue
[2025-07-11T20:40:18.349+0000] {logging_mixin.py:188} INFO - [2025-07-11T20:40:18.348+0000] {dagbag.py:538} INFO - Filling up the DagBag from /opt/airflow/dags/dags.py
[2025-07-11T20:40:18.408+0000] {logging_mixin.py:188} INFO - PySpark is available
[2025-07-11T20:40:20.036+0000] {processor.py:840} INFO - DAG(s) 'etl_pipeline' retrieved from /opt/airflow/dags/dags.py
[2025-07-11T20:40:20.054+0000] {logging_mixin.py:188} INFO - [2025-07-11T20:40:20.054+0000] {dag.py:3036} INFO - Sync 1 DAGs
[2025-07-11T20:40:20.069+0000] {logging_mixin.py:188} INFO - [2025-07-11T20:40:20.069+0000] {dag.py:3823} INFO - Setting next_dagrun for etl_pipeline to 2025-07-10 00:00:00+00:00, run_after=2025-07-11 00:00:00+00:00
[2025-07-11T20:40:20.082+0000] {processor.py:183} INFO - Processing /opt/airflow/dags/dags.py took 1.738 seconds
[2025-07-11T20:40:50.823+0000] {processor.py:161} INFO - Started process (PID=5553) to work on /opt/airflow/dags/dags.py
[2025-07-11T20:40:50.823+0000] {processor.py:830} INFO - Processing file /opt/airflow/dags/dags.py for tasks to queue
[2025-07-11T20:40:50.824+0000] {logging_mixin.py:188} INFO - [2025-07-11T20:40:50.824+0000] {dagbag.py:538} INFO - Filling up the DagBag from /opt/airflow/dags/dags.py
[2025-07-11T20:40:50.867+0000] {logging_mixin.py:188} INFO - PySpark is available
[2025-07-11T20:40:52.467+0000] {processor.py:840} INFO - DAG(s) 'etl_pipeline' retrieved from /opt/airflow/dags/dags.py
[2025-07-11T20:40:52.483+0000] {logging_mixin.py:188} INFO - [2025-07-11T20:40:52.483+0000] {dag.py:3036} INFO - Sync 1 DAGs
[2025-07-11T20:40:52.498+0000] {logging_mixin.py:188} INFO - [2025-07-11T20:40:52.498+0000] {dag.py:3823} INFO - Setting next_dagrun for etl_pipeline to 2025-07-10 00:00:00+00:00, run_after=2025-07-11 00:00:00+00:00
[2025-07-11T20:40:52.509+0000] {processor.py:183} INFO - Processing /opt/airflow/dags/dags.py took 1.689 seconds
[2025-07-11T20:41:23.249+0000] {processor.py:161} INFO - Started process (PID=5690) to work on /opt/airflow/dags/dags.py
[2025-07-11T20:41:23.250+0000] {processor.py:830} INFO - Processing file /opt/airflow/dags/dags.py for tasks to queue
[2025-07-11T20:41:23.250+0000] {logging_mixin.py:188} INFO - [2025-07-11T20:41:23.250+0000] {dagbag.py:538} INFO - Filling up the DagBag from /opt/airflow/dags/dags.py
[2025-07-11T20:41:23.294+0000] {logging_mixin.py:188} INFO - PySpark is available
[2025-07-11T20:41:24.887+0000] {processor.py:840} INFO - DAG(s) 'etl_pipeline' retrieved from /opt/airflow/dags/dags.py
[2025-07-11T20:41:24.904+0000] {logging_mixin.py:188} INFO - [2025-07-11T20:41:24.903+0000] {dag.py:3036} INFO - Sync 1 DAGs
[2025-07-11T20:41:24.918+0000] {logging_mixin.py:188} INFO - [2025-07-11T20:41:24.918+0000] {dag.py:3823} INFO - Setting next_dagrun for etl_pipeline to 2025-07-10 00:00:00+00:00, run_after=2025-07-11 00:00:00+00:00
[2025-07-11T20:41:24.928+0000] {processor.py:183} INFO - Processing /opt/airflow/dags/dags.py took 1.681 seconds
[2025-07-11T20:41:55.702+0000] {processor.py:161} INFO - Started process (PID=5826) to work on /opt/airflow/dags/dags.py
[2025-07-11T20:41:55.702+0000] {processor.py:830} INFO - Processing file /opt/airflow/dags/dags.py for tasks to queue
[2025-07-11T20:41:55.703+0000] {logging_mixin.py:188} INFO - [2025-07-11T20:41:55.703+0000] {dagbag.py:538} INFO - Filling up the DagBag from /opt/airflow/dags/dags.py
[2025-07-11T20:41:55.745+0000] {logging_mixin.py:188} INFO - PySpark is available
[2025-07-11T20:41:57.368+0000] {processor.py:840} INFO - DAG(s) 'etl_pipeline' retrieved from /opt/airflow/dags/dags.py
[2025-07-11T20:41:57.385+0000] {logging_mixin.py:188} INFO - [2025-07-11T20:41:57.385+0000] {dag.py:3036} INFO - Sync 1 DAGs
[2025-07-11T20:41:57.398+0000] {logging_mixin.py:188} INFO - [2025-07-11T20:41:57.398+0000] {dag.py:3823} INFO - Setting next_dagrun for etl_pipeline to 2025-07-10 00:00:00+00:00, run_after=2025-07-11 00:00:00+00:00
[2025-07-11T20:41:57.417+0000] {processor.py:183} INFO - Processing /opt/airflow/dags/dags.py took 1.718 seconds
[2025-07-11T20:42:28.201+0000] {processor.py:161} INFO - Started process (PID=5963) to work on /opt/airflow/dags/dags.py
[2025-07-11T20:42:28.202+0000] {processor.py:830} INFO - Processing file /opt/airflow/dags/dags.py for tasks to queue
[2025-07-11T20:42:28.203+0000] {logging_mixin.py:188} INFO - [2025-07-11T20:42:28.203+0000] {dagbag.py:538} INFO - Filling up the DagBag from /opt/airflow/dags/dags.py
[2025-07-11T20:42:28.252+0000] {logging_mixin.py:188} INFO - PySpark is available
[2025-07-11T20:42:29.877+0000] {processor.py:840} INFO - DAG(s) 'etl_pipeline' retrieved from /opt/airflow/dags/dags.py
[2025-07-11T20:42:29.894+0000] {logging_mixin.py:188} INFO - [2025-07-11T20:42:29.894+0000] {dag.py:3036} INFO - Sync 1 DAGs
[2025-07-11T20:42:29.908+0000] {logging_mixin.py:188} INFO - [2025-07-11T20:42:29.908+0000] {dag.py:3823} INFO - Setting next_dagrun for etl_pipeline to 2025-07-10 00:00:00+00:00, run_after=2025-07-11 00:00:00+00:00
[2025-07-11T20:42:29.919+0000] {processor.py:183} INFO - Processing /opt/airflow/dags/dags.py took 1.722 seconds
[2025-07-11T20:43:00.657+0000] {processor.py:161} INFO - Started process (PID=6102) to work on /opt/airflow/dags/dags.py
[2025-07-11T20:43:00.657+0000] {processor.py:830} INFO - Processing file /opt/airflow/dags/dags.py for tasks to queue
[2025-07-11T20:43:00.658+0000] {logging_mixin.py:188} INFO - [2025-07-11T20:43:00.658+0000] {dagbag.py:538} INFO - Filling up the DagBag from /opt/airflow/dags/dags.py
[2025-07-11T20:43:00.702+0000] {logging_mixin.py:188} INFO - PySpark is available
[2025-07-11T20:43:02.341+0000] {processor.py:840} INFO - DAG(s) 'etl_pipeline' retrieved from /opt/airflow/dags/dags.py
[2025-07-11T20:43:02.357+0000] {logging_mixin.py:188} INFO - [2025-07-11T20:43:02.357+0000] {dag.py:3036} INFO - Sync 1 DAGs
[2025-07-11T20:43:02.371+0000] {logging_mixin.py:188} INFO - [2025-07-11T20:43:02.371+0000] {dag.py:3823} INFO - Setting next_dagrun for etl_pipeline to 2025-07-10 00:00:00+00:00, run_after=2025-07-11 00:00:00+00:00
[2025-07-11T20:43:02.385+0000] {processor.py:183} INFO - Processing /opt/airflow/dags/dags.py took 1.730 seconds
[2025-07-11T20:43:33.061+0000] {processor.py:161} INFO - Started process (PID=6240) to work on /opt/airflow/dags/dags.py
[2025-07-11T20:43:33.062+0000] {processor.py:830} INFO - Processing file /opt/airflow/dags/dags.py for tasks to queue
[2025-07-11T20:43:33.062+0000] {logging_mixin.py:188} INFO - [2025-07-11T20:43:33.062+0000] {dagbag.py:538} INFO - Filling up the DagBag from /opt/airflow/dags/dags.py
[2025-07-11T20:43:33.112+0000] {logging_mixin.py:188} INFO - PySpark is available
[2025-07-11T20:43:34.611+0000] {processor.py:840} INFO - DAG(s) 'etl_pipeline' retrieved from /opt/airflow/dags/dags.py
[2025-07-11T20:43:34.627+0000] {logging_mixin.py:188} INFO - [2025-07-11T20:43:34.627+0000] {dag.py:3036} INFO - Sync 1 DAGs
[2025-07-11T20:43:34.641+0000] {logging_mixin.py:188} INFO - [2025-07-11T20:43:34.641+0000] {dag.py:3823} INFO - Setting next_dagrun for etl_pipeline to 2025-07-10 00:00:00+00:00, run_after=2025-07-11 00:00:00+00:00
[2025-07-11T20:43:34.661+0000] {processor.py:183} INFO - Processing /opt/airflow/dags/dags.py took 1.602 seconds
[2025-07-11T20:44:05.333+0000] {processor.py:161} INFO - Started process (PID=6375) to work on /opt/airflow/dags/dags.py
[2025-07-11T20:44:05.334+0000] {processor.py:830} INFO - Processing file /opt/airflow/dags/dags.py for tasks to queue
[2025-07-11T20:44:05.335+0000] {logging_mixin.py:188} INFO - [2025-07-11T20:44:05.335+0000] {dagbag.py:538} INFO - Filling up the DagBag from /opt/airflow/dags/dags.py
[2025-07-11T20:44:05.388+0000] {logging_mixin.py:188} INFO - PySpark is available
[2025-07-11T20:44:06.985+0000] {processor.py:840} INFO - DAG(s) 'etl_pipeline' retrieved from /opt/airflow/dags/dags.py
[2025-07-11T20:44:07.003+0000] {logging_mixin.py:188} INFO - [2025-07-11T20:44:07.003+0000] {dag.py:3036} INFO - Sync 1 DAGs
[2025-07-11T20:44:07.019+0000] {logging_mixin.py:188} INFO - [2025-07-11T20:44:07.018+0000] {dag.py:3823} INFO - Setting next_dagrun for etl_pipeline to 2025-07-10 00:00:00+00:00, run_after=2025-07-11 00:00:00+00:00
[2025-07-11T20:44:07.030+0000] {processor.py:183} INFO - Processing /opt/airflow/dags/dags.py took 1.701 seconds
[2025-07-11T20:44:37.747+0000] {processor.py:161} INFO - Started process (PID=6513) to work on /opt/airflow/dags/dags.py
[2025-07-11T20:44:37.748+0000] {processor.py:830} INFO - Processing file /opt/airflow/dags/dags.py for tasks to queue
[2025-07-11T20:44:37.749+0000] {logging_mixin.py:188} INFO - [2025-07-11T20:44:37.749+0000] {dagbag.py:538} INFO - Filling up the DagBag from /opt/airflow/dags/dags.py
[2025-07-11T20:44:37.794+0000] {logging_mixin.py:188} INFO - PySpark is available
[2025-07-11T20:44:39.424+0000] {processor.py:840} INFO - DAG(s) 'etl_pipeline' retrieved from /opt/airflow/dags/dags.py
[2025-07-11T20:44:39.444+0000] {logging_mixin.py:188} INFO - [2025-07-11T20:44:39.443+0000] {dag.py:3036} INFO - Sync 1 DAGs
[2025-07-11T20:44:39.460+0000] {logging_mixin.py:188} INFO - [2025-07-11T20:44:39.460+0000] {dag.py:3823} INFO - Setting next_dagrun for etl_pipeline to 2025-07-10 00:00:00+00:00, run_after=2025-07-11 00:00:00+00:00
[2025-07-11T20:44:39.482+0000] {processor.py:183} INFO - Processing /opt/airflow/dags/dags.py took 1.736 seconds
[2025-07-11T20:45:10.159+0000] {processor.py:161} INFO - Started process (PID=6651) to work on /opt/airflow/dags/dags.py
[2025-07-11T20:45:10.160+0000] {processor.py:830} INFO - Processing file /opt/airflow/dags/dags.py for tasks to queue
[2025-07-11T20:45:10.160+0000] {logging_mixin.py:188} INFO - [2025-07-11T20:45:10.160+0000] {dagbag.py:538} INFO - Filling up the DagBag from /opt/airflow/dags/dags.py
[2025-07-11T20:45:10.205+0000] {logging_mixin.py:188} INFO - PySpark is available
[2025-07-11T20:45:11.819+0000] {processor.py:840} INFO - DAG(s) 'etl_pipeline' retrieved from /opt/airflow/dags/dags.py
[2025-07-11T20:45:11.835+0000] {logging_mixin.py:188} INFO - [2025-07-11T20:45:11.835+0000] {dag.py:3036} INFO - Sync 1 DAGs
[2025-07-11T20:45:11.849+0000] {logging_mixin.py:188} INFO - [2025-07-11T20:45:11.849+0000] {dag.py:3823} INFO - Setting next_dagrun for etl_pipeline to 2025-07-10 00:00:00+00:00, run_after=2025-07-11 00:00:00+00:00
[2025-07-11T20:45:11.860+0000] {processor.py:183} INFO - Processing /opt/airflow/dags/dags.py took 1.704 seconds
[2025-07-11T20:45:42.598+0000] {processor.py:161} INFO - Started process (PID=6795) to work on /opt/airflow/dags/dags.py
[2025-07-11T20:45:42.599+0000] {processor.py:830} INFO - Processing file /opt/airflow/dags/dags.py for tasks to queue
[2025-07-11T20:45:42.600+0000] {logging_mixin.py:188} INFO - [2025-07-11T20:45:42.600+0000] {dagbag.py:538} INFO - Filling up the DagBag from /opt/airflow/dags/dags.py
[2025-07-11T20:45:42.649+0000] {logging_mixin.py:188} INFO - PySpark is available
[2025-07-11T20:45:44.260+0000] {processor.py:840} INFO - DAG(s) 'etl_pipeline' retrieved from /opt/airflow/dags/dags.py
[2025-07-11T20:45:44.278+0000] {logging_mixin.py:188} INFO - [2025-07-11T20:45:44.278+0000] {dag.py:3036} INFO - Sync 1 DAGs
[2025-07-11T20:45:44.292+0000] {logging_mixin.py:188} INFO - [2025-07-11T20:45:44.292+0000] {dag.py:3823} INFO - Setting next_dagrun for etl_pipeline to 2025-07-10 00:00:00+00:00, run_after=2025-07-11 00:00:00+00:00
[2025-07-11T20:45:44.304+0000] {processor.py:183} INFO - Processing /opt/airflow/dags/dags.py took 1.708 seconds
[2025-07-11T20:46:14.961+0000] {processor.py:161} INFO - Started process (PID=6933) to work on /opt/airflow/dags/dags.py
[2025-07-11T20:46:14.962+0000] {processor.py:830} INFO - Processing file /opt/airflow/dags/dags.py for tasks to queue
[2025-07-11T20:46:14.963+0000] {logging_mixin.py:188} INFO - [2025-07-11T20:46:14.962+0000] {dagbag.py:538} INFO - Filling up the DagBag from /opt/airflow/dags/dags.py
[2025-07-11T20:46:15.007+0000] {logging_mixin.py:188} INFO - PySpark is available
[2025-07-11T20:46:16.651+0000] {processor.py:840} INFO - DAG(s) 'etl_pipeline' retrieved from /opt/airflow/dags/dags.py
[2025-07-11T20:46:16.670+0000] {logging_mixin.py:188} INFO - [2025-07-11T20:46:16.670+0000] {dag.py:3036} INFO - Sync 1 DAGs
[2025-07-11T20:46:16.686+0000] {logging_mixin.py:188} INFO - [2025-07-11T20:46:16.686+0000] {dag.py:3823} INFO - Setting next_dagrun for etl_pipeline to 2025-07-10 00:00:00+00:00, run_after=2025-07-11 00:00:00+00:00
[2025-07-11T20:46:16.700+0000] {processor.py:183} INFO - Processing /opt/airflow/dags/dags.py took 1.743 seconds
[2025-07-11T20:46:47.419+0000] {processor.py:161} INFO - Started process (PID=7070) to work on /opt/airflow/dags/dags.py
[2025-07-11T20:46:47.420+0000] {processor.py:830} INFO - Processing file /opt/airflow/dags/dags.py for tasks to queue
[2025-07-11T20:46:47.421+0000] {logging_mixin.py:188} INFO - [2025-07-11T20:46:47.421+0000] {dagbag.py:538} INFO - Filling up the DagBag from /opt/airflow/dags/dags.py
[2025-07-11T20:46:47.464+0000] {logging_mixin.py:188} INFO - PySpark is available
[2025-07-11T20:46:49.068+0000] {processor.py:840} INFO - DAG(s) 'etl_pipeline' retrieved from /opt/airflow/dags/dags.py
[2025-07-11T20:46:49.084+0000] {logging_mixin.py:188} INFO - [2025-07-11T20:46:49.084+0000] {dag.py:3036} INFO - Sync 1 DAGs
[2025-07-11T20:46:49.100+0000] {logging_mixin.py:188} INFO - [2025-07-11T20:46:49.100+0000] {dag.py:3823} INFO - Setting next_dagrun for etl_pipeline to 2025-07-10 00:00:00+00:00, run_after=2025-07-11 00:00:00+00:00
[2025-07-11T20:46:49.114+0000] {processor.py:183} INFO - Processing /opt/airflow/dags/dags.py took 1.698 seconds
[2025-07-11T20:47:19.937+0000] {processor.py:161} INFO - Started process (PID=7207) to work on /opt/airflow/dags/dags.py
[2025-07-11T20:47:19.939+0000] {processor.py:830} INFO - Processing file /opt/airflow/dags/dags.py for tasks to queue
[2025-07-11T20:47:19.941+0000] {logging_mixin.py:188} INFO - [2025-07-11T20:47:19.941+0000] {dagbag.py:538} INFO - Filling up the DagBag from /opt/airflow/dags/dags.py
[2025-07-11T20:47:20.049+0000] {logging_mixin.py:188} INFO - PySpark is available
[2025-07-11T20:47:21.558+0000] {processor.py:840} INFO - DAG(s) 'etl_pipeline' retrieved from /opt/airflow/dags/dags.py
[2025-07-11T20:47:21.575+0000] {logging_mixin.py:188} INFO - [2025-07-11T20:47:21.575+0000] {dag.py:3036} INFO - Sync 1 DAGs
[2025-07-11T20:47:21.589+0000] {logging_mixin.py:188} INFO - [2025-07-11T20:47:21.589+0000] {dag.py:3823} INFO - Setting next_dagrun for etl_pipeline to 2025-07-10 00:00:00+00:00, run_after=2025-07-11 00:00:00+00:00
[2025-07-11T20:47:21.601+0000] {processor.py:183} INFO - Processing /opt/airflow/dags/dags.py took 1.668 seconds
[2025-07-11T20:47:52.356+0000] {processor.py:161} INFO - Started process (PID=7342) to work on /opt/airflow/dags/dags.py
[2025-07-11T20:47:52.357+0000] {processor.py:830} INFO - Processing file /opt/airflow/dags/dags.py for tasks to queue
[2025-07-11T20:47:52.358+0000] {logging_mixin.py:188} INFO - [2025-07-11T20:47:52.358+0000] {dagbag.py:538} INFO - Filling up the DagBag from /opt/airflow/dags/dags.py
[2025-07-11T20:47:52.407+0000] {logging_mixin.py:188} INFO - PySpark is available
[2025-07-11T20:47:53.927+0000] {processor.py:840} INFO - DAG(s) 'etl_pipeline' retrieved from /opt/airflow/dags/dags.py
[2025-07-11T20:47:53.945+0000] {logging_mixin.py:188} INFO - [2025-07-11T20:47:53.945+0000] {dag.py:3036} INFO - Sync 1 DAGs
[2025-07-11T20:47:53.958+0000] {logging_mixin.py:188} INFO - [2025-07-11T20:47:53.958+0000] {dag.py:3823} INFO - Setting next_dagrun for etl_pipeline to 2025-07-10 00:00:00+00:00, run_after=2025-07-11 00:00:00+00:00
[2025-07-11T20:47:53.977+0000] {processor.py:183} INFO - Processing /opt/airflow/dags/dags.py took 1.623 seconds
[2025-07-11T20:48:24.747+0000] {processor.py:161} INFO - Started process (PID=7479) to work on /opt/airflow/dags/dags.py
[2025-07-11T20:48:24.748+0000] {processor.py:830} INFO - Processing file /opt/airflow/dags/dags.py for tasks to queue
[2025-07-11T20:48:24.749+0000] {logging_mixin.py:188} INFO - [2025-07-11T20:48:24.749+0000] {dagbag.py:538} INFO - Filling up the DagBag from /opt/airflow/dags/dags.py
[2025-07-11T20:48:24.791+0000] {logging_mixin.py:188} INFO - PySpark is available
[2025-07-11T20:48:26.400+0000] {processor.py:840} INFO - DAG(s) 'etl_pipeline' retrieved from /opt/airflow/dags/dags.py
[2025-07-11T20:48:26.416+0000] {logging_mixin.py:188} INFO - [2025-07-11T20:48:26.416+0000] {dag.py:3036} INFO - Sync 1 DAGs
[2025-07-11T20:48:26.430+0000] {logging_mixin.py:188} INFO - [2025-07-11T20:48:26.430+0000] {dag.py:3823} INFO - Setting next_dagrun for etl_pipeline to 2025-07-10 00:00:00+00:00, run_after=2025-07-11 00:00:00+00:00
[2025-07-11T20:48:26.448+0000] {processor.py:183} INFO - Processing /opt/airflow/dags/dags.py took 1.704 seconds
[2025-07-11T20:48:57.045+0000] {processor.py:161} INFO - Started process (PID=7615) to work on /opt/airflow/dags/dags.py
[2025-07-11T20:48:57.046+0000] {processor.py:830} INFO - Processing file /opt/airflow/dags/dags.py for tasks to queue
[2025-07-11T20:48:57.047+0000] {logging_mixin.py:188} INFO - [2025-07-11T20:48:57.047+0000] {dagbag.py:538} INFO - Filling up the DagBag from /opt/airflow/dags/dags.py
[2025-07-11T20:48:57.104+0000] {logging_mixin.py:188} INFO - PySpark is available
[2025-07-11T20:48:58.722+0000] {processor.py:840} INFO - DAG(s) 'etl_pipeline' retrieved from /opt/airflow/dags/dags.py
[2025-07-11T20:48:58.739+0000] {logging_mixin.py:188} INFO - [2025-07-11T20:48:58.739+0000] {dag.py:3036} INFO - Sync 1 DAGs
[2025-07-11T20:48:58.753+0000] {logging_mixin.py:188} INFO - [2025-07-11T20:48:58.753+0000] {dag.py:3823} INFO - Setting next_dagrun for etl_pipeline to 2025-07-10 00:00:00+00:00, run_after=2025-07-11 00:00:00+00:00
[2025-07-11T20:48:58.776+0000] {processor.py:183} INFO - Processing /opt/airflow/dags/dags.py took 1.734 seconds
[2025-07-11T20:49:29.369+0000] {processor.py:161} INFO - Started process (PID=7752) to work on /opt/airflow/dags/dags.py
[2025-07-11T20:49:29.370+0000] {processor.py:830} INFO - Processing file /opt/airflow/dags/dags.py for tasks to queue
[2025-07-11T20:49:29.370+0000] {logging_mixin.py:188} INFO - [2025-07-11T20:49:29.370+0000] {dagbag.py:538} INFO - Filling up the DagBag from /opt/airflow/dags/dags.py
[2025-07-11T20:49:29.412+0000] {logging_mixin.py:188} INFO - PySpark is available
[2025-07-11T20:49:31.050+0000] {processor.py:840} INFO - DAG(s) 'etl_pipeline' retrieved from /opt/airflow/dags/dags.py
[2025-07-11T20:49:31.069+0000] {logging_mixin.py:188} INFO - [2025-07-11T20:49:31.069+0000] {dag.py:3036} INFO - Sync 1 DAGs
[2025-07-11T20:49:31.086+0000] {logging_mixin.py:188} INFO - [2025-07-11T20:49:31.086+0000] {dag.py:3823} INFO - Setting next_dagrun for etl_pipeline to 2025-07-10 00:00:00+00:00, run_after=2025-07-11 00:00:00+00:00
[2025-07-11T20:49:31.107+0000] {processor.py:183} INFO - Processing /opt/airflow/dags/dags.py took 1.740 seconds
[2025-07-11T20:50:01.952+0000] {processor.py:161} INFO - Started process (PID=7887) to work on /opt/airflow/dags/dags.py
[2025-07-11T20:50:01.953+0000] {processor.py:830} INFO - Processing file /opt/airflow/dags/dags.py for tasks to queue
[2025-07-11T20:50:01.954+0000] {logging_mixin.py:188} INFO - [2025-07-11T20:50:01.954+0000] {dagbag.py:538} INFO - Filling up the DagBag from /opt/airflow/dags/dags.py
[2025-07-11T20:50:02.001+0000] {logging_mixin.py:188} INFO - PySpark is available
[2025-07-11T20:50:03.630+0000] {processor.py:840} INFO - DAG(s) 'etl_pipeline' retrieved from /opt/airflow/dags/dags.py
[2025-07-11T20:50:03.646+0000] {logging_mixin.py:188} INFO - [2025-07-11T20:50:03.646+0000] {dag.py:3036} INFO - Sync 1 DAGs
[2025-07-11T20:50:03.660+0000] {logging_mixin.py:188} INFO - [2025-07-11T20:50:03.660+0000] {dag.py:3823} INFO - Setting next_dagrun for etl_pipeline to 2025-07-10 00:00:00+00:00, run_after=2025-07-11 00:00:00+00:00
[2025-07-11T20:50:03.670+0000] {processor.py:183} INFO - Processing /opt/airflow/dags/dags.py took 1.722 seconds
[2025-07-11T20:50:34.313+0000] {processor.py:161} INFO - Started process (PID=8023) to work on /opt/airflow/dags/dags.py
[2025-07-11T20:50:34.314+0000] {processor.py:830} INFO - Processing file /opt/airflow/dags/dags.py for tasks to queue
[2025-07-11T20:50:34.314+0000] {logging_mixin.py:188} INFO - [2025-07-11T20:50:34.314+0000] {dagbag.py:538} INFO - Filling up the DagBag from /opt/airflow/dags/dags.py
[2025-07-11T20:50:34.362+0000] {logging_mixin.py:188} INFO - PySpark is available
[2025-07-11T20:50:35.998+0000] {processor.py:840} INFO - DAG(s) 'etl_pipeline' retrieved from /opt/airflow/dags/dags.py
[2025-07-11T20:50:36.019+0000] {logging_mixin.py:188} INFO - [2025-07-11T20:50:36.018+0000] {dag.py:3036} INFO - Sync 1 DAGs
[2025-07-11T20:50:36.034+0000] {logging_mixin.py:188} INFO - [2025-07-11T20:50:36.034+0000] {dag.py:3823} INFO - Setting next_dagrun for etl_pipeline to 2025-07-10 00:00:00+00:00, run_after=2025-07-11 00:00:00+00:00
[2025-07-11T20:50:36.058+0000] {processor.py:183} INFO - Processing /opt/airflow/dags/dags.py took 1.752 seconds
[2025-07-11T20:51:06.574+0000] {processor.py:161} INFO - Started process (PID=8159) to work on /opt/airflow/dags/dags.py
[2025-07-11T20:51:06.575+0000] {processor.py:830} INFO - Processing file /opt/airflow/dags/dags.py for tasks to queue
[2025-07-11T20:51:06.576+0000] {logging_mixin.py:188} INFO - [2025-07-11T20:51:06.575+0000] {dagbag.py:538} INFO - Filling up the DagBag from /opt/airflow/dags/dags.py
[2025-07-11T20:51:06.628+0000] {logging_mixin.py:188} INFO - PySpark is available
[2025-07-11T20:51:08.228+0000] {processor.py:840} INFO - DAG(s) 'etl_pipeline' retrieved from /opt/airflow/dags/dags.py
[2025-07-11T20:51:08.244+0000] {logging_mixin.py:188} INFO - [2025-07-11T20:51:08.244+0000] {dag.py:3036} INFO - Sync 1 DAGs
[2025-07-11T20:51:08.258+0000] {logging_mixin.py:188} INFO - [2025-07-11T20:51:08.258+0000] {dag.py:3823} INFO - Setting next_dagrun for etl_pipeline to 2025-07-10 00:00:00+00:00, run_after=2025-07-11 00:00:00+00:00
[2025-07-11T20:51:08.268+0000] {processor.py:183} INFO - Processing /opt/airflow/dags/dags.py took 1.699 seconds
[2025-07-11T20:51:38.746+0000] {processor.py:161} INFO - Started process (PID=8297) to work on /opt/airflow/dags/dags.py
[2025-07-11T20:51:38.747+0000] {processor.py:830} INFO - Processing file /opt/airflow/dags/dags.py for tasks to queue
[2025-07-11T20:51:38.748+0000] {logging_mixin.py:188} INFO - [2025-07-11T20:51:38.747+0000] {dagbag.py:538} INFO - Filling up the DagBag from /opt/airflow/dags/dags.py
[2025-07-11T20:51:38.799+0000] {logging_mixin.py:188} INFO - PySpark is available
[2025-07-11T20:51:40.435+0000] {processor.py:840} INFO - DAG(s) 'etl_pipeline' retrieved from /opt/airflow/dags/dags.py
[2025-07-11T20:51:40.452+0000] {logging_mixin.py:188} INFO - [2025-07-11T20:51:40.452+0000] {dag.py:3036} INFO - Sync 1 DAGs
[2025-07-11T20:51:40.467+0000] {logging_mixin.py:188} INFO - [2025-07-11T20:51:40.467+0000] {dag.py:3823} INFO - Setting next_dagrun for etl_pipeline to 2025-07-10 00:00:00+00:00, run_after=2025-07-11 00:00:00+00:00
[2025-07-11T20:51:40.480+0000] {processor.py:183} INFO - Processing /opt/airflow/dags/dags.py took 1.736 seconds
[2025-07-11T20:52:10.978+0000] {processor.py:161} INFO - Started process (PID=8434) to work on /opt/airflow/dags/dags.py
[2025-07-11T20:52:10.979+0000] {processor.py:830} INFO - Processing file /opt/airflow/dags/dags.py for tasks to queue
[2025-07-11T20:52:10.980+0000] {logging_mixin.py:188} INFO - [2025-07-11T20:52:10.979+0000] {dagbag.py:538} INFO - Filling up the DagBag from /opt/airflow/dags/dags.py
[2025-07-11T20:52:11.033+0000] {logging_mixin.py:188} INFO - PySpark is available
[2025-07-11T20:52:12.784+0000] {processor.py:840} INFO - DAG(s) 'etl_pipeline' retrieved from /opt/airflow/dags/dags.py
[2025-07-11T20:52:12.802+0000] {logging_mixin.py:188} INFO - [2025-07-11T20:52:12.802+0000] {dag.py:3036} INFO - Sync 1 DAGs
[2025-07-11T20:52:12.817+0000] {logging_mixin.py:188} INFO - [2025-07-11T20:52:12.817+0000] {dag.py:3823} INFO - Setting next_dagrun for etl_pipeline to 2025-07-10 00:00:00+00:00, run_after=2025-07-11 00:00:00+00:00
[2025-07-11T20:52:12.829+0000] {processor.py:183} INFO - Processing /opt/airflow/dags/dags.py took 1.854 seconds
[2025-07-11T20:52:43.485+0000] {processor.py:161} INFO - Started process (PID=8576) to work on /opt/airflow/dags/dags.py
[2025-07-11T20:52:43.487+0000] {processor.py:830} INFO - Processing file /opt/airflow/dags/dags.py for tasks to queue
[2025-07-11T20:52:43.488+0000] {logging_mixin.py:188} INFO - [2025-07-11T20:52:43.487+0000] {dagbag.py:538} INFO - Filling up the DagBag from /opt/airflow/dags/dags.py
[2025-07-11T20:52:43.536+0000] {logging_mixin.py:188} INFO - PySpark is available
[2025-07-11T20:52:45.245+0000] {processor.py:840} INFO - DAG(s) 'etl_pipeline' retrieved from /opt/airflow/dags/dags.py
[2025-07-11T20:52:45.267+0000] {logging_mixin.py:188} INFO - [2025-07-11T20:52:45.267+0000] {dag.py:3036} INFO - Sync 1 DAGs
[2025-07-11T20:52:45.286+0000] {logging_mixin.py:188} INFO - [2025-07-11T20:52:45.286+0000] {dag.py:3823} INFO - Setting next_dagrun for etl_pipeline to 2025-07-10 00:00:00+00:00, run_after=2025-07-11 00:00:00+00:00
[2025-07-11T20:52:45.315+0000] {processor.py:183} INFO - Processing /opt/airflow/dags/dags.py took 1.835 seconds
[2025-07-11T20:53:16.165+0000] {processor.py:161} INFO - Started process (PID=8712) to work on /opt/airflow/dags/dags.py
[2025-07-11T20:53:16.165+0000] {processor.py:830} INFO - Processing file /opt/airflow/dags/dags.py for tasks to queue
[2025-07-11T20:53:16.166+0000] {logging_mixin.py:188} INFO - [2025-07-11T20:53:16.166+0000] {dagbag.py:538} INFO - Filling up the DagBag from /opt/airflow/dags/dags.py
[2025-07-11T20:53:16.208+0000] {logging_mixin.py:188} INFO - PySpark is available
[2025-07-11T20:53:17.863+0000] {processor.py:840} INFO - DAG(s) 'etl_pipeline' retrieved from /opt/airflow/dags/dags.py
[2025-07-11T20:53:17.881+0000] {logging_mixin.py:188} INFO - [2025-07-11T20:53:17.881+0000] {dag.py:3036} INFO - Sync 1 DAGs
[2025-07-11T20:53:17.895+0000] {logging_mixin.py:188} INFO - [2025-07-11T20:53:17.895+0000] {dag.py:3823} INFO - Setting next_dagrun for etl_pipeline to 2025-07-10 00:00:00+00:00, run_after=2025-07-11 00:00:00+00:00
[2025-07-11T20:53:17.907+0000] {processor.py:183} INFO - Processing /opt/airflow/dags/dags.py took 1.744 seconds
[2025-07-11T20:53:48.642+0000] {processor.py:161} INFO - Started process (PID=8850) to work on /opt/airflow/dags/dags.py
[2025-07-11T20:53:48.644+0000] {processor.py:830} INFO - Processing file /opt/airflow/dags/dags.py for tasks to queue
[2025-07-11T20:53:48.645+0000] {logging_mixin.py:188} INFO - [2025-07-11T20:53:48.645+0000] {dagbag.py:538} INFO - Filling up the DagBag from /opt/airflow/dags/dags.py
[2025-07-11T20:53:48.713+0000] {logging_mixin.py:188} INFO - PySpark is available
[2025-07-11T20:53:50.585+0000] {processor.py:840} INFO - DAG(s) 'etl_pipeline' retrieved from /opt/airflow/dags/dags.py
[2025-07-11T20:53:50.605+0000] {logging_mixin.py:188} INFO - [2025-07-11T20:53:50.605+0000] {dag.py:3036} INFO - Sync 1 DAGs
[2025-07-11T20:53:50.623+0000] {logging_mixin.py:188} INFO - [2025-07-11T20:53:50.623+0000] {dag.py:3823} INFO - Setting next_dagrun for etl_pipeline to 2025-07-10 00:00:00+00:00, run_after=2025-07-11 00:00:00+00:00
[2025-07-11T20:53:50.638+0000] {processor.py:183} INFO - Processing /opt/airflow/dags/dags.py took 1.998 seconds
[2025-07-11T20:54:21.358+0000] {processor.py:161} INFO - Started process (PID=8985) to work on /opt/airflow/dags/dags.py
[2025-07-11T20:54:21.359+0000] {processor.py:830} INFO - Processing file /opt/airflow/dags/dags.py for tasks to queue
[2025-07-11T20:54:21.360+0000] {logging_mixin.py:188} INFO - [2025-07-11T20:54:21.360+0000] {dagbag.py:538} INFO - Filling up the DagBag from /opt/airflow/dags/dags.py
[2025-07-11T20:54:21.407+0000] {logging_mixin.py:188} INFO - PySpark is available
[2025-07-11T20:54:23.037+0000] {processor.py:840} INFO - DAG(s) 'etl_pipeline' retrieved from /opt/airflow/dags/dags.py
[2025-07-11T20:54:23.053+0000] {logging_mixin.py:188} INFO - [2025-07-11T20:54:23.053+0000] {dag.py:3036} INFO - Sync 1 DAGs
[2025-07-11T20:54:23.068+0000] {logging_mixin.py:188} INFO - [2025-07-11T20:54:23.067+0000] {dag.py:3823} INFO - Setting next_dagrun for etl_pipeline to 2025-07-10 00:00:00+00:00, run_after=2025-07-11 00:00:00+00:00
[2025-07-11T20:54:23.080+0000] {processor.py:183} INFO - Processing /opt/airflow/dags/dags.py took 1.725 seconds
