[2025-07-11T22:39:57.230+0000] {processor.py:161} INFO - Started process (PID=36459) to work on /opt/airflow/dags/execute_python_operators.py
[2025-07-11T22:39:57.231+0000] {processor.py:830} INFO - Processing file /opt/airflow/dags/execute_python_operators.py for tasks to queue
[2025-07-11T22:39:57.231+0000] {logging_mixin.py:188} INFO - [2025-07-11T22:39:57.231+0000] {dagbag.py:538} INFO - Filling up the DagBag from /opt/airflow/dags/execute_python_operators.py
[2025-07-11T22:39:57.239+0000] {logging_mixin.py:188} INFO - [2025-07-11T22:39:57.239+0000] {dagbag.py:348} ERROR - Failed to import: /opt/airflow/dags/execute_python_operators.py
Traceback (most recent call last):
  File "/home/airflow/.local/lib/python3.8/site-packages/airflow/models/dagbag.py", line 344, in parse
    loader.exec_module(new_module)
  File "<frozen importlib._bootstrap_external>", line 839, in exec_module
  File "<frozen importlib._bootstrap_external>", line 976, in get_code
  File "<frozen importlib._bootstrap_external>", line 906, in source_to_code
  File "<frozen importlib._bootstrap>", line 219, in _call_with_frames_removed
  File "/opt/airflow/dags/execute_python_operators.py", line 12
    print("The simplest possible PythonOperator!")
         ^
SyntaxError: invalid syntax
[2025-07-11T22:39:57.240+0000] {processor.py:842} WARNING - No viable dags retrieved from /opt/airflow/dags/execute_python_operators.py
[2025-07-11T22:39:57.253+0000] {processor.py:183} INFO - Processing /opt/airflow/dags/execute_python_operators.py took 0.024 seconds
[2025-07-11T22:39:58.273+0000] {processor.py:161} INFO - Started process (PID=36466) to work on /opt/airflow/dags/execute_python_operators.py
[2025-07-11T22:39:58.273+0000] {processor.py:830} INFO - Processing file /opt/airflow/dags/execute_python_operators.py for tasks to queue
[2025-07-11T22:39:58.274+0000] {logging_mixin.py:188} INFO - [2025-07-11T22:39:58.274+0000] {dagbag.py:538} INFO - Filling up the DagBag from /opt/airflow/dags/execute_python_operators.py
[2025-07-11T22:39:58.280+0000] {logging_mixin.py:188} INFO - [2025-07-11T22:39:58.280+0000] {dagbag.py:348} ERROR - Failed to import: /opt/airflow/dags/execute_python_operators.py
Traceback (most recent call last):
  File "/home/airflow/.local/lib/python3.8/site-packages/airflow/models/dagbag.py", line 344, in parse
    loader.exec_module(new_module)
  File "<frozen importlib._bootstrap_external>", line 839, in exec_module
  File "<frozen importlib._bootstrap_external>", line 976, in get_code
  File "<frozen importlib._bootstrap_external>", line 906, in source_to_code
  File "<frozen importlib._bootstrap>", line 219, in _call_with_frames_removed
  File "/opt/airflow/dags/execute_python_operators.py", line 12
    print("The simplest possible PythonOperator!")
         ^
SyntaxError: invalid syntax
[2025-07-11T22:39:58.280+0000] {processor.py:842} WARNING - No viable dags retrieved from /opt/airflow/dags/execute_python_operators.py
[2025-07-11T22:39:58.292+0000] {processor.py:183} INFO - Processing /opt/airflow/dags/execute_python_operators.py took 0.021 seconds
[2025-07-11T22:40:01.386+0000] {processor.py:161} INFO - Started process (PID=36467) to work on /opt/airflow/dags/execute_python_operators.py
[2025-07-11T22:40:01.387+0000] {processor.py:830} INFO - Processing file /opt/airflow/dags/execute_python_operators.py for tasks to queue
[2025-07-11T22:40:01.388+0000] {logging_mixin.py:188} INFO - [2025-07-11T22:40:01.387+0000] {dagbag.py:538} INFO - Filling up the DagBag from /opt/airflow/dags/execute_python_operators.py
[2025-07-11T22:40:01.394+0000] {logging_mixin.py:188} INFO - [2025-07-11T22:40:01.394+0000] {dagbag.py:348} ERROR - Failed to import: /opt/airflow/dags/execute_python_operators.py
Traceback (most recent call last):
  File "/home/airflow/.local/lib/python3.8/site-packages/airflow/models/dagbag.py", line 344, in parse
    loader.exec_module(new_module)
  File "<frozen importlib._bootstrap_external>", line 839, in exec_module
  File "<frozen importlib._bootstrap_external>", line 976, in get_code
  File "<frozen importlib._bootstrap_external>", line 906, in source_to_code
  File "<frozen importlib._bootstrap>", line 219, in _call_with_frames_removed
  File "/opt/airflow/dags/execute_python_operators.py", line 12
    print("The simplest possible PythonOperator!")
         ^
SyntaxError: invalid syntax
[2025-07-11T22:40:01.394+0000] {processor.py:842} WARNING - No viable dags retrieved from /opt/airflow/dags/execute_python_operators.py
[2025-07-11T22:40:01.407+0000] {processor.py:183} INFO - Processing /opt/airflow/dags/execute_python_operators.py took 0.023 seconds
[2025-07-11T22:40:11.629+0000] {processor.py:161} INFO - Started process (PID=36469) to work on /opt/airflow/dags/execute_python_operators.py
[2025-07-11T22:40:11.630+0000] {processor.py:830} INFO - Processing file /opt/airflow/dags/execute_python_operators.py for tasks to queue
[2025-07-11T22:40:11.630+0000] {logging_mixin.py:188} INFO - [2025-07-11T22:40:11.630+0000] {dagbag.py:538} INFO - Filling up the DagBag from /opt/airflow/dags/execute_python_operators.py
[2025-07-11T22:40:11.636+0000] {logging_mixin.py:188} INFO - [2025-07-11T22:40:11.636+0000] {dagbag.py:348} ERROR - Failed to import: /opt/airflow/dags/execute_python_operators.py
Traceback (most recent call last):
  File "/home/airflow/.local/lib/python3.8/site-packages/airflow/models/dagbag.py", line 344, in parse
    loader.exec_module(new_module)
  File "<frozen importlib._bootstrap_external>", line 839, in exec_module
  File "<frozen importlib._bootstrap_external>", line 976, in get_code
  File "<frozen importlib._bootstrap_external>", line 906, in source_to_code
  File "<frozen importlib._bootstrap>", line 219, in _call_with_frames_removed
  File "/opt/airflow/dags/execute_python_operators.py", line 12
    print("The simplest possible PythonOperator!")
         ^
SyntaxError: invalid syntax
[2025-07-11T22:40:11.636+0000] {processor.py:842} WARNING - No viable dags retrieved from /opt/airflow/dags/execute_python_operators.py
[2025-07-11T22:40:11.656+0000] {processor.py:183} INFO - Processing /opt/airflow/dags/execute_python_operators.py took 0.029 seconds
[2025-07-11T22:40:13.726+0000] {processor.py:161} INFO - Started process (PID=36470) to work on /opt/airflow/dags/execute_python_operators.py
[2025-07-11T22:40:13.726+0000] {processor.py:830} INFO - Processing file /opt/airflow/dags/execute_python_operators.py for tasks to queue
[2025-07-11T22:40:13.727+0000] {logging_mixin.py:188} INFO - [2025-07-11T22:40:13.727+0000] {dagbag.py:538} INFO - Filling up the DagBag from /opt/airflow/dags/execute_python_operators.py
[2025-07-11T22:40:13.733+0000] {logging_mixin.py:188} INFO - [2025-07-11T22:40:13.733+0000] {dagbag.py:348} ERROR - Failed to import: /opt/airflow/dags/execute_python_operators.py
Traceback (most recent call last):
  File "/home/airflow/.local/lib/python3.8/site-packages/airflow/models/dagbag.py", line 344, in parse
    loader.exec_module(new_module)
  File "<frozen importlib._bootstrap_external>", line 839, in exec_module
  File "<frozen importlib._bootstrap_external>", line 976, in get_code
  File "<frozen importlib._bootstrap_external>", line 906, in source_to_code
  File "<frozen importlib._bootstrap>", line 219, in _call_with_frames_removed
  File "/opt/airflow/dags/execute_python_operators.py", line 12
    print("The simplest possible PythonOperator!")
         ^
SyntaxError: invalid syntax
[2025-07-11T22:40:13.734+0000] {processor.py:842} WARNING - No viable dags retrieved from /opt/airflow/dags/execute_python_operators.py
[2025-07-11T22:40:13.753+0000] {processor.py:183} INFO - Processing /opt/airflow/dags/execute_python_operators.py took 0.030 seconds
[2025-07-11T22:40:19.627+0000] {processor.py:161} INFO - Started process (PID=36602) to work on /opt/airflow/dags/execute_python_operators.py
[2025-07-11T22:40:19.628+0000] {processor.py:830} INFO - Processing file /opt/airflow/dags/execute_python_operators.py for tasks to queue
[2025-07-11T22:40:19.629+0000] {logging_mixin.py:188} INFO - [2025-07-11T22:40:19.629+0000] {dagbag.py:538} INFO - Filling up the DagBag from /opt/airflow/dags/execute_python_operators.py
[2025-07-11T22:40:19.637+0000] {logging_mixin.py:188} INFO - [2025-07-11T22:40:19.636+0000] {dagbag.py:348} ERROR - Failed to import: /opt/airflow/dags/execute_python_operators.py
Traceback (most recent call last):
  File "/home/airflow/.local/lib/python3.8/site-packages/airflow/models/dagbag.py", line 344, in parse
    loader.exec_module(new_module)
  File "<frozen importlib._bootstrap_external>", line 839, in exec_module
  File "<frozen importlib._bootstrap_external>", line 976, in get_code
  File "<frozen importlib._bootstrap_external>", line 906, in source_to_code
  File "<frozen importlib._bootstrap>", line 219, in _call_with_frames_removed
  File "/opt/airflow/dags/execute_python_operators.py", line 12
    print("The simplest possible PythonOperator!")
         ^
SyntaxError: invalid syntax
[2025-07-11T22:40:19.637+0000] {processor.py:842} WARNING - No viable dags retrieved from /opt/airflow/dags/execute_python_operators.py
[2025-07-11T22:40:19.651+0000] {processor.py:183} INFO - Processing /opt/airflow/dags/execute_python_operators.py took 0.027 seconds
[2025-07-11T22:40:21.683+0000] {processor.py:161} INFO - Started process (PID=36603) to work on /opt/airflow/dags/execute_python_operators.py
[2025-07-11T22:40:21.683+0000] {processor.py:830} INFO - Processing file /opt/airflow/dags/execute_python_operators.py for tasks to queue
[2025-07-11T22:40:21.684+0000] {logging_mixin.py:188} INFO - [2025-07-11T22:40:21.684+0000] {dagbag.py:538} INFO - Filling up the DagBag from /opt/airflow/dags/execute_python_operators.py
[2025-07-11T22:40:21.690+0000] {logging_mixin.py:188} INFO - [2025-07-11T22:40:21.690+0000] {dagbag.py:348} ERROR - Failed to import: /opt/airflow/dags/execute_python_operators.py
Traceback (most recent call last):
  File "/home/airflow/.local/lib/python3.8/site-packages/airflow/models/dagbag.py", line 344, in parse
    loader.exec_module(new_module)
  File "<frozen importlib._bootstrap_external>", line 839, in exec_module
  File "<frozen importlib._bootstrap_external>", line 976, in get_code
  File "<frozen importlib._bootstrap_external>", line 906, in source_to_code
  File "<frozen importlib._bootstrap>", line 219, in _call_with_frames_removed
  File "/opt/airflow/dags/execute_python_operators.py", line 12
    print("The simplest possible PythonOperator!")
         ^
SyntaxError: invalid syntax
[2025-07-11T22:40:21.691+0000] {processor.py:842} WARNING - No viable dags retrieved from /opt/airflow/dags/execute_python_operators.py
[2025-07-11T22:40:21.702+0000] {processor.py:183} INFO - Processing /opt/airflow/dags/execute_python_operators.py took 0.021 seconds
[2025-07-11T22:40:33.006+0000] {processor.py:161} INFO - Started process (PID=36612) to work on /opt/airflow/dags/execute_python_operators.py
[2025-07-11T22:40:33.007+0000] {processor.py:830} INFO - Processing file /opt/airflow/dags/execute_python_operators.py for tasks to queue
[2025-07-11T22:40:33.007+0000] {logging_mixin.py:188} INFO - [2025-07-11T22:40:33.007+0000] {dagbag.py:538} INFO - Filling up the DagBag from /opt/airflow/dags/execute_python_operators.py
[2025-07-11T22:40:33.013+0000] {logging_mixin.py:188} INFO - [2025-07-11T22:40:33.013+0000] {dagbag.py:348} ERROR - Failed to import: /opt/airflow/dags/execute_python_operators.py
Traceback (most recent call last):
  File "/home/airflow/.local/lib/python3.8/site-packages/airflow/models/dagbag.py", line 344, in parse
    loader.exec_module(new_module)
  File "<frozen importlib._bootstrap_external>", line 839, in exec_module
  File "<frozen importlib._bootstrap_external>", line 976, in get_code
  File "<frozen importlib._bootstrap_external>", line 906, in source_to_code
  File "<frozen importlib._bootstrap>", line 219, in _call_with_frames_removed
  File "/opt/airflow/dags/execute_python_operators.py", line 12
    print("The simplest possible PythonOperator!")
         ^
SyntaxError: invalid syntax
[2025-07-11T22:40:33.013+0000] {processor.py:842} WARNING - No viable dags retrieved from /opt/airflow/dags/execute_python_operators.py
[2025-07-11T22:40:33.025+0000] {processor.py:183} INFO - Processing /opt/airflow/dags/execute_python_operators.py took 0.023 seconds
[2025-07-11T22:40:38.131+0000] {processor.py:161} INFO - Started process (PID=36613) to work on /opt/airflow/dags/execute_python_operators.py
[2025-07-11T22:40:38.132+0000] {processor.py:830} INFO - Processing file /opt/airflow/dags/execute_python_operators.py for tasks to queue
[2025-07-11T22:40:38.133+0000] {logging_mixin.py:188} INFO - [2025-07-11T22:40:38.133+0000] {dagbag.py:538} INFO - Filling up the DagBag from /opt/airflow/dags/execute_python_operators.py
[2025-07-11T22:40:38.142+0000] {logging_mixin.py:188} INFO - [2025-07-11T22:40:38.142+0000] {dagbag.py:348} ERROR - Failed to import: /opt/airflow/dags/execute_python_operators.py
Traceback (most recent call last):
  File "/home/airflow/.local/lib/python3.8/site-packages/airflow/models/dagbag.py", line 344, in parse
    loader.exec_module(new_module)
  File "<frozen importlib._bootstrap_external>", line 839, in exec_module
  File "<frozen importlib._bootstrap_external>", line 976, in get_code
  File "<frozen importlib._bootstrap_external>", line 906, in source_to_code
  File "<frozen importlib._bootstrap>", line 219, in _call_with_frames_removed
  File "/opt/airflow/dags/execute_python_operators.py", line 12
    print("The simplest possible PythonOperator!")
         ^
SyntaxError: invalid syntax
[2025-07-11T22:40:38.143+0000] {processor.py:842} WARNING - No viable dags retrieved from /opt/airflow/dags/execute_python_operators.py
[2025-07-11T22:40:38.157+0000] {processor.py:183} INFO - Processing /opt/airflow/dags/execute_python_operators.py took 0.028 seconds
[2025-07-11T22:40:40.197+0000] {processor.py:161} INFO - Started process (PID=36614) to work on /opt/airflow/dags/execute_python_operators.py
[2025-07-11T22:40:40.197+0000] {processor.py:830} INFO - Processing file /opt/airflow/dags/execute_python_operators.py for tasks to queue
[2025-07-11T22:40:40.198+0000] {logging_mixin.py:188} INFO - [2025-07-11T22:40:40.198+0000] {dagbag.py:538} INFO - Filling up the DagBag from /opt/airflow/dags/execute_python_operators.py
[2025-07-11T22:40:40.205+0000] {logging_mixin.py:188} INFO - [2025-07-11T22:40:40.205+0000] {dagbag.py:348} ERROR - Failed to import: /opt/airflow/dags/execute_python_operators.py
Traceback (most recent call last):
  File "/home/airflow/.local/lib/python3.8/site-packages/airflow/models/dagbag.py", line 344, in parse
    loader.exec_module(new_module)
  File "<frozen importlib._bootstrap_external>", line 839, in exec_module
  File "<frozen importlib._bootstrap_external>", line 976, in get_code
  File "<frozen importlib._bootstrap_external>", line 906, in source_to_code
  File "<frozen importlib._bootstrap>", line 219, in _call_with_frames_removed
  File "/opt/airflow/dags/execute_python_operators.py", line 12
    print("The simplest possible PythonOperator!")
         ^
SyntaxError: invalid syntax
[2025-07-11T22:40:40.206+0000] {processor.py:842} WARNING - No viable dags retrieved from /opt/airflow/dags/execute_python_operators.py
[2025-07-11T22:40:40.218+0000] {processor.py:183} INFO - Processing /opt/airflow/dags/execute_python_operators.py took 0.023 seconds
[2025-07-11T22:40:43.299+0000] {processor.py:161} INFO - Started process (PID=36615) to work on /opt/airflow/dags/execute_python_operators.py
[2025-07-11T22:40:43.299+0000] {processor.py:830} INFO - Processing file /opt/airflow/dags/execute_python_operators.py for tasks to queue
[2025-07-11T22:40:43.300+0000] {logging_mixin.py:188} INFO - [2025-07-11T22:40:43.300+0000] {dagbag.py:538} INFO - Filling up the DagBag from /opt/airflow/dags/execute_python_operators.py
[2025-07-11T22:40:43.306+0000] {logging_mixin.py:188} INFO - [2025-07-11T22:40:43.305+0000] {dagbag.py:348} ERROR - Failed to import: /opt/airflow/dags/execute_python_operators.py
Traceback (most recent call last):
  File "/home/airflow/.local/lib/python3.8/site-packages/airflow/models/dagbag.py", line 344, in parse
    loader.exec_module(new_module)
  File "<frozen importlib._bootstrap_external>", line 839, in exec_module
  File "<frozen importlib._bootstrap_external>", line 976, in get_code
  File "<frozen importlib._bootstrap_external>", line 906, in source_to_code
  File "<frozen importlib._bootstrap>", line 219, in _call_with_frames_removed
  File "/opt/airflow/dags/execute_python_operators.py", line 12
    print("The simplest possible PythonOperator!")
         ^
SyntaxError: invalid syntax
[2025-07-11T22:40:43.306+0000] {processor.py:842} WARNING - No viable dags retrieved from /opt/airflow/dags/execute_python_operators.py
[2025-07-11T22:40:43.326+0000] {processor.py:183} INFO - Processing /opt/airflow/dags/execute_python_operators.py took 0.029 seconds
[2025-07-11T22:40:47.364+0000] {processor.py:161} INFO - Started process (PID=36616) to work on /opt/airflow/dags/execute_python_operators.py
[2025-07-11T22:40:47.365+0000] {processor.py:830} INFO - Processing file /opt/airflow/dags/execute_python_operators.py for tasks to queue
[2025-07-11T22:40:47.366+0000] {logging_mixin.py:188} INFO - [2025-07-11T22:40:47.366+0000] {dagbag.py:538} INFO - Filling up the DagBag from /opt/airflow/dags/execute_python_operators.py
[2025-07-11T22:40:47.372+0000] {logging_mixin.py:188} INFO - [2025-07-11T22:40:47.372+0000] {dagbag.py:348} ERROR - Failed to import: /opt/airflow/dags/execute_python_operators.py
Traceback (most recent call last):
  File "/home/airflow/.local/lib/python3.8/site-packages/airflow/models/dagbag.py", line 344, in parse
    loader.exec_module(new_module)
  File "<frozen importlib._bootstrap_external>", line 839, in exec_module
  File "<frozen importlib._bootstrap_external>", line 976, in get_code
  File "<frozen importlib._bootstrap_external>", line 906, in source_to_code
  File "<frozen importlib._bootstrap>", line 219, in _call_with_frames_removed
  File "/opt/airflow/dags/execute_python_operators.py", line 12
    print("The simplest possible PythonOperator!")
         ^
SyntaxError: invalid syntax
[2025-07-11T22:40:47.372+0000] {processor.py:842} WARNING - No viable dags retrieved from /opt/airflow/dags/execute_python_operators.py
[2025-07-11T22:40:47.384+0000] {processor.py:183} INFO - Processing /opt/airflow/dags/execute_python_operators.py took 0.023 seconds
[2025-07-11T22:40:55.279+0000] {processor.py:161} INFO - Started process (PID=36745) to work on /opt/airflow/dags/execute_python_operators.py
[2025-07-11T22:40:55.280+0000] {processor.py:830} INFO - Processing file /opt/airflow/dags/execute_python_operators.py for tasks to queue
[2025-07-11T22:40:55.281+0000] {logging_mixin.py:188} INFO - [2025-07-11T22:40:55.281+0000] {dagbag.py:538} INFO - Filling up the DagBag from /opt/airflow/dags/execute_python_operators.py
[2025-07-11T22:40:55.290+0000] {logging_mixin.py:188} INFO - [2025-07-11T22:40:55.290+0000] {dagbag.py:348} ERROR - Failed to import: /opt/airflow/dags/execute_python_operators.py
Traceback (most recent call last):
  File "/home/airflow/.local/lib/python3.8/site-packages/airflow/models/dagbag.py", line 344, in parse
    loader.exec_module(new_module)
  File "<frozen importlib._bootstrap_external>", line 839, in exec_module
  File "<frozen importlib._bootstrap_external>", line 976, in get_code
  File "<frozen importlib._bootstrap_external>", line 906, in source_to_code
  File "<frozen importlib._bootstrap>", line 219, in _call_with_frames_removed
  File "/opt/airflow/dags/execute_python_operators.py", line 12
    print("The simplest possible PythonOperator!")
         ^
SyntaxError: invalid syntax
[2025-07-11T22:40:55.291+0000] {processor.py:842} WARNING - No viable dags retrieved from /opt/airflow/dags/execute_python_operators.py
[2025-07-11T22:40:55.304+0000] {processor.py:183} INFO - Processing /opt/airflow/dags/execute_python_operators.py took 0.027 seconds
[2025-07-11T22:40:59.383+0000] {processor.py:161} INFO - Started process (PID=36753) to work on /opt/airflow/dags/execute_python_operators.py
[2025-07-11T22:40:59.384+0000] {processor.py:830} INFO - Processing file /opt/airflow/dags/execute_python_operators.py for tasks to queue
[2025-07-11T22:40:59.384+0000] {logging_mixin.py:188} INFO - [2025-07-11T22:40:59.384+0000] {dagbag.py:538} INFO - Filling up the DagBag from /opt/airflow/dags/execute_python_operators.py
[2025-07-11T22:40:59.390+0000] {logging_mixin.py:188} INFO - [2025-07-11T22:40:59.390+0000] {dagbag.py:348} ERROR - Failed to import: /opt/airflow/dags/execute_python_operators.py
Traceback (most recent call last):
  File "/home/airflow/.local/lib/python3.8/site-packages/airflow/models/dagbag.py", line 344, in parse
    loader.exec_module(new_module)
  File "<frozen importlib._bootstrap_external>", line 839, in exec_module
  File "<frozen importlib._bootstrap_external>", line 976, in get_code
  File "<frozen importlib._bootstrap_external>", line 906, in source_to_code
  File "<frozen importlib._bootstrap>", line 219, in _call_with_frames_removed
  File "/opt/airflow/dags/execute_python_operators.py", line 12
    print("The simplest possible PythonOperator!")
         ^
SyntaxError: invalid syntax
[2025-07-11T22:40:59.391+0000] {processor.py:842} WARNING - No viable dags retrieved from /opt/airflow/dags/execute_python_operators.py
[2025-07-11T22:40:59.412+0000] {processor.py:183} INFO - Processing /opt/airflow/dags/execute_python_operators.py took 0.032 seconds
[2025-07-11T22:41:01.445+0000] {processor.py:161} INFO - Started process (PID=36754) to work on /opt/airflow/dags/execute_python_operators.py
[2025-07-11T22:41:01.446+0000] {processor.py:830} INFO - Processing file /opt/airflow/dags/execute_python_operators.py for tasks to queue
[2025-07-11T22:41:01.447+0000] {logging_mixin.py:188} INFO - [2025-07-11T22:41:01.447+0000] {dagbag.py:538} INFO - Filling up the DagBag from /opt/airflow/dags/execute_python_operators.py
[2025-07-11T22:41:01.453+0000] {logging_mixin.py:188} INFO - [2025-07-11T22:41:01.452+0000] {dagbag.py:348} ERROR - Failed to import: /opt/airflow/dags/execute_python_operators.py
Traceback (most recent call last):
  File "/home/airflow/.local/lib/python3.8/site-packages/airflow/models/dagbag.py", line 344, in parse
    loader.exec_module(new_module)
  File "<frozen importlib._bootstrap_external>", line 839, in exec_module
  File "<frozen importlib._bootstrap_external>", line 976, in get_code
  File "<frozen importlib._bootstrap_external>", line 906, in source_to_code
  File "<frozen importlib._bootstrap>", line 219, in _call_with_frames_removed
  File "/opt/airflow/dags/execute_python_operators.py", line 12
    print("The simplest possible PythonOperator!")
         ^
SyntaxError: invalid syntax
[2025-07-11T22:41:01.453+0000] {processor.py:842} WARNING - No viable dags retrieved from /opt/airflow/dags/execute_python_operators.py
[2025-07-11T22:41:01.466+0000] {processor.py:183} INFO - Processing /opt/airflow/dags/execute_python_operators.py took 0.023 seconds
[2025-07-11T22:41:11.627+0000] {processor.py:161} INFO - Started process (PID=36756) to work on /opt/airflow/dags/execute_python_operators.py
[2025-07-11T22:41:11.628+0000] {processor.py:830} INFO - Processing file /opt/airflow/dags/execute_python_operators.py for tasks to queue
[2025-07-11T22:41:11.628+0000] {logging_mixin.py:188} INFO - [2025-07-11T22:41:11.628+0000] {dagbag.py:538} INFO - Filling up the DagBag from /opt/airflow/dags/execute_python_operators.py
[2025-07-11T22:41:11.634+0000] {logging_mixin.py:188} INFO - [2025-07-11T22:41:11.633+0000] {dagbag.py:348} ERROR - Failed to import: /opt/airflow/dags/execute_python_operators.py
Traceback (most recent call last):
  File "/home/airflow/.local/lib/python3.8/site-packages/airflow/models/dagbag.py", line 344, in parse
    loader.exec_module(new_module)
  File "<frozen importlib._bootstrap_external>", line 839, in exec_module
  File "<frozen importlib._bootstrap_external>", line 976, in get_code
  File "<frozen importlib._bootstrap_external>", line 906, in source_to_code
  File "<frozen importlib._bootstrap>", line 219, in _call_with_frames_removed
  File "/opt/airflow/dags/execute_python_operators.py", line 12
    print("The simplest possible PythonOperator!")
         ^
SyntaxError: invalid syntax
[2025-07-11T22:41:11.634+0000] {processor.py:842} WARNING - No viable dags retrieved from /opt/airflow/dags/execute_python_operators.py
[2025-07-11T22:41:11.646+0000] {processor.py:183} INFO - Processing /opt/airflow/dags/execute_python_operators.py took 0.022 seconds
[2025-07-11T22:41:13.679+0000] {processor.py:161} INFO - Started process (PID=36757) to work on /opt/airflow/dags/execute_python_operators.py
[2025-07-11T22:41:13.680+0000] {processor.py:830} INFO - Processing file /opt/airflow/dags/execute_python_operators.py for tasks to queue
[2025-07-11T22:41:13.681+0000] {logging_mixin.py:188} INFO - [2025-07-11T22:41:13.680+0000] {dagbag.py:538} INFO - Filling up the DagBag from /opt/airflow/dags/execute_python_operators.py
[2025-07-11T22:41:13.687+0000] {logging_mixin.py:188} INFO - [2025-07-11T22:41:13.686+0000] {dagbag.py:348} ERROR - Failed to import: /opt/airflow/dags/execute_python_operators.py
Traceback (most recent call last):
  File "/home/airflow/.local/lib/python3.8/site-packages/airflow/models/dagbag.py", line 344, in parse
    loader.exec_module(new_module)
  File "<frozen importlib._bootstrap_external>", line 839, in exec_module
  File "<frozen importlib._bootstrap_external>", line 976, in get_code
  File "<frozen importlib._bootstrap_external>", line 906, in source_to_code
  File "<frozen importlib._bootstrap>", line 219, in _call_with_frames_removed
  File "/opt/airflow/dags/execute_python_operators.py", line 12
    print("The simplest possible PythonOperator!")
         ^
SyntaxError: invalid syntax
[2025-07-11T22:41:13.687+0000] {processor.py:842} WARNING - No viable dags retrieved from /opt/airflow/dags/execute_python_operators.py
[2025-07-11T22:41:13.698+0000] {processor.py:183} INFO - Processing /opt/airflow/dags/execute_python_operators.py took 0.021 seconds
[2025-07-11T22:41:26.727+0000] {processor.py:161} INFO - Started process (PID=36887) to work on /opt/airflow/dags/execute_python_operators.py
[2025-07-11T22:41:26.728+0000] {processor.py:830} INFO - Processing file /opt/airflow/dags/execute_python_operators.py for tasks to queue
[2025-07-11T22:41:26.728+0000] {logging_mixin.py:188} INFO - [2025-07-11T22:41:26.728+0000] {dagbag.py:538} INFO - Filling up the DagBag from /opt/airflow/dags/execute_python_operators.py
[2025-07-11T22:41:26.734+0000] {logging_mixin.py:188} INFO - [2025-07-11T22:41:26.733+0000] {dagbag.py:348} ERROR - Failed to import: /opt/airflow/dags/execute_python_operators.py
Traceback (most recent call last):
  File "/home/airflow/.local/lib/python3.8/site-packages/airflow/models/dagbag.py", line 344, in parse
    loader.exec_module(new_module)
  File "<frozen importlib._bootstrap_external>", line 839, in exec_module
  File "<frozen importlib._bootstrap_external>", line 976, in get_code
  File "<frozen importlib._bootstrap_external>", line 906, in source_to_code
  File "<frozen importlib._bootstrap>", line 219, in _call_with_frames_removed
  File "/opt/airflow/dags/execute_python_operators.py", line 13
    )
    ^
SyntaxError: unmatched ')'
[2025-07-11T22:41:26.734+0000] {processor.py:842} WARNING - No viable dags retrieved from /opt/airflow/dags/execute_python_operators.py
[2025-07-11T22:41:26.747+0000] {processor.py:183} INFO - Processing /opt/airflow/dags/execute_python_operators.py took 0.022 seconds
[2025-07-11T22:41:28.820+0000] {processor.py:161} INFO - Started process (PID=36895) to work on /opt/airflow/dags/execute_python_operators.py
[2025-07-11T22:41:28.820+0000] {processor.py:830} INFO - Processing file /opt/airflow/dags/execute_python_operators.py for tasks to queue
[2025-07-11T22:41:28.821+0000] {logging_mixin.py:188} INFO - [2025-07-11T22:41:28.821+0000] {dagbag.py:538} INFO - Filling up the DagBag from /opt/airflow/dags/execute_python_operators.py
[2025-07-11T22:41:28.838+0000] {logging_mixin.py:188} INFO - [2025-07-11T22:41:28.832+0000] {dagbag.py:348} ERROR - Failed to import: /opt/airflow/dags/execute_python_operators.py
Traceback (most recent call last):
  File "/home/airflow/.local/lib/python3.8/site-packages/airflow/models/dagbag.py", line 344, in parse
    loader.exec_module(new_module)
  File "<frozen importlib._bootstrap_external>", line 843, in exec_module
  File "<frozen importlib._bootstrap>", line 219, in _call_with_frames_removed
  File "/opt/airflow/dags/execute_python_operators.py", line 29, in <module>
    taskA >> taskB >> taskE
NameError: name 'taskA' is not defined
[2025-07-11T22:41:28.839+0000] {processor.py:842} WARNING - No viable dags retrieved from /opt/airflow/dags/execute_python_operators.py
[2025-07-11T22:41:28.850+0000] {processor.py:183} INFO - Processing /opt/airflow/dags/execute_python_operators.py took 0.033 seconds
[2025-07-11T22:41:44.068+0000] {processor.py:161} INFO - Started process (PID=36897) to work on /opt/airflow/dags/execute_python_operators.py
[2025-07-11T22:41:44.069+0000] {processor.py:830} INFO - Processing file /opt/airflow/dags/execute_python_operators.py for tasks to queue
[2025-07-11T22:41:44.070+0000] {logging_mixin.py:188} INFO - [2025-07-11T22:41:44.070+0000] {dagbag.py:538} INFO - Filling up the DagBag from /opt/airflow/dags/execute_python_operators.py
[2025-07-11T22:41:44.087+0000] {processor.py:840} INFO - DAG(s) 'execute_python_operators' retrieved from /opt/airflow/dags/execute_python_operators.py
[2025-07-11T22:41:44.149+0000] {logging_mixin.py:188} INFO - [2025-07-11T22:41:44.149+0000] {override.py:1769} INFO - Created Permission View: can read on DAG:execute_python_operators
[2025-07-11T22:41:44.155+0000] {logging_mixin.py:188} INFO - [2025-07-11T22:41:44.154+0000] {override.py:1769} INFO - Created Permission View: can edit on DAG:execute_python_operators
[2025-07-11T22:41:44.158+0000] {logging_mixin.py:188} INFO - [2025-07-11T22:41:44.158+0000] {override.py:1769} INFO - Created Permission View: can delete on DAG:execute_python_operators
[2025-07-11T22:41:44.158+0000] {logging_mixin.py:188} INFO - [2025-07-11T22:41:44.158+0000] {dag.py:3036} INFO - Sync 1 DAGs
[2025-07-11T22:41:44.164+0000] {logging_mixin.py:188} INFO - [2025-07-11T22:41:44.164+0000] {dag.py:3058} INFO - Creating ORM DAG for execute_python_operators
[2025-07-11T22:41:44.169+0000] {logging_mixin.py:188} INFO - [2025-07-11T22:41:44.169+0000] {dag.py:3823} INFO - Setting next_dagrun for execute_python_operators to 2025-07-10 00:00:00+00:00, run_after=2025-07-11 00:00:00+00:00
[2025-07-11T22:41:44.181+0000] {processor.py:183} INFO - Processing /opt/airflow/dags/execute_python_operators.py took 0.117 seconds
[2025-07-11T22:41:46.179+0000] {processor.py:161} INFO - Started process (PID=36898) to work on /opt/airflow/dags/execute_python_operators.py
[2025-07-11T22:41:46.180+0000] {processor.py:830} INFO - Processing file /opt/airflow/dags/execute_python_operators.py for tasks to queue
[2025-07-11T22:41:46.181+0000] {logging_mixin.py:188} INFO - [2025-07-11T22:41:46.181+0000] {dagbag.py:538} INFO - Filling up the DagBag from /opt/airflow/dags/execute_python_operators.py
[2025-07-11T22:41:46.191+0000] {logging_mixin.py:188} INFO - [2025-07-11T22:41:46.191+0000] {dagbag.py:348} ERROR - Failed to import: /opt/airflow/dags/execute_python_operators.py
Traceback (most recent call last):
  File "/home/airflow/.local/lib/python3.8/site-packages/airflow/models/dagbag.py", line 344, in parse
    loader.exec_module(new_module)
  File "<frozen importlib._bootstrap_external>", line 839, in exec_module
  File "<frozen importlib._bootstrap_external>", line 976, in get_code
  File "<frozen importlib._bootstrap_external>", line 906, in source_to_code
  File "<frozen importlib._bootstrap>", line 219, in _call_with_frames_removed
  File "/opt/airflow/dags/execute_python_operators.py", line 24
    task = PythonOperator(
    ^
IndentationError: expected an indented block
[2025-07-11T22:41:46.192+0000] {processor.py:842} WARNING - No viable dags retrieved from /opt/airflow/dags/execute_python_operators.py
[2025-07-11T22:41:46.205+0000] {processor.py:183} INFO - Processing /opt/airflow/dags/execute_python_operators.py took 0.030 seconds
[2025-07-11T22:41:48.189+0000] {processor.py:161} INFO - Started process (PID=36899) to work on /opt/airflow/dags/execute_python_operators.py
[2025-07-11T22:41:48.190+0000] {processor.py:830} INFO - Processing file /opt/airflow/dags/execute_python_operators.py for tasks to queue
[2025-07-11T22:41:48.191+0000] {logging_mixin.py:188} INFO - [2025-07-11T22:41:48.191+0000] {dagbag.py:538} INFO - Filling up the DagBag from /opt/airflow/dags/execute_python_operators.py
[2025-07-11T22:41:48.209+0000] {processor.py:840} INFO - DAG(s) 'execute_python_operators' retrieved from /opt/airflow/dags/execute_python_operators.py
[2025-07-11T22:41:48.217+0000] {logging_mixin.py:188} INFO - [2025-07-11T22:41:48.217+0000] {dag.py:3036} INFO - Sync 1 DAGs
[2025-07-11T22:41:48.230+0000] {logging_mixin.py:188} INFO - [2025-07-11T22:41:48.230+0000] {dag.py:3823} INFO - Setting next_dagrun for execute_python_operators to 2025-07-10 00:00:00+00:00, run_after=2025-07-11 00:00:00+00:00
[2025-07-11T22:41:48.243+0000] {processor.py:183} INFO - Processing /opt/airflow/dags/execute_python_operators.py took 0.056 seconds
[2025-07-11T22:41:52.285+0000] {processor.py:161} INFO - Started process (PID=36900) to work on /opt/airflow/dags/execute_python_operators.py
[2025-07-11T22:41:52.286+0000] {processor.py:830} INFO - Processing file /opt/airflow/dags/execute_python_operators.py for tasks to queue
[2025-07-11T22:41:52.287+0000] {logging_mixin.py:188} INFO - [2025-07-11T22:41:52.287+0000] {dagbag.py:538} INFO - Filling up the DagBag from /opt/airflow/dags/execute_python_operators.py
[2025-07-11T22:41:52.302+0000] {processor.py:840} INFO - DAG(s) 'execute_python_operators' retrieved from /opt/airflow/dags/execute_python_operators.py
[2025-07-11T22:41:52.310+0000] {logging_mixin.py:188} INFO - [2025-07-11T22:41:52.309+0000] {dag.py:3036} INFO - Sync 1 DAGs
[2025-07-11T22:41:52.323+0000] {logging_mixin.py:188} INFO - [2025-07-11T22:41:52.322+0000] {dag.py:3823} INFO - Setting next_dagrun for execute_python_operators to 2025-07-10 00:00:00+00:00, run_after=2025-07-11 00:00:00+00:00
[2025-07-11T22:41:52.335+0000] {processor.py:183} INFO - Processing /opt/airflow/dags/execute_python_operators.py took 0.051 seconds
[2025-07-11T22:41:54.351+0000] {processor.py:161} INFO - Started process (PID=36972) to work on /opt/airflow/dags/execute_python_operators.py
[2025-07-11T22:41:54.351+0000] {processor.py:830} INFO - Processing file /opt/airflow/dags/execute_python_operators.py for tasks to queue
[2025-07-11T22:41:54.352+0000] {logging_mixin.py:188} INFO - [2025-07-11T22:41:54.352+0000] {dagbag.py:538} INFO - Filling up the DagBag from /opt/airflow/dags/execute_python_operators.py
[2025-07-11T22:41:54.369+0000] {processor.py:840} INFO - DAG(s) 'execute_python_operators' retrieved from /opt/airflow/dags/execute_python_operators.py
[2025-07-11T22:41:54.378+0000] {logging_mixin.py:188} INFO - [2025-07-11T22:41:54.377+0000] {dag.py:3036} INFO - Sync 1 DAGs
[2025-07-11T22:41:54.393+0000] {logging_mixin.py:188} INFO - [2025-07-11T22:41:54.392+0000] {dag.py:3823} INFO - Setting next_dagrun for execute_python_operators to 2025-07-10 00:00:00+00:00, run_after=2025-07-11 00:00:00+00:00
[2025-07-11T22:41:54.406+0000] {processor.py:183} INFO - Processing /opt/airflow/dags/execute_python_operators.py took 0.057 seconds
[2025-07-11T22:42:24.666+0000] {processor.py:161} INFO - Started process (PID=37037) to work on /opt/airflow/dags/execute_python_operators.py
[2025-07-11T22:42:24.667+0000] {processor.py:830} INFO - Processing file /opt/airflow/dags/execute_python_operators.py for tasks to queue
[2025-07-11T22:42:24.667+0000] {logging_mixin.py:188} INFO - [2025-07-11T22:42:24.667+0000] {dagbag.py:538} INFO - Filling up the DagBag from /opt/airflow/dags/execute_python_operators.py
[2025-07-11T22:42:24.677+0000] {processor.py:840} INFO - DAG(s) 'execute_python_operators' retrieved from /opt/airflow/dags/execute_python_operators.py
[2025-07-11T22:42:24.692+0000] {logging_mixin.py:188} INFO - [2025-07-11T22:42:24.692+0000] {dag.py:3036} INFO - Sync 1 DAGs
[2025-07-11T22:42:24.704+0000] {logging_mixin.py:188} INFO - [2025-07-11T22:42:24.704+0000] {dag.py:3823} INFO - Setting next_dagrun for execute_python_operators to 2025-07-10 00:00:00+00:00, run_after=2025-07-11 00:00:00+00:00
[2025-07-11T22:42:24.714+0000] {processor.py:183} INFO - Processing /opt/airflow/dags/execute_python_operators.py took 0.050 seconds
[2025-07-11T22:42:28.497+0000] {processor.py:161} INFO - Started process (PID=37173) to work on /opt/airflow/dags/execute_python_operators.py
[2025-07-11T22:42:28.498+0000] {processor.py:830} INFO - Processing file /opt/airflow/dags/execute_python_operators.py for tasks to queue
[2025-07-11T22:42:28.498+0000] {logging_mixin.py:188} INFO - [2025-07-11T22:42:28.498+0000] {dagbag.py:538} INFO - Filling up the DagBag from /opt/airflow/dags/execute_python_operators.py
[2025-07-11T22:42:28.505+0000] {logging_mixin.py:188} INFO - [2025-07-11T22:42:28.505+0000] {dagbag.py:348} ERROR - Failed to import: /opt/airflow/dags/execute_python_operators.py
Traceback (most recent call last):
  File "/home/airflow/.local/lib/python3.8/site-packages/airflow/models/dagbag.py", line 344, in parse
    loader.exec_module(new_module)
  File "<frozen importlib._bootstrap_external>", line 839, in exec_module
  File "<frozen importlib._bootstrap_external>", line 976, in get_code
  File "<frozen importlib._bootstrap_external>", line 906, in source_to_code
  File "<frozen importlib._bootstrap>", line 219, in _call_with_frames_removed
  File "/opt/airflow/dags/execute_python_operators.py", line 19
    schedule_interval = ,
                        ^
SyntaxError: invalid syntax
[2025-07-11T22:42:28.506+0000] {processor.py:842} WARNING - No viable dags retrieved from /opt/airflow/dags/execute_python_operators.py
[2025-07-11T22:42:28.518+0000] {processor.py:183} INFO - Processing /opt/airflow/dags/execute_python_operators.py took 0.024 seconds
[2025-07-11T22:42:29.551+0000] {processor.py:161} INFO - Started process (PID=37174) to work on /opt/airflow/dags/execute_python_operators.py
[2025-07-11T22:42:29.551+0000] {processor.py:830} INFO - Processing file /opt/airflow/dags/execute_python_operators.py for tasks to queue
[2025-07-11T22:42:29.552+0000] {logging_mixin.py:188} INFO - [2025-07-11T22:42:29.552+0000] {dagbag.py:538} INFO - Filling up the DagBag from /opt/airflow/dags/execute_python_operators.py
[2025-07-11T22:42:29.566+0000] {logging_mixin.py:188} INFO - [2025-07-11T22:42:29.564+0000] {dagbag.py:445} ERROR - Failed to bag_dag: /opt/airflow/dags/execute_python_operators.py
Traceback (most recent call last):
  File "/home/airflow/.local/lib/python3.8/site-packages/airflow/timetables/_cron.py", line 100, in validate
    croniter(self._expression)
  File "/home/airflow/.local/lib/python3.8/site-packages/croniter/croniter.py", line 187, in __init__
    self.expanded, self.nth_weekday_of_month = self.expand(expr_format, hash_id=hash_id)
  File "/home/airflow/.local/lib/python3.8/site-packages/croniter/croniter.py", line 811, in expand
    return cls._expand(expr_format, hash_id=hash_id)
  File "/home/airflow/.local/lib/python3.8/site-packages/croniter/croniter.py", line 657, in _expand
    raise CroniterBadCronError(cls.bad_length)
croniter.croniter.CroniterBadCronError: Exactly 5 or 6 columns has to be specified for iterator expression.

During handling of the above exception, another exception occurred:

Traceback (most recent call last):
  File "/home/airflow/.local/lib/python3.8/site-packages/airflow/models/dagbag.py", line 440, in _process_modules
    dag.validate()
  File "/home/airflow/.local/lib/python3.8/site-packages/airflow/models/dag.py", line 739, in validate
    self.timetable.validate()
  File "/home/airflow/.local/lib/python3.8/site-packages/airflow/timetables/_cron.py", line 102, in validate
    raise AirflowTimetableInvalid(str(e))
airflow.exceptions.AirflowTimetableInvalid: Exactly 5 or 6 columns has to be specified for iterator expression.
[2025-07-11T22:42:29.567+0000] {processor.py:842} WARNING - No viable dags retrieved from /opt/airflow/dags/execute_python_operators.py
[2025-07-11T22:42:29.580+0000] {processor.py:183} INFO - Processing /opt/airflow/dags/execute_python_operators.py took 0.031 seconds
[2025-07-11T22:42:31.579+0000] {processor.py:161} INFO - Started process (PID=37175) to work on /opt/airflow/dags/execute_python_operators.py
[2025-07-11T22:42:31.580+0000] {processor.py:830} INFO - Processing file /opt/airflow/dags/execute_python_operators.py for tasks to queue
[2025-07-11T22:42:31.581+0000] {logging_mixin.py:188} INFO - [2025-07-11T22:42:31.581+0000] {dagbag.py:538} INFO - Filling up the DagBag from /opt/airflow/dags/execute_python_operators.py
[2025-07-11T22:42:31.605+0000] {processor.py:840} INFO - DAG(s) 'execute_python_operators' retrieved from /opt/airflow/dags/execute_python_operators.py
[2025-07-11T22:42:31.662+0000] {logging_mixin.py:188} INFO - [2025-07-11T22:42:31.662+0000] {dag.py:3036} INFO - Sync 1 DAGs
[2025-07-11T22:42:31.672+0000] {logging_mixin.py:188} INFO - [2025-07-11T22:42:31.672+0000] {dag.py:3823} INFO - Setting next_dagrun for execute_python_operators to 2025-07-10 00:00:00+00:00, run_after=2025-07-11 00:00:00+00:00
[2025-07-11T22:42:31.684+0000] {processor.py:183} INFO - Processing /opt/airflow/dags/execute_python_operators.py took 0.108 seconds
[2025-07-11T22:42:41.923+0000] {processor.py:161} INFO - Started process (PID=37177) to work on /opt/airflow/dags/execute_python_operators.py
[2025-07-11T22:42:41.926+0000] {processor.py:830} INFO - Processing file /opt/airflow/dags/execute_python_operators.py for tasks to queue
[2025-07-11T22:42:41.929+0000] {logging_mixin.py:188} INFO - [2025-07-11T22:42:41.928+0000] {dagbag.py:538} INFO - Filling up the DagBag from /opt/airflow/dags/execute_python_operators.py
[2025-07-11T22:42:41.997+0000] {processor.py:840} INFO - DAG(s) 'execute_python_operators' retrieved from /opt/airflow/dags/execute_python_operators.py
[2025-07-11T22:42:42.006+0000] {logging_mixin.py:188} INFO - [2025-07-11T22:42:42.006+0000] {dag.py:3036} INFO - Sync 1 DAGs
[2025-07-11T22:42:42.022+0000] {logging_mixin.py:188} INFO - [2025-07-11T22:42:42.021+0000] {dag.py:3823} INFO - Setting next_dagrun for execute_python_operators to 2025-07-10 00:00:00+00:00, run_after=2025-07-11 00:00:00+00:00
[2025-07-11T22:42:42.047+0000] {processor.py:183} INFO - Processing /opt/airflow/dags/execute_python_operators.py took 0.128 seconds
[2025-07-11T22:42:42.964+0000] {processor.py:161} INFO - Started process (PID=37178) to work on /opt/airflow/dags/execute_python_operators.py
[2025-07-11T22:42:42.967+0000] {processor.py:830} INFO - Processing file /opt/airflow/dags/execute_python_operators.py for tasks to queue
[2025-07-11T22:42:42.970+0000] {logging_mixin.py:188} INFO - [2025-07-11T22:42:42.969+0000] {dagbag.py:538} INFO - Filling up the DagBag from /opt/airflow/dags/execute_python_operators.py
[2025-07-11T22:42:43.062+0000] {processor.py:840} INFO - DAG(s) 'execute_python_operators' retrieved from /opt/airflow/dags/execute_python_operators.py
[2025-07-11T22:42:43.071+0000] {logging_mixin.py:188} INFO - [2025-07-11T22:42:43.070+0000] {dag.py:3036} INFO - Sync 1 DAGs
[2025-07-11T22:42:43.086+0000] {logging_mixin.py:188} INFO - [2025-07-11T22:42:43.086+0000] {dag.py:3823} INFO - Setting next_dagrun for execute_python_operators to 2025-07-10 00:00:00+00:00, run_after=2025-07-11 00:00:00+00:00
[2025-07-11T22:42:43.107+0000] {processor.py:183} INFO - Processing /opt/airflow/dags/execute_python_operators.py took 0.149 seconds
[2025-07-11T22:42:46.222+0000] {processor.py:161} INFO - Started process (PID=37179) to work on /opt/airflow/dags/execute_python_operators.py
[2025-07-11T22:42:46.224+0000] {processor.py:830} INFO - Processing file /opt/airflow/dags/execute_python_operators.py for tasks to queue
[2025-07-11T22:42:46.225+0000] {logging_mixin.py:188} INFO - [2025-07-11T22:42:46.225+0000] {dagbag.py:538} INFO - Filling up the DagBag from /opt/airflow/dags/execute_python_operators.py
[2025-07-11T22:42:46.252+0000] {processor.py:840} INFO - DAG(s) 'execute_python_operators' retrieved from /opt/airflow/dags/execute_python_operators.py
[2025-07-11T22:42:46.263+0000] {logging_mixin.py:188} INFO - [2025-07-11T22:42:46.263+0000] {dag.py:3036} INFO - Sync 1 DAGs
[2025-07-11T22:42:46.275+0000] {logging_mixin.py:188} INFO - [2025-07-11T22:42:46.275+0000] {dag.py:3823} INFO - Setting next_dagrun for execute_python_operators to 2025-07-10 00:00:00+00:00, run_after=2025-07-11 00:00:00+00:00
[2025-07-11T22:42:46.288+0000] {processor.py:183} INFO - Processing /opt/airflow/dags/execute_python_operators.py took 0.072 seconds
[2025-07-11T22:42:50.324+0000] {processor.py:161} INFO - Started process (PID=37180) to work on /opt/airflow/dags/execute_python_operators.py
[2025-07-11T22:42:50.324+0000] {processor.py:830} INFO - Processing file /opt/airflow/dags/execute_python_operators.py for tasks to queue
[2025-07-11T22:42:50.325+0000] {logging_mixin.py:188} INFO - [2025-07-11T22:42:50.325+0000] {dagbag.py:538} INFO - Filling up the DagBag from /opt/airflow/dags/execute_python_operators.py
[2025-07-11T22:42:50.341+0000] {processor.py:840} INFO - DAG(s) 'execute_python_operators' retrieved from /opt/airflow/dags/execute_python_operators.py
[2025-07-11T22:42:50.350+0000] {logging_mixin.py:188} INFO - [2025-07-11T22:42:50.349+0000] {dag.py:3036} INFO - Sync 1 DAGs
[2025-07-11T22:42:50.364+0000] {logging_mixin.py:188} INFO - [2025-07-11T22:42:50.363+0000] {dag.py:3823} INFO - Setting next_dagrun for execute_python_operators to 2025-07-10 00:00:00+00:00, run_after=2025-07-11 00:00:00+00:00
[2025-07-11T22:42:50.376+0000] {processor.py:183} INFO - Processing /opt/airflow/dags/execute_python_operators.py took 0.055 seconds
[2025-07-11T22:43:20.695+0000] {processor.py:161} INFO - Started process (PID=37317) to work on /opt/airflow/dags/execute_python_operators.py
[2025-07-11T22:43:20.696+0000] {processor.py:830} INFO - Processing file /opt/airflow/dags/execute_python_operators.py for tasks to queue
[2025-07-11T22:43:20.697+0000] {logging_mixin.py:188} INFO - [2025-07-11T22:43:20.697+0000] {dagbag.py:538} INFO - Filling up the DagBag from /opt/airflow/dags/execute_python_operators.py
[2025-07-11T22:43:20.708+0000] {processor.py:840} INFO - DAG(s) 'execute_python_operators' retrieved from /opt/airflow/dags/execute_python_operators.py
[2025-07-11T22:43:20.724+0000] {logging_mixin.py:188} INFO - [2025-07-11T22:43:20.723+0000] {dag.py:3036} INFO - Sync 1 DAGs
[2025-07-11T22:43:20.736+0000] {logging_mixin.py:188} INFO - [2025-07-11T22:43:20.736+0000] {dag.py:3823} INFO - Setting next_dagrun for execute_python_operators to 2025-07-10 00:00:00+00:00, run_after=2025-07-11 00:00:00+00:00
[2025-07-11T22:43:20.754+0000] {processor.py:183} INFO - Processing /opt/airflow/dags/execute_python_operators.py took 0.061 seconds
[2025-07-11T22:43:51.221+0000] {processor.py:161} INFO - Started process (PID=37456) to work on /opt/airflow/dags/execute_python_operators.py
[2025-07-11T22:43:51.222+0000] {processor.py:830} INFO - Processing file /opt/airflow/dags/execute_python_operators.py for tasks to queue
[2025-07-11T22:43:51.223+0000] {logging_mixin.py:188} INFO - [2025-07-11T22:43:51.223+0000] {dagbag.py:538} INFO - Filling up the DagBag from /opt/airflow/dags/execute_python_operators.py
[2025-07-11T22:43:51.235+0000] {processor.py:840} INFO - DAG(s) 'execute_python_operators' retrieved from /opt/airflow/dags/execute_python_operators.py
[2025-07-11T22:43:51.250+0000] {logging_mixin.py:188} INFO - [2025-07-11T22:43:51.250+0000] {dag.py:3036} INFO - Sync 1 DAGs
[2025-07-11T22:43:51.262+0000] {logging_mixin.py:188} INFO - [2025-07-11T22:43:51.262+0000] {dag.py:3823} INFO - Setting next_dagrun for execute_python_operators to 2025-07-10 00:00:00+00:00, run_after=2025-07-11 00:00:00+00:00
[2025-07-11T22:43:51.281+0000] {processor.py:183} INFO - Processing /opt/airflow/dags/execute_python_operators.py took 0.062 seconds
[2025-07-11T22:44:21.878+0000] {processor.py:161} INFO - Started process (PID=37596) to work on /opt/airflow/dags/execute_python_operators.py
[2025-07-11T22:44:21.879+0000] {processor.py:830} INFO - Processing file /opt/airflow/dags/execute_python_operators.py for tasks to queue
[2025-07-11T22:44:21.881+0000] {logging_mixin.py:188} INFO - [2025-07-11T22:44:21.880+0000] {dagbag.py:538} INFO - Filling up the DagBag from /opt/airflow/dags/execute_python_operators.py
[2025-07-11T22:44:21.899+0000] {processor.py:840} INFO - DAG(s) 'execute_python_operators' retrieved from /opt/airflow/dags/execute_python_operators.py
[2025-07-11T22:44:21.914+0000] {logging_mixin.py:188} INFO - [2025-07-11T22:44:21.914+0000] {dag.py:3036} INFO - Sync 1 DAGs
[2025-07-11T22:44:21.926+0000] {logging_mixin.py:188} INFO - [2025-07-11T22:44:21.925+0000] {dag.py:3823} INFO - Setting next_dagrun for execute_python_operators to 2025-07-10 00:00:00+00:00, run_after=2025-07-11 00:00:00+00:00
[2025-07-11T22:44:21.946+0000] {processor.py:183} INFO - Processing /opt/airflow/dags/execute_python_operators.py took 0.075 seconds
[2025-07-11T22:44:52.266+0000] {processor.py:161} INFO - Started process (PID=37732) to work on /opt/airflow/dags/execute_python_operators.py
[2025-07-11T22:44:52.267+0000] {processor.py:830} INFO - Processing file /opt/airflow/dags/execute_python_operators.py for tasks to queue
[2025-07-11T22:44:52.267+0000] {logging_mixin.py:188} INFO - [2025-07-11T22:44:52.267+0000] {dagbag.py:538} INFO - Filling up the DagBag from /opt/airflow/dags/execute_python_operators.py
[2025-07-11T22:44:52.278+0000] {processor.py:840} INFO - DAG(s) 'execute_python_operators' retrieved from /opt/airflow/dags/execute_python_operators.py
[2025-07-11T22:44:52.294+0000] {logging_mixin.py:188} INFO - [2025-07-11T22:44:52.293+0000] {dag.py:3036} INFO - Sync 1 DAGs
[2025-07-11T22:44:52.306+0000] {logging_mixin.py:188} INFO - [2025-07-11T22:44:52.305+0000] {dag.py:3823} INFO - Setting next_dagrun for execute_python_operators to 2025-07-10 00:00:00+00:00, run_after=2025-07-11 00:00:00+00:00
[2025-07-11T22:44:52.315+0000] {processor.py:183} INFO - Processing /opt/airflow/dags/execute_python_operators.py took 0.052 seconds
[2025-07-11T22:45:22.858+0000] {processor.py:161} INFO - Started process (PID=37870) to work on /opt/airflow/dags/execute_python_operators.py
[2025-07-11T22:45:22.859+0000] {processor.py:830} INFO - Processing file /opt/airflow/dags/execute_python_operators.py for tasks to queue
[2025-07-11T22:45:22.859+0000] {logging_mixin.py:188} INFO - [2025-07-11T22:45:22.859+0000] {dagbag.py:538} INFO - Filling up the DagBag from /opt/airflow/dags/execute_python_operators.py
[2025-07-11T22:45:22.871+0000] {processor.py:840} INFO - DAG(s) 'execute_python_operators' retrieved from /opt/airflow/dags/execute_python_operators.py
[2025-07-11T22:45:22.886+0000] {logging_mixin.py:188} INFO - [2025-07-11T22:45:22.886+0000] {dag.py:3036} INFO - Sync 1 DAGs
[2025-07-11T22:45:22.898+0000] {logging_mixin.py:188} INFO - [2025-07-11T22:45:22.898+0000] {dag.py:3823} INFO - Setting next_dagrun for execute_python_operators to 2025-07-10 00:00:00+00:00, run_after=2025-07-11 00:00:00+00:00
[2025-07-11T22:45:22.919+0000] {processor.py:183} INFO - Processing /opt/airflow/dags/execute_python_operators.py took 0.064 seconds
[2025-07-11T22:45:53.256+0000] {processor.py:161} INFO - Started process (PID=38005) to work on /opt/airflow/dags/execute_python_operators.py
[2025-07-11T22:45:53.257+0000] {processor.py:830} INFO - Processing file /opt/airflow/dags/execute_python_operators.py for tasks to queue
[2025-07-11T22:45:53.258+0000] {logging_mixin.py:188} INFO - [2025-07-11T22:45:53.257+0000] {dagbag.py:538} INFO - Filling up the DagBag from /opt/airflow/dags/execute_python_operators.py
[2025-07-11T22:45:53.273+0000] {processor.py:840} INFO - DAG(s) 'execute_python_operators' retrieved from /opt/airflow/dags/execute_python_operators.py
[2025-07-11T22:45:53.291+0000] {logging_mixin.py:188} INFO - [2025-07-11T22:45:53.290+0000] {dag.py:3036} INFO - Sync 1 DAGs
[2025-07-11T22:45:53.303+0000] {logging_mixin.py:188} INFO - [2025-07-11T22:45:53.303+0000] {dag.py:3823} INFO - Setting next_dagrun for execute_python_operators to 2025-07-10 00:00:00+00:00, run_after=2025-07-11 00:00:00+00:00
[2025-07-11T22:45:53.325+0000] {processor.py:183} INFO - Processing /opt/airflow/dags/execute_python_operators.py took 0.072 seconds
[2025-07-11T22:46:23.852+0000] {processor.py:161} INFO - Started process (PID=38141) to work on /opt/airflow/dags/execute_python_operators.py
[2025-07-11T22:46:23.853+0000] {processor.py:830} INFO - Processing file /opt/airflow/dags/execute_python_operators.py for tasks to queue
[2025-07-11T22:46:23.854+0000] {logging_mixin.py:188} INFO - [2025-07-11T22:46:23.853+0000] {dagbag.py:538} INFO - Filling up the DagBag from /opt/airflow/dags/execute_python_operators.py
[2025-07-11T22:46:23.865+0000] {processor.py:840} INFO - DAG(s) 'execute_python_operators' retrieved from /opt/airflow/dags/execute_python_operators.py
[2025-07-11T22:46:23.881+0000] {logging_mixin.py:188} INFO - [2025-07-11T22:46:23.881+0000] {dag.py:3036} INFO - Sync 1 DAGs
[2025-07-11T22:46:23.893+0000] {logging_mixin.py:188} INFO - [2025-07-11T22:46:23.893+0000] {dag.py:3823} INFO - Setting next_dagrun for execute_python_operators to 2025-07-10 00:00:00+00:00, run_after=2025-07-11 00:00:00+00:00
[2025-07-11T22:46:23.904+0000] {processor.py:183} INFO - Processing /opt/airflow/dags/execute_python_operators.py took 0.057 seconds
[2025-07-11T22:46:54.246+0000] {processor.py:161} INFO - Started process (PID=38278) to work on /opt/airflow/dags/execute_python_operators.py
[2025-07-11T22:46:54.247+0000] {processor.py:830} INFO - Processing file /opt/airflow/dags/execute_python_operators.py for tasks to queue
[2025-07-11T22:46:54.247+0000] {logging_mixin.py:188} INFO - [2025-07-11T22:46:54.247+0000] {dagbag.py:538} INFO - Filling up the DagBag from /opt/airflow/dags/execute_python_operators.py
[2025-07-11T22:46:54.260+0000] {processor.py:840} INFO - DAG(s) 'execute_python_operators' retrieved from /opt/airflow/dags/execute_python_operators.py
[2025-07-11T22:46:54.277+0000] {logging_mixin.py:188} INFO - [2025-07-11T22:46:54.277+0000] {dag.py:3036} INFO - Sync 1 DAGs
[2025-07-11T22:46:54.289+0000] {logging_mixin.py:188} INFO - [2025-07-11T22:46:54.289+0000] {dag.py:3823} INFO - Setting next_dagrun for execute_python_operators to 2025-07-10 00:00:00+00:00, run_after=2025-07-11 00:00:00+00:00
[2025-07-11T22:46:54.300+0000] {processor.py:183} INFO - Processing /opt/airflow/dags/execute_python_operators.py took 0.056 seconds
[2025-07-11T22:47:24.437+0000] {processor.py:161} INFO - Started process (PID=38418) to work on /opt/airflow/dags/execute_python_operators.py
[2025-07-11T22:47:24.438+0000] {processor.py:830} INFO - Processing file /opt/airflow/dags/execute_python_operators.py for tasks to queue
[2025-07-11T22:47:24.439+0000] {logging_mixin.py:188} INFO - [2025-07-11T22:47:24.438+0000] {dagbag.py:538} INFO - Filling up the DagBag from /opt/airflow/dags/execute_python_operators.py
[2025-07-11T22:47:24.453+0000] {processor.py:840} INFO - DAG(s) 'execute_python_operators' retrieved from /opt/airflow/dags/execute_python_operators.py
[2025-07-11T22:47:24.473+0000] {logging_mixin.py:188} INFO - [2025-07-11T22:47:24.473+0000] {dag.py:3036} INFO - Sync 1 DAGs
[2025-07-11T22:47:24.488+0000] {logging_mixin.py:188} INFO - [2025-07-11T22:47:24.488+0000] {dag.py:3823} INFO - Setting next_dagrun for execute_python_operators to 2025-07-11 00:00:00+00:00, run_after=2025-07-12 00:00:00+00:00
[2025-07-11T22:47:24.501+0000] {processor.py:183} INFO - Processing /opt/airflow/dags/execute_python_operators.py took 0.067 seconds
[2025-07-11T22:47:55.039+0000] {processor.py:161} INFO - Started process (PID=38605) to work on /opt/airflow/dags/execute_python_operators.py
[2025-07-11T22:47:55.040+0000] {processor.py:830} INFO - Processing file /opt/airflow/dags/execute_python_operators.py for tasks to queue
[2025-07-11T22:47:55.041+0000] {logging_mixin.py:188} INFO - [2025-07-11T22:47:55.041+0000] {dagbag.py:538} INFO - Filling up the DagBag from /opt/airflow/dags/execute_python_operators.py
[2025-07-11T22:47:55.057+0000] {processor.py:840} INFO - DAG(s) 'execute_python_operators' retrieved from /opt/airflow/dags/execute_python_operators.py
[2025-07-11T22:47:55.074+0000] {logging_mixin.py:188} INFO - [2025-07-11T22:47:55.074+0000] {dag.py:3036} INFO - Sync 1 DAGs
[2025-07-11T22:47:55.091+0000] {logging_mixin.py:188} INFO - [2025-07-11T22:47:55.090+0000] {dag.py:3823} INFO - Setting next_dagrun for execute_python_operators to 2025-07-11 00:00:00+00:00, run_after=2025-07-12 00:00:00+00:00
[2025-07-11T22:47:55.107+0000] {processor.py:183} INFO - Processing /opt/airflow/dags/execute_python_operators.py took 0.069 seconds
[2025-07-11T22:48:25.287+0000] {processor.py:161} INFO - Started process (PID=38741) to work on /opt/airflow/dags/execute_python_operators.py
[2025-07-11T22:48:25.288+0000] {processor.py:830} INFO - Processing file /opt/airflow/dags/execute_python_operators.py for tasks to queue
[2025-07-11T22:48:25.288+0000] {logging_mixin.py:188} INFO - [2025-07-11T22:48:25.288+0000] {dagbag.py:538} INFO - Filling up the DagBag from /opt/airflow/dags/execute_python_operators.py
[2025-07-11T22:48:25.300+0000] {processor.py:840} INFO - DAG(s) 'execute_python_operators' retrieved from /opt/airflow/dags/execute_python_operators.py
[2025-07-11T22:48:25.316+0000] {logging_mixin.py:188} INFO - [2025-07-11T22:48:25.316+0000] {dag.py:3036} INFO - Sync 1 DAGs
[2025-07-11T22:48:25.328+0000] {logging_mixin.py:188} INFO - [2025-07-11T22:48:25.328+0000] {dag.py:3823} INFO - Setting next_dagrun for execute_python_operators to 2025-07-11 00:00:00+00:00, run_after=2025-07-12 00:00:00+00:00
[2025-07-11T22:48:25.349+0000] {processor.py:183} INFO - Processing /opt/airflow/dags/execute_python_operators.py took 0.065 seconds
[2025-07-11T22:48:55.766+0000] {processor.py:161} INFO - Started process (PID=38820) to work on /opt/airflow/dags/execute_python_operators.py
[2025-07-11T22:48:55.767+0000] {processor.py:830} INFO - Processing file /opt/airflow/dags/execute_python_operators.py for tasks to queue
[2025-07-11T22:48:55.768+0000] {logging_mixin.py:188} INFO - [2025-07-11T22:48:55.768+0000] {dagbag.py:538} INFO - Filling up the DagBag from /opt/airflow/dags/execute_python_operators.py
[2025-07-11T22:48:55.785+0000] {processor.py:840} INFO - DAG(s) 'execute_python_operators' retrieved from /opt/airflow/dags/execute_python_operators.py
[2025-07-11T22:48:55.807+0000] {logging_mixin.py:188} INFO - [2025-07-11T22:48:55.807+0000] {dag.py:3036} INFO - Sync 1 DAGs
[2025-07-11T22:48:55.824+0000] {logging_mixin.py:188} INFO - [2025-07-11T22:48:55.824+0000] {dag.py:3823} INFO - Setting next_dagrun for execute_python_operators to 2025-07-11 00:00:00+00:00, run_after=2025-07-12 00:00:00+00:00
[2025-07-11T22:48:55.842+0000] {processor.py:183} INFO - Processing /opt/airflow/dags/execute_python_operators.py took 0.079 seconds
[2025-07-11T22:49:26.241+0000] {processor.py:161} INFO - Started process (PID=38886) to work on /opt/airflow/dags/execute_python_operators.py
[2025-07-11T22:49:26.242+0000] {processor.py:830} INFO - Processing file /opt/airflow/dags/execute_python_operators.py for tasks to queue
[2025-07-11T22:49:26.243+0000] {logging_mixin.py:188} INFO - [2025-07-11T22:49:26.243+0000] {dagbag.py:538} INFO - Filling up the DagBag from /opt/airflow/dags/execute_python_operators.py
[2025-07-11T22:49:26.288+0000] {processor.py:840} INFO - DAG(s) 'execute_python_operators' retrieved from /opt/airflow/dags/execute_python_operators.py
[2025-07-11T22:49:26.306+0000] {logging_mixin.py:188} INFO - [2025-07-11T22:49:26.306+0000] {dag.py:3036} INFO - Sync 1 DAGs
[2025-07-11T22:49:26.319+0000] {logging_mixin.py:188} INFO - [2025-07-11T22:49:26.319+0000] {dag.py:3823} INFO - Setting next_dagrun for execute_python_operators to 2025-07-11 00:00:00+00:00, run_after=2025-07-12 00:00:00+00:00
[2025-07-11T22:49:26.333+0000] {processor.py:183} INFO - Processing /opt/airflow/dags/execute_python_operators.py took 0.094 seconds
[2025-07-11T22:49:56.787+0000] {processor.py:161} INFO - Started process (PID=39025) to work on /opt/airflow/dags/execute_python_operators.py
[2025-07-11T22:49:56.788+0000] {processor.py:830} INFO - Processing file /opt/airflow/dags/execute_python_operators.py for tasks to queue
[2025-07-11T22:49:56.789+0000] {logging_mixin.py:188} INFO - [2025-07-11T22:49:56.789+0000] {dagbag.py:538} INFO - Filling up the DagBag from /opt/airflow/dags/execute_python_operators.py
[2025-07-11T22:49:56.800+0000] {processor.py:840} INFO - DAG(s) 'execute_python_operators' retrieved from /opt/airflow/dags/execute_python_operators.py
[2025-07-11T22:49:56.816+0000] {logging_mixin.py:188} INFO - [2025-07-11T22:49:56.816+0000] {dag.py:3036} INFO - Sync 1 DAGs
[2025-07-11T22:49:56.828+0000] {logging_mixin.py:188} INFO - [2025-07-11T22:49:56.828+0000] {dag.py:3823} INFO - Setting next_dagrun for execute_python_operators to 2025-07-11 00:00:00+00:00, run_after=2025-07-12 00:00:00+00:00
[2025-07-11T22:49:56.839+0000] {processor.py:183} INFO - Processing /opt/airflow/dags/execute_python_operators.py took 0.054 seconds
[2025-07-11T22:50:27.189+0000] {processor.py:161} INFO - Started process (PID=39163) to work on /opt/airflow/dags/execute_python_operators.py
[2025-07-11T22:50:27.190+0000] {processor.py:830} INFO - Processing file /opt/airflow/dags/execute_python_operators.py for tasks to queue
[2025-07-11T22:50:27.191+0000] {logging_mixin.py:188} INFO - [2025-07-11T22:50:27.191+0000] {dagbag.py:538} INFO - Filling up the DagBag from /opt/airflow/dags/execute_python_operators.py
[2025-07-11T22:50:27.204+0000] {processor.py:840} INFO - DAG(s) 'execute_python_operators' retrieved from /opt/airflow/dags/execute_python_operators.py
[2025-07-11T22:50:27.221+0000] {logging_mixin.py:188} INFO - [2025-07-11T22:50:27.221+0000] {dag.py:3036} INFO - Sync 1 DAGs
[2025-07-11T22:50:27.235+0000] {logging_mixin.py:188} INFO - [2025-07-11T22:50:27.235+0000] {dag.py:3823} INFO - Setting next_dagrun for execute_python_operators to 2025-07-11 00:00:00+00:00, run_after=2025-07-12 00:00:00+00:00
[2025-07-11T22:50:27.256+0000] {processor.py:183} INFO - Processing /opt/airflow/dags/execute_python_operators.py took 0.069 seconds
[2025-07-11T22:50:57.413+0000] {processor.py:161} INFO - Started process (PID=39299) to work on /opt/airflow/dags/execute_python_operators.py
[2025-07-11T22:50:57.414+0000] {processor.py:830} INFO - Processing file /opt/airflow/dags/execute_python_operators.py for tasks to queue
[2025-07-11T22:50:57.415+0000] {logging_mixin.py:188} INFO - [2025-07-11T22:50:57.415+0000] {dagbag.py:538} INFO - Filling up the DagBag from /opt/airflow/dags/execute_python_operators.py
[2025-07-11T22:50:57.427+0000] {processor.py:840} INFO - DAG(s) 'execute_python_operators' retrieved from /opt/airflow/dags/execute_python_operators.py
[2025-07-11T22:50:57.443+0000] {logging_mixin.py:188} INFO - [2025-07-11T22:50:57.443+0000] {dag.py:3036} INFO - Sync 1 DAGs
[2025-07-11T22:50:57.456+0000] {logging_mixin.py:188} INFO - [2025-07-11T22:50:57.456+0000] {dag.py:3823} INFO - Setting next_dagrun for execute_python_operators to 2025-07-11 00:00:00+00:00, run_after=2025-07-12 00:00:00+00:00
[2025-07-11T22:50:57.468+0000] {processor.py:183} INFO - Processing /opt/airflow/dags/execute_python_operators.py took 0.057 seconds
[2025-07-11T22:51:27.727+0000] {processor.py:161} INFO - Started process (PID=39436) to work on /opt/airflow/dags/execute_python_operators.py
[2025-07-11T22:51:27.729+0000] {processor.py:830} INFO - Processing file /opt/airflow/dags/execute_python_operators.py for tasks to queue
[2025-07-11T22:51:27.730+0000] {logging_mixin.py:188} INFO - [2025-07-11T22:51:27.729+0000] {dagbag.py:538} INFO - Filling up the DagBag from /opt/airflow/dags/execute_python_operators.py
[2025-07-11T22:51:27.785+0000] {processor.py:840} INFO - DAG(s) 'execute_python_operators' retrieved from /opt/airflow/dags/execute_python_operators.py
[2025-07-11T22:51:27.801+0000] {logging_mixin.py:188} INFO - [2025-07-11T22:51:27.801+0000] {dag.py:3036} INFO - Sync 1 DAGs
[2025-07-11T22:51:27.815+0000] {logging_mixin.py:188} INFO - [2025-07-11T22:51:27.815+0000] {dag.py:3823} INFO - Setting next_dagrun for execute_python_operators to 2025-07-11 00:00:00+00:00, run_after=2025-07-12 00:00:00+00:00
[2025-07-11T22:51:27.838+0000] {processor.py:183} INFO - Processing /opt/airflow/dags/execute_python_operators.py took 0.113 seconds
[2025-07-11T22:51:58.227+0000] {processor.py:161} INFO - Started process (PID=39572) to work on /opt/airflow/dags/execute_python_operators.py
[2025-07-11T22:51:58.228+0000] {processor.py:830} INFO - Processing file /opt/airflow/dags/execute_python_operators.py for tasks to queue
[2025-07-11T22:51:58.230+0000] {logging_mixin.py:188} INFO - [2025-07-11T22:51:58.229+0000] {dagbag.py:538} INFO - Filling up the DagBag from /opt/airflow/dags/execute_python_operators.py
[2025-07-11T22:51:58.245+0000] {processor.py:840} INFO - DAG(s) 'execute_python_operators' retrieved from /opt/airflow/dags/execute_python_operators.py
[2025-07-11T22:51:58.268+0000] {logging_mixin.py:188} INFO - [2025-07-11T22:51:58.268+0000] {dag.py:3036} INFO - Sync 1 DAGs
[2025-07-11T22:51:58.280+0000] {logging_mixin.py:188} INFO - [2025-07-11T22:51:58.280+0000] {dag.py:3823} INFO - Setting next_dagrun for execute_python_operators to 2025-07-11 00:00:00+00:00, run_after=2025-07-12 00:00:00+00:00
[2025-07-11T22:51:58.291+0000] {processor.py:183} INFO - Processing /opt/airflow/dags/execute_python_operators.py took 0.070 seconds
[2025-07-11T22:52:28.576+0000] {processor.py:161} INFO - Started process (PID=39709) to work on /opt/airflow/dags/execute_python_operators.py
[2025-07-11T22:52:28.578+0000] {processor.py:830} INFO - Processing file /opt/airflow/dags/execute_python_operators.py for tasks to queue
[2025-07-11T22:52:28.579+0000] {logging_mixin.py:188} INFO - [2025-07-11T22:52:28.579+0000] {dagbag.py:538} INFO - Filling up the DagBag from /opt/airflow/dags/execute_python_operators.py
[2025-07-11T22:52:28.596+0000] {processor.py:840} INFO - DAG(s) 'execute_python_operators' retrieved from /opt/airflow/dags/execute_python_operators.py
[2025-07-11T22:52:28.613+0000] {logging_mixin.py:188} INFO - [2025-07-11T22:52:28.613+0000] {dag.py:3036} INFO - Sync 1 DAGs
[2025-07-11T22:52:28.627+0000] {logging_mixin.py:188} INFO - [2025-07-11T22:52:28.626+0000] {dag.py:3823} INFO - Setting next_dagrun for execute_python_operators to 2025-07-11 00:00:00+00:00, run_after=2025-07-12 00:00:00+00:00
[2025-07-11T22:52:28.639+0000] {processor.py:183} INFO - Processing /opt/airflow/dags/execute_python_operators.py took 0.066 seconds
[2025-07-11T22:52:59.031+0000] {processor.py:161} INFO - Started process (PID=39844) to work on /opt/airflow/dags/execute_python_operators.py
[2025-07-11T22:52:59.031+0000] {processor.py:830} INFO - Processing file /opt/airflow/dags/execute_python_operators.py for tasks to queue
[2025-07-11T22:52:59.032+0000] {logging_mixin.py:188} INFO - [2025-07-11T22:52:59.032+0000] {dagbag.py:538} INFO - Filling up the DagBag from /opt/airflow/dags/execute_python_operators.py
[2025-07-11T22:52:59.043+0000] {processor.py:840} INFO - DAG(s) 'execute_python_operators' retrieved from /opt/airflow/dags/execute_python_operators.py
[2025-07-11T22:52:59.059+0000] {logging_mixin.py:188} INFO - [2025-07-11T22:52:59.058+0000] {dag.py:3036} INFO - Sync 1 DAGs
[2025-07-11T22:52:59.073+0000] {logging_mixin.py:188} INFO - [2025-07-11T22:52:59.073+0000] {dag.py:3823} INFO - Setting next_dagrun for execute_python_operators to 2025-07-11 00:00:00+00:00, run_after=2025-07-12 00:00:00+00:00
[2025-07-11T22:52:59.094+0000] {processor.py:183} INFO - Processing /opt/airflow/dags/execute_python_operators.py took 0.066 seconds
[2025-07-11T22:53:29.240+0000] {processor.py:161} INFO - Started process (PID=39980) to work on /opt/airflow/dags/execute_python_operators.py
[2025-07-11T22:53:29.242+0000] {processor.py:830} INFO - Processing file /opt/airflow/dags/execute_python_operators.py for tasks to queue
[2025-07-11T22:53:29.243+0000] {logging_mixin.py:188} INFO - [2025-07-11T22:53:29.242+0000] {dagbag.py:538} INFO - Filling up the DagBag from /opt/airflow/dags/execute_python_operators.py
[2025-07-11T22:53:29.262+0000] {processor.py:840} INFO - DAG(s) 'execute_python_operators' retrieved from /opt/airflow/dags/execute_python_operators.py
[2025-07-11T22:53:29.280+0000] {logging_mixin.py:188} INFO - [2025-07-11T22:53:29.280+0000] {dag.py:3036} INFO - Sync 1 DAGs
[2025-07-11T22:53:29.294+0000] {logging_mixin.py:188} INFO - [2025-07-11T22:53:29.294+0000] {dag.py:3823} INFO - Setting next_dagrun for execute_python_operators to 2025-07-11 00:00:00+00:00, run_after=2025-07-12 00:00:00+00:00
[2025-07-11T22:53:29.315+0000] {processor.py:183} INFO - Processing /opt/airflow/dags/execute_python_operators.py took 0.083 seconds
[2025-07-11T22:53:59.719+0000] {processor.py:161} INFO - Started process (PID=40123) to work on /opt/airflow/dags/execute_python_operators.py
[2025-07-11T22:53:59.720+0000] {processor.py:830} INFO - Processing file /opt/airflow/dags/execute_python_operators.py for tasks to queue
[2025-07-11T22:53:59.721+0000] {logging_mixin.py:188} INFO - [2025-07-11T22:53:59.721+0000] {dagbag.py:538} INFO - Filling up the DagBag from /opt/airflow/dags/execute_python_operators.py
[2025-07-11T22:53:59.735+0000] {processor.py:840} INFO - DAG(s) 'execute_python_operators' retrieved from /opt/airflow/dags/execute_python_operators.py
[2025-07-11T22:53:59.750+0000] {logging_mixin.py:188} INFO - [2025-07-11T22:53:59.749+0000] {dag.py:3036} INFO - Sync 1 DAGs
[2025-07-11T22:53:59.761+0000] {logging_mixin.py:188} INFO - [2025-07-11T22:53:59.761+0000] {dag.py:3823} INFO - Setting next_dagrun for execute_python_operators to 2025-07-11 00:00:00+00:00, run_after=2025-07-12 00:00:00+00:00
[2025-07-11T22:53:59.772+0000] {processor.py:183} INFO - Processing /opt/airflow/dags/execute_python_operators.py took 0.057 seconds
[2025-07-11T22:54:30.405+0000] {processor.py:161} INFO - Started process (PID=40262) to work on /opt/airflow/dags/execute_python_operators.py
[2025-07-11T22:54:30.406+0000] {processor.py:830} INFO - Processing file /opt/airflow/dags/execute_python_operators.py for tasks to queue
[2025-07-11T22:54:30.406+0000] {logging_mixin.py:188} INFO - [2025-07-11T22:54:30.406+0000] {dagbag.py:538} INFO - Filling up the DagBag from /opt/airflow/dags/execute_python_operators.py
[2025-07-11T22:54:30.419+0000] {processor.py:840} INFO - DAG(s) 'execute_python_operators' retrieved from /opt/airflow/dags/execute_python_operators.py
[2025-07-11T22:54:30.434+0000] {logging_mixin.py:188} INFO - [2025-07-11T22:54:30.434+0000] {dag.py:3036} INFO - Sync 1 DAGs
[2025-07-11T22:54:30.447+0000] {logging_mixin.py:188} INFO - [2025-07-11T22:54:30.447+0000] {dag.py:3823} INFO - Setting next_dagrun for execute_python_operators to 2025-07-11 00:00:00+00:00, run_after=2025-07-12 00:00:00+00:00
[2025-07-11T22:54:30.467+0000] {processor.py:183} INFO - Processing /opt/airflow/dags/execute_python_operators.py took 0.067 seconds
[2025-07-11T22:55:00.844+0000] {processor.py:161} INFO - Started process (PID=40400) to work on /opt/airflow/dags/execute_python_operators.py
[2025-07-11T22:55:00.845+0000] {processor.py:830} INFO - Processing file /opt/airflow/dags/execute_python_operators.py for tasks to queue
[2025-07-11T22:55:00.845+0000] {logging_mixin.py:188} INFO - [2025-07-11T22:55:00.845+0000] {dagbag.py:538} INFO - Filling up the DagBag from /opt/airflow/dags/execute_python_operators.py
[2025-07-11T22:55:00.856+0000] {processor.py:840} INFO - DAG(s) 'execute_python_operators' retrieved from /opt/airflow/dags/execute_python_operators.py
[2025-07-11T22:55:00.872+0000] {logging_mixin.py:188} INFO - [2025-07-11T22:55:00.871+0000] {dag.py:3036} INFO - Sync 1 DAGs
[2025-07-11T22:55:00.883+0000] {logging_mixin.py:188} INFO - [2025-07-11T22:55:00.883+0000] {dag.py:3823} INFO - Setting next_dagrun for execute_python_operators to 2025-07-11 00:00:00+00:00, run_after=2025-07-12 00:00:00+00:00
[2025-07-11T22:55:00.893+0000] {processor.py:183} INFO - Processing /opt/airflow/dags/execute_python_operators.py took 0.052 seconds
[2025-07-11T22:55:31.203+0000] {processor.py:161} INFO - Started process (PID=40537) to work on /opt/airflow/dags/execute_python_operators.py
[2025-07-11T22:55:31.204+0000] {processor.py:830} INFO - Processing file /opt/airflow/dags/execute_python_operators.py for tasks to queue
[2025-07-11T22:55:31.204+0000] {logging_mixin.py:188} INFO - [2025-07-11T22:55:31.204+0000] {dagbag.py:538} INFO - Filling up the DagBag from /opt/airflow/dags/execute_python_operators.py
[2025-07-11T22:55:31.216+0000] {processor.py:840} INFO - DAG(s) 'execute_python_operators' retrieved from /opt/airflow/dags/execute_python_operators.py
[2025-07-11T22:55:31.245+0000] {logging_mixin.py:188} INFO - [2025-07-11T22:55:31.245+0000] {dag.py:3036} INFO - Sync 1 DAGs
[2025-07-11T22:55:31.269+0000] {logging_mixin.py:188} INFO - [2025-07-11T22:55:31.269+0000] {dag.py:3823} INFO - Setting next_dagrun for execute_python_operators to 2025-07-11 00:00:00+00:00, run_after=2025-07-12 00:00:00+00:00
[2025-07-11T22:55:31.283+0000] {processor.py:183} INFO - Processing /opt/airflow/dags/execute_python_operators.py took 0.083 seconds
[2025-07-11T22:56:01.522+0000] {processor.py:161} INFO - Started process (PID=40675) to work on /opt/airflow/dags/execute_python_operators.py
[2025-07-11T22:56:01.523+0000] {processor.py:830} INFO - Processing file /opt/airflow/dags/execute_python_operators.py for tasks to queue
[2025-07-11T22:56:01.524+0000] {logging_mixin.py:188} INFO - [2025-07-11T22:56:01.524+0000] {dagbag.py:538} INFO - Filling up the DagBag from /opt/airflow/dags/execute_python_operators.py
[2025-07-11T22:56:01.541+0000] {processor.py:840} INFO - DAG(s) 'execute_python_operators' retrieved from /opt/airflow/dags/execute_python_operators.py
[2025-07-11T22:56:01.560+0000] {logging_mixin.py:188} INFO - [2025-07-11T22:56:01.560+0000] {dag.py:3036} INFO - Sync 1 DAGs
[2025-07-11T22:56:01.574+0000] {logging_mixin.py:188} INFO - [2025-07-11T22:56:01.574+0000] {dag.py:3823} INFO - Setting next_dagrun for execute_python_operators to 2025-07-11 00:00:00+00:00, run_after=2025-07-12 00:00:00+00:00
[2025-07-11T22:56:01.589+0000] {processor.py:183} INFO - Processing /opt/airflow/dags/execute_python_operators.py took 0.071 seconds
[2025-07-11T22:56:31.714+0000] {processor.py:161} INFO - Started process (PID=40812) to work on /opt/airflow/dags/execute_python_operators.py
[2025-07-11T22:56:31.715+0000] {processor.py:830} INFO - Processing file /opt/airflow/dags/execute_python_operators.py for tasks to queue
[2025-07-11T22:56:31.717+0000] {logging_mixin.py:188} INFO - [2025-07-11T22:56:31.716+0000] {dagbag.py:538} INFO - Filling up the DagBag from /opt/airflow/dags/execute_python_operators.py
[2025-07-11T22:56:31.738+0000] {processor.py:840} INFO - DAG(s) 'execute_python_operators' retrieved from /opt/airflow/dags/execute_python_operators.py
[2025-07-11T22:56:31.754+0000] {logging_mixin.py:188} INFO - [2025-07-11T22:56:31.754+0000] {dag.py:3036} INFO - Sync 1 DAGs
[2025-07-11T22:56:31.767+0000] {logging_mixin.py:188} INFO - [2025-07-11T22:56:31.767+0000] {dag.py:3823} INFO - Setting next_dagrun for execute_python_operators to 2025-07-11 00:00:00+00:00, run_after=2025-07-12 00:00:00+00:00
[2025-07-11T22:56:31.789+0000] {processor.py:183} INFO - Processing /opt/airflow/dags/execute_python_operators.py took 0.079 seconds
[2025-07-11T22:57:02.239+0000] {processor.py:161} INFO - Started process (PID=40893) to work on /opt/airflow/dags/execute_python_operators.py
[2025-07-11T22:57:02.240+0000] {processor.py:830} INFO - Processing file /opt/airflow/dags/execute_python_operators.py for tasks to queue
[2025-07-11T22:57:02.241+0000] {logging_mixin.py:188} INFO - [2025-07-11T22:57:02.241+0000] {dagbag.py:538} INFO - Filling up the DagBag from /opt/airflow/dags/execute_python_operators.py
[2025-07-11T22:57:02.260+0000] {processor.py:840} INFO - DAG(s) 'execute_python_operators' retrieved from /opt/airflow/dags/execute_python_operators.py
[2025-07-11T22:57:02.276+0000] {logging_mixin.py:188} INFO - [2025-07-11T22:57:02.276+0000] {dag.py:3036} INFO - Sync 1 DAGs
[2025-07-11T22:57:02.290+0000] {logging_mixin.py:188} INFO - [2025-07-11T22:57:02.290+0000] {dag.py:3823} INFO - Setting next_dagrun for execute_python_operators to 2025-07-11 00:00:00+00:00, run_after=2025-07-12 00:00:00+00:00
[2025-07-11T22:57:02.305+0000] {processor.py:183} INFO - Processing /opt/airflow/dags/execute_python_operators.py took 0.069 seconds
[2025-07-11T22:57:32.521+0000] {processor.py:161} INFO - Started process (PID=40958) to work on /opt/airflow/dags/execute_python_operators.py
[2025-07-11T22:57:32.522+0000] {processor.py:830} INFO - Processing file /opt/airflow/dags/execute_python_operators.py for tasks to queue
[2025-07-11T22:57:32.522+0000] {logging_mixin.py:188} INFO - [2025-07-11T22:57:32.522+0000] {dagbag.py:538} INFO - Filling up the DagBag from /opt/airflow/dags/execute_python_operators.py
[2025-07-11T22:57:32.534+0000] {processor.py:840} INFO - DAG(s) 'execute_python_operators' retrieved from /opt/airflow/dags/execute_python_operators.py
[2025-07-11T22:57:32.550+0000] {logging_mixin.py:188} INFO - [2025-07-11T22:57:32.550+0000] {dag.py:3036} INFO - Sync 1 DAGs
[2025-07-11T22:57:32.564+0000] {logging_mixin.py:188} INFO - [2025-07-11T22:57:32.563+0000] {dag.py:3823} INFO - Setting next_dagrun for execute_python_operators to 2025-07-11 00:00:00+00:00, run_after=2025-07-12 00:00:00+00:00
[2025-07-11T22:57:32.574+0000] {processor.py:183} INFO - Processing /opt/airflow/dags/execute_python_operators.py took 0.056 seconds
[2025-07-11T22:58:02.696+0000] {processor.py:161} INFO - Started process (PID=41095) to work on /opt/airflow/dags/execute_python_operators.py
[2025-07-11T22:58:02.696+0000] {processor.py:830} INFO - Processing file /opt/airflow/dags/execute_python_operators.py for tasks to queue
[2025-07-11T22:58:02.697+0000] {logging_mixin.py:188} INFO - [2025-07-11T22:58:02.697+0000] {dagbag.py:538} INFO - Filling up the DagBag from /opt/airflow/dags/execute_python_operators.py
[2025-07-11T22:58:02.709+0000] {processor.py:840} INFO - DAG(s) 'execute_python_operators' retrieved from /opt/airflow/dags/execute_python_operators.py
[2025-07-11T22:58:02.725+0000] {logging_mixin.py:188} INFO - [2025-07-11T22:58:02.725+0000] {dag.py:3036} INFO - Sync 1 DAGs
[2025-07-11T22:58:02.737+0000] {logging_mixin.py:188} INFO - [2025-07-11T22:58:02.737+0000] {dag.py:3823} INFO - Setting next_dagrun for execute_python_operators to 2025-07-11 00:00:00+00:00, run_after=2025-07-12 00:00:00+00:00
[2025-07-11T22:58:02.747+0000] {processor.py:183} INFO - Processing /opt/airflow/dags/execute_python_operators.py took 0.055 seconds
[2025-07-11T22:58:33.032+0000] {processor.py:161} INFO - Started process (PID=41232) to work on /opt/airflow/dags/execute_python_operators.py
[2025-07-11T22:58:33.033+0000] {processor.py:830} INFO - Processing file /opt/airflow/dags/execute_python_operators.py for tasks to queue
[2025-07-11T22:58:33.033+0000] {logging_mixin.py:188} INFO - [2025-07-11T22:58:33.033+0000] {dagbag.py:538} INFO - Filling up the DagBag from /opt/airflow/dags/execute_python_operators.py
[2025-07-11T22:58:33.049+0000] {processor.py:840} INFO - DAG(s) 'execute_python_operators' retrieved from /opt/airflow/dags/execute_python_operators.py
[2025-07-11T22:58:33.066+0000] {logging_mixin.py:188} INFO - [2025-07-11T22:58:33.065+0000] {dag.py:3036} INFO - Sync 1 DAGs
[2025-07-11T22:58:33.079+0000] {logging_mixin.py:188} INFO - [2025-07-11T22:58:33.079+0000] {dag.py:3823} INFO - Setting next_dagrun for execute_python_operators to 2025-07-11 00:00:00+00:00, run_after=2025-07-12 00:00:00+00:00
[2025-07-11T22:58:33.099+0000] {processor.py:183} INFO - Processing /opt/airflow/dags/execute_python_operators.py took 0.070 seconds
[2025-07-11T22:59:03.517+0000] {processor.py:161} INFO - Started process (PID=41370) to work on /opt/airflow/dags/execute_python_operators.py
[2025-07-11T22:59:03.517+0000] {processor.py:830} INFO - Processing file /opt/airflow/dags/execute_python_operators.py for tasks to queue
[2025-07-11T22:59:03.518+0000] {logging_mixin.py:188} INFO - [2025-07-11T22:59:03.518+0000] {dagbag.py:538} INFO - Filling up the DagBag from /opt/airflow/dags/execute_python_operators.py
[2025-07-11T22:59:03.538+0000] {processor.py:840} INFO - DAG(s) 'execute_python_operators' retrieved from /opt/airflow/dags/execute_python_operators.py
[2025-07-11T22:59:03.560+0000] {logging_mixin.py:188} INFO - [2025-07-11T22:59:03.559+0000] {dag.py:3036} INFO - Sync 1 DAGs
[2025-07-11T22:59:03.575+0000] {logging_mixin.py:188} INFO - [2025-07-11T22:59:03.575+0000] {dag.py:3823} INFO - Setting next_dagrun for execute_python_operators to 2025-07-11 00:00:00+00:00, run_after=2025-07-12 00:00:00+00:00
[2025-07-11T22:59:03.593+0000] {processor.py:183} INFO - Processing /opt/airflow/dags/execute_python_operators.py took 0.079 seconds
[2025-07-11T22:59:34.021+0000] {processor.py:161} INFO - Started process (PID=41506) to work on /opt/airflow/dags/execute_python_operators.py
[2025-07-11T22:59:34.021+0000] {processor.py:830} INFO - Processing file /opt/airflow/dags/execute_python_operators.py for tasks to queue
[2025-07-11T22:59:34.022+0000] {logging_mixin.py:188} INFO - [2025-07-11T22:59:34.022+0000] {dagbag.py:538} INFO - Filling up the DagBag from /opt/airflow/dags/execute_python_operators.py
[2025-07-11T22:59:34.034+0000] {processor.py:840} INFO - DAG(s) 'execute_python_operators' retrieved from /opt/airflow/dags/execute_python_operators.py
[2025-07-11T22:59:34.050+0000] {logging_mixin.py:188} INFO - [2025-07-11T22:59:34.050+0000] {dag.py:3036} INFO - Sync 1 DAGs
[2025-07-11T22:59:34.063+0000] {logging_mixin.py:188} INFO - [2025-07-11T22:59:34.063+0000] {dag.py:3823} INFO - Setting next_dagrun for execute_python_operators to 2025-07-11 00:00:00+00:00, run_after=2025-07-12 00:00:00+00:00
[2025-07-11T22:59:34.084+0000] {processor.py:183} INFO - Processing /opt/airflow/dags/execute_python_operators.py took 0.066 seconds
[2025-07-11T23:00:04.710+0000] {processor.py:161} INFO - Started process (PID=41645) to work on /opt/airflow/dags/execute_python_operators.py
[2025-07-11T23:00:04.712+0000] {processor.py:830} INFO - Processing file /opt/airflow/dags/execute_python_operators.py for tasks to queue
[2025-07-11T23:00:04.713+0000] {logging_mixin.py:188} INFO - [2025-07-11T23:00:04.713+0000] {dagbag.py:538} INFO - Filling up the DagBag from /opt/airflow/dags/execute_python_operators.py
[2025-07-11T23:00:04.741+0000] {processor.py:840} INFO - DAG(s) 'execute_python_operators' retrieved from /opt/airflow/dags/execute_python_operators.py
[2025-07-11T23:00:04.772+0000] {logging_mixin.py:188} INFO - [2025-07-11T23:00:04.772+0000] {dag.py:3036} INFO - Sync 1 DAGs
[2025-07-11T23:00:04.797+0000] {logging_mixin.py:188} INFO - [2025-07-11T23:00:04.797+0000] {dag.py:3823} INFO - Setting next_dagrun for execute_python_operators to 2025-07-11 00:00:00+00:00, run_after=2025-07-12 00:00:00+00:00
[2025-07-11T23:00:04.831+0000] {processor.py:183} INFO - Processing /opt/airflow/dags/execute_python_operators.py took 0.126 seconds
[2025-07-11T23:00:35.027+0000] {processor.py:161} INFO - Started process (PID=41782) to work on /opt/airflow/dags/execute_python_operators.py
[2025-07-11T23:00:35.028+0000] {processor.py:830} INFO - Processing file /opt/airflow/dags/execute_python_operators.py for tasks to queue
[2025-07-11T23:00:35.029+0000] {logging_mixin.py:188} INFO - [2025-07-11T23:00:35.028+0000] {dagbag.py:538} INFO - Filling up the DagBag from /opt/airflow/dags/execute_python_operators.py
[2025-07-11T23:00:35.041+0000] {processor.py:840} INFO - DAG(s) 'execute_python_operators' retrieved from /opt/airflow/dags/execute_python_operators.py
[2025-07-11T23:00:35.058+0000] {logging_mixin.py:188} INFO - [2025-07-11T23:00:35.058+0000] {dag.py:3036} INFO - Sync 1 DAGs
[2025-07-11T23:00:35.071+0000] {logging_mixin.py:188} INFO - [2025-07-11T23:00:35.071+0000] {dag.py:3823} INFO - Setting next_dagrun for execute_python_operators to 2025-07-11 00:00:00+00:00, run_after=2025-07-12 00:00:00+00:00
[2025-07-11T23:00:35.082+0000] {processor.py:183} INFO - Processing /opt/airflow/dags/execute_python_operators.py took 0.059 seconds
[2025-07-11T23:01:05.306+0000] {processor.py:161} INFO - Started process (PID=41921) to work on /opt/airflow/dags/execute_python_operators.py
[2025-07-11T23:01:05.308+0000] {processor.py:830} INFO - Processing file /opt/airflow/dags/execute_python_operators.py for tasks to queue
[2025-07-11T23:01:05.308+0000] {logging_mixin.py:188} INFO - [2025-07-11T23:01:05.308+0000] {dagbag.py:538} INFO - Filling up the DagBag from /opt/airflow/dags/execute_python_operators.py
[2025-07-11T23:01:05.327+0000] {processor.py:840} INFO - DAG(s) 'execute_python_operators' retrieved from /opt/airflow/dags/execute_python_operators.py
[2025-07-11T23:01:05.349+0000] {logging_mixin.py:188} INFO - [2025-07-11T23:01:05.349+0000] {dag.py:3036} INFO - Sync 1 DAGs
[2025-07-11T23:01:05.364+0000] {logging_mixin.py:188} INFO - [2025-07-11T23:01:05.364+0000] {dag.py:3823} INFO - Setting next_dagrun for execute_python_operators to 2025-07-11 00:00:00+00:00, run_after=2025-07-12 00:00:00+00:00
[2025-07-11T23:01:05.376+0000] {processor.py:183} INFO - Processing /opt/airflow/dags/execute_python_operators.py took 0.072 seconds
[2025-07-11T23:01:35.485+0000] {processor.py:161} INFO - Started process (PID=42057) to work on /opt/airflow/dags/execute_python_operators.py
[2025-07-11T23:01:35.486+0000] {processor.py:830} INFO - Processing file /opt/airflow/dags/execute_python_operators.py for tasks to queue
[2025-07-11T23:01:35.486+0000] {logging_mixin.py:188} INFO - [2025-07-11T23:01:35.486+0000] {dagbag.py:538} INFO - Filling up the DagBag from /opt/airflow/dags/execute_python_operators.py
[2025-07-11T23:01:35.498+0000] {processor.py:840} INFO - DAG(s) 'execute_python_operators' retrieved from /opt/airflow/dags/execute_python_operators.py
[2025-07-11T23:01:35.515+0000] {logging_mixin.py:188} INFO - [2025-07-11T23:01:35.514+0000] {dag.py:3036} INFO - Sync 1 DAGs
[2025-07-11T23:01:35.527+0000] {logging_mixin.py:188} INFO - [2025-07-11T23:01:35.527+0000] {dag.py:3823} INFO - Setting next_dagrun for execute_python_operators to 2025-07-11 00:00:00+00:00, run_after=2025-07-12 00:00:00+00:00
[2025-07-11T23:01:35.538+0000] {processor.py:183} INFO - Processing /opt/airflow/dags/execute_python_operators.py took 0.056 seconds
[2025-07-11T23:02:05.748+0000] {processor.py:161} INFO - Started process (PID=42197) to work on /opt/airflow/dags/execute_python_operators.py
[2025-07-11T23:02:05.749+0000] {processor.py:830} INFO - Processing file /opt/airflow/dags/execute_python_operators.py for tasks to queue
[2025-07-11T23:02:05.750+0000] {logging_mixin.py:188} INFO - [2025-07-11T23:02:05.749+0000] {dagbag.py:538} INFO - Filling up the DagBag from /opt/airflow/dags/execute_python_operators.py
[2025-07-11T23:02:05.761+0000] {processor.py:840} INFO - DAG(s) 'execute_python_operators' retrieved from /opt/airflow/dags/execute_python_operators.py
[2025-07-11T23:02:05.777+0000] {logging_mixin.py:188} INFO - [2025-07-11T23:02:05.777+0000] {dag.py:3036} INFO - Sync 1 DAGs
[2025-07-11T23:02:05.790+0000] {logging_mixin.py:188} INFO - [2025-07-11T23:02:05.789+0000] {dag.py:3823} INFO - Setting next_dagrun for execute_python_operators to 2025-07-11 00:00:00+00:00, run_after=2025-07-12 00:00:00+00:00
[2025-07-11T23:02:05.810+0000] {processor.py:183} INFO - Processing /opt/airflow/dags/execute_python_operators.py took 0.065 seconds
[2025-07-11T23:02:36.170+0000] {processor.py:161} INFO - Started process (PID=42332) to work on /opt/airflow/dags/execute_python_operators.py
[2025-07-11T23:02:36.170+0000] {processor.py:830} INFO - Processing file /opt/airflow/dags/execute_python_operators.py for tasks to queue
[2025-07-11T23:02:36.171+0000] {logging_mixin.py:188} INFO - [2025-07-11T23:02:36.171+0000] {dagbag.py:538} INFO - Filling up the DagBag from /opt/airflow/dags/execute_python_operators.py
[2025-07-11T23:02:36.183+0000] {processor.py:840} INFO - DAG(s) 'execute_python_operators' retrieved from /opt/airflow/dags/execute_python_operators.py
[2025-07-11T23:02:36.199+0000] {logging_mixin.py:188} INFO - [2025-07-11T23:02:36.199+0000] {dag.py:3036} INFO - Sync 1 DAGs
[2025-07-11T23:02:36.213+0000] {logging_mixin.py:188} INFO - [2025-07-11T23:02:36.212+0000] {dag.py:3823} INFO - Setting next_dagrun for execute_python_operators to 2025-07-11 00:00:00+00:00, run_after=2025-07-12 00:00:00+00:00
[2025-07-11T23:02:36.226+0000] {processor.py:183} INFO - Processing /opt/airflow/dags/execute_python_operators.py took 0.059 seconds
[2025-07-11T23:03:06.388+0000] {processor.py:161} INFO - Started process (PID=42467) to work on /opt/airflow/dags/execute_python_operators.py
[2025-07-11T23:03:06.389+0000] {processor.py:830} INFO - Processing file /opt/airflow/dags/execute_python_operators.py for tasks to queue
[2025-07-11T23:03:06.390+0000] {logging_mixin.py:188} INFO - [2025-07-11T23:03:06.390+0000] {dagbag.py:538} INFO - Filling up the DagBag from /opt/airflow/dags/execute_python_operators.py
[2025-07-11T23:03:06.408+0000] {processor.py:840} INFO - DAG(s) 'execute_python_operators' retrieved from /opt/airflow/dags/execute_python_operators.py
[2025-07-11T23:03:06.426+0000] {logging_mixin.py:188} INFO - [2025-07-11T23:03:06.426+0000] {dag.py:3036} INFO - Sync 1 DAGs
[2025-07-11T23:03:06.440+0000] {logging_mixin.py:188} INFO - [2025-07-11T23:03:06.439+0000] {dag.py:3823} INFO - Setting next_dagrun for execute_python_operators to 2025-07-11 00:00:00+00:00, run_after=2025-07-12 00:00:00+00:00
[2025-07-11T23:03:06.460+0000] {processor.py:183} INFO - Processing /opt/airflow/dags/execute_python_operators.py took 0.075 seconds
[2025-07-11T23:03:36.665+0000] {processor.py:161} INFO - Started process (PID=42602) to work on /opt/airflow/dags/execute_python_operators.py
[2025-07-11T23:03:36.665+0000] {processor.py:830} INFO - Processing file /opt/airflow/dags/execute_python_operators.py for tasks to queue
[2025-07-11T23:03:36.666+0000] {logging_mixin.py:188} INFO - [2025-07-11T23:03:36.666+0000] {dagbag.py:538} INFO - Filling up the DagBag from /opt/airflow/dags/execute_python_operators.py
[2025-07-11T23:03:36.677+0000] {processor.py:840} INFO - DAG(s) 'execute_python_operators' retrieved from /opt/airflow/dags/execute_python_operators.py
[2025-07-11T23:03:36.694+0000] {logging_mixin.py:188} INFO - [2025-07-11T23:03:36.693+0000] {dag.py:3036} INFO - Sync 1 DAGs
[2025-07-11T23:03:36.706+0000] {logging_mixin.py:188} INFO - [2025-07-11T23:03:36.706+0000] {dag.py:3823} INFO - Setting next_dagrun for execute_python_operators to 2025-07-11 00:00:00+00:00, run_after=2025-07-12 00:00:00+00:00
[2025-07-11T23:03:36.720+0000] {processor.py:183} INFO - Processing /opt/airflow/dags/execute_python_operators.py took 0.058 seconds
[2025-07-11T23:04:06.893+0000] {processor.py:161} INFO - Started process (PID=42738) to work on /opt/airflow/dags/execute_python_operators.py
[2025-07-11T23:04:06.894+0000] {processor.py:830} INFO - Processing file /opt/airflow/dags/execute_python_operators.py for tasks to queue
[2025-07-11T23:04:06.895+0000] {logging_mixin.py:188} INFO - [2025-07-11T23:04:06.895+0000] {dagbag.py:538} INFO - Filling up the DagBag from /opt/airflow/dags/execute_python_operators.py
[2025-07-11T23:04:06.907+0000] {processor.py:840} INFO - DAG(s) 'execute_python_operators' retrieved from /opt/airflow/dags/execute_python_operators.py
[2025-07-11T23:04:06.923+0000] {logging_mixin.py:188} INFO - [2025-07-11T23:04:06.923+0000] {dag.py:3036} INFO - Sync 1 DAGs
[2025-07-11T23:04:06.935+0000] {logging_mixin.py:188} INFO - [2025-07-11T23:04:06.935+0000] {dag.py:3823} INFO - Setting next_dagrun for execute_python_operators to 2025-07-11 00:00:00+00:00, run_after=2025-07-12 00:00:00+00:00
[2025-07-11T23:04:06.956+0000] {processor.py:183} INFO - Processing /opt/airflow/dags/execute_python_operators.py took 0.065 seconds
[2025-07-11T23:04:37.033+0000] {processor.py:161} INFO - Started process (PID=42875) to work on /opt/airflow/dags/execute_python_operators.py
[2025-07-11T23:04:37.034+0000] {processor.py:830} INFO - Processing file /opt/airflow/dags/execute_python_operators.py for tasks to queue
[2025-07-11T23:04:37.035+0000] {logging_mixin.py:188} INFO - [2025-07-11T23:04:37.034+0000] {dagbag.py:538} INFO - Filling up the DagBag from /opt/airflow/dags/execute_python_operators.py
[2025-07-11T23:04:37.046+0000] {processor.py:840} INFO - DAG(s) 'execute_python_operators' retrieved from /opt/airflow/dags/execute_python_operators.py
[2025-07-11T23:04:37.062+0000] {logging_mixin.py:188} INFO - [2025-07-11T23:04:37.062+0000] {dag.py:3036} INFO - Sync 1 DAGs
[2025-07-11T23:04:37.074+0000] {logging_mixin.py:188} INFO - [2025-07-11T23:04:37.074+0000] {dag.py:3823} INFO - Setting next_dagrun for execute_python_operators to 2025-07-11 00:00:00+00:00, run_after=2025-07-12 00:00:00+00:00
[2025-07-11T23:04:37.096+0000] {processor.py:183} INFO - Processing /opt/airflow/dags/execute_python_operators.py took 0.065 seconds
[2025-07-11T23:05:07.646+0000] {processor.py:161} INFO - Started process (PID=42954) to work on /opt/airflow/dags/execute_python_operators.py
[2025-07-11T23:05:07.647+0000] {processor.py:830} INFO - Processing file /opt/airflow/dags/execute_python_operators.py for tasks to queue
[2025-07-11T23:05:07.647+0000] {logging_mixin.py:188} INFO - [2025-07-11T23:05:07.647+0000] {dagbag.py:538} INFO - Filling up the DagBag from /opt/airflow/dags/execute_python_operators.py
[2025-07-11T23:05:07.662+0000] {processor.py:840} INFO - DAG(s) 'execute_python_operators' retrieved from /opt/airflow/dags/execute_python_operators.py
[2025-07-11T23:05:07.680+0000] {logging_mixin.py:188} INFO - [2025-07-11T23:05:07.680+0000] {dag.py:3036} INFO - Sync 1 DAGs
[2025-07-11T23:05:07.694+0000] {logging_mixin.py:188} INFO - [2025-07-11T23:05:07.694+0000] {dag.py:3823} INFO - Setting next_dagrun for execute_python_operators to 2025-07-11 00:00:00+00:00, run_after=2025-07-12 00:00:00+00:00
[2025-07-11T23:05:07.707+0000] {processor.py:183} INFO - Processing /opt/airflow/dags/execute_python_operators.py took 0.064 seconds
