[2025-07-16T04:51:59.256+0000] {local_task_job_runner.py:123} INFO - ::group::Pre task execution logs
[2025-07-16T04:51:59.266+0000] {taskinstance.py:2612} INFO - Dependencies all met for dep_context=non-requeueable deps ti=<TaskInstance: hello_world.hello_world_task scheduled__2025-07-15T00:00:00+00:00 [queued]>
[2025-07-16T04:51:59.270+0000] {taskinstance.py:2612} INFO - Dependencies all met for dep_context=requeueable deps ti=<TaskInstance: hello_world.hello_world_task scheduled__2025-07-15T00:00:00+00:00 [queued]>
[2025-07-16T04:51:59.270+0000] {taskinstance.py:2865} INFO - Starting attempt 1 of 1
[2025-07-16T04:51:59.278+0000] {taskinstance.py:2888} INFO - Executing <Task(BashOperator): hello_world_task> on 2025-07-15 00:00:00+00:00
[2025-07-16T04:51:59.282+0000] {standard_task_runner.py:72} INFO - Started process 412 to run task
[2025-07-16T04:51:59.285+0000] {standard_task_runner.py:104} INFO - Running: ['***', 'tasks', 'run', 'hello_world', 'hello_world_task', 'scheduled__2025-07-15T00:00:00+00:00', '--job-id', '12', '--raw', '--subdir', 'DAGS_FOLDER/simple_hello_world.py', '--cfg-path', '/tmp/tmpatp8ds3n']
[2025-07-16T04:51:59.288+0000] {standard_task_runner.py:105} INFO - Job 12: Subtask hello_world_task
[2025-07-16T04:51:59.332+0000] {task_command.py:467} INFO - Running <TaskInstance: hello_world.hello_world_task scheduled__2025-07-15T00:00:00+00:00 [running]> on host 5ecb587b8543
[2025-07-16T04:51:59.377+0000] {taskinstance.py:3131} INFO - Exporting env vars: AIRFLOW_CTX_DAG_OWNER='*** ' AIRFLOW_CTX_DAG_ID='hello_world' AIRFLOW_CTX_TASK_ID='hello_world_task' AIRFLOW_CTX_EXECUTION_DATE='2025-07-15T00:00:00+00:00' AIRFLOW_CTX_TRY_NUMBER='1' AIRFLOW_CTX_DAG_RUN_ID='scheduled__2025-07-15T00:00:00+00:00'
[2025-07-16T04:51:59.377+0000] {taskinstance.py:731} INFO - ::endgroup::
[2025-07-16T04:51:59.388+0000] {subprocess.py:63} INFO - Tmp dir root location: /tmp
[2025-07-16T04:51:59.389+0000] {subprocess.py:75} INFO - Running command: ['/usr/bin/bash', '-c', 'echo Hello - created DAG using with']
[2025-07-16T04:51:59.394+0000] {subprocess.py:86} INFO - Output:
[2025-07-16T04:51:59.395+0000] {subprocess.py:93} INFO - Hello - created DAG using with
[2025-07-16T04:51:59.396+0000] {subprocess.py:97} INFO - Command exited with return code 0
[2025-07-16T04:51:59.410+0000] {taskinstance.py:340} INFO - ::group::Post task execution logs
[2025-07-16T04:51:59.410+0000] {taskinstance.py:352} INFO - Marking task as SUCCESS. dag_id=hello_world, task_id=hello_world_task, run_id=scheduled__2025-07-15T00:00:00+00:00, execution_date=20250715T000000, start_date=20250716T045159, end_date=20250716T045159
[2025-07-16T04:51:59.420+0000] {local_task_job_runner.py:266} INFO - Task exited with return code 0
[2025-07-16T04:51:59.433+0000] {taskinstance.py:3900} INFO - 0 downstream tasks scheduled from follow-on schedule check
[2025-07-16T04:51:59.434+0000] {local_task_job_runner.py:245} INFO - ::endgroup::
