[2025-07-16T04:52:05.806+0000] {local_task_job_runner.py:123} INFO - ::group::Pre task execution logs
[2025-07-16T04:52:05.817+0000] {taskinstance.py:2612} INFO - Dependencies all met for dep_context=non-requeueable deps ti=<TaskInstance: executing_multiple_tasks.taskG scheduled__2025-07-15T00:00:00+00:00 [queued]>
[2025-07-16T04:52:05.822+0000] {taskinstance.py:2612} INFO - Dependencies all met for dep_context=requeueable deps ti=<TaskInstance: executing_multiple_tasks.taskG scheduled__2025-07-15T00:00:00+00:00 [queued]>
[2025-07-16T04:52:05.822+0000] {taskinstance.py:2865} INFO - Starting attempt 1 of 1
[2025-07-16T04:52:05.829+0000] {taskinstance.py:2888} INFO - Executing <Task(BashOperator): taskG> on 2025-07-15 00:00:00+00:00
[2025-07-16T04:52:05.833+0000] {standard_task_runner.py:72} INFO - Started process 491 to run task
[2025-07-16T04:52:05.834+0000] {standard_task_runner.py:104} INFO - Running: ['***', 'tasks', 'run', 'executing_multiple_tasks', 'taskG', 'scheduled__2025-07-15T00:00:00+00:00', '--job-id', '15', '--raw', '--subdir', 'DAGS_FOLDER/execute_multiple_tasks.py', '--cfg-path', '/tmp/tmpuvjksh21']
[2025-07-16T04:52:05.836+0000] {standard_task_runner.py:105} INFO - Job 15: Subtask taskG
[2025-07-16T04:52:05.873+0000] {task_command.py:467} INFO - Running <TaskInstance: executing_multiple_tasks.taskG scheduled__2025-07-15T00:00:00+00:00 [running]> on host 5ecb587b8543
[2025-07-16T04:52:05.913+0000] {taskinstance.py:3131} INFO - Exporting env vars: AIRFLOW_CTX_DAG_OWNER='*** ' AIRFLOW_CTX_DAG_ID='executing_multiple_tasks' AIRFLOW_CTX_TASK_ID='taskG' AIRFLOW_CTX_EXECUTION_DATE='2025-07-15T00:00:00+00:00' AIRFLOW_CTX_TRY_NUMBER='1' AIRFLOW_CTX_DAG_RUN_ID='scheduled__2025-07-15T00:00:00+00:00'
[2025-07-16T04:52:05.914+0000] {taskinstance.py:731} INFO - ::endgroup::
[2025-07-16T04:52:05.925+0000] {subprocess.py:63} INFO - Tmp dir root location: /tmp
[2025-07-16T04:52:05.926+0000] {subprocess.py:75} INFO - Running command: ['/usr/bin/bash', '-c', 'echo TASK G completed!']
[2025-07-16T04:52:05.931+0000] {subprocess.py:86} INFO - Output:
[2025-07-16T04:52:05.932+0000] {subprocess.py:93} INFO - TASK G completed!
[2025-07-16T04:52:05.933+0000] {subprocess.py:97} INFO - Command exited with return code 0
[2025-07-16T04:52:05.950+0000] {taskinstance.py:340} INFO - ::group::Post task execution logs
[2025-07-16T04:52:05.950+0000] {taskinstance.py:352} INFO - Marking task as SUCCESS. dag_id=executing_multiple_tasks, task_id=taskG, run_id=scheduled__2025-07-15T00:00:00+00:00, execution_date=20250715T000000, start_date=20250716T045205, end_date=20250716T045205
[2025-07-16T04:52:05.967+0000] {local_task_job_runner.py:266} INFO - Task exited with return code 0
[2025-07-16T04:52:05.977+0000] {taskinstance.py:3900} INFO - 0 downstream tasks scheduled from follow-on schedule check
[2025-07-16T04:52:05.978+0000] {local_task_job_runner.py:245} INFO - ::endgroup::
